[0.419s] Invoking command in '/root/sjtu_project/build/sjtu_drone_description': CMAKE_PREFIX_PATH=${CMAKE_PREFIX_PATH}:/root/sjtu_project/install/sjtu_drone_control:/root/sjtu_project/install/sjtu_drone_bringup:/opt/ros/humble /usr/bin/cmake /root/sjtu_project/sjtu_drone/sjtu_drone_description -DBUILD_TESTING=OFF -DRMW_IMPLEMENTATION=rmw_fastrtps_cpp -DCMAKE_INSTALL_PREFIX=/root/sjtu_project/install/sjtu_drone_description
[0.477s] -- The C compiler identification is GNU 11.4.0
[0.536s] -- The CXX compiler identification is GNU 11.4.0
[0.544s] -- Detecting C compiler ABI info
[0.615s] -- Detecting C compiler ABI info - done
[0.625s] -- Check for working C compiler: /usr/bin/cc - skipped
[0.625s] -- Detecting C compile features
[0.626s] -- Detecting C compile features - done
[0.629s] -- Detecting CXX compiler ABI info
[0.712s] -- Detecting CXX compiler ABI info - done
[0.725s] -- Check for working CXX compiler: /usr/bin/c++ - skipped
[0.725s] -- Detecting CXX compile features
[0.725s] -- Detecting CXX compile features - done
[0.731s] -- Found PkgConfig: /usr/bin/pkg-config (found version "0.29.2") 
[0.731s] -- Checking for module 'OGRE'
[0.746s] --   Found OGRE, version 1.9.0
[0.779s] -- Checking for module 'OGRE-Terrain'
[0.794s] --   Found OGRE-Terrain, version 1.9.0
[0.836s] -- Found ament_cmake: 1.3.12 (/opt/ros/humble/share/ament_cmake/cmake)
[0.999s] -- Found Python3: /usr/bin/python3 (found version "3.10.12") found components: Interpreter 
[1.084s] -- Found ament_cmake_ros: 0.10.0 (/opt/ros/humble/share/ament_cmake_ros/cmake)
[1.092s] -- Found rclcpp: 16.0.15 (/opt/ros/humble/share/rclcpp/cmake)
[1.133s] -- Found rosidl_generator_c: 3.1.7 (/opt/ros/humble/share/rosidl_generator_c/cmake)
[1.138s] -- Found rosidl_adapter: 3.1.7 (/opt/ros/humble/share/rosidl_adapter/cmake)
[1.148s] -- Found rosidl_generator_cpp: 3.1.7 (/opt/ros/humble/share/rosidl_generator_cpp/cmake)
[1.161s] -- Using all available rosidl_typesupport_c: rosidl_typesupport_fastrtps_c;rosidl_typesupport_introspection_c
[1.179s] -- Using all available rosidl_typesupport_cpp: rosidl_typesupport_fastrtps_cpp;rosidl_typesupport_introspection_cpp
[1.227s] -- Found rmw_implementation_cmake: 6.1.2 (/opt/ros/humble/share/rmw_implementation_cmake/cmake)
[1.230s] -- Found rmw_fastrtps_cpp: 6.2.8 (/opt/ros/humble/share/rmw_fastrtps_cpp/cmake)
[1.316s] -- Found OpenSSL: /usr/lib/x86_64-linux-gnu/libcrypto.so (found version "3.0.2")  
[1.343s] -- Found FastRTPS: /opt/ros/humble/include  
[1.384s] -- Using RMW implementation 'rmw_fastrtps_cpp' as default
[1.394s] -- Looking for pthread.h
[1.465s] -- Looking for pthread.h - found
[1.466s] -- Performing Test CMAKE_HAVE_LIBC_PTHREAD
[1.538s] -- Performing Test CMAKE_HAVE_LIBC_PTHREAD - Success
[1.539s] -- Found Threads: TRUE  
[1.593s] -- Found gazebo_ros: 3.9.0 (/opt/ros/humble/share/gazebo_ros/cmake)
[1.605s] -- Checking for module 'bullet>=2.82'
[1.618s] --   Found bullet, version 3.05
[1.727s] -- Found fcl: /usr/include (found suitable version "0.7.0", minimum required is "0.5.0") 
[1.780s] -- Found assimp: /usr/include (found version "5.2.0") 
[1.801s] -- Found DART: /usr/include (Required is at least version "6.6") found components: dart 
[1.830s] -- Found Boost: /usr/lib/x86_64-linux-gnu/cmake/Boost-1.74.0/BoostConfig.cmake (found suitable version "1.74.0", minimum required is "1.40.0") found components: thread system filesystem program_options regex iostreams date_time 
[1.843s] -- Found Protobuf: /usr/lib/x86_64-linux-gnu/libprotobuf.so (found version "3.12.4") 
[1.849s] -- Looking for ignition-math6 -- found version 6.15.1
[1.861s] -- Searching for dependencies of ignition-math6
[1.862s] -- Looking for OGRE...
[1.863s] -- OGRE_PREFIX_WATCH changed.
[1.868s] -- Checking for module 'OGRE'
[1.882s] --   Found OGRE, version 1.9.0
[1.918s] -- Found Ogre Ghadamon (1.9.0)
[1.932s] -- Looking for OGRE_Paging...
[1.935s] -- Found OGRE_Paging: optimized;/usr/lib/x86_64-linux-gnu/libOgrePaging.so;debug;/usr/lib/x86_64-linux-gnu/libOgrePaging.so
[1.935s] -- Looking for OGRE_Terrain...
[1.938s] -- Found OGRE_Terrain: optimized;/usr/lib/x86_64-linux-gnu/libOgreTerrain.so;debug;/usr/lib/x86_64-linux-gnu/libOgreTerrain.so
[1.938s] -- Looking for OGRE_Property...
[1.941s] -- Found OGRE_Property: optimized;/usr/lib/x86_64-linux-gnu/libOgreProperty.so;debug;/usr/lib/x86_64-linux-gnu/libOgreProperty.so
[1.941s] -- Looking for OGRE_RTShaderSystem...
[1.944s] -- Found OGRE_RTShaderSystem: optimized;/usr/lib/x86_64-linux-gnu/libOgreRTShaderSystem.so;debug;/usr/lib/x86_64-linux-gnu/libOgreRTShaderSystem.so
[1.944s] -- Looking for OGRE_Volume...
[1.947s] -- Found OGRE_Volume: optimized;/usr/lib/x86_64-linux-gnu/libOgreVolume.so;debug;/usr/lib/x86_64-linux-gnu/libOgreVolume.so
[1.947s] -- Looking for OGRE_Overlay...
[1.950s] -- Found OGRE_Overlay: optimized;/usr/lib/x86_64-linux-gnu/libOgreOverlay.so;debug;/usr/lib/x86_64-linux-gnu/libOgreOverlay.so
[2.020s] -- Looking for ignition-math6 -- found version 6.15.1
[2.022s] -- Looking for ignition-transport8 -- found version 8.2.1
[2.023s] -- Searching for dependencies of ignition-transport8
[2.041s] -- Found Protobuf: /usr/lib/x86_64-linux-gnu/libprotobuf.so (found suitable version "3.12.4", minimum required is "3") 
[2.052s] -- Config-file not installed for ZeroMQ -- checking for pkg-config
[2.057s] -- Checking for module 'libzmq >= 4'
[2.070s] --   Found libzmq , version 4.3.4
[2.106s] -- Found ZeroMQ: TRUE (Required is at least version "4") 
[2.112s] -- Checking for module 'uuid'
[2.124s] --   Found uuid, version 2.37.2
[2.156s] -- Found UUID: TRUE  
[2.158s] -- Looking for ignition-msgs5 -- found version 5.8.1
[2.158s] -- Searching for dependencies of ignition-msgs5
[2.178s] -- Looking for ignition-math6 -- found version 6.15.1
[2.182s] -- Checking for module 'tinyxml2'
[2.194s] --   Found tinyxml2, version 9.0.0
[2.226s] -- Looking for ignition-msgs5 -- found version 5.8.1
[2.228s] -- Looking for ignition-common3 -- found version 3.14.0
[2.229s] -- Searching for dependencies of ignition-common3
[2.229s] -- Looking for dlfcn.h - found
[2.229s] -- Looking for libdl - found
[2.231s] -- Found DL: TRUE  
[2.240s] -- Found tinyobjloader: /usr/lib/x86_64-linux-gnu/cmake/tinyobjloader/tinyobjloader-config.cmake (found version "2.0.0") 
[2.241s] -- Searching for <ignition-common3> component [graphics]
[2.243s] -- Looking for ignition-common3-graphics -- found version 3.14.0
[2.244s] -- Searching for dependencies of ignition-common3-graphics
[2.244s] -- Looking for ignition-math6 -- found version 6.15.1
[2.247s] -- Looking for ignition-fuel_tools4 -- found version 4.4.0
[2.247s] -- Searching for dependencies of ignition-fuel_tools4
[2.321s] -- Found CURL: /usr/lib/x86_64-linux-gnu/libcurl.so (found version "7.81.0")  
[2.330s] -- Checking for module 'jsoncpp'
[2.343s] --   Found jsoncpp, version 1.9.5
[2.373s] -- Found JSONCPP: TRUE  
[2.378s] -- Checking for module 'libzip'
[2.390s] --   Found libzip, version 1.7.3
[2.421s] -- Found ZIP: TRUE  
[2.421s] -- Looking for ignition-common3 -- found version 3.14.0
[2.422s] -- Looking for ignition-math6 -- found version 6.15.1
[2.422s] -- Looking for ignition-msgs5 -- found version 5.8.1
[2.426s] -- Gazebo version: 11.10
[2.426s] -- Checking for module 'tbb'
[2.439s] --   Found tbb, version 2021.5.0
[2.471s] -- Found gazebo_plugins: 3.9.0 (/opt/ros/humble/share/gazebo_plugins/cmake)
[2.530s] -- Found sensor_msgs: 4.9.0 (/opt/ros/humble/share/sensor_msgs/cmake)
[2.548s] -- Found nav_msgs: 4.9.0 (/opt/ros/humble/share/nav_msgs/cmake)
[2.566s] -- Found tf2: 0.25.16 (/opt/ros/humble/share/tf2/cmake)
[2.576s] -- Found tf2_ros: 0.25.16 (/opt/ros/humble/share/tf2_ros/cmake)
[2.664s] -- Found tf2_geometry_msgs: 0.25.16 (/opt/ros/humble/share/tf2_geometry_msgs/cmake)
[2.671s] -- Found eigen3_cmake_module: 0.1.1 (/opt/ros/humble/share/eigen3_cmake_module/cmake)
[2.673s] -- Found Eigen3: TRUE (found version "3.4.0") 
[2.673s] -- Ensuring Eigen3 include directory is part of orocos-kdl CMake target
[2.746s] -- Configuring done
[2.801s] -- Generating done
[2.807s] -- Build files have been written to: /root/sjtu_project/build/sjtu_drone_description
[2.820s] Invoked command in '/root/sjtu_project/build/sjtu_drone_description' returned '0': CMAKE_PREFIX_PATH=${CMAKE_PREFIX_PATH}:/root/sjtu_project/install/sjtu_drone_control:/root/sjtu_project/install/sjtu_drone_bringup:/opt/ros/humble /usr/bin/cmake /root/sjtu_project/sjtu_drone/sjtu_drone_description -DBUILD_TESTING=OFF -DRMW_IMPLEMENTATION=rmw_fastrtps_cpp -DCMAKE_INSTALL_PREFIX=/root/sjtu_project/install/sjtu_drone_description
[2.822s] Invoking command in '/root/sjtu_project/build/sjtu_drone_description': CMAKE_PREFIX_PATH=${CMAKE_PREFIX_PATH}:/root/sjtu_project/install/sjtu_drone_control:/root/sjtu_project/install/sjtu_drone_bringup:/opt/ros/humble /usr/bin/cmake --build /root/sjtu_project/build/sjtu_drone_description -- -j12 -l12
[2.877s] [ 50%] [32mBuilding CXX object CMakeFiles/plugin_drone.dir/src/pid_controller.cpp.o[0m
[2.877s] [ 50%] [32mBuilding CXX object CMakeFiles/plugin_drone.dir/src/plugin_drone_private.cpp.o[0m
[2.878s] [ 75%] [32mBuilding CXX object CMakeFiles/plugin_drone.dir/src/plugin_drone.cpp.o[0m
[32.322s] [100%] [32m[1mLinking CXX shared library /root/sjtu_project/sjtu_drone/sjtu_drone_description/plugins/libplugin_drone.so[0m
[34.552s] [100%] Built target plugin_drone
[34.565s] Invoked command in '/root/sjtu_project/build/sjtu_drone_description' returned '0': CMAKE_PREFIX_PATH=${CMAKE_PREFIX_PATH}:/root/sjtu_project/install/sjtu_drone_control:/root/sjtu_project/install/sjtu_drone_bringup:/opt/ros/humble /usr/bin/cmake --build /root/sjtu_project/build/sjtu_drone_description -- -j12 -l12
[34.575s] Invoking command in '/root/sjtu_project/build/sjtu_drone_description': CMAKE_PREFIX_PATH=${CMAKE_PREFIX_PATH}:/root/sjtu_project/install/sjtu_drone_control:/root/sjtu_project/install/sjtu_drone_bringup:/opt/ros/humble /usr/bin/cmake --install /root/sjtu_project/build/sjtu_drone_description
[34.584s] -- Install configuration: ""
[34.584s] -- Installing: /root/sjtu_project/install/sjtu_drone_description/include
[34.585s] -- Installing: /root/sjtu_project/install/sjtu_drone_description/include/sjtu_drone_description
[34.585s] -- Installing: /root/sjtu_project/install/sjtu_drone_description/include/sjtu_drone_description/plugin_drone.h
[34.585s] -- Installing: /root/sjtu_project/install/sjtu_drone_description/include/sjtu_drone_description/pid_controller.h
[34.586s] -- Installing: /root/sjtu_project/install/sjtu_drone_description/include/sjtu_drone_description/plugin_drone_private.h
[34.586s] -- Installing: /root/sjtu_project/install/sjtu_drone_description/lib/libplugin_drone.so
[34.615s] -- Set runtime path of "/root/sjtu_project/install/sjtu_drone_description/lib/libplugin_drone.so" to ""
[34.615s] -- Installing: /root/sjtu_project/install/sjtu_drone_description/share/sjtu_drone_description/environment/library_path.sh
[34.615s] -- Installing: /root/sjtu_project/install/sjtu_drone_description/share/sjtu_drone_description/environment/library_path.dsv
[34.615s] -- Installing: /root/sjtu_project/install/sjtu_drone_description/share/sjtu_drone_description/models
[34.615s] -- Installing: /root/sjtu_project/install/sjtu_drone_description/share/sjtu_drone_description/models/sjtu_drone
[34.616s] -- Installing: /root/sjtu_project/install/sjtu_drone_description/share/sjtu_drone_description/models/sjtu_drone/sjtu_drone.sdf
[34.616s] -- Installing: /root/sjtu_project/install/sjtu_drone_description/share/sjtu_drone_description/models/sjtu_drone/model.config
[34.616s] -- Installing: /root/sjtu_project/install/sjtu_drone_description/share/sjtu_drone_description/models/sjtu_drone/quadrotor_4.stl
[34.616s] -- Installing: /root/sjtu_project/install/sjtu_drone_description/share/sjtu_drone_description/models/sjtu_drone/quadrotor_4.dae
[34.617s] -- Installing: /root/sjtu_project/install/sjtu_drone_description/share/sjtu_drone_description/models/database.config
[34.617s] -- Installing: /root/sjtu_project/install/sjtu_drone_description/share/sjtu_drone_description/urdf
[34.617s] -- Installing: /root/sjtu_project/install/sjtu_drone_description/share/sjtu_drone_description/urdf/sjtu_drone.urdf.xacro
[34.618s] -- Installing: /root/sjtu_project/install/sjtu_drone_description/share/sjtu_drone_description/urdf/sjtu_drone.urdf
[34.618s] -- Installing: /root/sjtu_project/install/sjtu_drone_description/share/sjtu_drone_description/worlds
[34.618s] -- Installing: /root/sjtu_project/install/sjtu_drone_description/share/sjtu_drone_description/worlds/playground.world
[34.618s] -- Installing: /root/sjtu_project/install/sjtu_drone_description/share/ament_index/resource_index/package_run_dependencies/sjtu_drone_description
[34.619s] -- Installing: /root/sjtu_project/install/sjtu_drone_description/share/ament_index/resource_index/parent_prefix_path/sjtu_drone_description
[34.619s] -- Installing: /root/sjtu_project/install/sjtu_drone_description/share/sjtu_drone_description/environment/ament_prefix_path.sh
[34.619s] -- Installing: /root/sjtu_project/install/sjtu_drone_description/share/sjtu_drone_description/environment/ament_prefix_path.dsv
[34.619s] -- Installing: /root/sjtu_project/install/sjtu_drone_description/share/sjtu_drone_description/environment/path.sh
[34.620s] -- Installing: /root/sjtu_project/install/sjtu_drone_description/share/sjtu_drone_description/environment/path.dsv
[34.620s] -- Installing: /root/sjtu_project/install/sjtu_drone_description/share/sjtu_drone_description/local_setup.bash
[34.620s] -- Installing: /root/sjtu_project/install/sjtu_drone_description/share/sjtu_drone_description/local_setup.sh
[34.620s] -- Installing: /root/sjtu_project/install/sjtu_drone_description/share/sjtu_drone_description/local_setup.zsh
[34.620s] -- Installing: /root/sjtu_project/install/sjtu_drone_description/share/sjtu_drone_description/local_setup.dsv
[34.621s] -- Installing: /root/sjtu_project/install/sjtu_drone_description/share/sjtu_drone_description/package.dsv
[34.621s] -- Installing: /root/sjtu_project/install/sjtu_drone_description/share/ament_index/resource_index/packages/sjtu_drone_description
[34.621s] -- Installing: /root/sjtu_project/install/sjtu_drone_description/share/sjtu_drone_description/cmake/export_sjtu_drone_descriptionExport.cmake
[34.621s] -- Installing: /root/sjtu_project/install/sjtu_drone_description/share/sjtu_drone_description/cmake/export_sjtu_drone_descriptionExport-noconfig.cmake
[34.621s] -- Installing: /root/sjtu_project/install/sjtu_drone_description/share/sjtu_drone_description/cmake/ament_cmake_export_include_directories-extras.cmake
[34.622s] -- Installing: /root/sjtu_project/install/sjtu_drone_description/share/sjtu_drone_description/cmake/ament_cmake_export_libraries-extras.cmake
[34.622s] -- Installing: /root/sjtu_project/install/sjtu_drone_description/share/sjtu_drone_description/cmake/ament_cmake_export_targets-extras.cmake
[34.622s] -- Installing: /root/sjtu_project/install/sjtu_drone_description/share/sjtu_drone_description/cmake/sjtu_drone_descriptionConfig.cmake
[34.622s] -- Installing: /root/sjtu_project/install/sjtu_drone_description/share/sjtu_drone_description/cmake/sjtu_drone_descriptionConfig-version.cmake
[34.622s] -- Installing: /root/sjtu_project/install/sjtu_drone_description/share/sjtu_drone_description/package.xml
[34.626s] Invoked command in '/root/sjtu_project/build/sjtu_drone_description' returned '0': CMAKE_PREFIX_PATH=${CMAKE_PREFIX_PATH}:/root/sjtu_project/install/sjtu_drone_control:/root/sjtu_project/install/sjtu_drone_bringup:/opt/ros/humble /usr/bin/cmake --install /root/sjtu_project/build/sjtu_drone_description
