[0.000000] (-) TimerEvent: {}
[0.000589] (-) JobUnselected: {'identifier': 'aws_robomaker_hospital_world'}
[0.000877] (sjtu_drone_bringup) JobQueued: {'identifier': 'sjtu_drone_bringup', 'dependencies': OrderedDict()}
[0.000897] (sjtu_drone_control) JobQueued: {'identifier': 'sjtu_drone_control', 'dependencies': OrderedDict()}
[0.000914] (sjtu_drone_description) JobQueued: {'identifier': 'sjtu_drone_description', 'dependencies': OrderedDict()}
[0.000929] (sjtu_drone_bringup) JobStarted: {'identifier': 'sjtu_drone_bringup'}
[0.013537] (sjtu_drone_control) JobStarted: {'identifier': 'sjtu_drone_control'}
[0.017621] (sjtu_drone_description) JobStarted: {'identifier': 'sjtu_drone_description'}
[0.099797] (-) TimerEvent: {}
[0.200042] (-) TimerEvent: {}
[0.300274] (-) TimerEvent: {}
[0.379656] (sjtu_drone_description) JobProgress: {'identifier': 'sjtu_drone_description', 'progress': 'cmake'}
[0.380034] (sjtu_drone_description) Command: {'cmd': ['/usr/bin/cmake', '/root/april_gazebo/sjtu_drone/sjtu_drone_description', '-DBUILD_TESTING=OFF', '-DRMW_IMPLEMENTATION=rmw_fastrtps_cpp', '-DCMAKE_INSTALL_PREFIX=/root/april_gazebo/install/sjtu_drone_description'], 'cwd': '/root/april_gazebo/build/sjtu_drone_description', 'env': OrderedDict([('HOSTNAME', 'LP-Boston-12214'), ('SHLVL', '1'), ('LD_LIBRARY_PATH', '/root/april_gazebo/install/sjtu_drone_description/lib:/usr/lib/x86_64-linux-gnu/gazebo-11/plugins:/opt/ros/humble/opt/rviz_ogre_vendor/lib:/opt/ros/humble/lib/x86_64-linux-gnu:/opt/ros/humble/lib'), ('HOME', '/root'), ('SKIP_MAP', 'true'), ('OLDPWD', '/ros2_ws'), ('GAZEBO_MASTER_URI', 'http://localhost:11345'), ('ROS_PYTHON_VERSION', '3'), ('COLCON_PREFIX_PATH', '/root/april_gazebo/install'), ('ROS_DISTRO', 'humble'), ('_', '/usr/bin/colcon'), ('ROS_VERSION', '2'), ('TERM', 'xterm'), ('GAZEBO_MODEL_PATH', '/usr/share/gazebo-11/models:/root/april_gazebo/aws-robomaker-hospital-world/models:/root/april_gazebo/sjtu_drone/sjtu_drone_description:/root/april_gazebo/sjtu_drone/models'), ('ROS_LOCALHOST_ONLY', '0'), ('QT_X11_NO_MITSHM', '1'), ('PATH', '/opt/ros/humble/bin:/usr/local/sbin:/usr/local/bin:/usr/sbin:/usr/bin:/sbin:/bin'), ('GAZEBO_VERBOSE', '1'), ('DISPLAY', ':1'), ('LANG', 'C.UTF-8'), ('RMW_IMPLEMENTATION', 'rmw_fastrtps_cpp'), ('XAUTHORITY', '/home/shirb/.Xauthority'), ('AMENT_PREFIX_PATH', '/root/april_gazebo/install/sjtu_drone_description:/root/april_gazebo/install/sjtu_drone_control:/root/april_gazebo/install/sjtu_drone_bringup:/opt/ros/humble'), ('ALSA_CARD', '0'), ('GAZEBO_RESOURCE_PATH', '/usr/share/gazebo-11:/root/april_gazebo/aws-robomaker-hospital-world/worlds:/root/april_gazebo/aws-robomaker-hospital-world'), ('GAZEBO_MODEL_DATABASE_URI', ''), ('GAZEBO_AUDIO_DEVICE', 'null'), ('PWD', '/root/april_gazebo/build/sjtu_drone_description'), ('LC_ALL', 'C.UTF-8'), ('GAZEBO_PLUGIN_PATH', '/usr/lib/x86_64-linux-gnu/gazebo-11/plugins:'), ('PYTHONPATH', '/root/april_gazebo/install/sjtu_drone_control/lib/python3.10/site-packages:/root/april_gazebo/install/sjtu_drone_bringup/lib/python3.10/site-packages:/opt/ros/humble/lib/python3.10/site-packages:/opt/ros/humble/local/lib/python3.10/dist-packages'), ('NVIDIA_VISIBLE_DEVICES', 'all'), ('COLCON', '1'), ('CMAKE_PREFIX_PATH', '/root/april_gazebo/install/sjtu_drone_description:/root/april_gazebo/install/sjtu_drone_control:/root/april_gazebo/install/sjtu_drone_bringup:/opt/ros/humble')]), 'shell': False}
[0.400381] (-) TimerEvent: {}
[0.436331] (sjtu_drone_description) StdoutLine: {'line': b'-- The C compiler identification is GNU 11.4.0\n'}
[0.489917] (sjtu_drone_description) StdoutLine: {'line': b'-- The CXX compiler identification is GNU 11.4.0\n'}
[0.496677] (sjtu_drone_description) StdoutLine: {'line': b'-- Detecting C compiler ABI info\n'}
[0.500482] (-) TimerEvent: {}
[0.565112] (sjtu_drone_description) StdoutLine: {'line': b'-- Detecting C compiler ABI info - done\n'}
[0.571919] (sjtu_drone_description) StdoutLine: {'line': b'-- Check for working C compiler: /usr/bin/cc - skipped\n'}
[0.572175] (sjtu_drone_description) StdoutLine: {'line': b'-- Detecting C compile features\n'}
[0.572727] (sjtu_drone_description) StdoutLine: {'line': b'-- Detecting C compile features - done\n'}
[0.575854] (sjtu_drone_description) StdoutLine: {'line': b'-- Detecting CXX compiler ABI info\n'}
[0.600607] (-) TimerEvent: {}
[0.650055] (sjtu_drone_control) Command: {'cmd': ['/usr/bin/python3', '-W', 'ignore:setup.py install is deprecated', '-W', 'ignore:easy_install command is deprecated', 'setup.py', 'egg_info', '--egg-base', '../../build/sjtu_drone_control', 'build', '--build-base', '/root/april_gazebo/build/sjtu_drone_control/build', 'install', '--record', '/root/april_gazebo/build/sjtu_drone_control/install.log', '--single-version-externally-managed', 'install_data'], 'cwd': '/root/april_gazebo/sjtu_drone/sjtu_drone_control', 'env': {'HOSTNAME': 'LP-Boston-12214', 'SHLVL': '1', 'LD_LIBRARY_PATH': '/root/april_gazebo/install/sjtu_drone_description/lib:/usr/lib/x86_64-linux-gnu/gazebo-11/plugins:/opt/ros/humble/opt/rviz_ogre_vendor/lib:/opt/ros/humble/lib/x86_64-linux-gnu:/opt/ros/humble/lib', 'HOME': '/root', 'SKIP_MAP': 'true', 'OLDPWD': '/ros2_ws', 'GAZEBO_MASTER_URI': 'http://localhost:11345', 'ROS_PYTHON_VERSION': '3', 'COLCON_PREFIX_PATH': '/root/april_gazebo/install', 'ROS_DISTRO': 'humble', '_': '/usr/bin/colcon', 'ROS_VERSION': '2', 'TERM': 'xterm', 'GAZEBO_MODEL_PATH': '/usr/share/gazebo-11/models:/root/april_gazebo/aws-robomaker-hospital-world/models:/root/april_gazebo/sjtu_drone/sjtu_drone_description:/root/april_gazebo/sjtu_drone/models', 'ROS_LOCALHOST_ONLY': '0', 'QT_X11_NO_MITSHM': '1', 'PATH': '/opt/ros/humble/bin:/usr/local/sbin:/usr/local/bin:/usr/sbin:/usr/bin:/sbin:/bin', 'GAZEBO_VERBOSE': '1', 'DISPLAY': ':1', 'LANG': 'C.UTF-8', 'RMW_IMPLEMENTATION': 'rmw_fastrtps_cpp', 'XAUTHORITY': '/home/shirb/.Xauthority', 'AMENT_PREFIX_PATH': '/root/april_gazebo/install/sjtu_drone_description:/root/april_gazebo/install/sjtu_drone_control:/root/april_gazebo/install/sjtu_drone_bringup:/opt/ros/humble', 'ALSA_CARD': '0', 'GAZEBO_RESOURCE_PATH': '/usr/share/gazebo-11:/root/april_gazebo/aws-robomaker-hospital-world/worlds:/root/april_gazebo/aws-robomaker-hospital-world', 'GAZEBO_MODEL_DATABASE_URI': '', 'GAZEBO_AUDIO_DEVICE': 'null', 'PWD': '/root/april_gazebo/build/sjtu_drone_control', 'LC_ALL': 'C.UTF-8', 'GAZEBO_PLUGIN_PATH': '/usr/lib/x86_64-linux-gnu/gazebo-11/plugins:', 'PYTHONPATH': '/root/april_gazebo/build/sjtu_drone_control/prefix_override:/usr/lib/python3/dist-packages/colcon_core/task/python/colcon_distutils_commands:/root/april_gazebo/install/sjtu_drone_control/lib/python3.10/site-packages:/root/april_gazebo/install/sjtu_drone_control/lib/python3.10/site-packages:/root/april_gazebo/install/sjtu_drone_bringup/lib/python3.10/site-packages:/opt/ros/humble/lib/python3.10/site-packages:/opt/ros/humble/local/lib/python3.10/dist-packages', 'NVIDIA_VISIBLE_DEVICES': 'all', 'COLCON': '1', 'CMAKE_PREFIX_PATH': '/root/april_gazebo/install/sjtu_drone_description'}, 'shell': False}
[0.652242] (sjtu_drone_bringup) Command: {'cmd': ['/usr/bin/python3', '-W', 'ignore:setup.py install is deprecated', '-W', 'ignore:easy_install command is deprecated', 'setup.py', 'egg_info', '--egg-base', '../../build/sjtu_drone_bringup', 'build', '--build-base', '/root/april_gazebo/build/sjtu_drone_bringup/build', 'install', '--record', '/root/april_gazebo/build/sjtu_drone_bringup/install.log', '--single-version-externally-managed', 'install_data'], 'cwd': '/root/april_gazebo/sjtu_drone/sjtu_drone_bringup', 'env': {'HOSTNAME': 'LP-Boston-12214', 'SHLVL': '1', 'LD_LIBRARY_PATH': '/root/april_gazebo/install/sjtu_drone_description/lib:/usr/lib/x86_64-linux-gnu/gazebo-11/plugins:/opt/ros/humble/opt/rviz_ogre_vendor/lib:/opt/ros/humble/lib/x86_64-linux-gnu:/opt/ros/humble/lib', 'HOME': '/root', 'SKIP_MAP': 'true', 'OLDPWD': '/ros2_ws', 'GAZEBO_MASTER_URI': 'http://localhost:11345', 'ROS_PYTHON_VERSION': '3', 'COLCON_PREFIX_PATH': '/root/april_gazebo/install', 'ROS_DISTRO': 'humble', '_': '/usr/bin/colcon', 'ROS_VERSION': '2', 'TERM': 'xterm', 'GAZEBO_MODEL_PATH': '/usr/share/gazebo-11/models:/root/april_gazebo/aws-robomaker-hospital-world/models:/root/april_gazebo/sjtu_drone/sjtu_drone_description:/root/april_gazebo/sjtu_drone/models', 'ROS_LOCALHOST_ONLY': '0', 'QT_X11_NO_MITSHM': '1', 'PATH': '/opt/ros/humble/bin:/usr/local/sbin:/usr/local/bin:/usr/sbin:/usr/bin:/sbin:/bin', 'GAZEBO_VERBOSE': '1', 'DISPLAY': ':1', 'LANG': 'C.UTF-8', 'RMW_IMPLEMENTATION': 'rmw_fastrtps_cpp', 'XAUTHORITY': '/home/shirb/.Xauthority', 'AMENT_PREFIX_PATH': '/root/april_gazebo/install/sjtu_drone_description:/root/april_gazebo/install/sjtu_drone_control:/root/april_gazebo/install/sjtu_drone_bringup:/opt/ros/humble', 'ALSA_CARD': '0', 'GAZEBO_RESOURCE_PATH': '/usr/share/gazebo-11:/root/april_gazebo/aws-robomaker-hospital-world/worlds:/root/april_gazebo/aws-robomaker-hospital-world', 'GAZEBO_MODEL_DATABASE_URI': '', 'GAZEBO_AUDIO_DEVICE': 'null', 'PWD': '/root/april_gazebo/build/sjtu_drone_bringup', 'LC_ALL': 'C.UTF-8', 'GAZEBO_PLUGIN_PATH': '/usr/lib/x86_64-linux-gnu/gazebo-11/plugins:', 'PYTHONPATH': '/root/april_gazebo/build/sjtu_drone_bringup/prefix_override:/usr/lib/python3/dist-packages/colcon_core/task/python/colcon_distutils_commands:/root/april_gazebo/install/sjtu_drone_bringup/lib/python3.10/site-packages:/root/april_gazebo/install/sjtu_drone_control/lib/python3.10/site-packages:/root/april_gazebo/install/sjtu_drone_bringup/lib/python3.10/site-packages:/opt/ros/humble/lib/python3.10/site-packages:/opt/ros/humble/local/lib/python3.10/dist-packages', 'NVIDIA_VISIBLE_DEVICES': 'all', 'COLCON': '1', 'CMAKE_PREFIX_PATH': '/root/april_gazebo/install/sjtu_drone_description'}, 'shell': False}
[0.654876] (sjtu_drone_description) StdoutLine: {'line': b'-- Detecting CXX compiler ABI info - done\n'}
[0.661814] (sjtu_drone_description) StdoutLine: {'line': b'-- Check for working CXX compiler: /usr/bin/c++ - skipped\n'}
[0.662043] (sjtu_drone_description) StdoutLine: {'line': b'-- Detecting CXX compile features\n'}
[0.662486] (sjtu_drone_description) StdoutLine: {'line': b'-- Detecting CXX compile features - done\n'}
[0.667005] (sjtu_drone_description) StdoutLine: {'line': b'-- Found PkgConfig: /usr/bin/pkg-config (found version "0.29.2") \n'}
[0.667500] (sjtu_drone_description) StdoutLine: {'line': b"-- Checking for module 'OGRE'\n"}
[0.678652] (sjtu_drone_description) StdoutLine: {'line': b'--   Found OGRE, version 1.9.0\n'}
[0.700707] (-) TimerEvent: {}
[0.709863] (sjtu_drone_description) StdoutLine: {'line': b"-- Checking for module 'OGRE-Terrain'\n"}
[0.721756] (sjtu_drone_description) StdoutLine: {'line': b'--   Found OGRE-Terrain, version 1.9.0\n'}
[0.754695] (sjtu_drone_description) StdoutLine: {'line': b'-- Found ament_cmake: 1.3.12 (/opt/ros/humble/share/ament_cmake/cmake)\n'}
[0.800831] (-) TimerEvent: {}
[0.830911] (sjtu_drone_control) StdoutLine: {'line': b'running egg_info\n'}
[0.831642] (sjtu_drone_control) StdoutLine: {'line': b'creating ../../build/sjtu_drone_control/sjtu_drone_control.egg-info\n'}
[0.831796] (sjtu_drone_control) StdoutLine: {'line': b'writing ../../build/sjtu_drone_control/sjtu_drone_control.egg-info/PKG-INFO\n'}
[0.831927] (sjtu_drone_control) StdoutLine: {'line': b'writing dependency_links to ../../build/sjtu_drone_control/sjtu_drone_control.egg-info/dependency_links.txt\n'}
[0.832017] (sjtu_drone_control) StdoutLine: {'line': b'writing entry points to ../../build/sjtu_drone_control/sjtu_drone_control.egg-info/entry_points.txt\n'}
[0.832113] (sjtu_drone_control) StdoutLine: {'line': b'writing requirements to ../../build/sjtu_drone_control/sjtu_drone_control.egg-info/requires.txt\n'}
[0.832213] (sjtu_drone_control) StdoutLine: {'line': b'writing top-level names to ../../build/sjtu_drone_control/sjtu_drone_control.egg-info/top_level.txt\n'}
[0.832314] (sjtu_drone_control) StdoutLine: {'line': b"writing manifest file '../../build/sjtu_drone_control/sjtu_drone_control.egg-info/SOURCES.txt'\n"}
[0.833396] (sjtu_drone_bringup) StdoutLine: {'line': b'running egg_info\n'}
[0.833656] (sjtu_drone_control) StdoutLine: {'line': b"reading manifest file '../../build/sjtu_drone_control/sjtu_drone_control.egg-info/SOURCES.txt'\n"}
[0.834237] (sjtu_drone_bringup) StdoutLine: {'line': b'creating ../../build/sjtu_drone_bringup/sjtu_drone_bringup.egg-info\n'}
[0.834421] (sjtu_drone_bringup) StdoutLine: {'line': b'writing ../../build/sjtu_drone_bringup/sjtu_drone_bringup.egg-info/PKG-INFO\n'}
[0.834669] (sjtu_drone_control) StdoutLine: {'line': b"writing manifest file '../../build/sjtu_drone_control/sjtu_drone_control.egg-info/SOURCES.txt'\n"}
[0.834738] (sjtu_drone_control) StdoutLine: {'line': b'running build\n'}
[0.834797] (sjtu_drone_control) StdoutLine: {'line': b'running build_py\n'}
[0.834853] (sjtu_drone_bringup) StdoutLine: {'line': b'writing dependency_links to ../../build/sjtu_drone_bringup/sjtu_drone_bringup.egg-info/dependency_links.txt\n'}
[0.834910] (sjtu_drone_control) StdoutLine: {'line': b'creating /root/april_gazebo/build/sjtu_drone_control/build\n'}
[0.834968] (sjtu_drone_bringup) StdoutLine: {'line': b'writing entry points to ../../build/sjtu_drone_bringup/sjtu_drone_bringup.egg-info/entry_points.txt\n'}
[0.835051] (sjtu_drone_bringup) StdoutLine: {'line': b'writing requirements to ../../build/sjtu_drone_bringup/sjtu_drone_bringup.egg-info/requires.txt\n'}
[0.835219] (sjtu_drone_control) StdoutLine: {'line': b'creating /root/april_gazebo/build/sjtu_drone_control/build/lib\n'}
[0.835281] (sjtu_drone_control) StdoutLine: {'line': b'creating /root/april_gazebo/build/sjtu_drone_control/build/lib/sjtu_drone_control\n'}
[0.835338] (sjtu_drone_bringup) StdoutLine: {'line': b'writing top-level names to ../../build/sjtu_drone_bringup/sjtu_drone_bringup.egg-info/top_level.txt\n'}
[0.835393] (sjtu_drone_bringup) StdoutLine: {'line': b"writing manifest file '../../build/sjtu_drone_bringup/sjtu_drone_bringup.egg-info/SOURCES.txt'\n"}
[0.835448] (sjtu_drone_control) StdoutLine: {'line': b'copying sjtu_drone_control/open_loop_control.py -> /root/april_gazebo/build/sjtu_drone_control/build/lib/sjtu_drone_control\n'}
[0.835504] (sjtu_drone_control) StdoutLine: {'line': b'copying sjtu_drone_control/__init__.py -> /root/april_gazebo/build/sjtu_drone_control/build/lib/sjtu_drone_control\n'}
[0.835559] (sjtu_drone_control) StdoutLine: {'line': b'copying sjtu_drone_control/drone_position_control.py -> /root/april_gazebo/build/sjtu_drone_control/build/lib/sjtu_drone_control\n'}
[0.835616] (sjtu_drone_control) StdoutLine: {'line': b'copying sjtu_drone_control/teleop.py -> /root/april_gazebo/build/sjtu_drone_control/build/lib/sjtu_drone_control\n'}
[0.835671] (sjtu_drone_control) StdoutLine: {'line': b'copying sjtu_drone_control/teleop_joystick.py -> /root/april_gazebo/build/sjtu_drone_control/build/lib/sjtu_drone_control\n'}
[0.835758] (sjtu_drone_control) StdoutLine: {'line': b'running install\n'}
[0.835843] (sjtu_drone_control) StdoutLine: {'line': b'running install_lib\n'}
[0.835992] (sjtu_drone_bringup) StdoutLine: {'line': b"reading manifest file '../../build/sjtu_drone_bringup/sjtu_drone_bringup.egg-info/SOURCES.txt'\n"}
[0.836087] (sjtu_drone_control) StdoutLine: {'line': b'creating /root/april_gazebo/install/sjtu_drone_control/lib/python3.10/site-packages/sjtu_drone_control\n'}
[0.836204] (sjtu_drone_control) StdoutLine: {'line': b'copying /root/april_gazebo/build/sjtu_drone_control/build/lib/sjtu_drone_control/open_loop_control.py -> /root/april_gazebo/install/sjtu_drone_control/lib/python3.10/site-packages/sjtu_drone_control\n'}
[0.836294] (sjtu_drone_control) StdoutLine: {'line': b'copying /root/april_gazebo/build/sjtu_drone_control/build/lib/sjtu_drone_control/__init__.py -> /root/april_gazebo/install/sjtu_drone_control/lib/python3.10/site-packages/sjtu_drone_control\n'}
[0.836377] (sjtu_drone_control) StdoutLine: {'line': b'copying /root/april_gazebo/build/sjtu_drone_control/build/lib/sjtu_drone_control/drone_position_control.py -> /root/april_gazebo/install/sjtu_drone_control/lib/python3.10/site-packages/sjtu_drone_control\n'}
[0.836481] (sjtu_drone_control) StdoutLine: {'line': b'copying /root/april_gazebo/build/sjtu_drone_control/build/lib/sjtu_drone_control/teleop.py -> /root/april_gazebo/install/sjtu_drone_control/lib/python3.10/site-packages/sjtu_drone_control\n'}
[0.836568] (sjtu_drone_control) StdoutLine: {'line': b'copying /root/april_gazebo/build/sjtu_drone_control/build/lib/sjtu_drone_control/teleop_joystick.py -> /root/april_gazebo/install/sjtu_drone_control/lib/python3.10/site-packages/sjtu_drone_control\n'}
[0.836652] (sjtu_drone_bringup) StdoutLine: {'line': b"writing manifest file '../../build/sjtu_drone_bringup/sjtu_drone_bringup.egg-info/SOURCES.txt'\n"}
[0.836736] (sjtu_drone_bringup) StdoutLine: {'line': b'running build\n'}
[0.836786] (sjtu_drone_bringup) StdoutLine: {'line': b'running build_py\n'}
[0.836861] (sjtu_drone_bringup) StdoutLine: {'line': b'creating /root/april_gazebo/build/sjtu_drone_bringup/build\n'}
[0.836953] (sjtu_drone_bringup) StdoutLine: {'line': b'creating /root/april_gazebo/build/sjtu_drone_bringup/build/lib\n'}
[0.837012] (sjtu_drone_bringup) StdoutLine: {'line': b'creating /root/april_gazebo/build/sjtu_drone_bringup/build/lib/sjtu_drone_bringup\n'}
[0.837072] (sjtu_drone_bringup) StdoutLine: {'line': b'copying sjtu_drone_bringup/__init__.py -> /root/april_gazebo/build/sjtu_drone_bringup/build/lib/sjtu_drone_bringup\n'}
[0.837201] (sjtu_drone_bringup) StdoutLine: {'line': b'copying sjtu_drone_bringup/spawn_drone.py -> /root/april_gazebo/build/sjtu_drone_bringup/build/lib/sjtu_drone_bringup\n'}
[0.837259] (sjtu_drone_control) StdoutLine: {'line': b'byte-compiling /root/april_gazebo/install/sjtu_drone_control/lib/python3.10/site-packages/sjtu_drone_control/open_loop_control.py to open_loop_control.cpython-310.pyc\n'}
[0.837335] (sjtu_drone_bringup) StdoutLine: {'line': b'running install\n'}
[0.837470] (sjtu_drone_bringup) StdoutLine: {'line': b'running install_lib\n'}
[0.838015] (sjtu_drone_bringup) StdoutLine: {'line': b'creating /root/april_gazebo/install/sjtu_drone_bringup/lib/python3.10/site-packages/sjtu_drone_bringup\n'}
[0.838093] (sjtu_drone_bringup) StdoutLine: {'line': b'copying /root/april_gazebo/build/sjtu_drone_bringup/build/lib/sjtu_drone_bringup/__init__.py -> /root/april_gazebo/install/sjtu_drone_bringup/lib/python3.10/site-packages/sjtu_drone_bringup\n'}
[0.838199] (sjtu_drone_bringup) StdoutLine: {'line': b'copying /root/april_gazebo/build/sjtu_drone_bringup/build/lib/sjtu_drone_bringup/spawn_drone.py -> /root/april_gazebo/install/sjtu_drone_bringup/lib/python3.10/site-packages/sjtu_drone_bringup\n'}
[0.838680] (sjtu_drone_bringup) StdoutLine: {'line': b'byte-compiling /root/april_gazebo/install/sjtu_drone_bringup/lib/python3.10/site-packages/sjtu_drone_bringup/__init__.py to __init__.cpython-310.pyc\n'}
[0.838842] (sjtu_drone_bringup) StdoutLine: {'line': b'byte-compiling /root/april_gazebo/install/sjtu_drone_bringup/lib/python3.10/site-packages/sjtu_drone_bringup/spawn_drone.py to spawn_drone.cpython-310.pyc\n'}
[0.839332] (sjtu_drone_bringup) StdoutLine: {'line': b'running install_data\n'}
[0.839536] (sjtu_drone_control) StdoutLine: {'line': b'byte-compiling /root/april_gazebo/install/sjtu_drone_control/lib/python3.10/site-packages/sjtu_drone_control/__init__.py to __init__.cpython-310.pyc\n'}
[0.839656] (sjtu_drone_bringup) StdoutLine: {'line': b'creating /root/april_gazebo/install/sjtu_drone_bringup/share/ament_index\n'}
[0.839757] (sjtu_drone_bringup) StdoutLine: {'line': b'creating /root/april_gazebo/install/sjtu_drone_bringup/share/ament_index/resource_index\n'}
[0.839814] (sjtu_drone_bringup) StdoutLine: {'line': b'creating /root/april_gazebo/install/sjtu_drone_bringup/share/ament_index/resource_index/packages\n'}
[0.839870] (sjtu_drone_bringup) StdoutLine: {'line': b'copying resource/sjtu_drone_bringup -> /root/april_gazebo/install/sjtu_drone_bringup/share/ament_index/resource_index/packages\n'}
[0.839925] (sjtu_drone_bringup) StdoutLine: {'line': b'copying package.xml -> /root/april_gazebo/install/sjtu_drone_bringup/share/sjtu_drone_bringup\n'}
[0.839979] (sjtu_drone_bringup) StdoutLine: {'line': b'creating /root/april_gazebo/install/sjtu_drone_bringup/share/sjtu_drone_bringup/launch\n'}
[0.840032] (sjtu_drone_bringup) StdoutLine: {'line': b'copying launch/sjtu_drone_bringup.launch.py -> /root/april_gazebo/install/sjtu_drone_bringup/share/sjtu_drone_bringup/launch\n'}
[0.840337] (sjtu_drone_control) StdoutLine: {'line': b'byte-compiling /root/april_gazebo/install/sjtu_drone_control/lib/python3.10/site-packages/sjtu_drone_control/drone_position_control.py to drone_position_control.cpython-310.pyc\n'}
[0.840421] (sjtu_drone_control) StdoutLine: {'line': b'byte-compiling /root/april_gazebo/install/sjtu_drone_control/lib/python3.10/site-packages/sjtu_drone_control/teleop.py to teleop.cpython-310.pyc\n'}
[0.840475] (sjtu_drone_bringup) StdoutLine: {'line': b'copying launch/sjtu_drone_gazebo.launch.py -> /root/april_gazebo/install/sjtu_drone_bringup/share/sjtu_drone_bringup/launch\n'}
[0.840525] (sjtu_drone_bringup) StdoutLine: {'line': b'creating /root/april_gazebo/install/sjtu_drone_bringup/share/sjtu_drone_bringup/rviz\n'}
[0.840574] (sjtu_drone_bringup) StdoutLine: {'line': b'copying rviz/rviz.rviz -> /root/april_gazebo/install/sjtu_drone_bringup/share/sjtu_drone_bringup/rviz\n'}
[0.840653] (sjtu_drone_bringup) StdoutLine: {'line': b'creating /root/april_gazebo/install/sjtu_drone_bringup/share/sjtu_drone_bringup/config\n'}
[0.840702] (sjtu_drone_bringup) StdoutLine: {'line': b'copying config/drone.yaml -> /root/april_gazebo/install/sjtu_drone_bringup/share/sjtu_drone_bringup/config\n'}
[0.840750] (sjtu_drone_bringup) StdoutLine: {'line': b'running install_egg_info\n'}
[0.840798] (sjtu_drone_control) StdoutLine: {'line': b'byte-compiling /root/april_gazebo/install/sjtu_drone_control/lib/python3.10/site-packages/sjtu_drone_control/teleop_joystick.py to teleop_joystick.cpython-310.pyc\n'}
[0.841008] (sjtu_drone_control) StdoutLine: {'line': b'running install_data\n'}
[0.841091] (sjtu_drone_control) StdoutLine: {'line': b'creating /root/april_gazebo/install/sjtu_drone_control/share/ament_index\n'}
[0.841206] (sjtu_drone_control) StdoutLine: {'line': b'creating /root/april_gazebo/install/sjtu_drone_control/share/ament_index/resource_index\n'}
[0.841259] (sjtu_drone_control) StdoutLine: {'line': b'creating /root/april_gazebo/install/sjtu_drone_control/share/ament_index/resource_index/packages\n'}
[0.841309] (sjtu_drone_control) StdoutLine: {'line': b'copying resource/sjtu_drone_control -> /root/april_gazebo/install/sjtu_drone_control/share/ament_index/resource_index/packages\n'}
[0.841395] (sjtu_drone_control) StdoutLine: {'line': b'copying package.xml -> /root/april_gazebo/install/sjtu_drone_control/share/sjtu_drone_control\n'}
[0.841475] (sjtu_drone_control) StdoutLine: {'line': b'running install_egg_info\n'}
[0.842351] (sjtu_drone_bringup) StdoutLine: {'line': b'Copying ../../build/sjtu_drone_bringup/sjtu_drone_bringup.egg-info to /root/april_gazebo/install/sjtu_drone_bringup/lib/python3.10/site-packages/sjtu_drone_bringup-0.0.0-py3.10.egg-info\n'}
[0.842898] (sjtu_drone_control) StdoutLine: {'line': b'Copying ../../build/sjtu_drone_control/sjtu_drone_control.egg-info to /root/april_gazebo/install/sjtu_drone_control/lib/python3.10/site-packages/sjtu_drone_control-0.0.0-py3.10.egg-info\n'}
[0.843188] (sjtu_drone_bringup) StdoutLine: {'line': b'running install_scripts\n'}
[0.843725] (sjtu_drone_control) StdoutLine: {'line': b'running install_scripts\n'}
[0.861734] (sjtu_drone_bringup) StdoutLine: {'line': b'Installing spawn_drone script to /root/april_gazebo/install/sjtu_drone_bringup/lib/sjtu_drone_bringup\n'}
[0.861928] (sjtu_drone_control) StdoutLine: {'line': b'Installing drone_position_control script to /root/april_gazebo/install/sjtu_drone_control/lib/sjtu_drone_control\n'}
[0.862072] (sjtu_drone_control) StdoutLine: {'line': b'Installing open_loop_control script to /root/april_gazebo/install/sjtu_drone_control/lib/sjtu_drone_control\n'}
[0.862165] (sjtu_drone_control) StdoutLine: {'line': b'Installing teleop script to /root/april_gazebo/install/sjtu_drone_control/lib/sjtu_drone_control\n'}
[0.862220] (sjtu_drone_bringup) StdoutLine: {'line': b"writing list of installed files to '/root/april_gazebo/build/sjtu_drone_bringup/install.log'\n"}
[0.862278] (sjtu_drone_control) StdoutLine: {'line': b'Installing teleop_joystick script to /root/april_gazebo/install/sjtu_drone_control/lib/sjtu_drone_control\n'}
[0.862405] (sjtu_drone_control) StdoutLine: {'line': b"writing list of installed files to '/root/april_gazebo/build/sjtu_drone_control/install.log'\n"}
[0.884266] (sjtu_drone_control) CommandEnded: {'returncode': 0}
[0.894804] (sjtu_drone_control) JobEnded: {'identifier': 'sjtu_drone_control', 'rc': 0}
[0.895302] (sjtu_drone_bringup) CommandEnded: {'returncode': 0}
[0.898989] (sjtu_drone_description) StdoutLine: {'line': b'-- Found Python3: /usr/bin/python3 (found version "3.10.12") found components: Interpreter \n'}
[0.900346] (sjtu_drone_bringup) JobEnded: {'identifier': 'sjtu_drone_bringup', 'rc': 0}
[0.900891] (-) TimerEvent: {}
[0.977882] (sjtu_drone_description) StdoutLine: {'line': b'-- Found ament_cmake_ros: 0.10.0 (/opt/ros/humble/share/ament_cmake_ros/cmake)\n'}
[0.985414] (sjtu_drone_description) StdoutLine: {'line': b'-- Found rclcpp: 16.0.15 (/opt/ros/humble/share/rclcpp/cmake)\n'}
[1.000997] (-) TimerEvent: {}
[1.022699] (sjtu_drone_description) StdoutLine: {'line': b'-- Found rosidl_generator_c: 3.1.7 (/opt/ros/humble/share/rosidl_generator_c/cmake)\n'}
[1.029412] (sjtu_drone_description) StdoutLine: {'line': b'-- Found rosidl_adapter: 3.1.7 (/opt/ros/humble/share/rosidl_adapter/cmake)\n'}
[1.039722] (sjtu_drone_description) StdoutLine: {'line': b'-- Found rosidl_generator_cpp: 3.1.7 (/opt/ros/humble/share/rosidl_generator_cpp/cmake)\n'}
[1.052978] (sjtu_drone_description) StdoutLine: {'line': b'-- Using all available rosidl_typesupport_c: rosidl_typesupport_fastrtps_c;rosidl_typesupport_introspection_c\n'}
[1.070125] (sjtu_drone_description) StdoutLine: {'line': b'-- Using all available rosidl_typesupport_cpp: rosidl_typesupport_fastrtps_cpp;rosidl_typesupport_introspection_cpp\n'}
[1.101147] (-) TimerEvent: {}
[1.115076] (sjtu_drone_description) StdoutLine: {'line': b'-- Found rmw_implementation_cmake: 6.1.2 (/opt/ros/humble/share/rmw_implementation_cmake/cmake)\n'}
[1.117468] (sjtu_drone_description) StdoutLine: {'line': b'-- Found rmw_fastrtps_cpp: 6.2.8 (/opt/ros/humble/share/rmw_fastrtps_cpp/cmake)\n'}
[1.195978] (sjtu_drone_description) StdoutLine: {'line': b'-- Found OpenSSL: /usr/lib/x86_64-linux-gnu/libcrypto.so (found version "3.0.2")  \n'}
[1.201167] (-) TimerEvent: {}
[1.219135] (sjtu_drone_description) StdoutLine: {'line': b'-- Found FastRTPS: /opt/ros/humble/include  \n'}
[1.257509] (sjtu_drone_description) StdoutLine: {'line': b"-- Using RMW implementation 'rmw_fastrtps_cpp' as default\n"}
[1.270647] (sjtu_drone_description) StdoutLine: {'line': b'-- Looking for pthread.h\n'}
[1.301268] (-) TimerEvent: {}
[1.345744] (sjtu_drone_description) StdoutLine: {'line': b'-- Looking for pthread.h - found\n'}
[1.345991] (sjtu_drone_description) StdoutLine: {'line': b'-- Performing Test CMAKE_HAVE_LIBC_PTHREAD\n'}
[1.401364] (-) TimerEvent: {}
[1.441491] (sjtu_drone_description) StdoutLine: {'line': b'-- Performing Test CMAKE_HAVE_LIBC_PTHREAD - Success\n'}
[1.442919] (sjtu_drone_description) StdoutLine: {'line': b'-- Found Threads: TRUE  \n'}
[1.501489] (-) TimerEvent: {}
[1.505703] (sjtu_drone_description) StdoutLine: {'line': b'-- Found gazebo_ros: 3.9.0 (/opt/ros/humble/share/gazebo_ros/cmake)\n'}
[1.517508] (sjtu_drone_description) StdoutLine: {'line': b"-- Checking for module 'bullet>=2.82'\n"}
[1.528750] (sjtu_drone_description) StdoutLine: {'line': b'--   Found bullet, version 3.05\n'}
[1.601613] (-) TimerEvent: {}
[1.628822] (sjtu_drone_description) StdoutLine: {'line': b'-- Found fcl: /usr/include (found suitable version "0.7.0", minimum required is "0.5.0") \n'}
[1.674153] (sjtu_drone_description) StdoutLine: {'line': b'-- Found assimp: /usr/include (found version "5.2.0") \n'}
[1.696014] (sjtu_drone_description) StdoutLine: {'line': b'-- Found DART: /usr/include (Required is at least version "6.6") found components: dart \n'}
[1.701691] (-) TimerEvent: {}
[1.724246] (sjtu_drone_description) StdoutLine: {'line': b'-- Found Boost: /usr/lib/x86_64-linux-gnu/cmake/Boost-1.74.0/BoostConfig.cmake (found suitable version "1.74.0", minimum required is "1.40.0") found components: thread system filesystem program_options regex iostreams date_time \n'}
[1.735072] (sjtu_drone_description) StdoutLine: {'line': b'-- Found Protobuf: /usr/lib/x86_64-linux-gnu/libprotobuf.so (found version "3.12.4") \n'}
[1.740129] (sjtu_drone_description) StdoutLine: {'line': b'-- Looking for ignition-math6 -- found version 6.15.1\n'}
[1.746848] (sjtu_drone_description) StdoutLine: {'line': b'-- Searching for dependencies of ignition-math6\n'}
[1.748421] (sjtu_drone_description) StdoutLine: {'line': b'-- Looking for OGRE...\n'}
[1.748853] (sjtu_drone_description) StdoutLine: {'line': b'-- OGRE_PREFIX_WATCH changed.\n'}
[1.753548] (sjtu_drone_description) StdoutLine: {'line': b"-- Checking for module 'OGRE'\n"}
[1.764833] (sjtu_drone_description) StdoutLine: {'line': b'--   Found OGRE, version 1.9.0\n'}
[1.795519] (sjtu_drone_description) StdoutLine: {'line': b'-- Found Ogre Ghadamon (1.9.0)\n'}
[1.801795] (-) TimerEvent: {}
[1.808607] (sjtu_drone_description) StdoutLine: {'line': b'-- Looking for OGRE_Paging...\n'}
[1.811251] (sjtu_drone_description) StdoutLine: {'line': b'-- Found OGRE_Paging: optimized;/usr/lib/x86_64-linux-gnu/libOgrePaging.so;debug;/usr/lib/x86_64-linux-gnu/libOgrePaging.so\n'}
[1.811335] (sjtu_drone_description) StdoutLine: {'line': b'-- Looking for OGRE_Terrain...\n'}
[1.813993] (sjtu_drone_description) StdoutLine: {'line': b'-- Found OGRE_Terrain: optimized;/usr/lib/x86_64-linux-gnu/libOgreTerrain.so;debug;/usr/lib/x86_64-linux-gnu/libOgreTerrain.so\n'}
[1.814092] (sjtu_drone_description) StdoutLine: {'line': b'-- Looking for OGRE_Property...\n'}
[1.816704] (sjtu_drone_description) StdoutLine: {'line': b'-- Found OGRE_Property: optimized;/usr/lib/x86_64-linux-gnu/libOgreProperty.so;debug;/usr/lib/x86_64-linux-gnu/libOgreProperty.so\n'}
[1.816786] (sjtu_drone_description) StdoutLine: {'line': b'-- Looking for OGRE_RTShaderSystem...\n'}
[1.819369] (sjtu_drone_description) StdoutLine: {'line': b'-- Found OGRE_RTShaderSystem: optimized;/usr/lib/x86_64-linux-gnu/libOgreRTShaderSystem.so;debug;/usr/lib/x86_64-linux-gnu/libOgreRTShaderSystem.so\n'}
[1.819450] (sjtu_drone_description) StdoutLine: {'line': b'-- Looking for OGRE_Volume...\n'}
[1.822013] (sjtu_drone_description) StdoutLine: {'line': b'-- Found OGRE_Volume: optimized;/usr/lib/x86_64-linux-gnu/libOgreVolume.so;debug;/usr/lib/x86_64-linux-gnu/libOgreVolume.so\n'}
[1.822099] (sjtu_drone_description) StdoutLine: {'line': b'-- Looking for OGRE_Overlay...\n'}
[1.824699] (sjtu_drone_description) StdoutLine: {'line': b'-- Found OGRE_Overlay: optimized;/usr/lib/x86_64-linux-gnu/libOgreOverlay.so;debug;/usr/lib/x86_64-linux-gnu/libOgreOverlay.so\n'}
[1.893035] (sjtu_drone_description) StdoutLine: {'line': b'-- Looking for ignition-math6 -- found version 6.15.1\n'}
[1.895780] (sjtu_drone_description) StdoutLine: {'line': b'-- Looking for ignition-transport8 -- found version 8.2.1\n'}
[1.896423] (sjtu_drone_description) StdoutLine: {'line': b'-- Searching for dependencies of ignition-transport8\n'}
[1.901882] (-) TimerEvent: {}
[1.913964] (sjtu_drone_description) StdoutLine: {'line': b'-- Found Protobuf: /usr/lib/x86_64-linux-gnu/libprotobuf.so (found suitable version "3.12.4", minimum required is "3") \n'}
[1.924828] (sjtu_drone_description) StdoutLine: {'line': b'-- Config-file not installed for ZeroMQ -- checking for pkg-config\n'}
[1.930220] (sjtu_drone_description) StdoutLine: {'line': b"-- Checking for module 'libzmq >= 4'\n"}
[1.943831] (sjtu_drone_description) StdoutLine: {'line': b'--   Found libzmq , version 4.3.4\n'}
[1.986157] (sjtu_drone_description) StdoutLine: {'line': b'-- Found ZeroMQ: TRUE (Required is at least version "4") \n'}
[1.992355] (sjtu_drone_description) StdoutLine: {'line': b"-- Checking for module 'uuid'\n"}
[2.001984] (-) TimerEvent: {}
[2.006392] (sjtu_drone_description) StdoutLine: {'line': b'--   Found uuid, version 2.37.2\n'}
[2.042523] (sjtu_drone_description) StdoutLine: {'line': b'-- Found UUID: TRUE  \n'}
[2.044856] (sjtu_drone_description) StdoutLine: {'line': b'-- Looking for ignition-msgs5 -- found version 5.8.1\n'}
[2.045471] (sjtu_drone_description) StdoutLine: {'line': b'-- Searching for dependencies of ignition-msgs5\n'}
[2.064906] (sjtu_drone_description) StdoutLine: {'line': b'-- Looking for ignition-math6 -- found version 6.15.1\n'}
[2.069909] (sjtu_drone_description) StdoutLine: {'line': b"-- Checking for module 'tinyxml2'\n"}
[2.081752] (sjtu_drone_description) StdoutLine: {'line': b'--   Found tinyxml2, version 9.0.0\n'}
[2.102148] (-) TimerEvent: {}
[2.113343] (sjtu_drone_description) StdoutLine: {'line': b'-- Looking for ignition-msgs5 -- found version 5.8.1\n'}
[2.115497] (sjtu_drone_description) StdoutLine: {'line': b'-- Looking for ignition-common3 -- found version 3.14.0\n'}
[2.115960] (sjtu_drone_description) StdoutLine: {'line': b'-- Searching for dependencies of ignition-common3\n'}
[2.116272] (sjtu_drone_description) StdoutLine: {'line': b'-- Looking for dlfcn.h - found\n'}
[2.116624] (sjtu_drone_description) StdoutLine: {'line': b'-- Looking for libdl - found\n'}
[2.117825] (sjtu_drone_description) StdoutLine: {'line': b'-- Found DL: TRUE  \n'}
[2.129034] (sjtu_drone_description) StdoutLine: {'line': b'-- Found tinyobjloader: /usr/lib/x86_64-linux-gnu/cmake/tinyobjloader/tinyobjloader-config.cmake (found version "2.0.0") \n'}
[2.129856] (sjtu_drone_description) StdoutLine: {'line': b'-- Searching for <ignition-common3> component [graphics]\n'}
[2.132378] (sjtu_drone_description) StdoutLine: {'line': b'-- Looking for ignition-common3-graphics -- found version 3.14.0\n'}
[2.132854] (sjtu_drone_description) StdoutLine: {'line': b'-- Searching for dependencies of ignition-common3-graphics\n'}
[2.133215] (sjtu_drone_description) StdoutLine: {'line': b'-- Looking for ignition-math6 -- found version 6.15.1\n'}
[2.136673] (sjtu_drone_description) StdoutLine: {'line': b'-- Looking for ignition-fuel_tools4 -- found version 4.4.0\n'}
[2.137124] (sjtu_drone_description) StdoutLine: {'line': b'-- Searching for dependencies of ignition-fuel_tools4\n'}
[2.202236] (-) TimerEvent: {}
[2.206379] (sjtu_drone_description) StdoutLine: {'line': b'-- Found CURL: /usr/lib/x86_64-linux-gnu/libcurl.so (found version "7.81.0")  \n'}
[2.215181] (sjtu_drone_description) StdoutLine: {'line': b"-- Checking for module 'jsoncpp'\n"}
[2.226639] (sjtu_drone_description) StdoutLine: {'line': b'--   Found jsoncpp, version 1.9.5\n'}
[2.256203] (sjtu_drone_description) StdoutLine: {'line': b'-- Found JSONCPP: TRUE  \n'}
[2.261053] (sjtu_drone_description) StdoutLine: {'line': b"-- Checking for module 'libzip'\n"}
[2.272093] (sjtu_drone_description) StdoutLine: {'line': b'--   Found libzip, version 1.7.3\n'}
[2.302321] (-) TimerEvent: {}
[2.302985] (sjtu_drone_description) StdoutLine: {'line': b'-- Found ZIP: TRUE  \n'}
[2.303470] (sjtu_drone_description) StdoutLine: {'line': b'-- Looking for ignition-common3 -- found version 3.14.0\n'}
[2.303850] (sjtu_drone_description) StdoutLine: {'line': b'-- Looking for ignition-math6 -- found version 6.15.1\n'}
[2.304222] (sjtu_drone_description) StdoutLine: {'line': b'-- Looking for ignition-msgs5 -- found version 5.8.1\n'}
[2.308459] (sjtu_drone_description) StdoutLine: {'line': b'-- Gazebo version: 11.10\n'}
[2.308737] (sjtu_drone_description) StdoutLine: {'line': b"-- Checking for module 'tbb'\n"}
[2.321146] (sjtu_drone_description) StdoutLine: {'line': b'--   Found tbb, version 2021.5.0\n'}
[2.352499] (sjtu_drone_description) StdoutLine: {'line': b'-- Found gazebo_plugins: 3.9.0 (/opt/ros/humble/share/gazebo_plugins/cmake)\n'}
[2.402447] (-) TimerEvent: {}
[2.421690] (sjtu_drone_description) StdoutLine: {'line': b'-- Found sensor_msgs: 4.9.0 (/opt/ros/humble/share/sensor_msgs/cmake)\n'}
[2.439108] (sjtu_drone_description) StdoutLine: {'line': b'-- Found nav_msgs: 4.9.0 (/opt/ros/humble/share/nav_msgs/cmake)\n'}
[2.456614] (sjtu_drone_description) StdoutLine: {'line': b'-- Found tf2: 0.25.16 (/opt/ros/humble/share/tf2/cmake)\n'}
[2.467645] (sjtu_drone_description) StdoutLine: {'line': b'-- Found tf2_ros: 0.25.16 (/opt/ros/humble/share/tf2_ros/cmake)\n'}
[2.502560] (-) TimerEvent: {}
[2.560025] (sjtu_drone_description) StdoutLine: {'line': b'-- Found tf2_geometry_msgs: 0.25.16 (/opt/ros/humble/share/tf2_geometry_msgs/cmake)\n'}
[2.569122] (sjtu_drone_description) StdoutLine: {'line': b'-- Found eigen3_cmake_module: 0.1.1 (/opt/ros/humble/share/eigen3_cmake_module/cmake)\n'}
[2.570659] (sjtu_drone_description) StdoutLine: {'line': b'-- Found Eigen3: TRUE (found version "3.4.0") \n'}
[2.570819] (sjtu_drone_description) StdoutLine: {'line': b'-- Ensuring Eigen3 include directory is part of orocos-kdl CMake target\n'}
[2.602675] (-) TimerEvent: {}
[2.640889] (sjtu_drone_description) StdoutLine: {'line': b'-- Configuring done\n'}
[2.692935] (sjtu_drone_description) StdoutLine: {'line': b'-- Generating done\n'}
[2.698933] (sjtu_drone_description) StdoutLine: {'line': b'-- Build files have been written to: /root/april_gazebo/build/sjtu_drone_description\n'}
[2.702784] (-) TimerEvent: {}
[2.710064] (sjtu_drone_description) CommandEnded: {'returncode': 0}
[2.710688] (sjtu_drone_description) JobProgress: {'identifier': 'sjtu_drone_description', 'progress': 'build'}
[2.712567] (sjtu_drone_description) Command: {'cmd': ['/usr/bin/cmake', '--build', '/root/april_gazebo/build/sjtu_drone_description', '--', '-j12', '-l12'], 'cwd': '/root/april_gazebo/build/sjtu_drone_description', 'env': OrderedDict([('HOSTNAME', 'LP-Boston-12214'), ('SHLVL', '1'), ('LD_LIBRARY_PATH', '/root/april_gazebo/install/sjtu_drone_description/lib:/usr/lib/x86_64-linux-gnu/gazebo-11/plugins:/opt/ros/humble/opt/rviz_ogre_vendor/lib:/opt/ros/humble/lib/x86_64-linux-gnu:/opt/ros/humble/lib'), ('HOME', '/root'), ('SKIP_MAP', 'true'), ('OLDPWD', '/ros2_ws'), ('GAZEBO_MASTER_URI', 'http://localhost:11345'), ('ROS_PYTHON_VERSION', '3'), ('COLCON_PREFIX_PATH', '/root/april_gazebo/install'), ('ROS_DISTRO', 'humble'), ('_', '/usr/bin/colcon'), ('ROS_VERSION', '2'), ('TERM', 'xterm'), ('GAZEBO_MODEL_PATH', '/usr/share/gazebo-11/models:/root/april_gazebo/aws-robomaker-hospital-world/models:/root/april_gazebo/sjtu_drone/sjtu_drone_description:/root/april_gazebo/sjtu_drone/models'), ('ROS_LOCALHOST_ONLY', '0'), ('QT_X11_NO_MITSHM', '1'), ('PATH', '/opt/ros/humble/bin:/usr/local/sbin:/usr/local/bin:/usr/sbin:/usr/bin:/sbin:/bin'), ('GAZEBO_VERBOSE', '1'), ('DISPLAY', ':1'), ('LANG', 'C.UTF-8'), ('RMW_IMPLEMENTATION', 'rmw_fastrtps_cpp'), ('XAUTHORITY', '/home/shirb/.Xauthority'), ('AMENT_PREFIX_PATH', '/root/april_gazebo/install/sjtu_drone_description:/root/april_gazebo/install/sjtu_drone_control:/root/april_gazebo/install/sjtu_drone_bringup:/opt/ros/humble'), ('ALSA_CARD', '0'), ('GAZEBO_RESOURCE_PATH', '/usr/share/gazebo-11:/root/april_gazebo/aws-robomaker-hospital-world/worlds:/root/april_gazebo/aws-robomaker-hospital-world'), ('GAZEBO_MODEL_DATABASE_URI', ''), ('GAZEBO_AUDIO_DEVICE', 'null'), ('PWD', '/root/april_gazebo/build/sjtu_drone_description'), ('LC_ALL', 'C.UTF-8'), ('GAZEBO_PLUGIN_PATH', '/usr/lib/x86_64-linux-gnu/gazebo-11/plugins:'), ('PYTHONPATH', '/root/april_gazebo/install/sjtu_drone_control/lib/python3.10/site-packages:/root/april_gazebo/install/sjtu_drone_bringup/lib/python3.10/site-packages:/opt/ros/humble/lib/python3.10/site-packages:/opt/ros/humble/local/lib/python3.10/dist-packages'), ('NVIDIA_VISIBLE_DEVICES', 'all'), ('COLCON', '1'), ('CMAKE_PREFIX_PATH', '/root/april_gazebo/install/sjtu_drone_description:/root/april_gazebo/install/sjtu_drone_control:/root/april_gazebo/install/sjtu_drone_bringup:/opt/ros/humble')]), 'shell': False}
[2.766093] (sjtu_drone_description) StdoutLine: {'line': b'[ 75%] \x1b[32mBuilding CXX object CMakeFiles/plugin_drone.dir/src/pid_controller.cpp.o\x1b[0m\n'}
[2.766256] (sjtu_drone_description) StdoutLine: {'line': b'[ 75%] \x1b[32mBuilding CXX object CMakeFiles/plugin_drone.dir/src/plugin_drone_private.cpp.o\x1b[0m\n'}
[2.766316] (sjtu_drone_description) StdoutLine: {'line': b'[ 75%] \x1b[32mBuilding CXX object CMakeFiles/plugin_drone.dir/src/plugin_drone.cpp.o\x1b[0m\n'}
[2.802897] (-) TimerEvent: {}
[2.903196] (-) TimerEvent: {}
[3.003454] (-) TimerEvent: {}
[3.103715] (-) TimerEvent: {}
[3.204053] (-) TimerEvent: {}
[3.304292] (-) TimerEvent: {}
[3.404538] (-) TimerEvent: {}
[3.504795] (-) TimerEvent: {}
[3.605056] (-) TimerEvent: {}
[3.705327] (-) TimerEvent: {}
[3.805600] (-) TimerEvent: {}
[3.905865] (-) TimerEvent: {}
[4.006154] (-) TimerEvent: {}
[4.106427] (-) TimerEvent: {}
[4.206685] (-) TimerEvent: {}
[4.306951] (-) TimerEvent: {}
[4.407269] (-) TimerEvent: {}
[4.507535] (-) TimerEvent: {}
[4.607842] (-) TimerEvent: {}
[4.708119] (-) TimerEvent: {}
[4.808348] (-) TimerEvent: {}
[4.908580] (-) TimerEvent: {}
[5.008852] (-) TimerEvent: {}
[5.109167] (-) TimerEvent: {}
[5.209450] (-) TimerEvent: {}
[5.309704] (-) TimerEvent: {}
[5.410023] (-) TimerEvent: {}
[5.510465] (-) TimerEvent: {}
[5.610744] (-) TimerEvent: {}
[5.711006] (-) TimerEvent: {}
[5.811242] (-) TimerEvent: {}
[5.911508] (-) TimerEvent: {}
[6.011876] (-) TimerEvent: {}
[6.114152] (-) TimerEvent: {}
[6.214525] (-) TimerEvent: {}
[6.314982] (-) TimerEvent: {}
[6.415279] (-) TimerEvent: {}
[6.515576] (-) TimerEvent: {}
[6.615872] (-) TimerEvent: {}
[6.716155] (-) TimerEvent: {}
[6.816449] (-) TimerEvent: {}
[6.916738] (-) TimerEvent: {}
[7.017103] (-) TimerEvent: {}
[7.117458] (-) TimerEvent: {}
[7.217732] (-) TimerEvent: {}
[7.317964] (-) TimerEvent: {}
[7.418211] (-) TimerEvent: {}
[7.518471] (-) TimerEvent: {}
[7.618726] (-) TimerEvent: {}
[7.718980] (-) TimerEvent: {}
[7.819211] (-) TimerEvent: {}
[7.919470] (-) TimerEvent: {}
[8.019729] (-) TimerEvent: {}
[8.119988] (-) TimerEvent: {}
[8.220268] (-) TimerEvent: {}
[8.320543] (-) TimerEvent: {}
[8.420827] (-) TimerEvent: {}
[8.521113] (-) TimerEvent: {}
[8.621389] (-) TimerEvent: {}
[8.721651] (-) TimerEvent: {}
[8.821894] (-) TimerEvent: {}
[8.922129] (-) TimerEvent: {}
[9.022412] (-) TimerEvent: {}
[9.122673] (-) TimerEvent: {}
[9.222933] (-) TimerEvent: {}
[9.323205] (-) TimerEvent: {}
[9.423445] (-) TimerEvent: {}
[9.523734] (-) TimerEvent: {}
[9.623991] (-) TimerEvent: {}
[9.724241] (-) TimerEvent: {}
[9.824518] (-) TimerEvent: {}
[9.924785] (-) TimerEvent: {}
[10.025072] (-) TimerEvent: {}
[10.125414] (-) TimerEvent: {}
[10.225728] (-) TimerEvent: {}
[10.326011] (-) TimerEvent: {}
[10.426309] (-) TimerEvent: {}
[10.526621] (-) TimerEvent: {}
[10.626885] (-) TimerEvent: {}
[10.727244] (-) TimerEvent: {}
[10.827851] (-) TimerEvent: {}
[10.928213] (-) TimerEvent: {}
[11.028510] (-) TimerEvent: {}
[11.128800] (-) TimerEvent: {}
[11.229119] (-) TimerEvent: {}
[11.329403] (-) TimerEvent: {}
[11.429680] (-) TimerEvent: {}
[11.529957] (-) TimerEvent: {}
[11.630251] (-) TimerEvent: {}
[11.730554] (-) TimerEvent: {}
[11.830848] (-) TimerEvent: {}
[11.931149] (-) TimerEvent: {}
[12.031417] (-) TimerEvent: {}
[12.131722] (-) TimerEvent: {}
[12.232056] (-) TimerEvent: {}
[12.332409] (-) TimerEvent: {}
[12.432797] (-) TimerEvent: {}
[12.533211] (-) TimerEvent: {}
[12.635705] (-) TimerEvent: {}
[12.736312] (-) TimerEvent: {}
[12.836613] (-) TimerEvent: {}
[12.936890] (-) TimerEvent: {}
[13.037178] (-) TimerEvent: {}
[13.137450] (-) TimerEvent: {}
[13.237721] (-) TimerEvent: {}
[13.337985] (-) TimerEvent: {}
[13.438232] (-) TimerEvent: {}
[13.538464] (-) TimerEvent: {}
[13.638728] (-) TimerEvent: {}
[13.738945] (-) TimerEvent: {}
[13.839198] (-) TimerEvent: {}
[13.939452] (-) TimerEvent: {}
[14.039716] (-) TimerEvent: {}
[14.139982] (-) TimerEvent: {}
[14.240231] (-) TimerEvent: {}
[14.340484] (-) TimerEvent: {}
[14.440735] (-) TimerEvent: {}
[14.541027] (-) TimerEvent: {}
[14.641272] (-) TimerEvent: {}
[14.741537] (-) TimerEvent: {}
[14.841796] (-) TimerEvent: {}
[14.942058] (-) TimerEvent: {}
[15.042294] (-) TimerEvent: {}
[15.142532] (-) TimerEvent: {}
[15.242808] (-) TimerEvent: {}
[15.343094] (-) TimerEvent: {}
[15.443351] (-) TimerEvent: {}
[15.543665] (-) TimerEvent: {}
[15.643929] (-) TimerEvent: {}
[15.744185] (-) TimerEvent: {}
[15.844454] (-) TimerEvent: {}
[15.944741] (-) TimerEvent: {}
[16.044974] (-) TimerEvent: {}
[16.145283] (-) TimerEvent: {}
[16.245525] (-) TimerEvent: {}
[16.345811] (-) TimerEvent: {}
[16.446060] (-) TimerEvent: {}
[16.546368] (-) TimerEvent: {}
[16.646746] (-) TimerEvent: {}
[16.747253] (-) TimerEvent: {}
[16.847877] (-) TimerEvent: {}
[16.948494] (-) TimerEvent: {}
[17.049042] (-) TimerEvent: {}
[17.149602] (-) TimerEvent: {}
[17.249994] (-) TimerEvent: {}
[17.350235] (-) TimerEvent: {}
[17.450492] (-) TimerEvent: {}
[17.550717] (-) TimerEvent: {}
[17.650987] (-) TimerEvent: {}
[17.751233] (-) TimerEvent: {}
[17.851458] (-) TimerEvent: {}
[17.951716] (-) TimerEvent: {}
[18.051976] (-) TimerEvent: {}
[18.152170] (-) TimerEvent: {}
[18.252393] (-) TimerEvent: {}
[18.352620] (-) TimerEvent: {}
[18.452888] (-) TimerEvent: {}
[18.553159] (-) TimerEvent: {}
[18.653449] (-) TimerEvent: {}
[18.753721] (-) TimerEvent: {}
[18.853963] (-) TimerEvent: {}
[18.954240] (-) TimerEvent: {}
[19.054524] (-) TimerEvent: {}
[19.154884] (-) TimerEvent: {}
[19.255162] (-) TimerEvent: {}
[19.355417] (-) TimerEvent: {}
[19.455665] (-) TimerEvent: {}
[19.555919] (-) TimerEvent: {}
[19.656156] (-) TimerEvent: {}
[19.756416] (-) TimerEvent: {}
[19.856741] (-) TimerEvent: {}
[19.957040] (-) TimerEvent: {}
[20.057304] (-) TimerEvent: {}
[20.157568] (-) TimerEvent: {}
[20.257832] (-) TimerEvent: {}
[20.358120] (-) TimerEvent: {}
[20.458379] (-) TimerEvent: {}
[20.558705] (-) TimerEvent: {}
[20.659023] (-) TimerEvent: {}
[20.759296] (-) TimerEvent: {}
[20.859556] (-) TimerEvent: {}
[20.959839] (-) TimerEvent: {}
[21.060151] (-) TimerEvent: {}
[21.160422] (-) TimerEvent: {}
[21.260701] (-) TimerEvent: {}
[21.360985] (-) TimerEvent: {}
[21.461186] (-) TimerEvent: {}
[21.561453] (-) TimerEvent: {}
[21.661723] (-) TimerEvent: {}
[21.762004] (-) TimerEvent: {}
[21.862235] (-) TimerEvent: {}
[21.962479] (-) TimerEvent: {}
[22.062728] (-) TimerEvent: {}
[22.162986] (-) TimerEvent: {}
[22.263176] (-) TimerEvent: {}
[22.363431] (-) TimerEvent: {}
[22.463667] (-) TimerEvent: {}
[22.564014] (-) TimerEvent: {}
[22.664448] (-) TimerEvent: {}
[22.764725] (-) TimerEvent: {}
[22.865013] (-) TimerEvent: {}
[22.965306] (-) TimerEvent: {}
[23.065555] (-) TimerEvent: {}
[23.165807] (-) TimerEvent: {}
[23.266050] (-) TimerEvent: {}
[23.366283] (-) TimerEvent: {}
[23.466519] (-) TimerEvent: {}
[23.566737] (-) TimerEvent: {}
[23.667011] (-) TimerEvent: {}
[23.767309] (-) TimerEvent: {}
[23.867554] (-) TimerEvent: {}
[23.967796] (-) TimerEvent: {}
[24.068040] (-) TimerEvent: {}
[24.168258] (-) TimerEvent: {}
[24.268562] (-) TimerEvent: {}
[24.368883] (-) TimerEvent: {}
[24.469126] (-) TimerEvent: {}
[24.569378] (-) TimerEvent: {}
[24.669623] (-) TimerEvent: {}
[24.769866] (-) TimerEvent: {}
[24.870120] (-) TimerEvent: {}
[24.970348] (-) TimerEvent: {}
[25.070641] (-) TimerEvent: {}
[25.170892] (-) TimerEvent: {}
[25.271131] (-) TimerEvent: {}
[25.371342] (-) TimerEvent: {}
[25.471584] (-) TimerEvent: {}
[25.571831] (-) TimerEvent: {}
[25.672082] (-) TimerEvent: {}
[25.772294] (-) TimerEvent: {}
[25.872538] (-) TimerEvent: {}
[25.972782] (-) TimerEvent: {}
[26.073025] (-) TimerEvent: {}
[26.173245] (-) TimerEvent: {}
[26.273492] (-) TimerEvent: {}
[26.373736] (-) TimerEvent: {}
[26.473980] (-) TimerEvent: {}
[26.574189] (-) TimerEvent: {}
[26.674429] (-) TimerEvent: {}
[26.774679] (-) TimerEvent: {}
[26.874922] (-) TimerEvent: {}
[26.975215] (-) TimerEvent: {}
[27.075455] (-) TimerEvent: {}
[27.175709] (-) TimerEvent: {}
[27.275965] (-) TimerEvent: {}
[27.376178] (-) TimerEvent: {}
[27.476413] (-) TimerEvent: {}
[27.576670] (-) TimerEvent: {}
[27.676917] (-) TimerEvent: {}
[27.777180] (-) TimerEvent: {}
[27.877423] (-) TimerEvent: {}
[27.977745] (-) TimerEvent: {}
[28.078584] (-) TimerEvent: {}
[28.178925] (-) TimerEvent: {}
[28.279188] (-) TimerEvent: {}
[28.379419] (-) TimerEvent: {}
[28.479690] (-) TimerEvent: {}
[28.579969] (-) TimerEvent: {}
[28.680261] (-) TimerEvent: {}
[28.780576] (-) TimerEvent: {}
[28.880861] (-) TimerEvent: {}
[28.981362] (-) TimerEvent: {}
[29.081873] (-) TimerEvent: {}
[29.182131] (-) TimerEvent: {}
[29.282384] (-) TimerEvent: {}
[29.382612] (-) TimerEvent: {}
[29.482875] (-) TimerEvent: {}
[29.583141] (-) TimerEvent: {}
[29.683393] (-) TimerEvent: {}
[29.783648] (-) TimerEvent: {}
[29.883898] (-) TimerEvent: {}
[29.984170] (-) TimerEvent: {}
[30.084422] (-) TimerEvent: {}
[30.184677] (-) TimerEvent: {}
[30.284911] (-) TimerEvent: {}
[30.385186] (-) TimerEvent: {}
[30.485420] (-) TimerEvent: {}
[30.585715] (-) TimerEvent: {}
[30.685950] (-) TimerEvent: {}
[30.786268] (-) TimerEvent: {}
[30.886680] (-) TimerEvent: {}
[30.986931] (-) TimerEvent: {}
[31.087175] (-) TimerEvent: {}
[31.187410] (-) TimerEvent: {}
[31.287646] (-) TimerEvent: {}
[31.387916] (-) TimerEvent: {}
[31.488181] (-) TimerEvent: {}
[31.588462] (-) TimerEvent: {}
[31.688750] (-) TimerEvent: {}
[31.789188] (-) TimerEvent: {}
[31.889715] (-) TimerEvent: {}
[31.892554] (sjtu_drone_description) StdoutLine: {'line': b'[100%] \x1b[32m\x1b[1mLinking CXX shared library /root/april_gazebo/sjtu_drone/sjtu_drone_description/plugins/libplugin_drone.so\x1b[0m\n'}
[31.989811] (-) TimerEvent: {}
[32.090073] (-) TimerEvent: {}
[32.190412] (-) TimerEvent: {}
[32.290750] (-) TimerEvent: {}
[32.391047] (-) TimerEvent: {}
[32.491340] (-) TimerEvent: {}
[32.591659] (-) TimerEvent: {}
[32.691909] (-) TimerEvent: {}
[32.792180] (-) TimerEvent: {}
[32.892431] (-) TimerEvent: {}
[32.992731] (-) TimerEvent: {}
[33.093016] (-) TimerEvent: {}
[33.193277] (-) TimerEvent: {}
[33.293596] (-) TimerEvent: {}
[33.394019] (-) TimerEvent: {}
[33.494596] (-) TimerEvent: {}
[33.594972] (-) TimerEvent: {}
[33.695221] (-) TimerEvent: {}
[33.795480] (-) TimerEvent: {}
[33.895738] (-) TimerEvent: {}
[33.995980] (-) TimerEvent: {}
[34.096273] (-) TimerEvent: {}
[34.196578] (-) TimerEvent: {}
[34.296852] (-) TimerEvent: {}
[34.397174] (-) TimerEvent: {}
[34.497413] (-) TimerEvent: {}
[34.524131] (sjtu_drone_description) StdoutLine: {'line': b'[100%] Built target plugin_drone\n'}
[34.536873] (sjtu_drone_description) CommandEnded: {'returncode': 0}
[34.537653] (sjtu_drone_description) JobProgress: {'identifier': 'sjtu_drone_description', 'progress': 'install'}
[34.547346] (sjtu_drone_description) Command: {'cmd': ['/usr/bin/cmake', '--install', '/root/april_gazebo/build/sjtu_drone_description'], 'cwd': '/root/april_gazebo/build/sjtu_drone_description', 'env': OrderedDict([('HOSTNAME', 'LP-Boston-12214'), ('SHLVL', '1'), ('LD_LIBRARY_PATH', '/root/april_gazebo/install/sjtu_drone_description/lib:/usr/lib/x86_64-linux-gnu/gazebo-11/plugins:/opt/ros/humble/opt/rviz_ogre_vendor/lib:/opt/ros/humble/lib/x86_64-linux-gnu:/opt/ros/humble/lib'), ('HOME', '/root'), ('SKIP_MAP', 'true'), ('OLDPWD', '/ros2_ws'), ('GAZEBO_MASTER_URI', 'http://localhost:11345'), ('ROS_PYTHON_VERSION', '3'), ('COLCON_PREFIX_PATH', '/root/april_gazebo/install'), ('ROS_DISTRO', 'humble'), ('_', '/usr/bin/colcon'), ('ROS_VERSION', '2'), ('TERM', 'xterm'), ('GAZEBO_MODEL_PATH', '/usr/share/gazebo-11/models:/root/april_gazebo/aws-robomaker-hospital-world/models:/root/april_gazebo/sjtu_drone/sjtu_drone_description:/root/april_gazebo/sjtu_drone/models'), ('ROS_LOCALHOST_ONLY', '0'), ('QT_X11_NO_MITSHM', '1'), ('PATH', '/opt/ros/humble/bin:/usr/local/sbin:/usr/local/bin:/usr/sbin:/usr/bin:/sbin:/bin'), ('GAZEBO_VERBOSE', '1'), ('DISPLAY', ':1'), ('LANG', 'C.UTF-8'), ('RMW_IMPLEMENTATION', 'rmw_fastrtps_cpp'), ('XAUTHORITY', '/home/shirb/.Xauthority'), ('AMENT_PREFIX_PATH', '/root/april_gazebo/install/sjtu_drone_description:/root/april_gazebo/install/sjtu_drone_control:/root/april_gazebo/install/sjtu_drone_bringup:/opt/ros/humble'), ('ALSA_CARD', '0'), ('GAZEBO_RESOURCE_PATH', '/usr/share/gazebo-11:/root/april_gazebo/aws-robomaker-hospital-world/worlds:/root/april_gazebo/aws-robomaker-hospital-world'), ('GAZEBO_MODEL_DATABASE_URI', ''), ('GAZEBO_AUDIO_DEVICE', 'null'), ('PWD', '/root/april_gazebo/build/sjtu_drone_description'), ('LC_ALL', 'C.UTF-8'), ('GAZEBO_PLUGIN_PATH', '/usr/lib/x86_64-linux-gnu/gazebo-11/plugins:'), ('PYTHONPATH', '/root/april_gazebo/install/sjtu_drone_control/lib/python3.10/site-packages:/root/april_gazebo/install/sjtu_drone_bringup/lib/python3.10/site-packages:/opt/ros/humble/lib/python3.10/site-packages:/opt/ros/humble/local/lib/python3.10/dist-packages'), ('NVIDIA_VISIBLE_DEVICES', 'all'), ('COLCON', '1'), ('CMAKE_PREFIX_PATH', '/root/april_gazebo/install/sjtu_drone_description:/root/april_gazebo/install/sjtu_drone_control:/root/april_gazebo/install/sjtu_drone_bringup:/opt/ros/humble')]), 'shell': False}
[34.556183] (sjtu_drone_description) StdoutLine: {'line': b'-- Install configuration: ""\n'}
[34.556822] (sjtu_drone_description) StdoutLine: {'line': b'-- Installing: /root/april_gazebo/install/sjtu_drone_description/include\n'}
[34.556935] (sjtu_drone_description) StdoutLine: {'line': b'-- Installing: /root/april_gazebo/install/sjtu_drone_description/include/sjtu_drone_description\n'}
[34.557018] (sjtu_drone_description) StdoutLine: {'line': b'-- Installing: /root/april_gazebo/install/sjtu_drone_description/include/sjtu_drone_description/plugin_drone.h\n'}
[34.557194] (sjtu_drone_description) StdoutLine: {'line': b'-- Installing: /root/april_gazebo/install/sjtu_drone_description/include/sjtu_drone_description/pid_controller.h\n'}
[34.557288] (sjtu_drone_description) StdoutLine: {'line': b'-- Installing: /root/april_gazebo/install/sjtu_drone_description/include/sjtu_drone_description/plugin_drone_private.h\n'}
[34.557429] (sjtu_drone_description) StdoutLine: {'line': b'-- Installing: /root/april_gazebo/install/sjtu_drone_description/lib/libplugin_drone.so\n'}
[34.572459] (sjtu_drone_description) StdoutLine: {'line': b'-- Set runtime path of "/root/april_gazebo/install/sjtu_drone_description/lib/libplugin_drone.so" to ""\n'}
[34.572697] (sjtu_drone_description) StdoutLine: {'line': b'-- Installing: /root/april_gazebo/install/sjtu_drone_description/share/sjtu_drone_description/environment/library_path.sh\n'}
[34.572918] (sjtu_drone_description) StdoutLine: {'line': b'-- Installing: /root/april_gazebo/install/sjtu_drone_description/share/sjtu_drone_description/environment/library_path.dsv\n'}
[34.573071] (sjtu_drone_description) StdoutLine: {'line': b'-- Installing: /root/april_gazebo/install/sjtu_drone_description/share/sjtu_drone_description/models\n'}
[34.573223] (sjtu_drone_description) StdoutLine: {'line': b'-- Installing: /root/april_gazebo/install/sjtu_drone_description/share/sjtu_drone_description/models/sjtu_drone\n'}
[34.573374] (sjtu_drone_description) StdoutLine: {'line': b'-- Installing: /root/april_gazebo/install/sjtu_drone_description/share/sjtu_drone_description/models/sjtu_drone/sjtu_drone.sdf\n'}
[34.573433] (sjtu_drone_description) StdoutLine: {'line': b'-- Installing: /root/april_gazebo/install/sjtu_drone_description/share/sjtu_drone_description/models/sjtu_drone/model.config\n'}
[34.573757] (sjtu_drone_description) StdoutLine: {'line': b'-- Installing: /root/april_gazebo/install/sjtu_drone_description/share/sjtu_drone_description/models/sjtu_drone/quadrotor_4.stl\n'}
[34.573931] (sjtu_drone_description) StdoutLine: {'line': b'-- Installing: /root/april_gazebo/install/sjtu_drone_description/share/sjtu_drone_description/models/sjtu_drone/quadrotor_4.dae\n'}
[34.574276] (sjtu_drone_description) StdoutLine: {'line': b'-- Installing: /root/april_gazebo/install/sjtu_drone_description/share/sjtu_drone_description/models/database.config\n'}
[34.574465] (sjtu_drone_description) StdoutLine: {'line': b'-- Installing: /root/april_gazebo/install/sjtu_drone_description/share/sjtu_drone_description/urdf\n'}
[34.574605] (sjtu_drone_description) StdoutLine: {'line': b'-- Installing: /root/april_gazebo/install/sjtu_drone_description/share/sjtu_drone_description/urdf/sjtu_drone.urdf.xacro\n'}
[34.574672] (sjtu_drone_description) StdoutLine: {'line': b'-- Installing: /root/april_gazebo/install/sjtu_drone_description/share/sjtu_drone_description/urdf/sjtu_drone.urdf\n'}
[34.574790] (sjtu_drone_description) StdoutLine: {'line': b'-- Installing: /root/april_gazebo/install/sjtu_drone_description/share/sjtu_drone_description/worlds\n'}
[34.574869] (sjtu_drone_description) StdoutLine: {'line': b'-- Installing: /root/april_gazebo/install/sjtu_drone_description/share/sjtu_drone_description/worlds/playground.world\n'}
[34.575091] (sjtu_drone_description) StdoutLine: {'line': b'-- Installing: /root/april_gazebo/install/sjtu_drone_description/share/ament_index/resource_index/package_run_dependencies/sjtu_drone_description\n'}
[34.575389] (sjtu_drone_description) StdoutLine: {'line': b'-- Installing: /root/april_gazebo/install/sjtu_drone_description/share/ament_index/resource_index/parent_prefix_path/sjtu_drone_description\n'}
[34.575761] (sjtu_drone_description) StdoutLine: {'line': b'-- Installing: /root/april_gazebo/install/sjtu_drone_description/share/sjtu_drone_description/environment/ament_prefix_path.sh\n'}
[34.576146] (sjtu_drone_description) StdoutLine: {'line': b'-- Installing: /root/april_gazebo/install/sjtu_drone_description/share/sjtu_drone_description/environment/ament_prefix_path.dsv\n'}
[34.576457] (sjtu_drone_description) StdoutLine: {'line': b'-- Installing: /root/april_gazebo/install/sjtu_drone_description/share/sjtu_drone_description/environment/path.sh\n'}
[34.576778] (sjtu_drone_description) StdoutLine: {'line': b'-- Installing: /root/april_gazebo/install/sjtu_drone_description/share/sjtu_drone_description/environment/path.dsv\n'}
[34.576975] (sjtu_drone_description) StdoutLine: {'line': b'-- Installing: /root/april_gazebo/install/sjtu_drone_description/share/sjtu_drone_description/local_setup.bash\n'}
[34.577266] (sjtu_drone_description) StdoutLine: {'line': b'-- Installing: /root/april_gazebo/install/sjtu_drone_description/share/sjtu_drone_description/local_setup.sh\n'}
[34.577462] (sjtu_drone_description) StdoutLine: {'line': b'-- Installing: /root/april_gazebo/install/sjtu_drone_description/share/sjtu_drone_description/local_setup.zsh\n'}
[34.577646] (sjtu_drone_description) StdoutLine: {'line': b'-- Installing: /root/april_gazebo/install/sjtu_drone_description/share/sjtu_drone_description/local_setup.dsv\n'}
[34.577825] (sjtu_drone_description) StdoutLine: {'line': b'-- Installing: /root/april_gazebo/install/sjtu_drone_description/share/sjtu_drone_description/package.dsv\n'}
[34.578204] (sjtu_drone_description) StdoutLine: {'line': b'-- Installing: /root/april_gazebo/install/sjtu_drone_description/share/ament_index/resource_index/packages/sjtu_drone_description\n'}
[34.578393] (sjtu_drone_description) StdoutLine: {'line': b'-- Installing: /root/april_gazebo/install/sjtu_drone_description/share/sjtu_drone_description/cmake/export_sjtu_drone_descriptionExport.cmake\n'}
[34.579200] (sjtu_drone_description) StdoutLine: {'line': b'-- Installing: /root/april_gazebo/install/sjtu_drone_description/share/sjtu_drone_description/cmake/export_sjtu_drone_descriptionExport-noconfig.cmake\n'}
[34.579470] (sjtu_drone_description) StdoutLine: {'line': b'-- Installing: /root/april_gazebo/install/sjtu_drone_description/share/sjtu_drone_description/cmake/ament_cmake_export_include_directories-extras.cmake\n'}
[34.579744] (sjtu_drone_description) StdoutLine: {'line': b'-- Installing: /root/april_gazebo/install/sjtu_drone_description/share/sjtu_drone_description/cmake/ament_cmake_export_libraries-extras.cmake\n'}
[34.579999] (sjtu_drone_description) StdoutLine: {'line': b'-- Installing: /root/april_gazebo/install/sjtu_drone_description/share/sjtu_drone_description/cmake/ament_cmake_export_targets-extras.cmake\n'}
[34.580307] (sjtu_drone_description) StdoutLine: {'line': b'-- Installing: /root/april_gazebo/install/sjtu_drone_description/share/sjtu_drone_description/cmake/sjtu_drone_descriptionConfig.cmake\n'}
[34.580481] (sjtu_drone_description) StdoutLine: {'line': b'-- Installing: /root/april_gazebo/install/sjtu_drone_description/share/sjtu_drone_description/cmake/sjtu_drone_descriptionConfig-version.cmake\n'}
[34.580801] (sjtu_drone_description) StdoutLine: {'line': b'-- Installing: /root/april_gazebo/install/sjtu_drone_description/share/sjtu_drone_description/package.xml\n'}
[34.583429] (sjtu_drone_description) CommandEnded: {'returncode': 0}
[34.597541] (-) TimerEvent: {}
[34.600558] (sjtu_drone_description) JobEnded: {'identifier': 'sjtu_drone_description', 'rc': 0}
[34.601131] (-) EventReactorShutdown: {}
