[0.388s] Invoking command in '/root/april_gazebo/build/sjtu_drone_description': CMAKE_PREFIX_PATH=/opt/ros/humble /usr/bin/cmake /root/april_gazebo/sjtu_drone/sjtu_drone_description -DBUILD_TESTING=OFF -DRMW_IMPLEMENTATION=rmw_fastrtps_cpp -DCMAKE_INSTALL_PREFIX=/root/april_gazebo/install/sjtu_drone_description
[0.460s] -- The C compiler identification is GNU 11.4.0
[0.517s] -- The CXX compiler identification is GNU 11.4.0
[0.527s] -- Detecting C compiler ABI info
[0.591s] -- Detecting C compiler ABI info - done
[0.598s] -- Check for working C compiler: /usr/bin/cc - skipped
[0.599s] -- Detecting C compile features
[0.599s] -- Detecting C compile features - done
[0.603s] -- Detecting CXX compiler ABI info
[0.679s] -- Detecting CXX compiler ABI info - done
[0.686s] -- Check for working CXX compiler: /usr/bin/c++ - skipped
[0.686s] -- Detecting CXX compile features
[0.687s] -- Detecting CXX compile features - done
[0.692s] -- Found PkgConfig: /usr/bin/pkg-config (found version "0.29.2") 
[0.693s] -- Checking for module 'OGRE'
[0.704s] --   Found OGRE, version 1.9.0
[0.736s] -- Checking for module 'OGRE-Terrain'
[0.748s] --   Found OGRE-Terrain, version 1.9.0
[0.781s] -- Found ament_cmake: 1.3.12 (/opt/ros/humble/share/ament_cmake/cmake)
[0.926s] -- Found Python3: /usr/bin/python3 (found version "3.10.12") found components: Interpreter 
[1.015s] -- Found ament_cmake_ros: 0.10.0 (/opt/ros/humble/share/ament_cmake_ros/cmake)
[1.026s] -- Found rclcpp: 16.0.15 (/opt/ros/humble/share/rclcpp/cmake)
[1.063s] -- Found rosidl_generator_c: 3.1.7 (/opt/ros/humble/share/rosidl_generator_c/cmake)
[1.068s] -- Found rosidl_adapter: 3.1.7 (/opt/ros/humble/share/rosidl_adapter/cmake)
[1.075s] -- Found rosidl_generator_cpp: 3.1.7 (/opt/ros/humble/share/rosidl_generator_cpp/cmake)
[1.087s] -- Using all available rosidl_typesupport_c: rosidl_typesupport_fastrtps_c;rosidl_typesupport_introspection_c
[1.102s] -- Using all available rosidl_typesupport_cpp: rosidl_typesupport_fastrtps_cpp;rosidl_typesupport_introspection_cpp
[1.147s] -- Found rmw_implementation_cmake: 6.1.2 (/opt/ros/humble/share/rmw_implementation_cmake/cmake)
[1.150s] -- Found rmw_fastrtps_cpp: 6.2.8 (/opt/ros/humble/share/rmw_fastrtps_cpp/cmake)
[1.232s] -- Found OpenSSL: /usr/lib/x86_64-linux-gnu/libcrypto.so (found version "3.0.2")  
[1.256s] -- Found FastRTPS: /opt/ros/humble/include  
[1.293s] -- Using RMW implementation 'rmw_fastrtps_cpp' as default
[1.302s] -- Looking for pthread.h
[1.375s] -- Looking for pthread.h - found
[1.375s] -- Performing Test CMAKE_HAVE_LIBC_PTHREAD
[1.473s] -- Performing Test CMAKE_HAVE_LIBC_PTHREAD - Success
[1.475s] -- Found Threads: TRUE  
[1.533s] -- Found gazebo_ros: 3.9.0 (/opt/ros/humble/share/gazebo_ros/cmake)
[1.545s] -- Checking for module 'bullet>=2.82'
[1.556s] --   Found bullet, version 3.05
[1.649s] -- Found fcl: /usr/include (found suitable version "0.7.0", minimum required is "0.5.0") 
[1.691s] -- Found assimp: /usr/include (found version "5.2.0") 
[1.711s] -- Found DART: /usr/include (Required is at least version "6.6") found components: dart 
[1.735s] -- Found Boost: /usr/lib/x86_64-linux-gnu/cmake/Boost-1.74.0/BoostConfig.cmake (found suitable version "1.74.0", minimum required is "1.40.0") found components: thread system filesystem program_options regex iostreams date_time 
[1.760s] -- Found Protobuf: /usr/lib/x86_64-linux-gnu/libprotobuf.so (found version "3.12.4") 
[1.764s] -- Looking for ignition-math6 -- found version 6.15.1
[1.772s] -- Searching for dependencies of ignition-math6
[1.773s] -- Looking for OGRE...
[1.774s] -- OGRE_PREFIX_WATCH changed.
[1.778s] -- Checking for module 'OGRE'
[1.789s] --   Found OGRE, version 1.9.0
[1.819s] -- Found Ogre Ghadamon (1.9.0)
[1.833s] -- Looking for OGRE_Paging...
[1.835s] -- Found OGRE_Paging: optimized;/usr/lib/x86_64-linux-gnu/libOgrePaging.so;debug;/usr/lib/x86_64-linux-gnu/libOgrePaging.so
[1.835s] -- Looking for OGRE_Terrain...
[1.838s] -- Found OGRE_Terrain: optimized;/usr/lib/x86_64-linux-gnu/libOgreTerrain.so;debug;/usr/lib/x86_64-linux-gnu/libOgreTerrain.so
[1.838s] -- Looking for OGRE_Property...
[1.840s] -- Found OGRE_Property: optimized;/usr/lib/x86_64-linux-gnu/libOgreProperty.so;debug;/usr/lib/x86_64-linux-gnu/libOgreProperty.so
[1.840s] -- Looking for OGRE_RTShaderSystem...
[1.843s] -- Found OGRE_RTShaderSystem: optimized;/usr/lib/x86_64-linux-gnu/libOgreRTShaderSystem.so;debug;/usr/lib/x86_64-linux-gnu/libOgreRTShaderSystem.so
[1.843s] -- Looking for OGRE_Volume...
[1.845s] -- Found OGRE_Volume: optimized;/usr/lib/x86_64-linux-gnu/libOgreVolume.so;debug;/usr/lib/x86_64-linux-gnu/libOgreVolume.so
[1.845s] -- Looking for OGRE_Overlay...
[1.848s] -- Found OGRE_Overlay: optimized;/usr/lib/x86_64-linux-gnu/libOgreOverlay.so;debug;/usr/lib/x86_64-linux-gnu/libOgreOverlay.so
[1.907s] -- Looking for ignition-math6 -- found version 6.15.1
[1.909s] -- Looking for ignition-transport8 -- found version 8.2.1
[1.910s] -- Searching for dependencies of ignition-transport8
[1.927s] -- Found Protobuf: /usr/lib/x86_64-linux-gnu/libprotobuf.so (found suitable version "3.12.4", minimum required is "3") 
[1.953s] -- Config-file not installed for ZeroMQ -- checking for pkg-config
[1.958s] -- Checking for module 'libzmq >= 4'
[1.972s] --   Found libzmq , version 4.3.4
[2.005s] -- Found ZeroMQ: TRUE (Required is at least version "4") 
[2.010s] -- Checking for module 'uuid'
[2.021s] --   Found uuid, version 2.37.2
[2.050s] -- Found UUID: TRUE  
[2.052s] -- Looking for ignition-msgs5 -- found version 5.8.1
[2.053s] -- Searching for dependencies of ignition-msgs5
[2.070s] -- Looking for ignition-math6 -- found version 6.15.1
[2.075s] -- Checking for module 'tinyxml2'
[2.086s] --   Found tinyxml2, version 9.0.0
[2.116s] -- Looking for ignition-msgs5 -- found version 5.8.1
[2.118s] -- Looking for ignition-common3 -- found version 3.14.0
[2.119s] -- Searching for dependencies of ignition-common3
[2.119s] -- Looking for dlfcn.h - found
[2.120s] -- Looking for libdl - found
[2.121s] -- Found DL: TRUE  
[2.131s] -- Found tinyobjloader: /usr/lib/x86_64-linux-gnu/cmake/tinyobjloader/tinyobjloader-config.cmake (found version "2.0.0") 
[2.132s] -- Searching for <ignition-common3> component [graphics]
[2.134s] -- Looking for ignition-common3-graphics -- found version 3.14.0
[2.134s] -- Searching for dependencies of ignition-common3-graphics
[2.135s] -- Looking for ignition-math6 -- found version 6.15.1
[2.137s] -- Looking for ignition-fuel_tools4 -- found version 4.4.0
[2.138s] -- Searching for dependencies of ignition-fuel_tools4
[2.205s] -- Found CURL: /usr/lib/x86_64-linux-gnu/libcurl.so (found version "7.81.0")  
[2.213s] -- Checking for module 'jsoncpp'
[2.226s] --   Found jsoncpp, version 1.9.5
[2.255s] -- Found JSONCPP: TRUE  
[2.261s] -- Checking for module 'libzip'
[2.272s] --   Found libzip, version 1.7.3
[2.302s] -- Found ZIP: TRUE  
[2.303s] -- Looking for ignition-common3 -- found version 3.14.0
[2.303s] -- Looking for ignition-math6 -- found version 6.15.1
[2.303s] -- Looking for ignition-msgs5 -- found version 5.8.1
[2.307s] -- Gazebo version: 11.10
[2.307s] -- Checking for module 'tbb'
[2.319s] --   Found tbb, version 2021.5.0
[2.350s] -- Found gazebo_plugins: 3.9.0 (/opt/ros/humble/share/gazebo_plugins/cmake)
[2.411s] -- Found sensor_msgs: 4.9.0 (/opt/ros/humble/share/sensor_msgs/cmake)
[2.429s] -- Found nav_msgs: 4.9.0 (/opt/ros/humble/share/nav_msgs/cmake)
[2.449s] -- Found tf2: 0.25.16 (/opt/ros/humble/share/tf2/cmake)
[2.460s] -- Found tf2_ros: 0.25.16 (/opt/ros/humble/share/tf2_ros/cmake)
[2.555s] -- Found tf2_geometry_msgs: 0.25.16 (/opt/ros/humble/share/tf2_geometry_msgs/cmake)
[2.562s] -- Found eigen3_cmake_module: 0.1.1 (/opt/ros/humble/share/eigen3_cmake_module/cmake)
[2.563s] -- Found Eigen3: TRUE (found version "3.4.0") 
[2.563s] -- Ensuring Eigen3 include directory is part of orocos-kdl CMake target
[2.633s] -- Configuring done
[2.724s] -- Generating done
[2.730s] -- Build files have been written to: /root/april_gazebo/build/sjtu_drone_description
[2.742s] Invoked command in '/root/april_gazebo/build/sjtu_drone_description' returned '0': CMAKE_PREFIX_PATH=/opt/ros/humble /usr/bin/cmake /root/april_gazebo/sjtu_drone/sjtu_drone_description -DBUILD_TESTING=OFF -DRMW_IMPLEMENTATION=rmw_fastrtps_cpp -DCMAKE_INSTALL_PREFIX=/root/april_gazebo/install/sjtu_drone_description
[2.743s] Invoking command in '/root/april_gazebo/build/sjtu_drone_description': CMAKE_PREFIX_PATH=/opt/ros/humble /usr/bin/cmake --build /root/april_gazebo/build/sjtu_drone_description -- -j12 -l12
[2.794s] [ 50%] [32mBuilding CXX object CMakeFiles/plugin_drone.dir/src/plugin_drone.cpp.o[0m
[2.795s] [ 50%] [32mBuilding CXX object CMakeFiles/plugin_drone.dir/src/plugin_drone_private.cpp.o[0m
[2.795s] [ 75%] [32mBuilding CXX object CMakeFiles/plugin_drone.dir/src/pid_controller.cpp.o[0m
[29.981s] [100%] [32m[1mLinking CXX shared library /root/april_gazebo/sjtu_drone/sjtu_drone_description/plugins/libplugin_drone.so[0m
[31.892s] [100%] Built target plugin_drone
[31.903s] Invoked command in '/root/april_gazebo/build/sjtu_drone_description' returned '0': CMAKE_PREFIX_PATH=/opt/ros/humble /usr/bin/cmake --build /root/april_gazebo/build/sjtu_drone_description -- -j12 -l12
[31.913s] Invoking command in '/root/april_gazebo/build/sjtu_drone_description': CMAKE_PREFIX_PATH=/opt/ros/humble /usr/bin/cmake --install /root/april_gazebo/build/sjtu_drone_description
[31.919s] -- Install configuration: ""
[31.919s] -- Installing: /root/april_gazebo/install/sjtu_drone_description/include
[31.919s] -- Installing: /root/april_gazebo/install/sjtu_drone_description/include/sjtu_drone_description
[31.920s] -- Installing: /root/april_gazebo/install/sjtu_drone_description/include/sjtu_drone_description/plugin_drone.h
[31.920s] -- Installing: /root/april_gazebo/install/sjtu_drone_description/include/sjtu_drone_description/pid_controller.h
[31.920s] -- Installing: /root/april_gazebo/install/sjtu_drone_description/include/sjtu_drone_description/plugin_drone_private.h
[31.920s] -- Installing: /root/april_gazebo/install/sjtu_drone_description/lib/libplugin_drone.so
[31.935s] -- Set runtime path of "/root/april_gazebo/install/sjtu_drone_description/lib/libplugin_drone.so" to ""
[31.935s] -- Installing: /root/april_gazebo/install/sjtu_drone_description/share/sjtu_drone_description/environment/library_path.sh
[31.935s] -- Installing: /root/april_gazebo/install/sjtu_drone_description/share/sjtu_drone_description/environment/library_path.dsv
[31.935s] -- Installing: /root/april_gazebo/install/sjtu_drone_description/share/sjtu_drone_description/models
[31.935s] -- Installing: /root/april_gazebo/install/sjtu_drone_description/share/sjtu_drone_description/models/sjtu_drone
[31.935s] -- Installing: /root/april_gazebo/install/sjtu_drone_description/share/sjtu_drone_description/models/sjtu_drone/sjtu_drone.sdf
[31.936s] -- Installing: /root/april_gazebo/install/sjtu_drone_description/share/sjtu_drone_description/models/sjtu_drone/model.config
[31.936s] -- Installing: /root/april_gazebo/install/sjtu_drone_description/share/sjtu_drone_description/models/sjtu_drone/quadrotor_4.stl
[31.936s] -- Installing: /root/april_gazebo/install/sjtu_drone_description/share/sjtu_drone_description/models/sjtu_drone/quadrotor_4.dae
[31.936s] -- Installing: /root/april_gazebo/install/sjtu_drone_description/share/sjtu_drone_description/models/database.config
[31.936s] -- Installing: /root/april_gazebo/install/sjtu_drone_description/share/sjtu_drone_description/urdf
[31.936s] -- Installing: /root/april_gazebo/install/sjtu_drone_description/share/sjtu_drone_description/urdf/sjtu_drone.urdf.xacro
[31.937s] -- Installing: /root/april_gazebo/install/sjtu_drone_description/share/sjtu_drone_description/urdf/sjtu_drone.urdf
[31.937s] -- Installing: /root/april_gazebo/install/sjtu_drone_description/share/sjtu_drone_description/worlds
[31.937s] -- Installing: /root/april_gazebo/install/sjtu_drone_description/share/sjtu_drone_description/worlds/playground.world
[31.937s] -- Installing: /root/april_gazebo/install/sjtu_drone_description/share/ament_index/resource_index/package_run_dependencies/sjtu_drone_description
[31.937s] -- Installing: /root/april_gazebo/install/sjtu_drone_description/share/ament_index/resource_index/parent_prefix_path/sjtu_drone_description
[31.938s] -- Installing: /root/april_gazebo/install/sjtu_drone_description/share/sjtu_drone_description/environment/ament_prefix_path.sh
[31.938s] -- Installing: /root/april_gazebo/install/sjtu_drone_description/share/sjtu_drone_description/environment/ament_prefix_path.dsv
[31.938s] -- Installing: /root/april_gazebo/install/sjtu_drone_description/share/sjtu_drone_description/environment/path.sh
[31.938s] -- Installing: /root/april_gazebo/install/sjtu_drone_description/share/sjtu_drone_description/environment/path.dsv
[31.938s] -- Installing: /root/april_gazebo/install/sjtu_drone_description/share/sjtu_drone_description/local_setup.bash
[31.938s] -- Installing: /root/april_gazebo/install/sjtu_drone_description/share/sjtu_drone_description/local_setup.sh
[31.938s] -- Installing: /root/april_gazebo/install/sjtu_drone_description/share/sjtu_drone_description/local_setup.zsh
[31.938s] -- Installing: /root/april_gazebo/install/sjtu_drone_description/share/sjtu_drone_description/local_setup.dsv
[31.939s] -- Installing: /root/april_gazebo/install/sjtu_drone_description/share/sjtu_drone_description/package.dsv
[31.939s] -- Installing: /root/april_gazebo/install/sjtu_drone_description/share/ament_index/resource_index/packages/sjtu_drone_description
[31.939s] -- Installing: /root/april_gazebo/install/sjtu_drone_description/share/sjtu_drone_description/cmake/export_sjtu_drone_descriptionExport.cmake
[31.939s] -- Installing: /root/april_gazebo/install/sjtu_drone_description/share/sjtu_drone_description/cmake/export_sjtu_drone_descriptionExport-noconfig.cmake
[31.939s] -- Installing: /root/april_gazebo/install/sjtu_drone_description/share/sjtu_drone_description/cmake/ament_cmake_export_include_directories-extras.cmake
[31.940s] -- Installing: /root/april_gazebo/install/sjtu_drone_description/share/sjtu_drone_description/cmake/ament_cmake_export_libraries-extras.cmake
[31.940s] -- Installing: /root/april_gazebo/install/sjtu_drone_description/share/sjtu_drone_description/cmake/ament_cmake_export_targets-extras.cmake
[31.940s] -- Installing: /root/april_gazebo/install/sjtu_drone_description/share/sjtu_drone_description/cmake/sjtu_drone_descriptionConfig.cmake
[31.940s] -- Installing: /root/april_gazebo/install/sjtu_drone_description/share/sjtu_drone_description/cmake/sjtu_drone_descriptionConfig-version.cmake
[31.940s] -- Installing: /root/april_gazebo/install/sjtu_drone_description/share/sjtu_drone_description/package.xml
[31.942s] Invoked command in '/root/april_gazebo/build/sjtu_drone_description' returned '0': CMAKE_PREFIX_PATH=/opt/ros/humble /usr/bin/cmake --install /root/april_gazebo/build/sjtu_drone_description
