[0.363s] Invoking command in '/root/april_gazebo/build/sjtu_drone_description': CMAKE_PREFIX_PATH=${CMAKE_PREFIX_PATH}:/root/april_gazebo/install/sjtu_drone_control:/root/april_gazebo/install/sjtu_drone_bringup:/opt/ros/humble /usr/bin/cmake /root/april_gazebo/sjtu_drone/sjtu_drone_description -DBUILD_TESTING=OFF -DRMW_IMPLEMENTATION=rmw_fastrtps_cpp -DCMAKE_INSTALL_PREFIX=/root/april_gazebo/install/sjtu_drone_description
[0.419s] -- The C compiler identification is GNU 11.4.0
[0.472s] -- The CXX compiler identification is GNU 11.4.0
[0.479s] -- Detecting C compiler ABI info
[0.548s] -- Detecting C compiler ABI info - done
[0.554s] -- Check for working C compiler: /usr/bin/cc - skipped
[0.555s] -- Detecting C compile features
[0.555s] -- Detecting C compile features - done
[0.558s] -- Detecting CXX compiler ABI info
[0.637s] -- Detecting CXX compiler ABI info - done
[0.644s] -- Check for working CXX compiler: /usr/bin/c++ - skipped
[0.644s] -- Detecting CXX compile features
[0.645s] -- Detecting CXX compile features - done
[0.649s] -- Found PkgConfig: /usr/bin/pkg-config (found version "0.29.2") 
[0.650s] -- Checking for module 'OGRE'
[0.661s] --   Found OGRE, version 1.9.0
[0.692s] -- Checking for module 'OGRE-Terrain'
[0.704s] --   Found OGRE-Terrain, version 1.9.0
[0.737s] -- Found ament_cmake: 1.3.12 (/opt/ros/humble/share/ament_cmake/cmake)
[0.881s] -- Found Python3: /usr/bin/python3 (found version "3.10.12") found components: Interpreter 
[0.960s] -- Found ament_cmake_ros: 0.10.0 (/opt/ros/humble/share/ament_cmake_ros/cmake)
[0.968s] -- Found rclcpp: 16.0.15 (/opt/ros/humble/share/rclcpp/cmake)
[1.005s] -- Found rosidl_generator_c: 3.1.7 (/opt/ros/humble/share/rosidl_generator_c/cmake)
[1.012s] -- Found rosidl_adapter: 3.1.7 (/opt/ros/humble/share/rosidl_adapter/cmake)
[1.022s] -- Found rosidl_generator_cpp: 3.1.7 (/opt/ros/humble/share/rosidl_generator_cpp/cmake)
[1.035s] -- Using all available rosidl_typesupport_c: rosidl_typesupport_fastrtps_c;rosidl_typesupport_introspection_c
[1.053s] -- Using all available rosidl_typesupport_cpp: rosidl_typesupport_fastrtps_cpp;rosidl_typesupport_introspection_cpp
[1.098s] -- Found rmw_implementation_cmake: 6.1.2 (/opt/ros/humble/share/rmw_implementation_cmake/cmake)
[1.100s] -- Found rmw_fastrtps_cpp: 6.2.8 (/opt/ros/humble/share/rmw_fastrtps_cpp/cmake)
[1.178s] -- Found OpenSSL: /usr/lib/x86_64-linux-gnu/libcrypto.so (found version "3.0.2")  
[1.202s] -- Found FastRTPS: /opt/ros/humble/include  
[1.240s] -- Using RMW implementation 'rmw_fastrtps_cpp' as default
[1.253s] -- Looking for pthread.h
[1.328s] -- Looking for pthread.h - found
[1.328s] -- Performing Test CMAKE_HAVE_LIBC_PTHREAD
[1.424s] -- Performing Test CMAKE_HAVE_LIBC_PTHREAD - Success
[1.425s] -- Found Threads: TRUE  
[1.488s] -- Found gazebo_ros: 3.9.0 (/opt/ros/humble/share/gazebo_ros/cmake)
[1.500s] -- Checking for module 'bullet>=2.82'
[1.511s] --   Found bullet, version 3.05
[1.611s] -- Found fcl: /usr/include (found suitable version "0.7.0", minimum required is "0.5.0") 
[1.657s] -- Found assimp: /usr/include (found version "5.2.0") 
[1.679s] -- Found DART: /usr/include (Required is at least version "6.6") found components: dart 
[1.707s] -- Found Boost: /usr/lib/x86_64-linux-gnu/cmake/Boost-1.74.0/BoostConfig.cmake (found suitable version "1.74.0", minimum required is "1.40.0") found components: thread system filesystem program_options regex iostreams date_time 
[1.718s] -- Found Protobuf: /usr/lib/x86_64-linux-gnu/libprotobuf.so (found version "3.12.4") 
[1.723s] -- Looking for ignition-math6 -- found version 6.15.1
[1.729s] -- Searching for dependencies of ignition-math6
[1.731s] -- Looking for OGRE...
[1.731s] -- OGRE_PREFIX_WATCH changed.
[1.736s] -- Checking for module 'OGRE'
[1.747s] --   Found OGRE, version 1.9.0
[1.778s] -- Found Ogre Ghadamon (1.9.0)
[1.791s] -- Looking for OGRE_Paging...
[1.794s] -- Found OGRE_Paging: optimized;/usr/lib/x86_64-linux-gnu/libOgrePaging.so;debug;/usr/lib/x86_64-linux-gnu/libOgrePaging.so
[1.794s] -- Looking for OGRE_Terrain...
[1.796s] -- Found OGRE_Terrain: optimized;/usr/lib/x86_64-linux-gnu/libOgreTerrain.so;debug;/usr/lib/x86_64-linux-gnu/libOgreTerrain.so
[1.796s] -- Looking for OGRE_Property...
[1.799s] -- Found OGRE_Property: optimized;/usr/lib/x86_64-linux-gnu/libOgreProperty.so;debug;/usr/lib/x86_64-linux-gnu/libOgreProperty.so
[1.799s] -- Looking for OGRE_RTShaderSystem...
[1.802s] -- Found OGRE_RTShaderSystem: optimized;/usr/lib/x86_64-linux-gnu/libOgreRTShaderSystem.so;debug;/usr/lib/x86_64-linux-gnu/libOgreRTShaderSystem.so
[1.802s] -- Looking for OGRE_Volume...
[1.804s] -- Found OGRE_Volume: optimized;/usr/lib/x86_64-linux-gnu/libOgreVolume.so;debug;/usr/lib/x86_64-linux-gnu/libOgreVolume.so
[1.805s] -- Looking for OGRE_Overlay...
[1.807s] -- Found OGRE_Overlay: optimized;/usr/lib/x86_64-linux-gnu/libOgreOverlay.so;debug;/usr/lib/x86_64-linux-gnu/libOgreOverlay.so
[1.875s] -- Looking for ignition-math6 -- found version 6.15.1
[1.878s] -- Looking for ignition-transport8 -- found version 8.2.1
[1.879s] -- Searching for dependencies of ignition-transport8
[1.897s] -- Found Protobuf: /usr/lib/x86_64-linux-gnu/libprotobuf.so (found suitable version "3.12.4", minimum required is "3") 
[1.907s] -- Config-file not installed for ZeroMQ -- checking for pkg-config
[1.913s] -- Checking for module 'libzmq >= 4'
[1.926s] --   Found libzmq , version 4.3.4
[1.969s] -- Found ZeroMQ: TRUE (Required is at least version "4") 
[1.975s] -- Checking for module 'uuid'
[1.989s] --   Found uuid, version 2.37.2
[2.025s] -- Found UUID: TRUE  
[2.027s] -- Looking for ignition-msgs5 -- found version 5.8.1
[2.028s] -- Searching for dependencies of ignition-msgs5
[2.047s] -- Looking for ignition-math6 -- found version 6.15.1
[2.052s] -- Checking for module 'tinyxml2'
[2.064s] --   Found tinyxml2, version 9.0.0
[2.096s] -- Looking for ignition-msgs5 -- found version 5.8.1
[2.098s] -- Looking for ignition-common3 -- found version 3.14.0
[2.098s] -- Searching for dependencies of ignition-common3
[2.099s] -- Looking for dlfcn.h - found
[2.099s] -- Looking for libdl - found
[2.100s] -- Found DL: TRUE  
[2.112s] -- Found tinyobjloader: /usr/lib/x86_64-linux-gnu/cmake/tinyobjloader/tinyobjloader-config.cmake (found version "2.0.0") 
[2.112s] -- Searching for <ignition-common3> component [graphics]
[2.115s] -- Looking for ignition-common3-graphics -- found version 3.14.0
[2.115s] -- Searching for dependencies of ignition-common3-graphics
[2.116s] -- Looking for ignition-math6 -- found version 6.15.1
[2.119s] -- Looking for ignition-fuel_tools4 -- found version 4.4.0
[2.120s] -- Searching for dependencies of ignition-fuel_tools4
[2.189s] -- Found CURL: /usr/lib/x86_64-linux-gnu/libcurl.so (found version "7.81.0")  
[2.198s] -- Checking for module 'jsoncpp'
[2.209s] --   Found jsoncpp, version 1.9.5
[2.239s] -- Found JSONCPP: TRUE  
[2.243s] -- Checking for module 'libzip'
[2.255s] --   Found libzip, version 1.7.3
[2.285s] -- Found ZIP: TRUE  
[2.286s] -- Looking for ignition-common3 -- found version 3.14.0
[2.286s] -- Looking for ignition-math6 -- found version 6.15.1
[2.287s] -- Looking for ignition-msgs5 -- found version 5.8.1
[2.291s] -- Gazebo version: 11.10
[2.291s] -- Checking for module 'tbb'
[2.304s] --   Found tbb, version 2021.5.0
[2.335s] -- Found gazebo_plugins: 3.9.0 (/opt/ros/humble/share/gazebo_plugins/cmake)
[2.404s] -- Found sensor_msgs: 4.9.0 (/opt/ros/humble/share/sensor_msgs/cmake)
[2.422s] -- Found nav_msgs: 4.9.0 (/opt/ros/humble/share/nav_msgs/cmake)
[2.439s] -- Found tf2: 0.25.16 (/opt/ros/humble/share/tf2/cmake)
[2.450s] -- Found tf2_ros: 0.25.16 (/opt/ros/humble/share/tf2_ros/cmake)
[2.542s] -- Found tf2_geometry_msgs: 0.25.16 (/opt/ros/humble/share/tf2_geometry_msgs/cmake)
[2.552s] -- Found eigen3_cmake_module: 0.1.1 (/opt/ros/humble/share/eigen3_cmake_module/cmake)
[2.553s] -- Found Eigen3: TRUE (found version "3.4.0") 
[2.553s] -- Ensuring Eigen3 include directory is part of orocos-kdl CMake target
[2.623s] -- Configuring done
[2.675s] -- Generating done
[2.681s] -- Build files have been written to: /root/april_gazebo/build/sjtu_drone_description
[2.693s] Invoked command in '/root/april_gazebo/build/sjtu_drone_description' returned '0': CMAKE_PREFIX_PATH=${CMAKE_PREFIX_PATH}:/root/april_gazebo/install/sjtu_drone_control:/root/april_gazebo/install/sjtu_drone_bringup:/opt/ros/humble /usr/bin/cmake /root/april_gazebo/sjtu_drone/sjtu_drone_description -DBUILD_TESTING=OFF -DRMW_IMPLEMENTATION=rmw_fastrtps_cpp -DCMAKE_INSTALL_PREFIX=/root/april_gazebo/install/sjtu_drone_description
[2.695s] Invoking command in '/root/april_gazebo/build/sjtu_drone_description': CMAKE_PREFIX_PATH=${CMAKE_PREFIX_PATH}:/root/april_gazebo/install/sjtu_drone_control:/root/april_gazebo/install/sjtu_drone_bringup:/opt/ros/humble /usr/bin/cmake --build /root/april_gazebo/build/sjtu_drone_description -- -j12 -l12
[2.749s] [ 75%] [32mBuilding CXX object CMakeFiles/plugin_drone.dir/src/pid_controller.cpp.o[0m
[2.749s] [ 75%] [32mBuilding CXX object CMakeFiles/plugin_drone.dir/src/plugin_drone_private.cpp.o[0m
[2.749s] [ 75%] [32mBuilding CXX object CMakeFiles/plugin_drone.dir/src/plugin_drone.cpp.o[0m
[31.875s] [100%] [32m[1mLinking CXX shared library /root/april_gazebo/sjtu_drone/sjtu_drone_description/plugins/libplugin_drone.so[0m
[34.507s] [100%] Built target plugin_drone
[34.520s] Invoked command in '/root/april_gazebo/build/sjtu_drone_description' returned '0': CMAKE_PREFIX_PATH=${CMAKE_PREFIX_PATH}:/root/april_gazebo/install/sjtu_drone_control:/root/april_gazebo/install/sjtu_drone_bringup:/opt/ros/humble /usr/bin/cmake --build /root/april_gazebo/build/sjtu_drone_description -- -j12 -l12
[34.530s] Invoking command in '/root/april_gazebo/build/sjtu_drone_description': CMAKE_PREFIX_PATH=${CMAKE_PREFIX_PATH}:/root/april_gazebo/install/sjtu_drone_control:/root/april_gazebo/install/sjtu_drone_bringup:/opt/ros/humble /usr/bin/cmake --install /root/april_gazebo/build/sjtu_drone_description
[34.539s] -- Install configuration: ""
[34.539s] -- Installing: /root/april_gazebo/install/sjtu_drone_description/include
[34.539s] -- Installing: /root/april_gazebo/install/sjtu_drone_description/include/sjtu_drone_description
[34.539s] -- Installing: /root/april_gazebo/install/sjtu_drone_description/include/sjtu_drone_description/plugin_drone.h
[34.540s] -- Installing: /root/april_gazebo/install/sjtu_drone_description/include/sjtu_drone_description/pid_controller.h
[34.540s] -- Installing: /root/april_gazebo/install/sjtu_drone_description/include/sjtu_drone_description/plugin_drone_private.h
[34.540s] -- Installing: /root/april_gazebo/install/sjtu_drone_description/lib/libplugin_drone.so
[34.555s] -- Set runtime path of "/root/april_gazebo/install/sjtu_drone_description/lib/libplugin_drone.so" to ""
[34.555s] -- Installing: /root/april_gazebo/install/sjtu_drone_description/share/sjtu_drone_description/environment/library_path.sh
[34.555s] -- Installing: /root/april_gazebo/install/sjtu_drone_description/share/sjtu_drone_description/environment/library_path.dsv
[34.556s] -- Installing: /root/april_gazebo/install/sjtu_drone_description/share/sjtu_drone_description/models
[34.556s] -- Installing: /root/april_gazebo/install/sjtu_drone_description/share/sjtu_drone_description/models/sjtu_drone
[34.556s] -- Installing: /root/april_gazebo/install/sjtu_drone_description/share/sjtu_drone_description/models/sjtu_drone/sjtu_drone.sdf
[34.556s] -- Installing: /root/april_gazebo/install/sjtu_drone_description/share/sjtu_drone_description/models/sjtu_drone/model.config
[34.556s] -- Installing: /root/april_gazebo/install/sjtu_drone_description/share/sjtu_drone_description/models/sjtu_drone/quadrotor_4.stl
[34.556s] -- Installing: /root/april_gazebo/install/sjtu_drone_description/share/sjtu_drone_description/models/sjtu_drone/quadrotor_4.dae
[34.557s] -- Installing: /root/april_gazebo/install/sjtu_drone_description/share/sjtu_drone_description/models/database.config
[34.557s] -- Installing: /root/april_gazebo/install/sjtu_drone_description/share/sjtu_drone_description/urdf
[34.557s] -- Installing: /root/april_gazebo/install/sjtu_drone_description/share/sjtu_drone_description/urdf/sjtu_drone.urdf.xacro
[34.557s] -- Installing: /root/april_gazebo/install/sjtu_drone_description/share/sjtu_drone_description/urdf/sjtu_drone.urdf
[34.557s] -- Installing: /root/april_gazebo/install/sjtu_drone_description/share/sjtu_drone_description/worlds
[34.557s] -- Installing: /root/april_gazebo/install/sjtu_drone_description/share/sjtu_drone_description/worlds/playground.world
[34.558s] -- Installing: /root/april_gazebo/install/sjtu_drone_description/share/ament_index/resource_index/package_run_dependencies/sjtu_drone_description
[34.558s] -- Installing: /root/april_gazebo/install/sjtu_drone_description/share/ament_index/resource_index/parent_prefix_path/sjtu_drone_description
[34.558s] -- Installing: /root/april_gazebo/install/sjtu_drone_description/share/sjtu_drone_description/environment/ament_prefix_path.sh
[34.559s] -- Installing: /root/april_gazebo/install/sjtu_drone_description/share/sjtu_drone_description/environment/ament_prefix_path.dsv
[34.559s] -- Installing: /root/april_gazebo/install/sjtu_drone_description/share/sjtu_drone_description/environment/path.sh
[34.559s] -- Installing: /root/april_gazebo/install/sjtu_drone_description/share/sjtu_drone_description/environment/path.dsv
[34.559s] -- Installing: /root/april_gazebo/install/sjtu_drone_description/share/sjtu_drone_description/local_setup.bash
[34.560s] -- Installing: /root/april_gazebo/install/sjtu_drone_description/share/sjtu_drone_description/local_setup.sh
[34.560s] -- Installing: /root/april_gazebo/install/sjtu_drone_description/share/sjtu_drone_description/local_setup.zsh
[34.560s] -- Installing: /root/april_gazebo/install/sjtu_drone_description/share/sjtu_drone_description/local_setup.dsv
[34.560s] -- Installing: /root/april_gazebo/install/sjtu_drone_description/share/sjtu_drone_description/package.dsv
[34.561s] -- Installing: /root/april_gazebo/install/sjtu_drone_description/share/ament_index/resource_index/packages/sjtu_drone_description
[34.561s] -- Installing: /root/april_gazebo/install/sjtu_drone_description/share/sjtu_drone_description/cmake/export_sjtu_drone_descriptionExport.cmake
[34.562s] -- Installing: /root/april_gazebo/install/sjtu_drone_description/share/sjtu_drone_description/cmake/export_sjtu_drone_descriptionExport-noconfig.cmake
[34.562s] -- Installing: /root/april_gazebo/install/sjtu_drone_description/share/sjtu_drone_description/cmake/ament_cmake_export_include_directories-extras.cmake
[34.562s] -- Installing: /root/april_gazebo/install/sjtu_drone_description/share/sjtu_drone_description/cmake/ament_cmake_export_libraries-extras.cmake
[34.562s] -- Installing: /root/april_gazebo/install/sjtu_drone_description/share/sjtu_drone_description/cmake/ament_cmake_export_targets-extras.cmake
[34.563s] -- Installing: /root/april_gazebo/install/sjtu_drone_description/share/sjtu_drone_description/cmake/sjtu_drone_descriptionConfig.cmake
[34.563s] -- Installing: /root/april_gazebo/install/sjtu_drone_description/share/sjtu_drone_description/cmake/sjtu_drone_descriptionConfig-version.cmake
[34.563s] -- Installing: /root/april_gazebo/install/sjtu_drone_description/share/sjtu_drone_description/package.xml
[34.567s] Invoked command in '/root/april_gazebo/build/sjtu_drone_description' returned '0': CMAKE_PREFIX_PATH=${CMAKE_PREFIX_PATH}:/root/april_gazebo/install/sjtu_drone_control:/root/april_gazebo/install/sjtu_drone_bringup:/opt/ros/humble /usr/bin/cmake --install /root/april_gazebo/build/sjtu_drone_description
