[0.405s] Invoking command in '/root/april_gazebo/build/sjtu_drone_description': CMAKE_PREFIX_PATH=${CMAKE_PREFIX_PATH}:/root/april_gazebo/install/sjtu_drone_control:/root/april_gazebo/install/sjtu_drone_bringup:/opt/ros/humble /usr/bin/cmake /root/april_gazebo/sjtu_drone/sjtu_drone_description -DBUILD_TESTING=OFF -DRMW_IMPLEMENTATION=rmw_fastrtps_cpp -DCMAKE_INSTALL_PREFIX=/root/april_gazebo/install/sjtu_drone_description
[0.463s] -- The C compiler identification is GNU 11.4.0
[0.527s] -- The CXX compiler identification is GNU 11.4.0
[0.534s] -- Detecting C compiler ABI info
[0.600s] -- Detecting C compiler ABI info - done
[0.607s] -- Check for working C compiler: /usr/bin/cc - skipped
[0.607s] -- Detecting C compile features
[0.607s] -- Detecting C compile features - done
[0.610s] -- Detecting CXX compiler ABI info
[0.691s] -- Detecting CXX compiler ABI info - done
[0.698s] -- Check for working CXX compiler: /usr/bin/c++ - skipped
[0.698s] -- Detecting CXX compile features
[0.699s] -- Detecting CXX compile features - done
[0.703s] -- Found PkgConfig: /usr/bin/pkg-config (found version "0.29.2") 
[0.704s] -- Checking for module 'OGRE'
[0.715s] --   Found OGRE, version 1.9.0
[0.745s] -- Checking for module 'OGRE-Terrain'
[0.756s] --   Found OGRE-Terrain, version 1.9.0
[0.790s] -- Found ament_cmake: 1.3.12 (/opt/ros/humble/share/ament_cmake/cmake)
[0.939s] -- Found Python3: /usr/bin/python3 (found version "3.10.12") found components: Interpreter 
[1.023s] -- Found ament_cmake_ros: 0.10.0 (/opt/ros/humble/share/ament_cmake_ros/cmake)
[1.031s] -- Found rclcpp: 16.0.15 (/opt/ros/humble/share/rclcpp/cmake)
[1.070s] -- Found rosidl_generator_c: 3.1.7 (/opt/ros/humble/share/rosidl_generator_c/cmake)
[1.075s] -- Found rosidl_adapter: 3.1.7 (/opt/ros/humble/share/rosidl_adapter/cmake)
[1.086s] -- Found rosidl_generator_cpp: 3.1.7 (/opt/ros/humble/share/rosidl_generator_cpp/cmake)
[1.099s] -- Using all available rosidl_typesupport_c: rosidl_typesupport_fastrtps_c;rosidl_typesupport_introspection_c
[1.118s] -- Using all available rosidl_typesupport_cpp: rosidl_typesupport_fastrtps_cpp;rosidl_typesupport_introspection_cpp
[1.169s] -- Found rmw_implementation_cmake: 6.1.2 (/opt/ros/humble/share/rmw_implementation_cmake/cmake)
[1.172s] -- Found rmw_fastrtps_cpp: 6.2.8 (/opt/ros/humble/share/rmw_fastrtps_cpp/cmake)
[1.255s] -- Found OpenSSL: /usr/lib/x86_64-linux-gnu/libcrypto.so (found version "3.0.2")  
[1.278s] -- Found FastRTPS: /opt/ros/humble/include  
[1.315s] -- Using RMW implementation 'rmw_fastrtps_cpp' as default
[1.325s] -- Looking for pthread.h
[1.396s] -- Looking for pthread.h - found
[1.396s] -- Performing Test CMAKE_HAVE_LIBC_PTHREAD
[1.471s] -- Performing Test CMAKE_HAVE_LIBC_PTHREAD - Success
[1.472s] -- Found Threads: TRUE  
[1.533s] -- Found gazebo_ros: 3.9.0 (/opt/ros/humble/share/gazebo_ros/cmake)
[1.546s] -- Checking for module 'bullet>=2.82'
[1.558s] --   Found bullet, version 3.05
[1.660s] -- Found fcl: /usr/include (found suitable version "0.7.0", minimum required is "0.5.0") 
[1.704s] -- Found assimp: /usr/include (found version "5.2.0") 
[1.724s] -- Found DART: /usr/include (Required is at least version "6.6") found components: dart 
[1.751s] -- Found Boost: /usr/lib/x86_64-linux-gnu/cmake/Boost-1.74.0/BoostConfig.cmake (found suitable version "1.74.0", minimum required is "1.40.0") found components: thread system filesystem program_options regex iostreams date_time 
[1.762s] -- Found Protobuf: /usr/lib/x86_64-linux-gnu/libprotobuf.so (found version "3.12.4") 
[1.767s] -- Looking for ignition-math6 -- found version 6.15.1
[1.773s] -- Searching for dependencies of ignition-math6
[1.774s] -- Looking for OGRE...
[1.775s] -- OGRE_PREFIX_WATCH changed.
[1.779s] -- Checking for module 'OGRE'
[1.790s] --   Found OGRE, version 1.9.0
[1.822s] -- Found Ogre Ghadamon (1.9.0)
[1.836s] -- Looking for OGRE_Paging...
[1.839s] -- Found OGRE_Paging: optimized;/usr/lib/x86_64-linux-gnu/libOgrePaging.so;debug;/usr/lib/x86_64-linux-gnu/libOgrePaging.so
[1.839s] -- Looking for OGRE_Terrain...
[1.842s] -- Found OGRE_Terrain: optimized;/usr/lib/x86_64-linux-gnu/libOgreTerrain.so;debug;/usr/lib/x86_64-linux-gnu/libOgreTerrain.so
[1.842s] -- Looking for OGRE_Property...
[1.845s] -- Found OGRE_Property: optimized;/usr/lib/x86_64-linux-gnu/libOgreProperty.so;debug;/usr/lib/x86_64-linux-gnu/libOgreProperty.so
[1.845s] -- Looking for OGRE_RTShaderSystem...
[1.848s] -- Found OGRE_RTShaderSystem: optimized;/usr/lib/x86_64-linux-gnu/libOgreRTShaderSystem.so;debug;/usr/lib/x86_64-linux-gnu/libOgreRTShaderSystem.so
[1.848s] -- Looking for OGRE_Volume...
[1.851s] -- Found OGRE_Volume: optimized;/usr/lib/x86_64-linux-gnu/libOgreVolume.so;debug;/usr/lib/x86_64-linux-gnu/libOgreVolume.so
[1.851s] -- Looking for OGRE_Overlay...
[1.854s] -- Found OGRE_Overlay: optimized;/usr/lib/x86_64-linux-gnu/libOgreOverlay.so;debug;/usr/lib/x86_64-linux-gnu/libOgreOverlay.so
[1.925s] -- Looking for ignition-math6 -- found version 6.15.1
[1.928s] -- Looking for ignition-transport8 -- found version 8.2.1
[1.928s] -- Searching for dependencies of ignition-transport8
[1.946s] -- Found Protobuf: /usr/lib/x86_64-linux-gnu/libprotobuf.so (found suitable version "3.12.4", minimum required is "3") 
[1.956s] -- Config-file not installed for ZeroMQ -- checking for pkg-config
[1.960s] -- Checking for module 'libzmq >= 4'
[1.972s] --   Found libzmq , version 4.3.4
[2.004s] -- Found ZeroMQ: TRUE (Required is at least version "4") 
[2.009s] -- Checking for module 'uuid'
[2.021s] --   Found uuid, version 2.37.2
[2.051s] -- Found UUID: TRUE  
[2.053s] -- Looking for ignition-msgs5 -- found version 5.8.1
[2.054s] -- Searching for dependencies of ignition-msgs5
[2.072s] -- Looking for ignition-math6 -- found version 6.15.1
[2.076s] -- Checking for module 'tinyxml2'
[2.087s] --   Found tinyxml2, version 9.0.0
[2.119s] -- Looking for ignition-msgs5 -- found version 5.8.1
[2.122s] -- Looking for ignition-common3 -- found version 3.14.0
[2.123s] -- Searching for dependencies of ignition-common3
[2.124s] -- Looking for dlfcn.h - found
[2.125s] -- Looking for libdl - found
[2.127s] -- Found DL: TRUE  
[2.147s] -- Found tinyobjloader: /usr/lib/x86_64-linux-gnu/cmake/tinyobjloader/tinyobjloader-config.cmake (found version "2.0.0") 
[2.148s] -- Searching for <ignition-common3> component [graphics]
[2.152s] -- Looking for ignition-common3-graphics -- found version 3.14.0
[2.152s] -- Searching for dependencies of ignition-common3-graphics
[2.153s] -- Looking for ignition-math6 -- found version 6.15.1
[2.155s] -- Looking for ignition-fuel_tools4 -- found version 4.4.0
[2.156s] -- Searching for dependencies of ignition-fuel_tools4
[2.232s] -- Found CURL: /usr/lib/x86_64-linux-gnu/libcurl.so (found version "7.81.0")  
[2.241s] -- Checking for module 'jsoncpp'
[2.254s] --   Found jsoncpp, version 1.9.5
[2.292s] -- Found JSONCPP: TRUE  
[2.297s] -- Checking for module 'libzip'
[2.308s] --   Found libzip, version 1.7.3
[2.343s] -- Found ZIP: TRUE  
[2.343s] -- Looking for ignition-common3 -- found version 3.14.0
[2.344s] -- Looking for ignition-math6 -- found version 6.15.1
[2.344s] -- Looking for ignition-msgs5 -- found version 5.8.1
[2.348s] -- Gazebo version: 11.10
[2.349s] -- Checking for module 'tbb'
[2.364s] --   Found tbb, version 2021.5.0
[2.406s] -- Found gazebo_plugins: 3.9.0 (/opt/ros/humble/share/gazebo_plugins/cmake)
[2.536s] -- Found sensor_msgs: 4.9.0 (/opt/ros/humble/share/sensor_msgs/cmake)
[2.564s] -- Found nav_msgs: 4.9.0 (/opt/ros/humble/share/nav_msgs/cmake)
[2.585s] -- Found tf2: 0.25.16 (/opt/ros/humble/share/tf2/cmake)
[2.596s] -- Found tf2_ros: 0.25.16 (/opt/ros/humble/share/tf2_ros/cmake)
[2.689s] -- Found tf2_geometry_msgs: 0.25.16 (/opt/ros/humble/share/tf2_geometry_msgs/cmake)
[2.697s] -- Found eigen3_cmake_module: 0.1.1 (/opt/ros/humble/share/eigen3_cmake_module/cmake)
[2.699s] -- Found Eigen3: TRUE (found version "3.4.0") 
[2.699s] -- Ensuring Eigen3 include directory is part of orocos-kdl CMake target
[2.776s] -- Configuring done
[2.832s] -- Generating done
[2.839s] -- Build files have been written to: /root/april_gazebo/build/sjtu_drone_description
[2.850s] Invoked command in '/root/april_gazebo/build/sjtu_drone_description' returned '0': CMAKE_PREFIX_PATH=${CMAKE_PREFIX_PATH}:/root/april_gazebo/install/sjtu_drone_control:/root/april_gazebo/install/sjtu_drone_bringup:/opt/ros/humble /usr/bin/cmake /root/april_gazebo/sjtu_drone/sjtu_drone_description -DBUILD_TESTING=OFF -DRMW_IMPLEMENTATION=rmw_fastrtps_cpp -DCMAKE_INSTALL_PREFIX=/root/april_gazebo/install/sjtu_drone_description
[2.853s] Invoking command in '/root/april_gazebo/build/sjtu_drone_description': CMAKE_PREFIX_PATH=${CMAKE_PREFIX_PATH}:/root/april_gazebo/install/sjtu_drone_control:/root/april_gazebo/install/sjtu_drone_bringup:/opt/ros/humble /usr/bin/cmake --build /root/april_gazebo/build/sjtu_drone_description -- -j12 -l12
[2.904s] [ 50%] [32mBuilding CXX object CMakeFiles/plugin_drone.dir/src/plugin_drone_private.cpp.o[0m
[2.904s] [ 50%] [32mBuilding CXX object CMakeFiles/plugin_drone.dir/src/plugin_drone.cpp.o[0m
[2.904s] [ 75%] [32mBuilding CXX object CMakeFiles/plugin_drone.dir/src/pid_controller.cpp.o[0m
[30.429s] [100%] [32m[1mLinking CXX shared library /root/april_gazebo/sjtu_drone/sjtu_drone_description/plugins/libplugin_drone.so[0m
[32.582s] [100%] Built target plugin_drone
[32.592s] Invoked command in '/root/april_gazebo/build/sjtu_drone_description' returned '0': CMAKE_PREFIX_PATH=${CMAKE_PREFIX_PATH}:/root/april_gazebo/install/sjtu_drone_control:/root/april_gazebo/install/sjtu_drone_bringup:/opt/ros/humble /usr/bin/cmake --build /root/april_gazebo/build/sjtu_drone_description -- -j12 -l12
[32.601s] Invoking command in '/root/april_gazebo/build/sjtu_drone_description': CMAKE_PREFIX_PATH=${CMAKE_PREFIX_PATH}:/root/april_gazebo/install/sjtu_drone_control:/root/april_gazebo/install/sjtu_drone_bringup:/opt/ros/humble /usr/bin/cmake --install /root/april_gazebo/build/sjtu_drone_description
[32.608s] -- Install configuration: ""
[32.608s] -- Installing: /root/april_gazebo/install/sjtu_drone_description/include
[32.608s] -- Installing: /root/april_gazebo/install/sjtu_drone_description/include/sjtu_drone_description
[32.608s] -- Installing: /root/april_gazebo/install/sjtu_drone_description/include/sjtu_drone_description/plugin_drone.h
[32.609s] -- Installing: /root/april_gazebo/install/sjtu_drone_description/include/sjtu_drone_description/pid_controller.h
[32.610s] -- Installing: /root/april_gazebo/install/sjtu_drone_description/include/sjtu_drone_description/plugin_drone_private.h
[32.610s] -- Installing: /root/april_gazebo/install/sjtu_drone_description/lib/libplugin_drone.so
[32.631s] -- Set runtime path of "/root/april_gazebo/install/sjtu_drone_description/lib/libplugin_drone.so" to ""
[32.632s] -- Installing: /root/april_gazebo/install/sjtu_drone_description/share/sjtu_drone_description/environment/library_path.sh
[32.632s] -- Installing: /root/april_gazebo/install/sjtu_drone_description/share/sjtu_drone_description/environment/library_path.dsv
[32.632s] -- Installing: /root/april_gazebo/install/sjtu_drone_description/share/sjtu_drone_description/models
[32.632s] -- Installing: /root/april_gazebo/install/sjtu_drone_description/share/sjtu_drone_description/models/sjtu_drone
[32.632s] -- Installing: /root/april_gazebo/install/sjtu_drone_description/share/sjtu_drone_description/models/sjtu_drone/sjtu_drone.sdf
[32.633s] -- Installing: /root/april_gazebo/install/sjtu_drone_description/share/sjtu_drone_description/models/sjtu_drone/model.config
[32.633s] -- Installing: /root/april_gazebo/install/sjtu_drone_description/share/sjtu_drone_description/models/sjtu_drone/quadrotor_4.stl
[32.634s] -- Installing: /root/april_gazebo/install/sjtu_drone_description/share/sjtu_drone_description/models/sjtu_drone/quadrotor_4.dae
[32.634s] -- Installing: /root/april_gazebo/install/sjtu_drone_description/share/sjtu_drone_description/models/database.config
[32.635s] -- Installing: /root/april_gazebo/install/sjtu_drone_description/share/sjtu_drone_description/urdf
[32.635s] -- Installing: /root/april_gazebo/install/sjtu_drone_description/share/sjtu_drone_description/urdf/sjtu_drone.urdf.xacro
[32.635s] -- Installing: /root/april_gazebo/install/sjtu_drone_description/share/sjtu_drone_description/urdf/sjtu_drone.urdf
[32.636s] -- Installing: /root/april_gazebo/install/sjtu_drone_description/share/sjtu_drone_description/worlds
[32.636s] -- Installing: /root/april_gazebo/install/sjtu_drone_description/share/sjtu_drone_description/worlds/playground.world
[32.637s] -- Installing: /root/april_gazebo/install/sjtu_drone_description/share/ament_index/resource_index/package_run_dependencies/sjtu_drone_description
[32.637s] -- Installing: /root/april_gazebo/install/sjtu_drone_description/share/ament_index/resource_index/parent_prefix_path/sjtu_drone_description
[32.637s] -- Installing: /root/april_gazebo/install/sjtu_drone_description/share/sjtu_drone_description/environment/ament_prefix_path.sh
[32.637s] -- Installing: /root/april_gazebo/install/sjtu_drone_description/share/sjtu_drone_description/environment/ament_prefix_path.dsv
[32.638s] -- Installing: /root/april_gazebo/install/sjtu_drone_description/share/sjtu_drone_description/environment/path.sh
[32.638s] -- Installing: /root/april_gazebo/install/sjtu_drone_description/share/sjtu_drone_description/environment/path.dsv
[32.638s] -- Installing: /root/april_gazebo/install/sjtu_drone_description/share/sjtu_drone_description/local_setup.bash
[32.638s] -- Installing: /root/april_gazebo/install/sjtu_drone_description/share/sjtu_drone_description/local_setup.sh
[32.638s] -- Installing: /root/april_gazebo/install/sjtu_drone_description/share/sjtu_drone_description/local_setup.zsh
[32.639s] -- Installing: /root/april_gazebo/install/sjtu_drone_description/share/sjtu_drone_description/local_setup.dsv
[32.639s] -- Installing: /root/april_gazebo/install/sjtu_drone_description/share/sjtu_drone_description/package.dsv
[32.639s] -- Installing: /root/april_gazebo/install/sjtu_drone_description/share/ament_index/resource_index/packages/sjtu_drone_description
[32.639s] -- Installing: /root/april_gazebo/install/sjtu_drone_description/share/sjtu_drone_description/cmake/export_sjtu_drone_descriptionExport.cmake
[32.640s] -- Installing: /root/april_gazebo/install/sjtu_drone_description/share/sjtu_drone_description/cmake/export_sjtu_drone_descriptionExport-noconfig.cmake
[32.640s] -- Installing: /root/april_gazebo/install/sjtu_drone_description/share/sjtu_drone_description/cmake/ament_cmake_export_include_directories-extras.cmake
[32.640s] -- Installing: /root/april_gazebo/install/sjtu_drone_description/share/sjtu_drone_description/cmake/ament_cmake_export_libraries-extras.cmake
[32.640s] -- Installing: /root/april_gazebo/install/sjtu_drone_description/share/sjtu_drone_description/cmake/ament_cmake_export_targets-extras.cmake
[32.640s] -- Installing: /root/april_gazebo/install/sjtu_drone_description/share/sjtu_drone_description/cmake/sjtu_drone_descriptionConfig.cmake
[32.640s] -- Installing: /root/april_gazebo/install/sjtu_drone_description/share/sjtu_drone_description/cmake/sjtu_drone_descriptionConfig-version.cmake
[32.641s] -- Installing: /root/april_gazebo/install/sjtu_drone_description/share/sjtu_drone_description/package.xml
[32.643s] Invoked command in '/root/april_gazebo/build/sjtu_drone_description' returned '0': CMAKE_PREFIX_PATH=${CMAKE_PREFIX_PATH}:/root/april_gazebo/install/sjtu_drone_control:/root/april_gazebo/install/sjtu_drone_bringup:/opt/ros/humble /usr/bin/cmake --install /root/april_gazebo/build/sjtu_drone_description
