[0.690s] Invoking command in '/root/april_gazebo/sjtu_drone/sjtu_drone_control': PYTHONPATH=/root/april_gazebo/build/sjtu_drone_control/prefix_override:/usr/lib/python3/dist-packages/colcon_core/task/python/colcon_distutils_commands:/root/april_gazebo/install/sjtu_drone_control/lib/python3.10/site-packages:${PYTHONPATH} /usr/bin/python3 -W ignore:setup.py install is deprecated -W ignore:easy_install command is deprecated setup.py egg_info --egg-base ../../build/sjtu_drone_control build --build-base /root/april_gazebo/build/sjtu_drone_control/build install --record /root/april_gazebo/build/sjtu_drone_control/install.log --single-version-externally-managed install_data
[0.874s] running egg_info
[0.874s] creating ../../build/sjtu_drone_control/sjtu_drone_control.egg-info
[0.874s] writing ../../build/sjtu_drone_control/sjtu_drone_control.egg-info/PKG-INFO
[0.874s] writing dependency_links to ../../build/sjtu_drone_control/sjtu_drone_control.egg-info/dependency_links.txt
[0.875s] writing entry points to ../../build/sjtu_drone_control/sjtu_drone_control.egg-info/entry_points.txt
[0.875s] writing requirements to ../../build/sjtu_drone_control/sjtu_drone_control.egg-info/requires.txt
[0.875s] writing top-level names to ../../build/sjtu_drone_control/sjtu_drone_control.egg-info/top_level.txt
[0.875s] writing manifest file '../../build/sjtu_drone_control/sjtu_drone_control.egg-info/SOURCES.txt'
[0.876s] reading manifest file '../../build/sjtu_drone_control/sjtu_drone_control.egg-info/SOURCES.txt'
[0.877s] writing manifest file '../../build/sjtu_drone_control/sjtu_drone_control.egg-info/SOURCES.txt'
[0.877s] running build
[0.877s] running build_py
[0.877s] creating /root/april_gazebo/build/sjtu_drone_control/build
[0.878s] creating /root/april_gazebo/build/sjtu_drone_control/build/lib
[0.878s] creating /root/april_gazebo/build/sjtu_drone_control/build/lib/sjtu_drone_control
[0.878s] copying sjtu_drone_control/open_loop_control.py -> /root/april_gazebo/build/sjtu_drone_control/build/lib/sjtu_drone_control
[0.878s] copying sjtu_drone_control/__init__.py -> /root/april_gazebo/build/sjtu_drone_control/build/lib/sjtu_drone_control
[0.878s] copying sjtu_drone_control/drone_position_control.py -> /root/april_gazebo/build/sjtu_drone_control/build/lib/sjtu_drone_control
[0.878s] copying sjtu_drone_control/teleop.py -> /root/april_gazebo/build/sjtu_drone_control/build/lib/sjtu_drone_control
[0.879s] copying sjtu_drone_control/teleop_joystick.py -> /root/april_gazebo/build/sjtu_drone_control/build/lib/sjtu_drone_control
[0.879s] running install
[0.879s] running install_lib
[0.879s] creating /root/april_gazebo/install/sjtu_drone_control/lib/python3.10/site-packages/sjtu_drone_control
[0.880s] copying /root/april_gazebo/build/sjtu_drone_control/build/lib/sjtu_drone_control/open_loop_control.py -> /root/april_gazebo/install/sjtu_drone_control/lib/python3.10/site-packages/sjtu_drone_control
[0.880s] copying /root/april_gazebo/build/sjtu_drone_control/build/lib/sjtu_drone_control/__init__.py -> /root/april_gazebo/install/sjtu_drone_control/lib/python3.10/site-packages/sjtu_drone_control
[0.880s] copying /root/april_gazebo/build/sjtu_drone_control/build/lib/sjtu_drone_control/drone_position_control.py -> /root/april_gazebo/install/sjtu_drone_control/lib/python3.10/site-packages/sjtu_drone_control
[0.880s] copying /root/april_gazebo/build/sjtu_drone_control/build/lib/sjtu_drone_control/teleop.py -> /root/april_gazebo/install/sjtu_drone_control/lib/python3.10/site-packages/sjtu_drone_control
[0.880s] copying /root/april_gazebo/build/sjtu_drone_control/build/lib/sjtu_drone_control/teleop_joystick.py -> /root/april_gazebo/install/sjtu_drone_control/lib/python3.10/site-packages/sjtu_drone_control
[0.881s] byte-compiling /root/april_gazebo/install/sjtu_drone_control/lib/python3.10/site-packages/sjtu_drone_control/open_loop_control.py to open_loop_control.cpython-310.pyc
[0.882s] byte-compiling /root/april_gazebo/install/sjtu_drone_control/lib/python3.10/site-packages/sjtu_drone_control/__init__.py to __init__.cpython-310.pyc
[0.882s] byte-compiling /root/april_gazebo/install/sjtu_drone_control/lib/python3.10/site-packages/sjtu_drone_control/drone_position_control.py to drone_position_control.cpython-310.pyc
[0.883s] byte-compiling /root/april_gazebo/install/sjtu_drone_control/lib/python3.10/site-packages/sjtu_drone_control/teleop.py to teleop.cpython-310.pyc
[0.883s] byte-compiling /root/april_gazebo/install/sjtu_drone_control/lib/python3.10/site-packages/sjtu_drone_control/teleop_joystick.py to teleop_joystick.cpython-310.pyc
[0.884s] running install_data
[0.884s] creating /root/april_gazebo/install/sjtu_drone_control/share/ament_index
[0.884s] creating /root/april_gazebo/install/sjtu_drone_control/share/ament_index/resource_index
[0.884s] creating /root/april_gazebo/install/sjtu_drone_control/share/ament_index/resource_index/packages
[0.884s] copying resource/sjtu_drone_control -> /root/april_gazebo/install/sjtu_drone_control/share/ament_index/resource_index/packages
[0.885s] copying package.xml -> /root/april_gazebo/install/sjtu_drone_control/share/sjtu_drone_control
[0.885s] running install_egg_info
[0.886s] Copying ../../build/sjtu_drone_control/sjtu_drone_control.egg-info to /root/april_gazebo/install/sjtu_drone_control/lib/python3.10/site-packages/sjtu_drone_control-0.0.0-py3.10.egg-info
[0.887s] running install_scripts
[0.905s] Installing drone_position_control script to /root/april_gazebo/install/sjtu_drone_control/lib/sjtu_drone_control
[0.905s] Installing open_loop_control script to /root/april_gazebo/install/sjtu_drone_control/lib/sjtu_drone_control
[0.906s] Installing teleop script to /root/april_gazebo/install/sjtu_drone_control/lib/sjtu_drone_control
[0.906s] Installing teleop_joystick script to /root/april_gazebo/install/sjtu_drone_control/lib/sjtu_drone_control
[0.906s] writing list of installed files to '/root/april_gazebo/build/sjtu_drone_control/install.log'
[0.929s] Invoked command in '/root/april_gazebo/sjtu_drone/sjtu_drone_control' returned '0': PYTHONPATH=/root/april_gazebo/build/sjtu_drone_control/prefix_override:/usr/lib/python3/dist-packages/colcon_core/task/python/colcon_distutils_commands:/root/april_gazebo/install/sjtu_drone_control/lib/python3.10/site-packages:${PYTHONPATH} /usr/bin/python3 -W ignore:setup.py install is deprecated -W ignore:easy_install command is deprecated setup.py egg_info --egg-base ../../build/sjtu_drone_control build --build-base /root/april_gazebo/build/sjtu_drone_control/build install --record /root/april_gazebo/build/sjtu_drone_control/install.log --single-version-externally-managed install_data
