[0.787s] Invoking command in '/root/sjtu_project/sjtu_drone/sjtu_drone_bringup': PYTHONPATH=/root/sjtu_project/build/sjtu_drone_bringup/prefix_override:/usr/lib/python3/dist-packages/colcon_core/task/python/colcon_distutils_commands:/root/sjtu_project/install/sjtu_drone_bringup/lib/python3.10/site-packages:${PYTHONPATH} /usr/bin/python3 -W ignore:setup.py install is deprecated -W ignore:easy_install command is deprecated setup.py egg_info --egg-base ../../build/sjtu_drone_bringup build --build-base /root/sjtu_project/build/sjtu_drone_bringup/build install --record /root/sjtu_project/build/sjtu_drone_bringup/install.log --single-version-externally-managed install_data
[0.988s] running egg_info
[0.989s] creating ../../build/sjtu_drone_bringup/sjtu_drone_bringup.egg-info
[0.989s] writing ../../build/sjtu_drone_bringup/sjtu_drone_bringup.egg-info/PKG-INFO
[0.989s] writing dependency_links to ../../build/sjtu_drone_bringup/sjtu_drone_bringup.egg-info/dependency_links.txt
[0.989s] writing entry points to ../../build/sjtu_drone_bringup/sjtu_drone_bringup.egg-info/entry_points.txt
[0.990s] writing requirements to ../../build/sjtu_drone_bringup/sjtu_drone_bringup.egg-info/requires.txt
[0.990s] writing top-level names to ../../build/sjtu_drone_bringup/sjtu_drone_bringup.egg-info/top_level.txt
[0.990s] writing manifest file '../../build/sjtu_drone_bringup/sjtu_drone_bringup.egg-info/SOURCES.txt'
[0.992s] reading manifest file '../../build/sjtu_drone_bringup/sjtu_drone_bringup.egg-info/SOURCES.txt'
[0.993s] writing manifest file '../../build/sjtu_drone_bringup/sjtu_drone_bringup.egg-info/SOURCES.txt'
[0.993s] running build
[0.993s] running build_py
[0.993s] creating /root/sjtu_project/build/sjtu_drone_bringup/build
[0.993s] creating /root/sjtu_project/build/sjtu_drone_bringup/build/lib
[0.994s] creating /root/sjtu_project/build/sjtu_drone_bringup/build/lib/sjtu_drone_bringup
[0.994s] copying sjtu_drone_bringup/__init__.py -> /root/sjtu_project/build/sjtu_drone_bringup/build/lib/sjtu_drone_bringup
[0.994s] copying sjtu_drone_bringup/spawn_drone.py -> /root/sjtu_project/build/sjtu_drone_bringup/build/lib/sjtu_drone_bringup
[0.994s] running install
[0.994s] running install_lib
[0.995s] creating /root/sjtu_project/install/sjtu_drone_bringup/lib/python3.10/site-packages/sjtu_drone_bringup
[0.995s] copying /root/sjtu_project/build/sjtu_drone_bringup/build/lib/sjtu_drone_bringup/__init__.py -> /root/sjtu_project/install/sjtu_drone_bringup/lib/python3.10/site-packages/sjtu_drone_bringup
[0.996s] copying /root/sjtu_project/build/sjtu_drone_bringup/build/lib/sjtu_drone_bringup/spawn_drone.py -> /root/sjtu_project/install/sjtu_drone_bringup/lib/python3.10/site-packages/sjtu_drone_bringup
[0.996s] byte-compiling /root/sjtu_project/install/sjtu_drone_bringup/lib/python3.10/site-packages/sjtu_drone_bringup/__init__.py to __init__.cpython-310.pyc
[0.997s] byte-compiling /root/sjtu_project/install/sjtu_drone_bringup/lib/python3.10/site-packages/sjtu_drone_bringup/spawn_drone.py to spawn_drone.cpython-310.pyc
[0.997s] running install_data
[0.997s] creating /root/sjtu_project/install/sjtu_drone_bringup/share/ament_index
[0.997s] creating /root/sjtu_project/install/sjtu_drone_bringup/share/ament_index/resource_index
[0.998s] creating /root/sjtu_project/install/sjtu_drone_bringup/share/ament_index/resource_index/packages
[0.998s] copying resource/sjtu_drone_bringup -> /root/sjtu_project/install/sjtu_drone_bringup/share/ament_index/resource_index/packages
[0.998s] copying package.xml -> /root/sjtu_project/install/sjtu_drone_bringup/share/sjtu_drone_bringup
[0.998s] creating /root/sjtu_project/install/sjtu_drone_bringup/share/sjtu_drone_bringup/launch
[0.998s] copying launch/sjtu_drone_bringup.launch.py -> /root/sjtu_project/install/sjtu_drone_bringup/share/sjtu_drone_bringup/launch
[0.998s] copying launch/sjtu_drone_gazebo.launch.py -> /root/sjtu_project/install/sjtu_drone_bringup/share/sjtu_drone_bringup/launch
[0.999s] creating /root/sjtu_project/install/sjtu_drone_bringup/share/sjtu_drone_bringup/rviz
[0.999s] copying rviz/rviz.rviz -> /root/sjtu_project/install/sjtu_drone_bringup/share/sjtu_drone_bringup/rviz
[1.000s] creating /root/sjtu_project/install/sjtu_drone_bringup/share/sjtu_drone_bringup/config
[1.000s] copying config/drone.yaml -> /root/sjtu_project/install/sjtu_drone_bringup/share/sjtu_drone_bringup/config
[1.000s] running install_egg_info
[1.003s] Copying ../../build/sjtu_drone_bringup/sjtu_drone_bringup.egg-info to /root/sjtu_project/install/sjtu_drone_bringup/lib/python3.10/site-packages/sjtu_drone_bringup-0.0.0-py3.10.egg-info
[1.006s] running install_scripts
[1.038s] Installing spawn_drone script to /root/sjtu_project/install/sjtu_drone_bringup/lib/sjtu_drone_bringup
[1.039s] writing list of installed files to '/root/sjtu_project/build/sjtu_drone_bringup/install.log'
[1.074s] Invoked command in '/root/sjtu_project/sjtu_drone/sjtu_drone_bringup' returned '0': PYTHONPATH=/root/sjtu_project/build/sjtu_drone_bringup/prefix_override:/usr/lib/python3/dist-packages/colcon_core/task/python/colcon_distutils_commands:/root/sjtu_project/install/sjtu_drone_bringup/lib/python3.10/site-packages:${PYTHONPATH} /usr/bin/python3 -W ignore:setup.py install is deprecated -W ignore:easy_install command is deprecated setup.py egg_info --egg-base ../../build/sjtu_drone_bringup build --build-base /root/sjtu_project/build/sjtu_drone_bringup/build install --record /root/sjtu_project/build/sjtu_drone_bringup/install.log --single-version-externally-managed install_data
