[0.390s] Invoking command in '/root/april_gazebo/build/sjtu_drone_description': CMAKE_PREFIX_PATH=${CMAKE_PREFIX_PATH}:/root/april_gazebo/install/sjtu_drone_control:/root/april_gazebo/install/sjtu_drone_bringup:/opt/ros/humble /usr/bin/cmake /root/april_gazebo/sjtu_drone/sjtu_drone_description -DBUILD_TESTING=OFF -DRMW_IMPLEMENTATION=rmw_fastrtps_cpp -DCMAKE_INSTALL_PREFIX=/root/april_gazebo/install/sjtu_drone_description
[0.504s] -- The C compiler identification is GNU 11.4.0
[0.561s] -- The CXX compiler identification is GNU 11.4.0
[0.572s] -- Detecting C compiler ABI info
[0.645s] -- Detecting C compiler ABI info - done
[0.654s] -- Check for working C compiler: /usr/bin/cc - skipped
[0.655s] -- Detecting C compile features
[0.655s] -- Detecting C compile features - done
[0.660s] -- Detecting CXX compiler ABI info
[0.737s] -- Detecting CXX compiler ABI info - done
[0.744s] -- Check for working CXX compiler: /usr/bin/c++ - skipped
[0.744s] -- Detecting CXX compile features
[0.744s] -- Detecting CXX compile features - done
[0.750s] -- Found PkgConfig: /usr/bin/pkg-config (found version "0.29.2") 
[0.750s] -- Checking for module 'OGRE'
[0.762s] --   Found OGRE, version 1.9.0
[0.790s] -- Checking for module 'OGRE-Terrain'
[0.801s] --   Found OGRE-Terrain, version 1.9.0
[0.833s] -- Found ament_cmake: 1.3.12 (/opt/ros/humble/share/ament_cmake/cmake)
[0.976s] -- Found Python3: /usr/bin/python3 (found version "3.10.12") found components: Interpreter 
[1.108s] -- Found ament_cmake_ros: 0.10.0 (/opt/ros/humble/share/ament_cmake_ros/cmake)
[1.122s] -- Found rclcpp: 16.0.15 (/opt/ros/humble/share/rclcpp/cmake)
[1.171s] -- Found rosidl_generator_c: 3.1.7 (/opt/ros/humble/share/rosidl_generator_c/cmake)
[1.176s] -- Found rosidl_adapter: 3.1.7 (/opt/ros/humble/share/rosidl_adapter/cmake)
[1.186s] -- Found rosidl_generator_cpp: 3.1.7 (/opt/ros/humble/share/rosidl_generator_cpp/cmake)
[1.199s] -- Using all available rosidl_typesupport_c: rosidl_typesupport_fastrtps_c;rosidl_typesupport_introspection_c
[1.217s] -- Using all available rosidl_typesupport_cpp: rosidl_typesupport_fastrtps_cpp;rosidl_typesupport_introspection_cpp
[1.265s] -- Found rmw_implementation_cmake: 6.1.2 (/opt/ros/humble/share/rmw_implementation_cmake/cmake)
[1.269s] -- Found rmw_fastrtps_cpp: 6.2.8 (/opt/ros/humble/share/rmw_fastrtps_cpp/cmake)
[1.358s] -- Found OpenSSL: /usr/lib/x86_64-linux-gnu/libcrypto.so (found version "3.0.2")  
[1.382s] -- Found FastRTPS: /opt/ros/humble/include  
[1.421s] -- Using RMW implementation 'rmw_fastrtps_cpp' as default
[1.431s] -- Looking for pthread.h
[1.505s] -- Looking for pthread.h - found
[1.505s] -- Performing Test CMAKE_HAVE_LIBC_PTHREAD
[1.575s] -- Performing Test CMAKE_HAVE_LIBC_PTHREAD - Success
[1.576s] -- Found Threads: TRUE  
[1.638s] -- Found gazebo_ros: 3.9.0 (/opt/ros/humble/share/gazebo_ros/cmake)
[1.651s] -- Checking for module 'bullet>=2.82'
[1.662s] --   Found bullet, version 3.05
[1.763s] -- Found fcl: /usr/include (found suitable version "0.7.0", minimum required is "0.5.0") 
[1.807s] -- Found assimp: /usr/include (found version "5.2.0") 
[1.832s] -- Found DART: /usr/include (Required is at least version "6.6") found components: dart 
[1.858s] -- Found Boost: /usr/lib/x86_64-linux-gnu/cmake/Boost-1.74.0/BoostConfig.cmake (found suitable version "1.74.0", minimum required is "1.40.0") found components: thread system filesystem program_options regex iostreams date_time 
[1.876s] -- Found Protobuf: /usr/lib/x86_64-linux-gnu/libprotobuf.so (found version "3.12.4") 
[1.882s] -- Looking for ignition-math6 -- found version 6.15.1
[1.899s] -- Searching for dependencies of ignition-math6
[1.904s] -- Looking for OGRE...
[1.905s] -- OGRE_PREFIX_WATCH changed.
[1.914s] -- Checking for module 'OGRE'
[1.930s] --   Found OGRE, version 1.9.0
[1.969s] -- Found Ogre Ghadamon (1.9.0)
[1.986s] -- Looking for OGRE_Paging...
[1.989s] -- Found OGRE_Paging: optimized;/usr/lib/x86_64-linux-gnu/libOgrePaging.so;debug;/usr/lib/x86_64-linux-gnu/libOgrePaging.so
[1.989s] -- Looking for OGRE_Terrain...
[1.992s] -- Found OGRE_Terrain: optimized;/usr/lib/x86_64-linux-gnu/libOgreTerrain.so;debug;/usr/lib/x86_64-linux-gnu/libOgreTerrain.so
[1.992s] -- Looking for OGRE_Property...
[1.995s] -- Found OGRE_Property: optimized;/usr/lib/x86_64-linux-gnu/libOgreProperty.so;debug;/usr/lib/x86_64-linux-gnu/libOgreProperty.so
[1.995s] -- Looking for OGRE_RTShaderSystem...
[1.998s] -- Found OGRE_RTShaderSystem: optimized;/usr/lib/x86_64-linux-gnu/libOgreRTShaderSystem.so;debug;/usr/lib/x86_64-linux-gnu/libOgreRTShaderSystem.so
[1.998s] -- Looking for OGRE_Volume...
[2.000s] -- Found OGRE_Volume: optimized;/usr/lib/x86_64-linux-gnu/libOgreVolume.so;debug;/usr/lib/x86_64-linux-gnu/libOgreVolume.so
[2.001s] -- Looking for OGRE_Overlay...
[2.003s] -- Found OGRE_Overlay: optimized;/usr/lib/x86_64-linux-gnu/libOgreOverlay.so;debug;/usr/lib/x86_64-linux-gnu/libOgreOverlay.so
[2.069s] -- Looking for ignition-math6 -- found version 6.15.1
[2.072s] -- Looking for ignition-transport8 -- found version 8.2.1
[2.072s] -- Searching for dependencies of ignition-transport8
[2.089s] -- Found Protobuf: /usr/lib/x86_64-linux-gnu/libprotobuf.so (found suitable version "3.12.4", minimum required is "3") 
[2.100s] -- Config-file not installed for ZeroMQ -- checking for pkg-config
[2.104s] -- Checking for module 'libzmq >= 4'
[2.118s] --   Found libzmq , version 4.3.4
[2.150s] -- Found ZeroMQ: TRUE (Required is at least version "4") 
[2.155s] -- Checking for module 'uuid'
[2.166s] --   Found uuid, version 2.37.2
[2.195s] -- Found UUID: TRUE  
[2.197s] -- Looking for ignition-msgs5 -- found version 5.8.1
[2.198s] -- Searching for dependencies of ignition-msgs5
[2.215s] -- Looking for ignition-math6 -- found version 6.15.1
[2.220s] -- Checking for module 'tinyxml2'
[2.232s] --   Found tinyxml2, version 9.0.0
[2.262s] -- Looking for ignition-msgs5 -- found version 5.8.1
[2.265s] -- Looking for ignition-common3 -- found version 3.14.0
[2.265s] -- Searching for dependencies of ignition-common3
[2.266s] -- Looking for dlfcn.h - found
[2.266s] -- Looking for libdl - found
[2.267s] -- Found DL: TRUE  
[2.277s] -- Found tinyobjloader: /usr/lib/x86_64-linux-gnu/cmake/tinyobjloader/tinyobjloader-config.cmake (found version "2.0.0") 
[2.278s] -- Searching for <ignition-common3> component [graphics]
[2.280s] -- Looking for ignition-common3-graphics -- found version 3.14.0
[2.281s] -- Searching for dependencies of ignition-common3-graphics
[2.281s] -- Looking for ignition-math6 -- found version 6.15.1
[2.284s] -- Looking for ignition-fuel_tools4 -- found version 4.4.0
[2.285s] -- Searching for dependencies of ignition-fuel_tools4
[2.352s] -- Found CURL: /usr/lib/x86_64-linux-gnu/libcurl.so (found version "7.81.0")  
[2.361s] -- Checking for module 'jsoncpp'
[2.372s] --   Found jsoncpp, version 1.9.5
[2.402s] -- Found JSONCPP: TRUE  
[2.407s] -- Checking for module 'libzip'
[2.419s] --   Found libzip, version 1.7.3
[2.448s] -- Found ZIP: TRUE  
[2.449s] -- Looking for ignition-common3 -- found version 3.14.0
[2.449s] -- Looking for ignition-math6 -- found version 6.15.1
[2.449s] -- Looking for ignition-msgs5 -- found version 5.8.1
[2.454s] -- Gazebo version: 11.10
[2.454s] -- Checking for module 'tbb'
[2.466s] --   Found tbb, version 2021.5.0
[2.498s] -- Found gazebo_plugins: 3.9.0 (/opt/ros/humble/share/gazebo_plugins/cmake)
[2.569s] -- Found sensor_msgs: 4.9.0 (/opt/ros/humble/share/sensor_msgs/cmake)
[2.589s] -- Found nav_msgs: 4.9.0 (/opt/ros/humble/share/nav_msgs/cmake)
[2.613s] -- Found tf2: 0.25.16 (/opt/ros/humble/share/tf2/cmake)
[2.626s] -- Found tf2_ros: 0.25.16 (/opt/ros/humble/share/tf2_ros/cmake)
[2.740s] -- Found tf2_geometry_msgs: 0.25.16 (/opt/ros/humble/share/tf2_geometry_msgs/cmake)
[2.751s] -- Found eigen3_cmake_module: 0.1.1 (/opt/ros/humble/share/eigen3_cmake_module/cmake)
[2.752s] -- Found Eigen3: TRUE (found version "3.4.0") 
[2.752s] -- Ensuring Eigen3 include directory is part of orocos-kdl CMake target
[2.837s] -- Configuring done
[2.898s] -- Generating done
[2.905s] -- Build files have been written to: /root/april_gazebo/build/sjtu_drone_description
[2.918s] Invoked command in '/root/april_gazebo/build/sjtu_drone_description' returned '0': CMAKE_PREFIX_PATH=${CMAKE_PREFIX_PATH}:/root/april_gazebo/install/sjtu_drone_control:/root/april_gazebo/install/sjtu_drone_bringup:/opt/ros/humble /usr/bin/cmake /root/april_gazebo/sjtu_drone/sjtu_drone_description -DBUILD_TESTING=OFF -DRMW_IMPLEMENTATION=rmw_fastrtps_cpp -DCMAKE_INSTALL_PREFIX=/root/april_gazebo/install/sjtu_drone_description
[2.920s] Invoking command in '/root/april_gazebo/build/sjtu_drone_description': CMAKE_PREFIX_PATH=${CMAKE_PREFIX_PATH}:/root/april_gazebo/install/sjtu_drone_control:/root/april_gazebo/install/sjtu_drone_bringup:/opt/ros/humble /usr/bin/cmake --build /root/april_gazebo/build/sjtu_drone_description -- -j12 -l12
[2.979s] [ 75%] [32mBuilding CXX object CMakeFiles/plugin_drone.dir/src/plugin_drone_private.cpp.o[0m
[2.980s] [ 75%] [32mBuilding CXX object CMakeFiles/plugin_drone.dir/src/pid_controller.cpp.o[0m
[2.980s] [ 75%] [32mBuilding CXX object CMakeFiles/plugin_drone.dir/src/plugin_drone.cpp.o[0m
[33.353s] [100%] [32m[1mLinking CXX shared library /root/april_gazebo/sjtu_drone/sjtu_drone_description/plugins/libplugin_drone.so[0m
[35.708s] [100%] Built target plugin_drone
[35.742s] Invoked command in '/root/april_gazebo/build/sjtu_drone_description' returned '0': CMAKE_PREFIX_PATH=${CMAKE_PREFIX_PATH}:/root/april_gazebo/install/sjtu_drone_control:/root/april_gazebo/install/sjtu_drone_bringup:/opt/ros/humble /usr/bin/cmake --build /root/april_gazebo/build/sjtu_drone_description -- -j12 -l12
[35.778s] Invoking command in '/root/april_gazebo/build/sjtu_drone_description': CMAKE_PREFIX_PATH=${CMAKE_PREFIX_PATH}:/root/april_gazebo/install/sjtu_drone_control:/root/april_gazebo/install/sjtu_drone_bringup:/opt/ros/humble /usr/bin/cmake --install /root/april_gazebo/build/sjtu_drone_description
[35.795s] -- Install configuration: ""
[35.795s] -- Installing: /root/april_gazebo/install/sjtu_drone_description/include
[35.796s] -- Installing: /root/april_gazebo/install/sjtu_drone_description/include/sjtu_drone_description
[35.796s] -- Installing: /root/april_gazebo/install/sjtu_drone_description/include/sjtu_drone_description/plugin_drone.h
[35.797s] -- Installing: /root/april_gazebo/install/sjtu_drone_description/include/sjtu_drone_description/pid_controller.h
[35.797s] -- Installing: /root/april_gazebo/install/sjtu_drone_description/include/sjtu_drone_description/plugin_drone_private.h
[35.798s] -- Installing: /root/april_gazebo/install/sjtu_drone_description/lib/libplugin_drone.so
[35.833s] -- Set runtime path of "/root/april_gazebo/install/sjtu_drone_description/lib/libplugin_drone.so" to ""
[35.833s] -- Installing: /root/april_gazebo/install/sjtu_drone_description/share/sjtu_drone_description/environment/library_path.sh
[35.833s] -- Installing: /root/april_gazebo/install/sjtu_drone_description/share/sjtu_drone_description/environment/library_path.dsv
[35.833s] -- Installing: /root/april_gazebo/install/sjtu_drone_description/share/sjtu_drone_description/models
[35.834s] -- Installing: /root/april_gazebo/install/sjtu_drone_description/share/sjtu_drone_description/models/sjtu_drone
[35.834s] -- Installing: /root/april_gazebo/install/sjtu_drone_description/share/sjtu_drone_description/models/sjtu_drone/sjtu_drone.sdf
[35.835s] -- Installing: /root/april_gazebo/install/sjtu_drone_description/share/sjtu_drone_description/models/sjtu_drone/model.config
[35.835s] -- Installing: /root/april_gazebo/install/sjtu_drone_description/share/sjtu_drone_description/models/sjtu_drone/quadrotor_4.stl
[35.836s] -- Installing: /root/april_gazebo/install/sjtu_drone_description/share/sjtu_drone_description/models/sjtu_drone/quadrotor_4.dae
[35.837s] -- Installing: /root/april_gazebo/install/sjtu_drone_description/share/sjtu_drone_description/models/database.config
[35.837s] -- Installing: /root/april_gazebo/install/sjtu_drone_description/share/sjtu_drone_description/urdf
[35.837s] -- Installing: /root/april_gazebo/install/sjtu_drone_description/share/sjtu_drone_description/urdf/sjtu_drone.urdf.xacro
[35.838s] -- Installing: /root/april_gazebo/install/sjtu_drone_description/share/sjtu_drone_description/urdf/sjtu_drone.urdf
[35.839s] -- Installing: /root/april_gazebo/install/sjtu_drone_description/share/sjtu_drone_description/worlds
[35.839s] -- Installing: /root/april_gazebo/install/sjtu_drone_description/share/sjtu_drone_description/worlds/playground.world
[35.840s] -- Installing: /root/april_gazebo/install/sjtu_drone_description/share/ament_index/resource_index/package_run_dependencies/sjtu_drone_description
[35.840s] -- Installing: /root/april_gazebo/install/sjtu_drone_description/share/ament_index/resource_index/parent_prefix_path/sjtu_drone_description
[35.840s] -- Installing: /root/april_gazebo/install/sjtu_drone_description/share/sjtu_drone_description/environment/ament_prefix_path.sh
[35.840s] -- Installing: /root/april_gazebo/install/sjtu_drone_description/share/sjtu_drone_description/environment/ament_prefix_path.dsv
[35.840s] -- Installing: /root/april_gazebo/install/sjtu_drone_description/share/sjtu_drone_description/environment/path.sh
[35.841s] -- Installing: /root/april_gazebo/install/sjtu_drone_description/share/sjtu_drone_description/environment/path.dsv
[35.841s] -- Installing: /root/april_gazebo/install/sjtu_drone_description/share/sjtu_drone_description/local_setup.bash
[35.841s] -- Installing: /root/april_gazebo/install/sjtu_drone_description/share/sjtu_drone_description/local_setup.sh
[35.841s] -- Installing: /root/april_gazebo/install/sjtu_drone_description/share/sjtu_drone_description/local_setup.zsh
[35.841s] -- Installing: /root/april_gazebo/install/sjtu_drone_description/share/sjtu_drone_description/local_setup.dsv
[35.841s] -- Installing: /root/april_gazebo/install/sjtu_drone_description/share/sjtu_drone_description/package.dsv
[35.842s] -- Installing: /root/april_gazebo/install/sjtu_drone_description/share/ament_index/resource_index/packages/sjtu_drone_description
[35.842s] -- Installing: /root/april_gazebo/install/sjtu_drone_description/share/sjtu_drone_description/cmake/export_sjtu_drone_descriptionExport.cmake
[35.842s] -- Installing: /root/april_gazebo/install/sjtu_drone_description/share/sjtu_drone_description/cmake/export_sjtu_drone_descriptionExport-noconfig.cmake
[35.842s] -- Installing: /root/april_gazebo/install/sjtu_drone_description/share/sjtu_drone_description/cmake/ament_cmake_export_include_directories-extras.cmake
[35.842s] -- Installing: /root/april_gazebo/install/sjtu_drone_description/share/sjtu_drone_description/cmake/ament_cmake_export_libraries-extras.cmake
[35.842s] -- Installing: /root/april_gazebo/install/sjtu_drone_description/share/sjtu_drone_description/cmake/ament_cmake_export_targets-extras.cmake
[35.842s] -- Installing: /root/april_gazebo/install/sjtu_drone_description/share/sjtu_drone_description/cmake/sjtu_drone_descriptionConfig.cmake
[35.843s] -- Installing: /root/april_gazebo/install/sjtu_drone_description/share/sjtu_drone_description/cmake/sjtu_drone_descriptionConfig-version.cmake
[35.843s] -- Installing: /root/april_gazebo/install/sjtu_drone_description/share/sjtu_drone_description/package.xml
[35.846s] Invoked command in '/root/april_gazebo/build/sjtu_drone_description' returned '0': CMAKE_PREFIX_PATH=${CMAKE_PREFIX_PATH}:/root/april_gazebo/install/sjtu_drone_control:/root/april_gazebo/install/sjtu_drone_bringup:/opt/ros/humble /usr/bin/cmake --install /root/april_gazebo/build/sjtu_drone_description
