[0.000000] (-) TimerEvent: {}
[0.000234] (-) JobUnselected: {'identifier': 'aws_robomaker_hospital_world'}
[0.000275] (sjtu_drone_bringup) JobQueued: {'identifier': 'sjtu_drone_bringup', 'dependencies': OrderedDict()}
[0.000326] (sjtu_drone_control) JobQueued: {'identifier': 'sjtu_drone_control', 'dependencies': OrderedDict()}
[0.000345] (sjtu_drone_description) JobQueued: {'identifier': 'sjtu_drone_description', 'dependencies': OrderedDict()}
[0.000389] (sjtu_drone_bringup) JobStarted: {'identifier': 'sjtu_drone_bringup'}
[0.013918] (sjtu_drone_control) JobStarted: {'identifier': 'sjtu_drone_control'}
[0.017851] (sjtu_drone_description) JobStarted: {'identifier': 'sjtu_drone_description'}
[0.099463] (-) TimerEvent: {}
[0.199765] (-) TimerEvent: {}
[0.300205] (-) TimerEvent: {}
[0.400489] (-) TimerEvent: {}
[0.453278] (sjtu_drone_description) JobProgress: {'identifier': 'sjtu_drone_description', 'progress': 'cmake'}
[0.453753] (sjtu_drone_description) Command: {'cmd': ['/usr/bin/cmake', '/root/sjtu_project/sjtu_drone/sjtu_drone_description', '-DBUILD_TESTING=OFF', '-DRMW_IMPLEMENTATION=rmw_fastrtps_cpp', '-DCMAKE_INSTALL_PREFIX=/root/sjtu_project/install/sjtu_drone_description'], 'cwd': '/root/sjtu_project/build/sjtu_drone_description', 'env': OrderedDict([('HOSTNAME', 'LP-Boston-12214'), ('SHLVL', '1'), ('LD_LIBRARY_PATH', '/root/sjtu_project/install/sjtu_drone_description/lib:/usr/lib/x86_64-linux-gnu/gazebo-11/plugins:/opt/ros/humble/opt/rviz_ogre_vendor/lib:/opt/ros/humble/lib/x86_64-linux-gnu:/opt/ros/humble/lib'), ('HOME', '/root'), ('SKIP_MAP', 'true'), ('OLDPWD', '/ros2_ws'), ('GAZEBO_MASTER_URI', 'http://localhost:11345'), ('ROS_PYTHON_VERSION', '3'), ('COLCON_PREFIX_PATH', '/root/sjtu_project/install'), ('ROS_DISTRO', 'humble'), ('_', '/usr/bin/colcon'), ('ROS_VERSION', '2'), ('TERM', 'xterm'), ('GAZEBO_MODEL_PATH', '/usr/share/gazebo-11/models:/root/sjtu_project/aws-robomaker-hospital-world/models:/root/sjtu_project/sjtu_drone/sjtu_drone_description:/root/sjtu_project/sjtu_drone/models'), ('ROS_LOCALHOST_ONLY', '0'), ('QT_X11_NO_MITSHM', '1'), ('PATH', '/opt/ros/humble/bin:/usr/local/sbin:/usr/local/bin:/usr/sbin:/usr/bin:/sbin:/bin'), ('GAZEBO_VERBOSE', '1'), ('DISPLAY', ':1'), ('LANG', 'C.UTF-8'), ('RMW_IMPLEMENTATION', 'rmw_fastrtps_cpp'), ('XAUTHORITY', '/home/shirb/.Xauthority'), ('AMENT_PREFIX_PATH', '/root/sjtu_project/install/sjtu_drone_description:/root/sjtu_project/install/sjtu_drone_control:/root/sjtu_project/install/sjtu_drone_bringup:/opt/ros/humble'), ('ALSA_CARD', '0'), ('GAZEBO_RESOURCE_PATH', '/usr/share/gazebo-11:/root/sjtu_project/aws-robomaker-hospital-world/worlds:/root/sjtu_project/aws-robomaker-hospital-world'), ('GAZEBO_MODEL_DATABASE_URI', ''), ('GAZEBO_AUDIO_DEVICE', 'null'), ('PWD', '/root/sjtu_project/build/sjtu_drone_description'), ('LC_ALL', 'C.UTF-8'), ('GAZEBO_PLUGIN_PATH', '/usr/lib/x86_64-linux-gnu/gazebo-11/plugins:'), ('PYTHONPATH', '/root/sjtu_project/install/sjtu_drone_control/lib/python3.10/site-packages:/root/sjtu_project/install/sjtu_drone_bringup/lib/python3.10/site-packages:/opt/ros/humble/lib/python3.10/site-packages:/opt/ros/humble/local/lib/python3.10/dist-packages'), ('NVIDIA_VISIBLE_DEVICES', 'all'), ('COLCON', '1'), ('CMAKE_PREFIX_PATH', '/root/sjtu_project/install/sjtu_drone_description:/root/sjtu_project/install/sjtu_drone_control:/root/sjtu_project/install/sjtu_drone_bringup:/opt/ros/humble')]), 'shell': False}
[0.500585] (-) TimerEvent: {}
[0.600572] (sjtu_drone_description) StdoutLine: {'line': b'-- The C compiler identification is GNU 11.4.0\n'}
[0.600865] (-) TimerEvent: {}
[0.701139] (-) TimerEvent: {}
[0.718395] (sjtu_drone_description) StdoutLine: {'line': b'-- The CXX compiler identification is GNU 11.4.0\n'}
[0.728472] (sjtu_drone_description) StdoutLine: {'line': b'-- Detecting C compiler ABI info\n'}
[0.768284] (sjtu_drone_bringup) Command: {'cmd': ['/usr/bin/python3', '-W', 'ignore:setup.py install is deprecated', '-W', 'ignore:easy_install command is deprecated', 'setup.py', 'egg_info', '--egg-base', '../../build/sjtu_drone_bringup', 'build', '--build-base', '/root/sjtu_project/build/sjtu_drone_bringup/build', 'install', '--record', '/root/sjtu_project/build/sjtu_drone_bringup/install.log', '--single-version-externally-managed', 'install_data'], 'cwd': '/root/sjtu_project/sjtu_drone/sjtu_drone_bringup', 'env': {'HOSTNAME': 'LP-Boston-12214', 'SHLVL': '1', 'LD_LIBRARY_PATH': '/root/sjtu_project/install/sjtu_drone_description/lib:/usr/lib/x86_64-linux-gnu/gazebo-11/plugins:/opt/ros/humble/opt/rviz_ogre_vendor/lib:/opt/ros/humble/lib/x86_64-linux-gnu:/opt/ros/humble/lib', 'HOME': '/root', 'SKIP_MAP': 'true', 'OLDPWD': '/ros2_ws', 'GAZEBO_MASTER_URI': 'http://localhost:11345', 'ROS_PYTHON_VERSION': '3', 'COLCON_PREFIX_PATH': '/root/sjtu_project/install', 'ROS_DISTRO': 'humble', '_': '/usr/bin/colcon', 'ROS_VERSION': '2', 'TERM': 'xterm', 'GAZEBO_MODEL_PATH': '/usr/share/gazebo-11/models:/root/sjtu_project/aws-robomaker-hospital-world/models:/root/sjtu_project/sjtu_drone/sjtu_drone_description:/root/sjtu_project/sjtu_drone/models', 'ROS_LOCALHOST_ONLY': '0', 'QT_X11_NO_MITSHM': '1', 'PATH': '/opt/ros/humble/bin:/usr/local/sbin:/usr/local/bin:/usr/sbin:/usr/bin:/sbin:/bin', 'GAZEBO_VERBOSE': '1', 'DISPLAY': ':1', 'LANG': 'C.UTF-8', 'RMW_IMPLEMENTATION': 'rmw_fastrtps_cpp', 'XAUTHORITY': '/home/shirb/.Xauthority', 'AMENT_PREFIX_PATH': '/root/sjtu_project/install/sjtu_drone_description:/root/sjtu_project/install/sjtu_drone_control:/root/sjtu_project/install/sjtu_drone_bringup:/opt/ros/humble', 'ALSA_CARD': '0', 'GAZEBO_RESOURCE_PATH': '/usr/share/gazebo-11:/root/sjtu_project/aws-robomaker-hospital-world/worlds:/root/sjtu_project/aws-robomaker-hospital-world', 'GAZEBO_MODEL_DATABASE_URI': '', 'GAZEBO_AUDIO_DEVICE': 'null', 'PWD': '/root/sjtu_project/build/sjtu_drone_bringup', 'LC_ALL': 'C.UTF-8', 'GAZEBO_PLUGIN_PATH': '/usr/lib/x86_64-linux-gnu/gazebo-11/plugins:', 'PYTHONPATH': '/root/sjtu_project/build/sjtu_drone_bringup/prefix_override:/usr/lib/python3/dist-packages/colcon_core/task/python/colcon_distutils_commands:/root/sjtu_project/install/sjtu_drone_bringup/lib/python3.10/site-packages:/root/sjtu_project/install/sjtu_drone_control/lib/python3.10/site-packages:/root/sjtu_project/install/sjtu_drone_bringup/lib/python3.10/site-packages:/opt/ros/humble/lib/python3.10/site-packages:/opt/ros/humble/local/lib/python3.10/dist-packages', 'NVIDIA_VISIBLE_DEVICES': 'all', 'COLCON': '1', 'CMAKE_PREFIX_PATH': '/root/sjtu_project/install/sjtu_drone_description'}, 'shell': False}
[0.772333] (sjtu_drone_control) Command: {'cmd': ['/usr/bin/python3', '-W', 'ignore:setup.py install is deprecated', '-W', 'ignore:easy_install command is deprecated', 'setup.py', 'egg_info', '--egg-base', '../../build/sjtu_drone_control', 'build', '--build-base', '/root/sjtu_project/build/sjtu_drone_control/build', 'install', '--record', '/root/sjtu_project/build/sjtu_drone_control/install.log', '--single-version-externally-managed', 'install_data'], 'cwd': '/root/sjtu_project/sjtu_drone/sjtu_drone_control', 'env': {'HOSTNAME': 'LP-Boston-12214', 'SHLVL': '1', 'LD_LIBRARY_PATH': '/root/sjtu_project/install/sjtu_drone_description/lib:/usr/lib/x86_64-linux-gnu/gazebo-11/plugins:/opt/ros/humble/opt/rviz_ogre_vendor/lib:/opt/ros/humble/lib/x86_64-linux-gnu:/opt/ros/humble/lib', 'HOME': '/root', 'SKIP_MAP': 'true', 'OLDPWD': '/ros2_ws', 'GAZEBO_MASTER_URI': 'http://localhost:11345', 'ROS_PYTHON_VERSION': '3', 'COLCON_PREFIX_PATH': '/root/sjtu_project/install', 'ROS_DISTRO': 'humble', '_': '/usr/bin/colcon', 'ROS_VERSION': '2', 'TERM': 'xterm', 'GAZEBO_MODEL_PATH': '/usr/share/gazebo-11/models:/root/sjtu_project/aws-robomaker-hospital-world/models:/root/sjtu_project/sjtu_drone/sjtu_drone_description:/root/sjtu_project/sjtu_drone/models', 'ROS_LOCALHOST_ONLY': '0', 'QT_X11_NO_MITSHM': '1', 'PATH': '/opt/ros/humble/bin:/usr/local/sbin:/usr/local/bin:/usr/sbin:/usr/bin:/sbin:/bin', 'GAZEBO_VERBOSE': '1', 'DISPLAY': ':1', 'LANG': 'C.UTF-8', 'RMW_IMPLEMENTATION': 'rmw_fastrtps_cpp', 'XAUTHORITY': '/home/shirb/.Xauthority', 'AMENT_PREFIX_PATH': '/root/sjtu_project/install/sjtu_drone_description:/root/sjtu_project/install/sjtu_drone_control:/root/sjtu_project/install/sjtu_drone_bringup:/opt/ros/humble', 'ALSA_CARD': '0', 'GAZEBO_RESOURCE_PATH': '/usr/share/gazebo-11:/root/sjtu_project/aws-robomaker-hospital-world/worlds:/root/sjtu_project/aws-robomaker-hospital-world', 'GAZEBO_MODEL_DATABASE_URI': '', 'GAZEBO_AUDIO_DEVICE': 'null', 'PWD': '/root/sjtu_project/build/sjtu_drone_control', 'LC_ALL': 'C.UTF-8', 'GAZEBO_PLUGIN_PATH': '/usr/lib/x86_64-linux-gnu/gazebo-11/plugins:', 'PYTHONPATH': '/root/sjtu_project/build/sjtu_drone_control/prefix_override:/usr/lib/python3/dist-packages/colcon_core/task/python/colcon_distutils_commands:/root/sjtu_project/install/sjtu_drone_control/lib/python3.10/site-packages:/root/sjtu_project/install/sjtu_drone_control/lib/python3.10/site-packages:/root/sjtu_project/install/sjtu_drone_bringup/lib/python3.10/site-packages:/opt/ros/humble/lib/python3.10/site-packages:/opt/ros/humble/local/lib/python3.10/dist-packages', 'NVIDIA_VISIBLE_DEVICES': 'all', 'COLCON': '1', 'CMAKE_PREFIX_PATH': '/root/sjtu_project/install/sjtu_drone_description'}, 'shell': False}
[0.801236] (-) TimerEvent: {}
[0.807679] (sjtu_drone_description) StdoutLine: {'line': b'-- Detecting C compiler ABI info - done\n'}
[0.814931] (sjtu_drone_description) StdoutLine: {'line': b'-- Check for working C compiler: /usr/bin/cc - skipped\n'}
[0.815458] (sjtu_drone_description) StdoutLine: {'line': b'-- Detecting C compile features\n'}
[0.816210] (sjtu_drone_description) StdoutLine: {'line': b'-- Detecting C compile features - done\n'}
[0.820568] (sjtu_drone_description) StdoutLine: {'line': b'-- Detecting CXX compiler ABI info\n'}
[0.901358] (-) TimerEvent: {}
[0.911599] (sjtu_drone_description) StdoutLine: {'line': b'-- Detecting CXX compiler ABI info - done\n'}
[0.922377] (sjtu_drone_description) StdoutLine: {'line': b'-- Check for working CXX compiler: /usr/bin/c++ - skipped\n'}
[0.922747] (sjtu_drone_description) StdoutLine: {'line': b'-- Detecting CXX compile features\n'}
[0.923467] (sjtu_drone_description) StdoutLine: {'line': b'-- Detecting CXX compile features - done\n'}
[0.933276] (sjtu_drone_description) StdoutLine: {'line': b'-- Found PkgConfig: /usr/bin/pkg-config (found version "0.29.2") \n'}
[0.933822] (sjtu_drone_description) StdoutLine: {'line': b"-- Checking for module 'OGRE'\n"}
[0.948352] (sjtu_drone_description) StdoutLine: {'line': b'--   Found OGRE, version 1.9.0\n'}
[0.962186] (sjtu_drone_bringup) StdoutLine: {'line': b'running egg_info\n'}
[0.962909] (sjtu_drone_bringup) StdoutLine: {'line': b'creating ../../build/sjtu_drone_bringup/sjtu_drone_bringup.egg-info\n'}
[0.963117] (sjtu_drone_bringup) StdoutLine: {'line': b'writing ../../build/sjtu_drone_bringup/sjtu_drone_bringup.egg-info/PKG-INFO\n'}
[0.963317] (sjtu_drone_bringup) StdoutLine: {'line': b'writing dependency_links to ../../build/sjtu_drone_bringup/sjtu_drone_bringup.egg-info/dependency_links.txt\n'}
[0.963489] (sjtu_drone_bringup) StdoutLine: {'line': b'writing entry points to ../../build/sjtu_drone_bringup/sjtu_drone_bringup.egg-info/entry_points.txt\n'}
[0.963593] (sjtu_drone_bringup) StdoutLine: {'line': b'writing requirements to ../../build/sjtu_drone_bringup/sjtu_drone_bringup.egg-info/requires.txt\n'}
[0.963660] (sjtu_drone_bringup) StdoutLine: {'line': b'writing top-level names to ../../build/sjtu_drone_bringup/sjtu_drone_bringup.egg-info/top_level.txt\n'}
[0.963725] (sjtu_drone_bringup) StdoutLine: {'line': b"writing manifest file '../../build/sjtu_drone_bringup/sjtu_drone_bringup.egg-info/SOURCES.txt'\n"}
[0.964867] (sjtu_drone_bringup) StdoutLine: {'line': b"reading manifest file '../../build/sjtu_drone_bringup/sjtu_drone_bringup.egg-info/SOURCES.txt'\n"}
[0.965637] (sjtu_drone_bringup) StdoutLine: {'line': b"writing manifest file '../../build/sjtu_drone_bringup/sjtu_drone_bringup.egg-info/SOURCES.txt'\n"}
[0.965982] (sjtu_drone_bringup) StdoutLine: {'line': b'running build\n'}
[0.966151] (sjtu_drone_bringup) StdoutLine: {'line': b'running build_py\n'}
[0.966280] (sjtu_drone_bringup) StdoutLine: {'line': b'creating /root/sjtu_project/build/sjtu_drone_bringup/build\n'}
[0.966394] (sjtu_drone_bringup) StdoutLine: {'line': b'creating /root/sjtu_project/build/sjtu_drone_bringup/build/lib\n'}
[0.966499] (sjtu_drone_bringup) StdoutLine: {'line': b'creating /root/sjtu_project/build/sjtu_drone_bringup/build/lib/sjtu_drone_bringup\n'}
[0.966593] (sjtu_drone_bringup) StdoutLine: {'line': b'copying sjtu_drone_bringup/__init__.py -> /root/sjtu_project/build/sjtu_drone_bringup/build/lib/sjtu_drone_bringup\n'}
[0.966659] (sjtu_drone_bringup) StdoutLine: {'line': b'copying sjtu_drone_bringup/spawn_drone.py -> /root/sjtu_project/build/sjtu_drone_bringup/build/lib/sjtu_drone_bringup\n'}
[0.966722] (sjtu_drone_bringup) StdoutLine: {'line': b'running install\n'}
[0.966847] (sjtu_drone_bringup) StdoutLine: {'line': b'running install_lib\n'}
[0.967533] (sjtu_drone_bringup) StdoutLine: {'line': b'creating /root/sjtu_project/install/sjtu_drone_bringup/lib/python3.10/site-packages/sjtu_drone_bringup\n'}
[0.967684] (sjtu_drone_bringup) StdoutLine: {'line': b'copying /root/sjtu_project/build/sjtu_drone_bringup/build/lib/sjtu_drone_bringup/__init__.py -> /root/sjtu_project/install/sjtu_drone_bringup/lib/python3.10/site-packages/sjtu_drone_bringup\n'}
[0.967814] (sjtu_drone_bringup) StdoutLine: {'line': b'copying /root/sjtu_project/build/sjtu_drone_bringup/build/lib/sjtu_drone_bringup/spawn_drone.py -> /root/sjtu_project/install/sjtu_drone_bringup/lib/python3.10/site-packages/sjtu_drone_bringup\n'}
[0.968381] (sjtu_drone_bringup) StdoutLine: {'line': b'byte-compiling /root/sjtu_project/install/sjtu_drone_bringup/lib/python3.10/site-packages/sjtu_drone_bringup/__init__.py to __init__.cpython-310.pyc\n'}
[0.968642] (sjtu_drone_bringup) StdoutLine: {'line': b'byte-compiling /root/sjtu_project/install/sjtu_drone_bringup/lib/python3.10/site-packages/sjtu_drone_bringup/spawn_drone.py to spawn_drone.cpython-310.pyc\n'}
[0.969168] (sjtu_drone_bringup) StdoutLine: {'line': b'running install_data\n'}
[0.969363] (sjtu_drone_bringup) StdoutLine: {'line': b'creating /root/sjtu_project/install/sjtu_drone_bringup/share/ament_index\n'}
[0.969551] (sjtu_drone_bringup) StdoutLine: {'line': b'creating /root/sjtu_project/install/sjtu_drone_bringup/share/ament_index/resource_index\n'}
[0.969703] (sjtu_drone_bringup) StdoutLine: {'line': b'creating /root/sjtu_project/install/sjtu_drone_bringup/share/ament_index/resource_index/packages\n'}
[0.969819] (sjtu_drone_bringup) StdoutLine: {'line': b'copying resource/sjtu_drone_bringup -> /root/sjtu_project/install/sjtu_drone_bringup/share/ament_index/resource_index/packages\n'}
[0.969976] (sjtu_drone_bringup) StdoutLine: {'line': b'copying package.xml -> /root/sjtu_project/install/sjtu_drone_bringup/share/sjtu_drone_bringup\n'}
[0.970090] (sjtu_drone_bringup) StdoutLine: {'line': b'creating /root/sjtu_project/install/sjtu_drone_bringup/share/sjtu_drone_bringup/launch\n'}
[0.970200] (sjtu_drone_bringup) StdoutLine: {'line': b'copying launch/sjtu_drone_bringup.launch.py -> /root/sjtu_project/install/sjtu_drone_bringup/share/sjtu_drone_bringup/launch\n'}
[0.970336] (sjtu_drone_bringup) StdoutLine: {'line': b'copying launch/sjtu_drone_gazebo.launch.py -> /root/sjtu_project/install/sjtu_drone_bringup/share/sjtu_drone_bringup/launch\n'}
[0.970686] (sjtu_drone_bringup) StdoutLine: {'line': b'creating /root/sjtu_project/install/sjtu_drone_bringup/share/sjtu_drone_bringup/rviz\n'}
[0.970856] (sjtu_drone_bringup) StdoutLine: {'line': b'copying rviz/rviz.rviz -> /root/sjtu_project/install/sjtu_drone_bringup/share/sjtu_drone_bringup/rviz\n'}
[0.971021] (sjtu_drone_bringup) StdoutLine: {'line': b'creating /root/sjtu_project/install/sjtu_drone_bringup/share/sjtu_drone_bringup/config\n'}
[0.971183] (sjtu_drone_bringup) StdoutLine: {'line': b'copying config/drone.yaml -> /root/sjtu_project/install/sjtu_drone_bringup/share/sjtu_drone_bringup/config\n'}
[0.971339] (sjtu_drone_bringup) StdoutLine: {'line': b'running install_egg_info\n'}
[0.974128] (sjtu_drone_bringup) StdoutLine: {'line': b'Copying ../../build/sjtu_drone_bringup/sjtu_drone_bringup.egg-info to /root/sjtu_project/install/sjtu_drone_bringup/lib/python3.10/site-packages/sjtu_drone_bringup-0.0.0-py3.10.egg-info\n'}
[0.975054] (sjtu_drone_bringup) StdoutLine: {'line': b'running install_scripts\n'}
[0.976095] (sjtu_drone_control) StdoutLine: {'line': b'running egg_info\n'}
[0.976834] (sjtu_drone_control) StdoutLine: {'line': b'creating ../../build/sjtu_drone_control/sjtu_drone_control.egg-info\n'}
[0.977007] (sjtu_drone_control) StdoutLine: {'line': b'writing ../../build/sjtu_drone_control/sjtu_drone_control.egg-info/PKG-INFO\n'}
[0.977167] (sjtu_drone_control) StdoutLine: {'line': b'writing dependency_links to ../../build/sjtu_drone_control/sjtu_drone_control.egg-info/dependency_links.txt\n'}
[0.977316] (sjtu_drone_control) StdoutLine: {'line': b'writing entry points to ../../build/sjtu_drone_control/sjtu_drone_control.egg-info/entry_points.txt\n'}
[0.977479] (sjtu_drone_control) StdoutLine: {'line': b'writing requirements to ../../build/sjtu_drone_control/sjtu_drone_control.egg-info/requires.txt\n'}
[0.977591] (sjtu_drone_control) StdoutLine: {'line': b'writing top-level names to ../../build/sjtu_drone_control/sjtu_drone_control.egg-info/top_level.txt\n'}
[0.977719] (sjtu_drone_control) StdoutLine: {'line': b"writing manifest file '../../build/sjtu_drone_control/sjtu_drone_control.egg-info/SOURCES.txt'\n"}
[0.979064] (sjtu_drone_control) StdoutLine: {'line': b"reading manifest file '../../build/sjtu_drone_control/sjtu_drone_control.egg-info/SOURCES.txt'\n"}
[0.979791] (sjtu_drone_control) StdoutLine: {'line': b"writing manifest file '../../build/sjtu_drone_control/sjtu_drone_control.egg-info/SOURCES.txt'\n"}
[0.979961] (sjtu_drone_control) StdoutLine: {'line': b'running build\n'}
[0.980097] (sjtu_drone_control) StdoutLine: {'line': b'running build_py\n'}
[0.980276] (sjtu_drone_control) StdoutLine: {'line': b'creating /root/sjtu_project/build/sjtu_drone_control/build\n'}
[0.980402] (sjtu_drone_control) StdoutLine: {'line': b'creating /root/sjtu_project/build/sjtu_drone_control/build/lib\n'}
[0.980539] (sjtu_drone_control) StdoutLine: {'line': b'creating /root/sjtu_project/build/sjtu_drone_control/build/lib/sjtu_drone_control\n'}
[0.980675] (sjtu_drone_control) StdoutLine: {'line': b'copying sjtu_drone_control/open_loop_control.py -> /root/sjtu_project/build/sjtu_drone_control/build/lib/sjtu_drone_control\n'}
[0.980812] (sjtu_drone_control) StdoutLine: {'line': b'copying sjtu_drone_control/__init__.py -> /root/sjtu_project/build/sjtu_drone_control/build/lib/sjtu_drone_control\n'}
[0.980928] (sjtu_drone_control) StdoutLine: {'line': b'copying sjtu_drone_control/drone_position_control.py -> /root/sjtu_project/build/sjtu_drone_control/build/lib/sjtu_drone_control\n'}
[0.981109] (sjtu_drone_control) StdoutLine: {'line': b'copying sjtu_drone_control/teleop.py -> /root/sjtu_project/build/sjtu_drone_control/build/lib/sjtu_drone_control\n'}
[0.981543] (sjtu_drone_control) StdoutLine: {'line': b'copying sjtu_drone_control/teleop_joystick.py -> /root/sjtu_project/build/sjtu_drone_control/build/lib/sjtu_drone_control\n'}
[0.981885] (sjtu_drone_control) StdoutLine: {'line': b'running install\n'}
[0.982160] (sjtu_drone_control) StdoutLine: {'line': b'running install_lib\n'}
[0.982780] (sjtu_drone_control) StdoutLine: {'line': b'creating /root/sjtu_project/install/sjtu_drone_control/lib/python3.10/site-packages/sjtu_drone_control\n'}
[0.982950] (sjtu_drone_control) StdoutLine: {'line': b'copying /root/sjtu_project/build/sjtu_drone_control/build/lib/sjtu_drone_control/open_loop_control.py -> /root/sjtu_project/install/sjtu_drone_control/lib/python3.10/site-packages/sjtu_drone_control\n'}
[0.983108] (sjtu_drone_control) StdoutLine: {'line': b'copying /root/sjtu_project/build/sjtu_drone_control/build/lib/sjtu_drone_control/__init__.py -> /root/sjtu_project/install/sjtu_drone_control/lib/python3.10/site-packages/sjtu_drone_control\n'}
[0.983238] (sjtu_drone_control) StdoutLine: {'line': b'copying /root/sjtu_project/build/sjtu_drone_control/build/lib/sjtu_drone_control/drone_position_control.py -> /root/sjtu_project/install/sjtu_drone_control/lib/python3.10/site-packages/sjtu_drone_control\n'}
[0.983387] (sjtu_drone_control) StdoutLine: {'line': b'copying /root/sjtu_project/build/sjtu_drone_control/build/lib/sjtu_drone_control/teleop.py -> /root/sjtu_project/install/sjtu_drone_control/lib/python3.10/site-packages/sjtu_drone_control\n'}
[0.983515] (sjtu_drone_control) StdoutLine: {'line': b'copying /root/sjtu_project/build/sjtu_drone_control/build/lib/sjtu_drone_control/teleop_joystick.py -> /root/sjtu_project/install/sjtu_drone_control/lib/python3.10/site-packages/sjtu_drone_control\n'}
[0.983872] (sjtu_drone_control) StdoutLine: {'line': b'byte-compiling /root/sjtu_project/install/sjtu_drone_control/lib/python3.10/site-packages/sjtu_drone_control/open_loop_control.py to open_loop_control.cpython-310.pyc\n'}
[0.985880] (sjtu_drone_description) StdoutLine: {'line': b"-- Checking for module 'OGRE-Terrain'\n"}
[0.987160] (sjtu_drone_control) StdoutLine: {'line': b'byte-compiling /root/sjtu_project/install/sjtu_drone_control/lib/python3.10/site-packages/sjtu_drone_control/__init__.py to __init__.cpython-310.pyc\n'}
[0.987383] (sjtu_drone_control) StdoutLine: {'line': b'byte-compiling /root/sjtu_project/install/sjtu_drone_control/lib/python3.10/site-packages/sjtu_drone_control/drone_position_control.py to drone_position_control.cpython-310.pyc\n'}
[0.987835] (sjtu_drone_control) StdoutLine: {'line': b'byte-compiling /root/sjtu_project/install/sjtu_drone_control/lib/python3.10/site-packages/sjtu_drone_control/teleop.py to teleop.cpython-310.pyc\n'}
[0.988663] (sjtu_drone_control) StdoutLine: {'line': b'byte-compiling /root/sjtu_project/install/sjtu_drone_control/lib/python3.10/site-packages/sjtu_drone_control/teleop_joystick.py to teleop_joystick.cpython-310.pyc\n'}
[0.989075] (sjtu_drone_control) StdoutLine: {'line': b'running install_data\n'}
[0.989219] (sjtu_drone_control) StdoutLine: {'line': b'creating /root/sjtu_project/install/sjtu_drone_control/share/ament_index\n'}
[0.989388] (sjtu_drone_control) StdoutLine: {'line': b'creating /root/sjtu_project/install/sjtu_drone_control/share/ament_index/resource_index\n'}
[0.989514] (sjtu_drone_control) StdoutLine: {'line': b'creating /root/sjtu_project/install/sjtu_drone_control/share/ament_index/resource_index/packages\n'}
[0.989648] (sjtu_drone_control) StdoutLine: {'line': b'copying resource/sjtu_drone_control -> /root/sjtu_project/install/sjtu_drone_control/share/ament_index/resource_index/packages\n'}
[0.989779] (sjtu_drone_control) StdoutLine: {'line': b'copying package.xml -> /root/sjtu_project/install/sjtu_drone_control/share/sjtu_drone_control\n'}
[0.989917] (sjtu_drone_control) StdoutLine: {'line': b'running install_egg_info\n'}
[0.991596] (sjtu_drone_control) StdoutLine: {'line': b'Copying ../../build/sjtu_drone_control/sjtu_drone_control.egg-info to /root/sjtu_project/install/sjtu_drone_control/lib/python3.10/site-packages/sjtu_drone_control-0.0.0-py3.10.egg-info\n'}
[0.992556] (sjtu_drone_control) StdoutLine: {'line': b'running install_scripts\n'}
[0.995459] (sjtu_drone_bringup) StdoutLine: {'line': b'Installing spawn_drone script to /root/sjtu_project/install/sjtu_drone_bringup/lib/sjtu_drone_bringup\n'}
[0.995790] (sjtu_drone_bringup) StdoutLine: {'line': b"writing list of installed files to '/root/sjtu_project/build/sjtu_drone_bringup/install.log'\n"}
[1.001391] (sjtu_drone_description) StdoutLine: {'line': b'--   Found OGRE-Terrain, version 1.9.0\n'}
[1.001671] (-) TimerEvent: {}
[1.014191] (sjtu_drone_control) StdoutLine: {'line': b'Installing drone_position_control script to /root/sjtu_project/install/sjtu_drone_control/lib/sjtu_drone_control\n'}
[1.014454] (sjtu_drone_control) StdoutLine: {'line': b'Installing open_loop_control script to /root/sjtu_project/install/sjtu_drone_control/lib/sjtu_drone_control\n'}
[1.014619] (sjtu_drone_control) StdoutLine: {'line': b'Installing teleop script to /root/sjtu_project/install/sjtu_drone_control/lib/sjtu_drone_control\n'}
[1.014727] (sjtu_drone_control) StdoutLine: {'line': b'Installing teleop_joystick script to /root/sjtu_project/install/sjtu_drone_control/lib/sjtu_drone_control\n'}
[1.014880] (sjtu_drone_control) StdoutLine: {'line': b"writing list of installed files to '/root/sjtu_project/build/sjtu_drone_control/install.log'\n"}
[1.019977] (sjtu_drone_bringup) CommandEnded: {'returncode': 0}
[1.034434] (sjtu_drone_bringup) JobEnded: {'identifier': 'sjtu_drone_bringup', 'rc': 0}
[1.041634] (sjtu_drone_control) CommandEnded: {'returncode': 0}
[1.045512] (sjtu_drone_description) StdoutLine: {'line': b'-- Found ament_cmake: 1.3.12 (/opt/ros/humble/share/ament_cmake/cmake)\n'}
[1.047987] (sjtu_drone_control) JobEnded: {'identifier': 'sjtu_drone_control', 'rc': 0}
[1.101763] (-) TimerEvent: {}
[1.194585] (sjtu_drone_description) StdoutLine: {'line': b'-- Found Python3: /usr/bin/python3 (found version "3.10.12") found components: Interpreter \n'}
[1.201827] (-) TimerEvent: {}
[1.297473] (sjtu_drone_description) StdoutLine: {'line': b'-- Found ament_cmake_ros: 0.10.0 (/opt/ros/humble/share/ament_cmake_ros/cmake)\n'}
[1.301900] (-) TimerEvent: {}
[1.310778] (sjtu_drone_description) StdoutLine: {'line': b'-- Found rclcpp: 16.0.15 (/opt/ros/humble/share/rclcpp/cmake)\n'}
[1.364675] (sjtu_drone_description) StdoutLine: {'line': b'-- Found rosidl_generator_c: 3.1.7 (/opt/ros/humble/share/rosidl_generator_c/cmake)\n'}
[1.372101] (sjtu_drone_description) StdoutLine: {'line': b'-- Found rosidl_adapter: 3.1.7 (/opt/ros/humble/share/rosidl_adapter/cmake)\n'}
[1.383823] (sjtu_drone_description) StdoutLine: {'line': b'-- Found rosidl_generator_cpp: 3.1.7 (/opt/ros/humble/share/rosidl_generator_cpp/cmake)\n'}
[1.400268] (sjtu_drone_description) StdoutLine: {'line': b'-- Using all available rosidl_typesupport_c: rosidl_typesupport_fastrtps_c;rosidl_typesupport_introspection_c\n'}
[1.401977] (-) TimerEvent: {}
[1.422009] (sjtu_drone_description) StdoutLine: {'line': b'-- Using all available rosidl_typesupport_cpp: rosidl_typesupport_fastrtps_cpp;rosidl_typesupport_introspection_cpp\n'}
[1.479813] (sjtu_drone_description) StdoutLine: {'line': b'-- Found rmw_implementation_cmake: 6.1.2 (/opt/ros/humble/share/rmw_implementation_cmake/cmake)\n'}
[1.483562] (sjtu_drone_description) StdoutLine: {'line': b'-- Found rmw_fastrtps_cpp: 6.2.8 (/opt/ros/humble/share/rmw_fastrtps_cpp/cmake)\n'}
[1.502075] (-) TimerEvent: {}
[1.584979] (sjtu_drone_description) StdoutLine: {'line': b'-- Found OpenSSL: /usr/lib/x86_64-linux-gnu/libcrypto.so (found version "3.0.2")  \n'}
[1.602170] (-) TimerEvent: {}
[1.611287] (sjtu_drone_description) StdoutLine: {'line': b'-- Found FastRTPS: /opt/ros/humble/include  \n'}
[1.654833] (sjtu_drone_description) StdoutLine: {'line': b"-- Using RMW implementation 'rmw_fastrtps_cpp' as default\n"}
[1.668375] (sjtu_drone_description) StdoutLine: {'line': b'-- Looking for pthread.h\n'}
[1.702288] (-) TimerEvent: {}
[1.750208] (sjtu_drone_description) StdoutLine: {'line': b'-- Looking for pthread.h - found\n'}
[1.750487] (sjtu_drone_description) StdoutLine: {'line': b'-- Performing Test CMAKE_HAVE_LIBC_PTHREAD\n'}
[1.802412] (-) TimerEvent: {}
[1.822774] (sjtu_drone_description) StdoutLine: {'line': b'-- Performing Test CMAKE_HAVE_LIBC_PTHREAD - Success\n'}
[1.823808] (sjtu_drone_description) StdoutLine: {'line': b'-- Found Threads: TRUE  \n'}
[1.891558] (sjtu_drone_description) StdoutLine: {'line': b'-- Found gazebo_ros: 3.9.0 (/opt/ros/humble/share/gazebo_ros/cmake)\n'}
[1.902557] (-) TimerEvent: {}
[1.905270] (sjtu_drone_description) StdoutLine: {'line': b"-- Checking for module 'bullet>=2.82'\n"}
[1.917237] (sjtu_drone_description) StdoutLine: {'line': b'--   Found bullet, version 3.05\n'}
[2.002686] (-) TimerEvent: {}
[2.028375] (sjtu_drone_description) StdoutLine: {'line': b'-- Found fcl: /usr/include (found suitable version "0.7.0", minimum required is "0.5.0") \n'}
[2.081004] (sjtu_drone_description) StdoutLine: {'line': b'-- Found assimp: /usr/include (found version "5.2.0") \n'}
[2.102826] (-) TimerEvent: {}
[2.107328] (sjtu_drone_description) StdoutLine: {'line': b'-- Found DART: /usr/include (Required is at least version "6.6") found components: dart \n'}
[2.138755] (sjtu_drone_description) StdoutLine: {'line': b'-- Found Boost: /usr/lib/x86_64-linux-gnu/cmake/Boost-1.74.0/BoostConfig.cmake (found suitable version "1.74.0", minimum required is "1.40.0") found components: thread system filesystem program_options regex iostreams date_time \n'}
[2.167643] (sjtu_drone_description) StdoutLine: {'line': b'-- Found Protobuf: /usr/lib/x86_64-linux-gnu/libprotobuf.so (found version "3.12.4") \n'}
[2.174537] (sjtu_drone_description) StdoutLine: {'line': b'-- Looking for ignition-math6 -- found version 6.15.1\n'}
[2.193413] (sjtu_drone_description) StdoutLine: {'line': b'-- Searching for dependencies of ignition-math6\n'}
[2.200426] (sjtu_drone_description) StdoutLine: {'line': b'-- Looking for OGRE...\n'}
[2.201777] (sjtu_drone_description) StdoutLine: {'line': b'-- OGRE_PREFIX_WATCH changed.\n'}
[2.202979] (-) TimerEvent: {}
[2.219530] (sjtu_drone_description) StdoutLine: {'line': b"-- Checking for module 'OGRE'\n"}
[2.265179] (sjtu_drone_description) StdoutLine: {'line': b'--   Found OGRE, version 1.9.0\n'}
[2.303132] (-) TimerEvent: {}
[2.335401] (sjtu_drone_description) StdoutLine: {'line': b'-- Found Ogre Ghadamon (1.9.0)\n'}
[2.353596] (sjtu_drone_description) StdoutLine: {'line': b'-- Looking for OGRE_Paging...\n'}
[2.360944] (sjtu_drone_description) StdoutLine: {'line': b'-- Found OGRE_Paging: optimized;/usr/lib/x86_64-linux-gnu/libOgrePaging.so;debug;/usr/lib/x86_64-linux-gnu/libOgrePaging.so\n'}
[2.361049] (sjtu_drone_description) StdoutLine: {'line': b'-- Looking for OGRE_Terrain...\n'}
[2.363711] (sjtu_drone_description) StdoutLine: {'line': b'-- Found OGRE_Terrain: optimized;/usr/lib/x86_64-linux-gnu/libOgreTerrain.so;debug;/usr/lib/x86_64-linux-gnu/libOgreTerrain.so\n'}
[2.363818] (sjtu_drone_description) StdoutLine: {'line': b'-- Looking for OGRE_Property...\n'}
[2.366487] (sjtu_drone_description) StdoutLine: {'line': b'-- Found OGRE_Property: optimized;/usr/lib/x86_64-linux-gnu/libOgreProperty.so;debug;/usr/lib/x86_64-linux-gnu/libOgreProperty.so\n'}
[2.366581] (sjtu_drone_description) StdoutLine: {'line': b'-- Looking for OGRE_RTShaderSystem...\n'}
[2.370712] (sjtu_drone_description) StdoutLine: {'line': b'-- Found OGRE_RTShaderSystem: optimized;/usr/lib/x86_64-linux-gnu/libOgreRTShaderSystem.so;debug;/usr/lib/x86_64-linux-gnu/libOgreRTShaderSystem.so\n'}
[2.370867] (sjtu_drone_description) StdoutLine: {'line': b'-- Looking for OGRE_Volume...\n'}
[2.373774] (sjtu_drone_description) StdoutLine: {'line': b'-- Found OGRE_Volume: optimized;/usr/lib/x86_64-linux-gnu/libOgreVolume.so;debug;/usr/lib/x86_64-linux-gnu/libOgreVolume.so\n'}
[2.373945] (sjtu_drone_description) StdoutLine: {'line': b'-- Looking for OGRE_Overlay...\n'}
[2.376381] (sjtu_drone_description) StdoutLine: {'line': b'-- Found OGRE_Overlay: optimized;/usr/lib/x86_64-linux-gnu/libOgreOverlay.so;debug;/usr/lib/x86_64-linux-gnu/libOgreOverlay.so\n'}
[2.403258] (-) TimerEvent: {}
[2.452063] (sjtu_drone_description) StdoutLine: {'line': b'-- Looking for ignition-math6 -- found version 6.15.1\n'}
[2.455666] (sjtu_drone_description) StdoutLine: {'line': b'-- Looking for ignition-transport8 -- found version 8.2.1\n'}
[2.456147] (sjtu_drone_description) StdoutLine: {'line': b'-- Searching for dependencies of ignition-transport8\n'}
[2.473755] (sjtu_drone_description) StdoutLine: {'line': b'-- Found Protobuf: /usr/lib/x86_64-linux-gnu/libprotobuf.so (found suitable version "3.12.4", minimum required is "3") \n'}
[2.484870] (sjtu_drone_description) StdoutLine: {'line': b'-- Config-file not installed for ZeroMQ -- checking for pkg-config\n'}
[2.490046] (sjtu_drone_description) StdoutLine: {'line': b"-- Checking for module 'libzmq >= 4'\n"}
[2.503379] (-) TimerEvent: {}
[2.504962] (sjtu_drone_description) StdoutLine: {'line': b'--   Found libzmq , version 4.3.4\n'}
[2.540790] (sjtu_drone_description) StdoutLine: {'line': b'-- Found ZeroMQ: TRUE (Required is at least version "4") \n'}
[2.546609] (sjtu_drone_description) StdoutLine: {'line': b"-- Checking for module 'uuid'\n"}
[2.560088] (sjtu_drone_description) StdoutLine: {'line': b'--   Found uuid, version 2.37.2\n'}
[2.589621] (sjtu_drone_description) StdoutLine: {'line': b'-- Found UUID: TRUE  \n'}
[2.592291] (sjtu_drone_description) StdoutLine: {'line': b'-- Looking for ignition-msgs5 -- found version 5.8.1\n'}
[2.592753] (sjtu_drone_description) StdoutLine: {'line': b'-- Searching for dependencies of ignition-msgs5\n'}
[2.603554] (-) TimerEvent: {}
[2.612571] (sjtu_drone_description) StdoutLine: {'line': b'-- Looking for ignition-math6 -- found version 6.15.1\n'}
[2.617937] (sjtu_drone_description) StdoutLine: {'line': b"-- Checking for module 'tinyxml2'\n"}
[2.630939] (sjtu_drone_description) StdoutLine: {'line': b'--   Found tinyxml2, version 9.0.0\n'}
[2.665454] (sjtu_drone_description) StdoutLine: {'line': b'-- Looking for ignition-msgs5 -- found version 5.8.1\n'}
[2.668214] (sjtu_drone_description) StdoutLine: {'line': b'-- Looking for ignition-common3 -- found version 3.14.0\n'}
[2.668864] (sjtu_drone_description) StdoutLine: {'line': b'-- Searching for dependencies of ignition-common3\n'}
[2.669337] (sjtu_drone_description) StdoutLine: {'line': b'-- Looking for dlfcn.h - found\n'}
[2.669920] (sjtu_drone_description) StdoutLine: {'line': b'-- Looking for libdl - found\n'}
[2.671307] (sjtu_drone_description) StdoutLine: {'line': b'-- Found DL: TRUE  \n'}
[2.682473] (sjtu_drone_description) StdoutLine: {'line': b'-- Found tinyobjloader: /usr/lib/x86_64-linux-gnu/cmake/tinyobjloader/tinyobjloader-config.cmake (found version "2.0.0") \n'}
[2.683454] (sjtu_drone_description) StdoutLine: {'line': b'-- Searching for <ignition-common3> component [graphics]\n'}
[2.686036] (sjtu_drone_description) StdoutLine: {'line': b'-- Looking for ignition-common3-graphics -- found version 3.14.0\n'}
[2.686652] (sjtu_drone_description) StdoutLine: {'line': b'-- Searching for dependencies of ignition-common3-graphics\n'}
[2.687057] (sjtu_drone_description) StdoutLine: {'line': b'-- Looking for ignition-math6 -- found version 6.15.1\n'}
[2.690671] (sjtu_drone_description) StdoutLine: {'line': b'-- Looking for ignition-fuel_tools4 -- found version 4.4.0\n'}
[2.691171] (sjtu_drone_description) StdoutLine: {'line': b'-- Searching for dependencies of ignition-fuel_tools4\n'}
[2.703652] (-) TimerEvent: {}
[2.763464] (sjtu_drone_description) StdoutLine: {'line': b'-- Found CURL: /usr/lib/x86_64-linux-gnu/libcurl.so (found version "7.81.0")  \n'}
[2.773351] (sjtu_drone_description) StdoutLine: {'line': b"-- Checking for module 'jsoncpp'\n"}
[2.785613] (sjtu_drone_description) StdoutLine: {'line': b'--   Found jsoncpp, version 1.9.5\n'}
[2.803749] (-) TimerEvent: {}
[2.816505] (sjtu_drone_description) StdoutLine: {'line': b'-- Found JSONCPP: TRUE  \n'}
[2.823036] (sjtu_drone_description) StdoutLine: {'line': b"-- Checking for module 'libzip'\n"}
[2.836593] (sjtu_drone_description) StdoutLine: {'line': b'--   Found libzip, version 1.7.3\n'}
[2.868845] (sjtu_drone_description) StdoutLine: {'line': b'-- Found ZIP: TRUE  \n'}
[2.869373] (sjtu_drone_description) StdoutLine: {'line': b'-- Looking for ignition-common3 -- found version 3.14.0\n'}
[2.869878] (sjtu_drone_description) StdoutLine: {'line': b'-- Looking for ignition-math6 -- found version 6.15.1\n'}
[2.870245] (sjtu_drone_description) StdoutLine: {'line': b'-- Looking for ignition-msgs5 -- found version 5.8.1\n'}
[2.875164] (sjtu_drone_description) StdoutLine: {'line': b'-- Gazebo version: 11.10\n'}
[2.875399] (sjtu_drone_description) StdoutLine: {'line': b"-- Checking for module 'tbb'\n"}
[2.888830] (sjtu_drone_description) StdoutLine: {'line': b'--   Found tbb, version 2021.5.0\n'}
[2.903881] (-) TimerEvent: {}
[2.921712] (sjtu_drone_description) StdoutLine: {'line': b'-- Found gazebo_plugins: 3.9.0 (/opt/ros/humble/share/gazebo_plugins/cmake)\n'}
[2.999343] (sjtu_drone_description) StdoutLine: {'line': b'-- Found sensor_msgs: 4.9.0 (/opt/ros/humble/share/sensor_msgs/cmake)\n'}
[3.003997] (-) TimerEvent: {}
[3.026347] (sjtu_drone_description) StdoutLine: {'line': b'-- Found nav_msgs: 4.9.0 (/opt/ros/humble/share/nav_msgs/cmake)\n'}
[3.052046] (sjtu_drone_description) StdoutLine: {'line': b'-- Found tf2: 0.25.16 (/opt/ros/humble/share/tf2/cmake)\n'}
[3.064930] (sjtu_drone_description) StdoutLine: {'line': b'-- Found tf2_ros: 0.25.16 (/opt/ros/humble/share/tf2_ros/cmake)\n'}
[3.104132] (-) TimerEvent: {}
[3.184588] (sjtu_drone_description) StdoutLine: {'line': b'-- Found tf2_geometry_msgs: 0.25.16 (/opt/ros/humble/share/tf2_geometry_msgs/cmake)\n'}
[3.195337] (sjtu_drone_description) StdoutLine: {'line': b'-- Found eigen3_cmake_module: 0.1.1 (/opt/ros/humble/share/eigen3_cmake_module/cmake)\n'}
[3.196841] (sjtu_drone_description) StdoutLine: {'line': b'-- Found Eigen3: TRUE (found version "3.4.0") \n'}
[3.197113] (sjtu_drone_description) StdoutLine: {'line': b'-- Ensuring Eigen3 include directory is part of orocos-kdl CMake target\n'}
[3.204250] (-) TimerEvent: {}
[3.276381] (sjtu_drone_description) StdoutLine: {'line': b'-- Configuring done\n'}
[3.304396] (-) TimerEvent: {}
[3.401345] (sjtu_drone_description) StdoutLine: {'line': b'-- Generating done\n'}
[3.404540] (-) TimerEvent: {}
[3.409268] (sjtu_drone_description) StdoutLine: {'line': b'-- Build files have been written to: /root/sjtu_project/build/sjtu_drone_description\n'}
[3.420950] (sjtu_drone_description) CommandEnded: {'returncode': 0}
[3.421686] (sjtu_drone_description) JobProgress: {'identifier': 'sjtu_drone_description', 'progress': 'build'}
[3.422977] (sjtu_drone_description) Command: {'cmd': ['/usr/bin/cmake', '--build', '/root/sjtu_project/build/sjtu_drone_description', '--', '-j12', '-l12'], 'cwd': '/root/sjtu_project/build/sjtu_drone_description', 'env': OrderedDict([('HOSTNAME', 'LP-Boston-12214'), ('SHLVL', '1'), ('LD_LIBRARY_PATH', '/root/sjtu_project/install/sjtu_drone_description/lib:/usr/lib/x86_64-linux-gnu/gazebo-11/plugins:/opt/ros/humble/opt/rviz_ogre_vendor/lib:/opt/ros/humble/lib/x86_64-linux-gnu:/opt/ros/humble/lib'), ('HOME', '/root'), ('SKIP_MAP', 'true'), ('OLDPWD', '/ros2_ws'), ('GAZEBO_MASTER_URI', 'http://localhost:11345'), ('ROS_PYTHON_VERSION', '3'), ('COLCON_PREFIX_PATH', '/root/sjtu_project/install'), ('ROS_DISTRO', 'humble'), ('_', '/usr/bin/colcon'), ('ROS_VERSION', '2'), ('TERM', 'xterm'), ('GAZEBO_MODEL_PATH', '/usr/share/gazebo-11/models:/root/sjtu_project/aws-robomaker-hospital-world/models:/root/sjtu_project/sjtu_drone/sjtu_drone_description:/root/sjtu_project/sjtu_drone/models'), ('ROS_LOCALHOST_ONLY', '0'), ('QT_X11_NO_MITSHM', '1'), ('PATH', '/opt/ros/humble/bin:/usr/local/sbin:/usr/local/bin:/usr/sbin:/usr/bin:/sbin:/bin'), ('GAZEBO_VERBOSE', '1'), ('DISPLAY', ':1'), ('LANG', 'C.UTF-8'), ('RMW_IMPLEMENTATION', 'rmw_fastrtps_cpp'), ('XAUTHORITY', '/home/shirb/.Xauthority'), ('AMENT_PREFIX_PATH', '/root/sjtu_project/install/sjtu_drone_description:/root/sjtu_project/install/sjtu_drone_control:/root/sjtu_project/install/sjtu_drone_bringup:/opt/ros/humble'), ('ALSA_CARD', '0'), ('GAZEBO_RESOURCE_PATH', '/usr/share/gazebo-11:/root/sjtu_project/aws-robomaker-hospital-world/worlds:/root/sjtu_project/aws-robomaker-hospital-world'), ('GAZEBO_MODEL_DATABASE_URI', ''), ('GAZEBO_AUDIO_DEVICE', 'null'), ('PWD', '/root/sjtu_project/build/sjtu_drone_description'), ('LC_ALL', 'C.UTF-8'), ('GAZEBO_PLUGIN_PATH', '/usr/lib/x86_64-linux-gnu/gazebo-11/plugins:'), ('PYTHONPATH', '/root/sjtu_project/install/sjtu_drone_control/lib/python3.10/site-packages:/root/sjtu_project/install/sjtu_drone_bringup/lib/python3.10/site-packages:/opt/ros/humble/lib/python3.10/site-packages:/opt/ros/humble/local/lib/python3.10/dist-packages'), ('NVIDIA_VISIBLE_DEVICES', 'all'), ('COLCON', '1'), ('CMAKE_PREFIX_PATH', '/root/sjtu_project/install/sjtu_drone_description:/root/sjtu_project/install/sjtu_drone_control:/root/sjtu_project/install/sjtu_drone_bringup:/opt/ros/humble')]), 'shell': False}
[3.477295] (sjtu_drone_description) StdoutLine: {'line': b'[ 75%] \x1b[32mBuilding CXX object CMakeFiles/plugin_drone.dir/src/pid_controller.cpp.o\x1b[0m\n'}
[3.477471] (sjtu_drone_description) StdoutLine: {'line': b'[ 75%] \x1b[32mBuilding CXX object CMakeFiles/plugin_drone.dir/src/plugin_drone.cpp.o\x1b[0m\n'}
[3.477562] (sjtu_drone_description) StdoutLine: {'line': b'[ 75%] \x1b[32mBuilding CXX object CMakeFiles/plugin_drone.dir/src/plugin_drone_private.cpp.o\x1b[0m\n'}
[3.504653] (-) TimerEvent: {}
[3.605164] (-) TimerEvent: {}
[3.705667] (-) TimerEvent: {}
[3.806202] (-) TimerEvent: {}
[3.906795] (-) TimerEvent: {}
[4.007084] (-) TimerEvent: {}
[4.107496] (-) TimerEvent: {}
[4.207778] (-) TimerEvent: {}
[4.308127] (-) TimerEvent: {}
[4.408508] (-) TimerEvent: {}
[4.508875] (-) TimerEvent: {}
[4.609621] (-) TimerEvent: {}
[4.710201] (-) TimerEvent: {}
[4.810436] (-) TimerEvent: {}
[4.910695] (-) TimerEvent: {}
[5.010973] (-) TimerEvent: {}
[5.111228] (-) TimerEvent: {}
[5.211483] (-) TimerEvent: {}
[5.311785] (-) TimerEvent: {}
[5.412062] (-) TimerEvent: {}
[5.512383] (-) TimerEvent: {}
[5.612717] (-) TimerEvent: {}
[5.713029] (-) TimerEvent: {}
[5.813345] (-) TimerEvent: {}
[5.913662] (-) TimerEvent: {}
[6.013957] (-) TimerEvent: {}
[6.114254] (-) TimerEvent: {}
[6.214545] (-) TimerEvent: {}
[6.314784] (-) TimerEvent: {}
[6.415053] (-) TimerEvent: {}
[6.515298] (-) TimerEvent: {}
[6.615547] (-) TimerEvent: {}
[6.715869] (-) TimerEvent: {}
[6.816153] (-) TimerEvent: {}
[6.916417] (-) TimerEvent: {}
[7.016749] (-) TimerEvent: {}
[7.117052] (-) TimerEvent: {}
[7.217369] (-) TimerEvent: {}
[7.317698] (-) TimerEvent: {}
[7.417996] (-) TimerEvent: {}
[7.518351] (-) TimerEvent: {}
[7.618695] (-) TimerEvent: {}
[7.719047] (-) TimerEvent: {}
[7.819382] (-) TimerEvent: {}
[7.919818] (-) TimerEvent: {}
[8.020123] (-) TimerEvent: {}
[8.120468] (-) TimerEvent: {}
[8.220783] (-) TimerEvent: {}
[8.321105] (-) TimerEvent: {}
[8.421403] (-) TimerEvent: {}
[8.521738] (-) TimerEvent: {}
[8.622184] (-) TimerEvent: {}
[8.722791] (-) TimerEvent: {}
[8.824797] (-) TimerEvent: {}
[8.926887] (-) TimerEvent: {}
[9.027183] (-) TimerEvent: {}
[9.127491] (-) TimerEvent: {}
[9.227792] (-) TimerEvent: {}
[9.328092] (-) TimerEvent: {}
[9.428392] (-) TimerEvent: {}
[9.528699] (-) TimerEvent: {}
[9.629002] (-) TimerEvent: {}
[9.729329] (-) TimerEvent: {}
[9.829649] (-) TimerEvent: {}
[9.929961] (-) TimerEvent: {}
[10.030276] (-) TimerEvent: {}
[10.130585] (-) TimerEvent: {}
[10.230886] (-) TimerEvent: {}
[10.331195] (-) TimerEvent: {}
[10.431511] (-) TimerEvent: {}
[10.531824] (-) TimerEvent: {}
[10.632145] (-) TimerEvent: {}
[10.732459] (-) TimerEvent: {}
[10.832703] (-) TimerEvent: {}
[10.932975] (-) TimerEvent: {}
[11.033219] (-) TimerEvent: {}
[11.133541] (-) TimerEvent: {}
[11.233816] (-) TimerEvent: {}
[11.334104] (-) TimerEvent: {}
[11.434396] (-) TimerEvent: {}
[11.534711] (-) TimerEvent: {}
[11.635091] (-) TimerEvent: {}
[11.735491] (-) TimerEvent: {}
[11.835866] (-) TimerEvent: {}
[11.936145] (-) TimerEvent: {}
[12.036440] (-) TimerEvent: {}
[12.136785] (-) TimerEvent: {}
[12.237110] (-) TimerEvent: {}
[12.337474] (-) TimerEvent: {}
[12.437995] (-) TimerEvent: {}
[12.538516] (-) TimerEvent: {}
[12.638842] (-) TimerEvent: {}
[12.739329] (-) TimerEvent: {}
[12.839693] (-) TimerEvent: {}
[12.940077] (-) TimerEvent: {}
[13.040409] (-) TimerEvent: {}
[13.140707] (-) TimerEvent: {}
[13.241120] (-) TimerEvent: {}
[13.341397] (-) TimerEvent: {}
[13.441741] (-) TimerEvent: {}
[13.542093] (-) TimerEvent: {}
[13.642474] (-) TimerEvent: {}
[13.742797] (-) TimerEvent: {}
[13.843121] (-) TimerEvent: {}
[13.943467] (-) TimerEvent: {}
[14.043802] (-) TimerEvent: {}
[14.144124] (-) TimerEvent: {}
[14.244484] (-) TimerEvent: {}
[14.344778] (-) TimerEvent: {}
[14.445193] (-) TimerEvent: {}
[14.545463] (-) TimerEvent: {}
[14.645795] (-) TimerEvent: {}
[14.746149] (-) TimerEvent: {}
[14.846439] (-) TimerEvent: {}
[14.946736] (-) TimerEvent: {}
[15.047012] (-) TimerEvent: {}
[15.147299] (-) TimerEvent: {}
[15.247607] (-) TimerEvent: {}
[15.348144] (-) TimerEvent: {}
[15.448585] (-) TimerEvent: {}
[15.548919] (-) TimerEvent: {}
[15.649232] (-) TimerEvent: {}
[15.749517] (-) TimerEvent: {}
[15.849827] (-) TimerEvent: {}
[15.950126] (-) TimerEvent: {}
[16.050431] (-) TimerEvent: {}
[16.150745] (-) TimerEvent: {}
[16.251034] (-) TimerEvent: {}
[16.351349] (-) TimerEvent: {}
[16.451682] (-) TimerEvent: {}
[16.551988] (-) TimerEvent: {}
[16.652312] (-) TimerEvent: {}
[16.752650] (-) TimerEvent: {}
[16.853200] (-) TimerEvent: {}
[16.953626] (-) TimerEvent: {}
[17.053989] (-) TimerEvent: {}
[17.154342] (-) TimerEvent: {}
[17.254730] (-) TimerEvent: {}
[17.355095] (-) TimerEvent: {}
[17.455473] (-) TimerEvent: {}
[17.555827] (-) TimerEvent: {}
[17.656098] (-) TimerEvent: {}
[17.756373] (-) TimerEvent: {}
[17.856634] (-) TimerEvent: {}
[17.956944] (-) TimerEvent: {}
[18.057210] (-) TimerEvent: {}
[18.157457] (-) TimerEvent: {}
[18.257723] (-) TimerEvent: {}
[18.358047] (-) TimerEvent: {}
[18.458353] (-) TimerEvent: {}
[18.558656] (-) TimerEvent: {}
[18.658958] (-) TimerEvent: {}
[18.759256] (-) TimerEvent: {}
[18.859588] (-) TimerEvent: {}
[18.959982] (-) TimerEvent: {}
[19.060248] (-) TimerEvent: {}
[19.160523] (-) TimerEvent: {}
[19.260772] (-) TimerEvent: {}
[19.361065] (-) TimerEvent: {}
[19.461378] (-) TimerEvent: {}
[19.561701] (-) TimerEvent: {}
[19.662048] (-) TimerEvent: {}
[19.762404] (-) TimerEvent: {}
[19.862669] (-) TimerEvent: {}
[19.962958] (-) TimerEvent: {}
[20.063269] (-) TimerEvent: {}
[20.163608] (-) TimerEvent: {}
[20.263919] (-) TimerEvent: {}
[20.364522] (-) TimerEvent: {}
[20.464857] (-) TimerEvent: {}
[20.565154] (-) TimerEvent: {}
[20.665462] (-) TimerEvent: {}
[20.765812] (-) TimerEvent: {}
[20.866159] (-) TimerEvent: {}
[20.966431] (-) TimerEvent: {}
[21.066689] (-) TimerEvent: {}
[21.166934] (-) TimerEvent: {}
[21.267249] (-) TimerEvent: {}
[21.367528] (-) TimerEvent: {}
[21.467803] (-) TimerEvent: {}
[21.568081] (-) TimerEvent: {}
[21.668433] (-) TimerEvent: {}
[21.768789] (-) TimerEvent: {}
[21.869106] (-) TimerEvent: {}
[21.969465] (-) TimerEvent: {}
[22.070237] (-) TimerEvent: {}
[22.170552] (-) TimerEvent: {}
[22.270891] (-) TimerEvent: {}
[22.371289] (-) TimerEvent: {}
[22.471677] (-) TimerEvent: {}
[22.571938] (-) TimerEvent: {}
[22.672224] (-) TimerEvent: {}
[22.772492] (-) TimerEvent: {}
[22.872764] (-) TimerEvent: {}
[22.973093] (-) TimerEvent: {}
[23.073382] (-) TimerEvent: {}
[23.173688] (-) TimerEvent: {}
[23.274050] (-) TimerEvent: {}
[23.374328] (-) TimerEvent: {}
[23.474543] (-) TimerEvent: {}
[23.574808] (-) TimerEvent: {}
[23.675084] (-) TimerEvent: {}
[23.775361] (-) TimerEvent: {}
[23.875614] (-) TimerEvent: {}
[23.975898] (-) TimerEvent: {}
[24.076166] (-) TimerEvent: {}
[24.176557] (-) TimerEvent: {}
[24.276846] (-) TimerEvent: {}
[24.377159] (-) TimerEvent: {}
[24.477486] (-) TimerEvent: {}
[24.577811] (-) TimerEvent: {}
[24.678180] (-) TimerEvent: {}
[24.778469] (-) TimerEvent: {}
[24.878702] (-) TimerEvent: {}
[24.978971] (-) TimerEvent: {}
[25.079210] (-) TimerEvent: {}
[25.179506] (-) TimerEvent: {}
[25.279783] (-) TimerEvent: {}
[25.380058] (-) TimerEvent: {}
[25.480327] (-) TimerEvent: {}
[25.580643] (-) TimerEvent: {}
[25.680902] (-) TimerEvent: {}
[25.781231] (-) TimerEvent: {}
[25.881552] (-) TimerEvent: {}
[25.981824] (-) TimerEvent: {}
[26.082097] (-) TimerEvent: {}
[26.182396] (-) TimerEvent: {}
[26.282683] (-) TimerEvent: {}
[26.382958] (-) TimerEvent: {}
[26.483248] (-) TimerEvent: {}
[26.583535] (-) TimerEvent: {}
[26.683797] (-) TimerEvent: {}
[26.784057] (-) TimerEvent: {}
[26.884316] (-) TimerEvent: {}
[26.984571] (-) TimerEvent: {}
[27.084899] (-) TimerEvent: {}
[27.185202] (-) TimerEvent: {}
[27.285573] (-) TimerEvent: {}
[27.385862] (-) TimerEvent: {}
[27.486248] (-) TimerEvent: {}
[27.586997] (-) TimerEvent: {}
[27.687437] (-) TimerEvent: {}
[27.788358] (-) TimerEvent: {}
[27.888890] (-) TimerEvent: {}
[27.989293] (-) TimerEvent: {}
[28.089910] (-) TimerEvent: {}
[28.190285] (-) TimerEvent: {}
[28.290705] (-) TimerEvent: {}
[28.391090] (-) TimerEvent: {}
[28.491560] (-) TimerEvent: {}
[28.591993] (-) TimerEvent: {}
[28.692268] (-) TimerEvent: {}
[28.792501] (-) TimerEvent: {}
[28.892769] (-) TimerEvent: {}
[28.993058] (-) TimerEvent: {}
[29.093323] (-) TimerEvent: {}
[29.193551] (-) TimerEvent: {}
[29.293880] (-) TimerEvent: {}
[29.394270] (-) TimerEvent: {}
[29.494541] (-) TimerEvent: {}
[29.594839] (-) TimerEvent: {}
[29.695146] (-) TimerEvent: {}
[29.795462] (-) TimerEvent: {}
[29.895725] (-) TimerEvent: {}
[29.996028] (-) TimerEvent: {}
[30.096346] (-) TimerEvent: {}
[30.196650] (-) TimerEvent: {}
[30.296940] (-) TimerEvent: {}
[30.397219] (-) TimerEvent: {}
[30.497510] (-) TimerEvent: {}
[30.597796] (-) TimerEvent: {}
[30.698102] (-) TimerEvent: {}
[30.798399] (-) TimerEvent: {}
[30.898946] (-) TimerEvent: {}
[30.999211] (-) TimerEvent: {}
[31.099457] (-) TimerEvent: {}
[31.199702] (-) TimerEvent: {}
[31.299965] (-) TimerEvent: {}
[31.400231] (-) TimerEvent: {}
[31.500487] (-) TimerEvent: {}
[31.600746] (-) TimerEvent: {}
[31.700991] (-) TimerEvent: {}
[31.801304] (-) TimerEvent: {}
[31.901612] (-) TimerEvent: {}
[32.001881] (-) TimerEvent: {}
[32.102187] (-) TimerEvent: {}
[32.202535] (-) TimerEvent: {}
[32.302985] (-) TimerEvent: {}
[32.403426] (-) TimerEvent: {}
[32.503726] (-) TimerEvent: {}
[32.604066] (-) TimerEvent: {}
[32.704483] (-) TimerEvent: {}
[32.804892] (-) TimerEvent: {}
[32.905321] (-) TimerEvent: {}
[33.005977] (-) TimerEvent: {}
[33.106233] (-) TimerEvent: {}
[33.206539] (-) TimerEvent: {}
[33.306799] (-) TimerEvent: {}
[33.407112] (-) TimerEvent: {}
[33.507506] (-) TimerEvent: {}
[33.608122] (-) TimerEvent: {}
[33.708532] (-) TimerEvent: {}
[33.808797] (-) TimerEvent: {}
[33.909065] (-) TimerEvent: {}
[34.009312] (-) TimerEvent: {}
[34.109545] (-) TimerEvent: {}
[34.209892] (-) TimerEvent: {}
[34.310193] (-) TimerEvent: {}
[34.410492] (-) TimerEvent: {}
[34.510827] (-) TimerEvent: {}
[34.611264] (-) TimerEvent: {}
[34.711617] (-) TimerEvent: {}
[34.812145] (-) TimerEvent: {}
[34.912489] (-) TimerEvent: {}
[35.012763] (-) TimerEvent: {}
[35.113039] (-) TimerEvent: {}
[35.213326] (-) TimerEvent: {}
[35.313587] (-) TimerEvent: {}
[35.413854] (-) TimerEvent: {}
[35.514132] (-) TimerEvent: {}
[35.614436] (-) TimerEvent: {}
[35.714795] (-) TimerEvent: {}
[35.815216] (-) TimerEvent: {}
[35.915480] (-) TimerEvent: {}
[36.015764] (-) TimerEvent: {}
[36.116040] (-) TimerEvent: {}
[36.216322] (-) TimerEvent: {}
[36.316564] (-) TimerEvent: {}
[36.416822] (-) TimerEvent: {}
[36.517099] (-) TimerEvent: {}
[36.617373] (-) TimerEvent: {}
[36.717649] (-) TimerEvent: {}
[36.818027] (-) TimerEvent: {}
[36.850812] (sjtu_drone_description) StdoutLine: {'line': b'[100%] \x1b[32m\x1b[1mLinking CXX shared library /root/sjtu_project/sjtu_drone/sjtu_drone_description/plugins/libplugin_drone.so\x1b[0m\n'}
[36.918180] (-) TimerEvent: {}
[37.018533] (-) TimerEvent: {}
[37.118971] (-) TimerEvent: {}
[37.219466] (-) TimerEvent: {}
[37.320000] (-) TimerEvent: {}
[37.420574] (-) TimerEvent: {}
[37.521335] (-) TimerEvent: {}
[37.621978] (-) TimerEvent: {}
[37.722634] (-) TimerEvent: {}
[37.823133] (-) TimerEvent: {}
[37.923455] (-) TimerEvent: {}
[38.023788] (-) TimerEvent: {}
[38.124297] (-) TimerEvent: {}
[38.224548] (-) TimerEvent: {}
[38.324926] (-) TimerEvent: {}
[38.425276] (-) TimerEvent: {}
[38.525587] (-) TimerEvent: {}
[38.625893] (-) TimerEvent: {}
[38.726173] (-) TimerEvent: {}
[38.826476] (-) TimerEvent: {}
[38.926759] (-) TimerEvent: {}
[39.027036] (-) TimerEvent: {}
[39.127327] (-) TimerEvent: {}
[39.227582] (-) TimerEvent: {}
[39.327859] (-) TimerEvent: {}
[39.428150] (-) TimerEvent: {}
[39.528428] (-) TimerEvent: {}
[39.600817] (sjtu_drone_description) StdoutLine: {'line': b'[100%] Built target plugin_drone\n'}
[39.614374] (sjtu_drone_description) CommandEnded: {'returncode': 0}
[39.614999] (sjtu_drone_description) JobProgress: {'identifier': 'sjtu_drone_description', 'progress': 'install'}
[39.624994] (sjtu_drone_description) Command: {'cmd': ['/usr/bin/cmake', '--install', '/root/sjtu_project/build/sjtu_drone_description'], 'cwd': '/root/sjtu_project/build/sjtu_drone_description', 'env': OrderedDict([('HOSTNAME', 'LP-Boston-12214'), ('SHLVL', '1'), ('LD_LIBRARY_PATH', '/root/sjtu_project/install/sjtu_drone_description/lib:/usr/lib/x86_64-linux-gnu/gazebo-11/plugins:/opt/ros/humble/opt/rviz_ogre_vendor/lib:/opt/ros/humble/lib/x86_64-linux-gnu:/opt/ros/humble/lib'), ('HOME', '/root'), ('SKIP_MAP', 'true'), ('OLDPWD', '/ros2_ws'), ('GAZEBO_MASTER_URI', 'http://localhost:11345'), ('ROS_PYTHON_VERSION', '3'), ('COLCON_PREFIX_PATH', '/root/sjtu_project/install'), ('ROS_DISTRO', 'humble'), ('_', '/usr/bin/colcon'), ('ROS_VERSION', '2'), ('TERM', 'xterm'), ('GAZEBO_MODEL_PATH', '/usr/share/gazebo-11/models:/root/sjtu_project/aws-robomaker-hospital-world/models:/root/sjtu_project/sjtu_drone/sjtu_drone_description:/root/sjtu_project/sjtu_drone/models'), ('ROS_LOCALHOST_ONLY', '0'), ('QT_X11_NO_MITSHM', '1'), ('PATH', '/opt/ros/humble/bin:/usr/local/sbin:/usr/local/bin:/usr/sbin:/usr/bin:/sbin:/bin'), ('GAZEBO_VERBOSE', '1'), ('DISPLAY', ':1'), ('LANG', 'C.UTF-8'), ('RMW_IMPLEMENTATION', 'rmw_fastrtps_cpp'), ('XAUTHORITY', '/home/shirb/.Xauthority'), ('AMENT_PREFIX_PATH', '/root/sjtu_project/install/sjtu_drone_description:/root/sjtu_project/install/sjtu_drone_control:/root/sjtu_project/install/sjtu_drone_bringup:/opt/ros/humble'), ('ALSA_CARD', '0'), ('GAZEBO_RESOURCE_PATH', '/usr/share/gazebo-11:/root/sjtu_project/aws-robomaker-hospital-world/worlds:/root/sjtu_project/aws-robomaker-hospital-world'), ('GAZEBO_MODEL_DATABASE_URI', ''), ('GAZEBO_AUDIO_DEVICE', 'null'), ('PWD', '/root/sjtu_project/build/sjtu_drone_description'), ('LC_ALL', 'C.UTF-8'), ('GAZEBO_PLUGIN_PATH', '/usr/lib/x86_64-linux-gnu/gazebo-11/plugins:'), ('PYTHONPATH', '/root/sjtu_project/install/sjtu_drone_control/lib/python3.10/site-packages:/root/sjtu_project/install/sjtu_drone_bringup/lib/python3.10/site-packages:/opt/ros/humble/lib/python3.10/site-packages:/opt/ros/humble/local/lib/python3.10/dist-packages'), ('NVIDIA_VISIBLE_DEVICES', 'all'), ('COLCON', '1'), ('CMAKE_PREFIX_PATH', '/root/sjtu_project/install/sjtu_drone_description:/root/sjtu_project/install/sjtu_drone_control:/root/sjtu_project/install/sjtu_drone_bringup:/opt/ros/humble')]), 'shell': False}
[39.628465] (-) TimerEvent: {}
[39.632560] (sjtu_drone_description) StdoutLine: {'line': b'-- Install configuration: ""\n'}
[39.632945] (sjtu_drone_description) StdoutLine: {'line': b'-- Installing: /root/sjtu_project/install/sjtu_drone_description/include\n'}
[39.633110] (sjtu_drone_description) StdoutLine: {'line': b'-- Installing: /root/sjtu_project/install/sjtu_drone_description/include/sjtu_drone_description\n'}
[39.633219] (sjtu_drone_description) StdoutLine: {'line': b'-- Installing: /root/sjtu_project/install/sjtu_drone_description/include/sjtu_drone_description/plugin_drone.h\n'}
[39.633620] (sjtu_drone_description) StdoutLine: {'line': b'-- Installing: /root/sjtu_project/install/sjtu_drone_description/include/sjtu_drone_description/pid_controller.h\n'}
[39.633744] (sjtu_drone_description) StdoutLine: {'line': b'-- Installing: /root/sjtu_project/install/sjtu_drone_description/include/sjtu_drone_description/plugin_drone_private.h\n'}
[39.634320] (sjtu_drone_description) StdoutLine: {'line': b'-- Installing: /root/sjtu_project/install/sjtu_drone_description/lib/libplugin_drone.so\n'}
[39.662587] (sjtu_drone_description) StdoutLine: {'line': b'-- Set runtime path of "/root/sjtu_project/install/sjtu_drone_description/lib/libplugin_drone.so" to ""\n'}
[39.662875] (sjtu_drone_description) StdoutLine: {'line': b'-- Installing: /root/sjtu_project/install/sjtu_drone_description/share/sjtu_drone_description/environment/library_path.sh\n'}
[39.663070] (sjtu_drone_description) StdoutLine: {'line': b'-- Installing: /root/sjtu_project/install/sjtu_drone_description/share/sjtu_drone_description/environment/library_path.dsv\n'}
[39.663274] (sjtu_drone_description) StdoutLine: {'line': b'-- Installing: /root/sjtu_project/install/sjtu_drone_description/share/sjtu_drone_description/models\n'}
[39.663403] (sjtu_drone_description) StdoutLine: {'line': b'-- Installing: /root/sjtu_project/install/sjtu_drone_description/share/sjtu_drone_description/models/sjtu_drone\n'}
[39.663496] (sjtu_drone_description) StdoutLine: {'line': b'-- Installing: /root/sjtu_project/install/sjtu_drone_description/share/sjtu_drone_description/models/sjtu_drone/sjtu_drone.sdf\n'}
[39.663875] (sjtu_drone_description) StdoutLine: {'line': b'-- Installing: /root/sjtu_project/install/sjtu_drone_description/share/sjtu_drone_description/models/sjtu_drone/model.config\n'}
[39.664056] (sjtu_drone_description) StdoutLine: {'line': b'-- Installing: /root/sjtu_project/install/sjtu_drone_description/share/sjtu_drone_description/models/sjtu_drone/quadrotor_4.stl\n'}
[39.664808] (sjtu_drone_description) StdoutLine: {'line': b'-- Installing: /root/sjtu_project/install/sjtu_drone_description/share/sjtu_drone_description/models/sjtu_drone/quadrotor_4.dae\n'}
[39.665506] (sjtu_drone_description) StdoutLine: {'line': b'-- Installing: /root/sjtu_project/install/sjtu_drone_description/share/sjtu_drone_description/models/database.config\n'}
[39.665966] (sjtu_drone_description) StdoutLine: {'line': b'-- Installing: /root/sjtu_project/install/sjtu_drone_description/share/sjtu_drone_description/urdf\n'}
[39.666080] (sjtu_drone_description) StdoutLine: {'line': b'-- Installing: /root/sjtu_project/install/sjtu_drone_description/share/sjtu_drone_description/urdf/sjtu_drone.urdf.xacro\n'}
[39.666494] (sjtu_drone_description) StdoutLine: {'line': b'-- Installing: /root/sjtu_project/install/sjtu_drone_description/share/sjtu_drone_description/urdf/sjtu_drone.urdf\n'}
[39.666992] (sjtu_drone_description) StdoutLine: {'line': b'-- Installing: /root/sjtu_project/install/sjtu_drone_description/share/sjtu_drone_description/worlds\n'}
[39.667168] (sjtu_drone_description) StdoutLine: {'line': b'-- Installing: /root/sjtu_project/install/sjtu_drone_description/share/sjtu_drone_description/worlds/playground.world\n'}
[39.667795] (sjtu_drone_description) StdoutLine: {'line': b'-- Installing: /root/sjtu_project/install/sjtu_drone_description/share/ament_index/resource_index/package_run_dependencies/sjtu_drone_description\n'}
[39.668022] (sjtu_drone_description) StdoutLine: {'line': b'-- Installing: /root/sjtu_project/install/sjtu_drone_description/share/ament_index/resource_index/parent_prefix_path/sjtu_drone_description\n'}
[39.668241] (sjtu_drone_description) StdoutLine: {'line': b'-- Installing: /root/sjtu_project/install/sjtu_drone_description/share/sjtu_drone_description/environment/ament_prefix_path.sh\n'}
[39.668692] (sjtu_drone_description) StdoutLine: {'line': b'-- Installing: /root/sjtu_project/install/sjtu_drone_description/share/sjtu_drone_description/environment/ament_prefix_path.dsv\n'}
[39.669274] (sjtu_drone_description) StdoutLine: {'line': b'-- Installing: /root/sjtu_project/install/sjtu_drone_description/share/sjtu_drone_description/environment/path.sh\n'}
[39.669682] (sjtu_drone_description) StdoutLine: {'line': b'-- Installing: /root/sjtu_project/install/sjtu_drone_description/share/sjtu_drone_description/environment/path.dsv\n'}
[39.669994] (sjtu_drone_description) StdoutLine: {'line': b'-- Installing: /root/sjtu_project/install/sjtu_drone_description/share/sjtu_drone_description/local_setup.bash\n'}
[39.670256] (sjtu_drone_description) StdoutLine: {'line': b'-- Installing: /root/sjtu_project/install/sjtu_drone_description/share/sjtu_drone_description/local_setup.sh\n'}
[39.670580] (sjtu_drone_description) StdoutLine: {'line': b'-- Installing: /root/sjtu_project/install/sjtu_drone_description/share/sjtu_drone_description/local_setup.zsh\n'}
[39.670851] (sjtu_drone_description) StdoutLine: {'line': b'-- Installing: /root/sjtu_project/install/sjtu_drone_description/share/sjtu_drone_description/local_setup.dsv\n'}
[39.671085] (sjtu_drone_description) StdoutLine: {'line': b'-- Installing: /root/sjtu_project/install/sjtu_drone_description/share/sjtu_drone_description/package.dsv\n'}
[39.671363] (sjtu_drone_description) StdoutLine: {'line': b'-- Installing: /root/sjtu_project/install/sjtu_drone_description/share/ament_index/resource_index/packages/sjtu_drone_description\n'}
[39.671726] (sjtu_drone_description) StdoutLine: {'line': b'-- Installing: /root/sjtu_project/install/sjtu_drone_description/share/sjtu_drone_description/cmake/export_sjtu_drone_descriptionExport.cmake\n'}
[39.671989] (sjtu_drone_description) StdoutLine: {'line': b'-- Installing: /root/sjtu_project/install/sjtu_drone_description/share/sjtu_drone_description/cmake/export_sjtu_drone_descriptionExport-noconfig.cmake\n'}
[39.672203] (sjtu_drone_description) StdoutLine: {'line': b'-- Installing: /root/sjtu_project/install/sjtu_drone_description/share/sjtu_drone_description/cmake/ament_cmake_export_include_directories-extras.cmake\n'}
[39.672437] (sjtu_drone_description) StdoutLine: {'line': b'-- Installing: /root/sjtu_project/install/sjtu_drone_description/share/sjtu_drone_description/cmake/ament_cmake_export_libraries-extras.cmake\n'}
[39.672677] (sjtu_drone_description) StdoutLine: {'line': b'-- Installing: /root/sjtu_project/install/sjtu_drone_description/share/sjtu_drone_description/cmake/ament_cmake_export_targets-extras.cmake\n'}
[39.672898] (sjtu_drone_description) StdoutLine: {'line': b'-- Installing: /root/sjtu_project/install/sjtu_drone_description/share/sjtu_drone_description/cmake/sjtu_drone_descriptionConfig.cmake\n'}
[39.673087] (sjtu_drone_description) StdoutLine: {'line': b'-- Installing: /root/sjtu_project/install/sjtu_drone_description/share/sjtu_drone_description/cmake/sjtu_drone_descriptionConfig-version.cmake\n'}
[39.673307] (sjtu_drone_description) StdoutLine: {'line': b'-- Installing: /root/sjtu_project/install/sjtu_drone_description/share/sjtu_drone_description/package.xml\n'}
[39.675976] (sjtu_drone_description) CommandEnded: {'returncode': 0}
[39.695224] (sjtu_drone_description) JobEnded: {'identifier': 'sjtu_drone_description', 'rc': 0}
[39.696041] (-) EventReactorShutdown: {}
