[0.138s] DEBUG:colcon:Command line arguments: ['/usr/bin/colcon', 'build', '--packages-select', 'sjtu_drone_bringup', 'sjtu_drone_description', 'sjtu_drone_control', '--cmake-args', '-DBUILD_TESTING=OFF', '-DRMW_IMPLEMENTATION=rmw_fastrtps_cpp']
[0.138s] DEBUG:colcon:Parsed command line arguments: Namespace(log_base=None, log_level=None, verb_name='build', build_base='build', install_base='install', merge_install=False, symlink_install=False, test_result_base=None, continue_on_error=False, executor='parallel', parallel_workers=12, event_handlers=None, ignore_user_meta=False, metas=['./colcon.meta'], base_paths=['.'], packages_ignore=None, packages_ignore_regex=None, paths=None, packages_up_to=None, packages_up_to_regex=None, packages_above=None, packages_above_and_dependencies=None, packages_above_depth=None, packages_select_by_dep=None, packages_skip_by_dep=None, packages_skip_up_to=None, packages_select_build_failed=False, packages_skip_build_finished=False, packages_select_test_failures=False, packages_skip_test_passed=False, packages_select=['sjtu_drone_bringup', 'sjtu_drone_description', 'sjtu_drone_control'], packages_skip=None, packages_select_regex=None, packages_skip_regex=None, packages_start=None, packages_end=None, cmake_args=['-DBUILD_TESTING=OFF', '-DRMW_IMPLEMENTATION=rmw_fastrtps_cpp'], cmake_target=None, cmake_target_skip_unavailable=False, cmake_clean_cache=False, cmake_clean_first=False, cmake_force_configure=False, ament_cmake_args=None, catkin_cmake_args=None, catkin_skip_building_tests=False, verb_parser=<colcon_defaults.argument_parser.defaults.DefaultArgumentsDecorator object at 0x7a0b2fe707f0>, verb_extension=<colcon_core.verb.build.BuildVerb object at 0x7a0b2ff89ba0>, main=<bound method BuildVerb.main of <colcon_core.verb.build.BuildVerb object at 0x7a0b2ff89ba0>>)
[0.279s] Level 1:colcon.colcon_core.package_discovery:discover_packages(colcon_meta) check parameters
[0.280s] Level 1:colcon.colcon_core.package_discovery:discover_packages(recursive) check parameters
[0.280s] Level 1:colcon.colcon_core.package_discovery:discover_packages(ignore) check parameters
[0.280s] Level 1:colcon.colcon_core.package_discovery:discover_packages(path) check parameters
[0.280s] Level 1:colcon.colcon_core.package_discovery:discover_packages(colcon_meta) discover
[0.280s] Level 1:colcon.colcon_core.package_discovery:discover_packages(recursive) discover
[0.280s] INFO:colcon.colcon_core.package_discovery:Crawling recursively for packages in '/root/sjtu_project'
[0.280s] Level 1:colcon.colcon_core.package_identification:_identify(.) by extensions ['ignore', 'ignore_ament_install']
[0.280s] Level 1:colcon.colcon_core.package_identification:_identify(.) by extension 'ignore'
[0.280s] Level 1:colcon.colcon_core.package_identification:_identify(.) by extension 'ignore_ament_install'
[0.280s] Level 1:colcon.colcon_core.package_identification:_identify(.) by extensions ['colcon_pkg']
[0.280s] Level 1:colcon.colcon_core.package_identification:_identify(.) by extension 'colcon_pkg'
[0.280s] Level 1:colcon.colcon_core.package_identification:_identify(.) by extensions ['colcon_meta']
[0.280s] Level 1:colcon.colcon_core.package_identification:_identify(.) by extension 'colcon_meta'
[0.281s] Level 1:colcon.colcon_core.package_identification:_identify(.) by extensions ['ros']
[0.281s] Level 1:colcon.colcon_core.package_identification:_identify(.) by extension 'ros'
[0.293s] Level 1:colcon.colcon_core.package_identification:_identify(.) by extensions ['cmake', 'python']
[0.294s] Level 1:colcon.colcon_core.package_identification:_identify(.) by extension 'cmake'
[0.294s] Level 1:colcon.colcon_core.package_identification:_identify(.) by extension 'python'
[0.294s] Level 1:colcon.colcon_core.package_identification:_identify(.) by extensions ['python_setup_py']
[0.294s] Level 1:colcon.colcon_core.package_identification:_identify(.) by extension 'python_setup_py'
[0.294s] Level 1:colcon.colcon_core.package_identification:_identify(apriltag) by extensions ['ignore', 'ignore_ament_install']
[0.294s] Level 1:colcon.colcon_core.package_identification:_identify(apriltag) by extension 'ignore'
[0.294s] Level 1:colcon.colcon_core.package_identification:_identify(apriltag) by extension 'ignore_ament_install'
[0.294s] Level 1:colcon.colcon_core.package_identification:_identify(apriltag) by extensions ['colcon_pkg']
[0.294s] Level 1:colcon.colcon_core.package_identification:_identify(apriltag) by extension 'colcon_pkg'
[0.294s] Level 1:colcon.colcon_core.package_identification:_identify(apriltag) by extensions ['colcon_meta']
[0.294s] Level 1:colcon.colcon_core.package_identification:_identify(apriltag) by extension 'colcon_meta'
[0.294s] Level 1:colcon.colcon_core.package_identification:_identify(apriltag) by extensions ['ros']
[0.294s] Level 1:colcon.colcon_core.package_identification:_identify(apriltag) by extension 'ros'
[0.295s] Level 1:colcon.colcon_core.package_identification:_identify(apriltag) by extensions ['cmake', 'python']
[0.295s] Level 1:colcon.colcon_core.package_identification:_identify(apriltag) by extension 'cmake'
[0.295s] Level 1:colcon.colcon_core.package_identification:_identify(apriltag) by extension 'python'
[0.295s] Level 1:colcon.colcon_core.package_identification:_identify(apriltag) by extensions ['python_setup_py']
[0.295s] Level 1:colcon.colcon_core.package_identification:_identify(apriltag) by extension 'python_setup_py'
[0.295s] Level 1:colcon.colcon_core.package_identification:_identify(apriltag/Apriltag36_11_00014) by extensions ['ignore', 'ignore_ament_install']
[0.295s] Level 1:colcon.colcon_core.package_identification:_identify(apriltag/Apriltag36_11_00014) by extension 'ignore'
[0.295s] Level 1:colcon.colcon_core.package_identification:_identify(apriltag/Apriltag36_11_00014) by extension 'ignore_ament_install'
[0.295s] Level 1:colcon.colcon_core.package_identification:_identify(apriltag/Apriltag36_11_00014) by extensions ['colcon_pkg']
[0.295s] Level 1:colcon.colcon_core.package_identification:_identify(apriltag/Apriltag36_11_00014) by extension 'colcon_pkg'
[0.295s] Level 1:colcon.colcon_core.package_identification:_identify(apriltag/Apriltag36_11_00014) by extensions ['colcon_meta']
[0.295s] Level 1:colcon.colcon_core.package_identification:_identify(apriltag/Apriltag36_11_00014) by extension 'colcon_meta'
[0.295s] Level 1:colcon.colcon_core.package_identification:_identify(apriltag/Apriltag36_11_00014) by extensions ['ros']
[0.296s] Level 1:colcon.colcon_core.package_identification:_identify(apriltag/Apriltag36_11_00014) by extension 'ros'
[0.296s] Level 1:colcon.colcon_core.package_identification:_identify(apriltag/Apriltag36_11_00014) by extensions ['cmake', 'python']
[0.296s] Level 1:colcon.colcon_core.package_identification:_identify(apriltag/Apriltag36_11_00014) by extension 'cmake'
[0.296s] Level 1:colcon.colcon_core.package_identification:_identify(apriltag/Apriltag36_11_00014) by extension 'python'
[0.296s] Level 1:colcon.colcon_core.package_identification:_identify(apriltag/Apriltag36_11_00014) by extensions ['python_setup_py']
[0.296s] Level 1:colcon.colcon_core.package_identification:_identify(apriltag/Apriltag36_11_00014) by extension 'python_setup_py'
[0.296s] Level 1:colcon.colcon_core.package_identification:_identify(apriltag/Apriltag36_11_00014/materials) by extensions ['ignore', 'ignore_ament_install']
[0.296s] Level 1:colcon.colcon_core.package_identification:_identify(apriltag/Apriltag36_11_00014/materials) by extension 'ignore'
[0.296s] Level 1:colcon.colcon_core.package_identification:_identify(apriltag/Apriltag36_11_00014/materials) by extension 'ignore_ament_install'
[0.296s] Level 1:colcon.colcon_core.package_identification:_identify(apriltag/Apriltag36_11_00014/materials) by extensions ['colcon_pkg']
[0.296s] Level 1:colcon.colcon_core.package_identification:_identify(apriltag/Apriltag36_11_00014/materials) by extension 'colcon_pkg'
[0.296s] Level 1:colcon.colcon_core.package_identification:_identify(apriltag/Apriltag36_11_00014/materials) by extensions ['colcon_meta']
[0.296s] Level 1:colcon.colcon_core.package_identification:_identify(apriltag/Apriltag36_11_00014/materials) by extension 'colcon_meta'
[0.297s] Level 1:colcon.colcon_core.package_identification:_identify(apriltag/Apriltag36_11_00014/materials) by extensions ['ros']
[0.297s] Level 1:colcon.colcon_core.package_identification:_identify(apriltag/Apriltag36_11_00014/materials) by extension 'ros'
[0.297s] Level 1:colcon.colcon_core.package_identification:_identify(apriltag/Apriltag36_11_00014/materials) by extensions ['cmake', 'python']
[0.297s] Level 1:colcon.colcon_core.package_identification:_identify(apriltag/Apriltag36_11_00014/materials) by extension 'cmake'
[0.297s] Level 1:colcon.colcon_core.package_identification:_identify(apriltag/Apriltag36_11_00014/materials) by extension 'python'
[0.297s] Level 1:colcon.colcon_core.package_identification:_identify(apriltag/Apriltag36_11_00014/materials) by extensions ['python_setup_py']
[0.297s] Level 1:colcon.colcon_core.package_identification:_identify(apriltag/Apriltag36_11_00014/materials) by extension 'python_setup_py'
[0.297s] Level 1:colcon.colcon_core.package_identification:_identify(apriltag/Apriltag36_11_00014/materials/scripts) by extensions ['ignore', 'ignore_ament_install']
[0.297s] Level 1:colcon.colcon_core.package_identification:_identify(apriltag/Apriltag36_11_00014/materials/scripts) by extension 'ignore'
[0.297s] Level 1:colcon.colcon_core.package_identification:_identify(apriltag/Apriltag36_11_00014/materials/scripts) by extension 'ignore_ament_install'
[0.297s] Level 1:colcon.colcon_core.package_identification:_identify(apriltag/Apriltag36_11_00014/materials/scripts) by extensions ['colcon_pkg']
[0.297s] Level 1:colcon.colcon_core.package_identification:_identify(apriltag/Apriltag36_11_00014/materials/scripts) by extension 'colcon_pkg'
[0.298s] Level 1:colcon.colcon_core.package_identification:_identify(apriltag/Apriltag36_11_00014/materials/scripts) by extensions ['colcon_meta']
[0.298s] Level 1:colcon.colcon_core.package_identification:_identify(apriltag/Apriltag36_11_00014/materials/scripts) by extension 'colcon_meta'
[0.298s] Level 1:colcon.colcon_core.package_identification:_identify(apriltag/Apriltag36_11_00014/materials/scripts) by extensions ['ros']
[0.298s] Level 1:colcon.colcon_core.package_identification:_identify(apriltag/Apriltag36_11_00014/materials/scripts) by extension 'ros'
[0.298s] Level 1:colcon.colcon_core.package_identification:_identify(apriltag/Apriltag36_11_00014/materials/scripts) by extensions ['cmake', 'python']
[0.298s] Level 1:colcon.colcon_core.package_identification:_identify(apriltag/Apriltag36_11_00014/materials/scripts) by extension 'cmake'
[0.298s] Level 1:colcon.colcon_core.package_identification:_identify(apriltag/Apriltag36_11_00014/materials/scripts) by extension 'python'
[0.298s] Level 1:colcon.colcon_core.package_identification:_identify(apriltag/Apriltag36_11_00014/materials/scripts) by extensions ['python_setup_py']
[0.298s] Level 1:colcon.colcon_core.package_identification:_identify(apriltag/Apriltag36_11_00014/materials/scripts) by extension 'python_setup_py'
[0.298s] Level 1:colcon.colcon_core.package_identification:_identify(apriltag/Apriltag36_11_00014/materials/textures) by extensions ['ignore', 'ignore_ament_install']
[0.298s] Level 1:colcon.colcon_core.package_identification:_identify(apriltag/Apriltag36_11_00014/materials/textures) by extension 'ignore'
[0.298s] Level 1:colcon.colcon_core.package_identification:_identify(apriltag/Apriltag36_11_00014/materials/textures) by extension 'ignore_ament_install'
[0.299s] Level 1:colcon.colcon_core.package_identification:_identify(apriltag/Apriltag36_11_00014/materials/textures) by extensions ['colcon_pkg']
[0.299s] Level 1:colcon.colcon_core.package_identification:_identify(apriltag/Apriltag36_11_00014/materials/textures) by extension 'colcon_pkg'
[0.299s] Level 1:colcon.colcon_core.package_identification:_identify(apriltag/Apriltag36_11_00014/materials/textures) by extensions ['colcon_meta']
[0.299s] Level 1:colcon.colcon_core.package_identification:_identify(apriltag/Apriltag36_11_00014/materials/textures) by extension 'colcon_meta'
[0.299s] Level 1:colcon.colcon_core.package_identification:_identify(apriltag/Apriltag36_11_00014/materials/textures) by extensions ['ros']
[0.299s] Level 1:colcon.colcon_core.package_identification:_identify(apriltag/Apriltag36_11_00014/materials/textures) by extension 'ros'
[0.299s] Level 1:colcon.colcon_core.package_identification:_identify(apriltag/Apriltag36_11_00014/materials/textures) by extensions ['cmake', 'python']
[0.299s] Level 1:colcon.colcon_core.package_identification:_identify(apriltag/Apriltag36_11_00014/materials/textures) by extension 'cmake'
[0.299s] Level 1:colcon.colcon_core.package_identification:_identify(apriltag/Apriltag36_11_00014/materials/textures) by extension 'python'
[0.299s] Level 1:colcon.colcon_core.package_identification:_identify(apriltag/Apriltag36_11_00014/materials/textures) by extensions ['python_setup_py']
[0.299s] Level 1:colcon.colcon_core.package_identification:_identify(apriltag/Apriltag36_11_00014/materials/textures) by extension 'python_setup_py'
[0.299s] Level 1:colcon.colcon_core.package_identification:_identify(apriltag/Apriltag36_11_00015) by extensions ['ignore', 'ignore_ament_install']
[0.299s] Level 1:colcon.colcon_core.package_identification:_identify(apriltag/Apriltag36_11_00015) by extension 'ignore'
[0.300s] Level 1:colcon.colcon_core.package_identification:_identify(apriltag/Apriltag36_11_00015) by extension 'ignore_ament_install'
[0.300s] Level 1:colcon.colcon_core.package_identification:_identify(apriltag/Apriltag36_11_00015) by extensions ['colcon_pkg']
[0.300s] Level 1:colcon.colcon_core.package_identification:_identify(apriltag/Apriltag36_11_00015) by extension 'colcon_pkg'
[0.300s] Level 1:colcon.colcon_core.package_identification:_identify(apriltag/Apriltag36_11_00015) by extensions ['colcon_meta']
[0.300s] Level 1:colcon.colcon_core.package_identification:_identify(apriltag/Apriltag36_11_00015) by extension 'colcon_meta'
[0.300s] Level 1:colcon.colcon_core.package_identification:_identify(apriltag/Apriltag36_11_00015) by extensions ['ros']
[0.300s] Level 1:colcon.colcon_core.package_identification:_identify(apriltag/Apriltag36_11_00015) by extension 'ros'
[0.300s] Level 1:colcon.colcon_core.package_identification:_identify(apriltag/Apriltag36_11_00015) by extensions ['cmake', 'python']
[0.300s] Level 1:colcon.colcon_core.package_identification:_identify(apriltag/Apriltag36_11_00015) by extension 'cmake'
[0.300s] Level 1:colcon.colcon_core.package_identification:_identify(apriltag/Apriltag36_11_00015) by extension 'python'
[0.300s] Level 1:colcon.colcon_core.package_identification:_identify(apriltag/Apriltag36_11_00015) by extensions ['python_setup_py']
[0.300s] Level 1:colcon.colcon_core.package_identification:_identify(apriltag/Apriltag36_11_00015) by extension 'python_setup_py'
[0.300s] Level 1:colcon.colcon_core.package_identification:_identify(apriltag/Apriltag36_11_00015/materials) by extensions ['ignore', 'ignore_ament_install']
[0.301s] Level 1:colcon.colcon_core.package_identification:_identify(apriltag/Apriltag36_11_00015/materials) by extension 'ignore'
[0.301s] Level 1:colcon.colcon_core.package_identification:_identify(apriltag/Apriltag36_11_00015/materials) by extension 'ignore_ament_install'
[0.301s] Level 1:colcon.colcon_core.package_identification:_identify(apriltag/Apriltag36_11_00015/materials) by extensions ['colcon_pkg']
[0.301s] Level 1:colcon.colcon_core.package_identification:_identify(apriltag/Apriltag36_11_00015/materials) by extension 'colcon_pkg'
[0.301s] Level 1:colcon.colcon_core.package_identification:_identify(apriltag/Apriltag36_11_00015/materials) by extensions ['colcon_meta']
[0.301s] Level 1:colcon.colcon_core.package_identification:_identify(apriltag/Apriltag36_11_00015/materials) by extension 'colcon_meta'
[0.301s] Level 1:colcon.colcon_core.package_identification:_identify(apriltag/Apriltag36_11_00015/materials) by extensions ['ros']
[0.301s] Level 1:colcon.colcon_core.package_identification:_identify(apriltag/Apriltag36_11_00015/materials) by extension 'ros'
[0.301s] Level 1:colcon.colcon_core.package_identification:_identify(apriltag/Apriltag36_11_00015/materials) by extensions ['cmake', 'python']
[0.301s] Level 1:colcon.colcon_core.package_identification:_identify(apriltag/Apriltag36_11_00015/materials) by extension 'cmake'
[0.301s] Level 1:colcon.colcon_core.package_identification:_identify(apriltag/Apriltag36_11_00015/materials) by extension 'python'
[0.301s] Level 1:colcon.colcon_core.package_identification:_identify(apriltag/Apriltag36_11_00015/materials) by extensions ['python_setup_py']
[0.301s] Level 1:colcon.colcon_core.package_identification:_identify(apriltag/Apriltag36_11_00015/materials) by extension 'python_setup_py'
[0.302s] Level 1:colcon.colcon_core.package_identification:_identify(apriltag/Apriltag36_11_00015/materials/scripts) by extensions ['ignore', 'ignore_ament_install']
[0.302s] Level 1:colcon.colcon_core.package_identification:_identify(apriltag/Apriltag36_11_00015/materials/scripts) by extension 'ignore'
[0.302s] Level 1:colcon.colcon_core.package_identification:_identify(apriltag/Apriltag36_11_00015/materials/scripts) by extension 'ignore_ament_install'
[0.302s] Level 1:colcon.colcon_core.package_identification:_identify(apriltag/Apriltag36_11_00015/materials/scripts) by extensions ['colcon_pkg']
[0.302s] Level 1:colcon.colcon_core.package_identification:_identify(apriltag/Apriltag36_11_00015/materials/scripts) by extension 'colcon_pkg'
[0.302s] Level 1:colcon.colcon_core.package_identification:_identify(apriltag/Apriltag36_11_00015/materials/scripts) by extensions ['colcon_meta']
[0.302s] Level 1:colcon.colcon_core.package_identification:_identify(apriltag/Apriltag36_11_00015/materials/scripts) by extension 'colcon_meta'
[0.302s] Level 1:colcon.colcon_core.package_identification:_identify(apriltag/Apriltag36_11_00015/materials/scripts) by extensions ['ros']
[0.302s] Level 1:colcon.colcon_core.package_identification:_identify(apriltag/Apriltag36_11_00015/materials/scripts) by extension 'ros'
[0.302s] Level 1:colcon.colcon_core.package_identification:_identify(apriltag/Apriltag36_11_00015/materials/scripts) by extensions ['cmake', 'python']
[0.302s] Level 1:colcon.colcon_core.package_identification:_identify(apriltag/Apriltag36_11_00015/materials/scripts) by extension 'cmake'
[0.302s] Level 1:colcon.colcon_core.package_identification:_identify(apriltag/Apriltag36_11_00015/materials/scripts) by extension 'python'
[0.303s] Level 1:colcon.colcon_core.package_identification:_identify(apriltag/Apriltag36_11_00015/materials/scripts) by extensions ['python_setup_py']
[0.303s] Level 1:colcon.colcon_core.package_identification:_identify(apriltag/Apriltag36_11_00015/materials/scripts) by extension 'python_setup_py'
[0.303s] Level 1:colcon.colcon_core.package_identification:_identify(apriltag/Apriltag36_11_00015/materials/textures) by extensions ['ignore', 'ignore_ament_install']
[0.303s] Level 1:colcon.colcon_core.package_identification:_identify(apriltag/Apriltag36_11_00015/materials/textures) by extension 'ignore'
[0.303s] Level 1:colcon.colcon_core.package_identification:_identify(apriltag/Apriltag36_11_00015/materials/textures) by extension 'ignore_ament_install'
[0.303s] Level 1:colcon.colcon_core.package_identification:_identify(apriltag/Apriltag36_11_00015/materials/textures) by extensions ['colcon_pkg']
[0.303s] Level 1:colcon.colcon_core.package_identification:_identify(apriltag/Apriltag36_11_00015/materials/textures) by extension 'colcon_pkg'
[0.303s] Level 1:colcon.colcon_core.package_identification:_identify(apriltag/Apriltag36_11_00015/materials/textures) by extensions ['colcon_meta']
[0.303s] Level 1:colcon.colcon_core.package_identification:_identify(apriltag/Apriltag36_11_00015/materials/textures) by extension 'colcon_meta'
[0.303s] Level 1:colcon.colcon_core.package_identification:_identify(apriltag/Apriltag36_11_00015/materials/textures) by extensions ['ros']
[0.303s] Level 1:colcon.colcon_core.package_identification:_identify(apriltag/Apriltag36_11_00015/materials/textures) by extension 'ros'
[0.303s] Level 1:colcon.colcon_core.package_identification:_identify(apriltag/Apriltag36_11_00015/materials/textures) by extensions ['cmake', 'python']
[0.304s] Level 1:colcon.colcon_core.package_identification:_identify(apriltag/Apriltag36_11_00015/materials/textures) by extension 'cmake'
[0.304s] Level 1:colcon.colcon_core.package_identification:_identify(apriltag/Apriltag36_11_00015/materials/textures) by extension 'python'
[0.304s] Level 1:colcon.colcon_core.package_identification:_identify(apriltag/Apriltag36_11_00015/materials/textures) by extensions ['python_setup_py']
[0.304s] Level 1:colcon.colcon_core.package_identification:_identify(apriltag/Apriltag36_11_00015/materials/textures) by extension 'python_setup_py'
[0.304s] Level 1:colcon.colcon_core.package_identification:_identify(apriltag/Apriltag36_11_00016) by extensions ['ignore', 'ignore_ament_install']
[0.304s] Level 1:colcon.colcon_core.package_identification:_identify(apriltag/Apriltag36_11_00016) by extension 'ignore'
[0.304s] Level 1:colcon.colcon_core.package_identification:_identify(apriltag/Apriltag36_11_00016) by extension 'ignore_ament_install'
[0.304s] Level 1:colcon.colcon_core.package_identification:_identify(apriltag/Apriltag36_11_00016) by extensions ['colcon_pkg']
[0.304s] Level 1:colcon.colcon_core.package_identification:_identify(apriltag/Apriltag36_11_00016) by extension 'colcon_pkg'
[0.304s] Level 1:colcon.colcon_core.package_identification:_identify(apriltag/Apriltag36_11_00016) by extensions ['colcon_meta']
[0.304s] Level 1:colcon.colcon_core.package_identification:_identify(apriltag/Apriltag36_11_00016) by extension 'colcon_meta'
[0.304s] Level 1:colcon.colcon_core.package_identification:_identify(apriltag/Apriltag36_11_00016) by extensions ['ros']
[0.304s] Level 1:colcon.colcon_core.package_identification:_identify(apriltag/Apriltag36_11_00016) by extension 'ros'
[0.305s] Level 1:colcon.colcon_core.package_identification:_identify(apriltag/Apriltag36_11_00016) by extensions ['cmake', 'python']
[0.305s] Level 1:colcon.colcon_core.package_identification:_identify(apriltag/Apriltag36_11_00016) by extension 'cmake'
[0.305s] Level 1:colcon.colcon_core.package_identification:_identify(apriltag/Apriltag36_11_00016) by extension 'python'
[0.305s] Level 1:colcon.colcon_core.package_identification:_identify(apriltag/Apriltag36_11_00016) by extensions ['python_setup_py']
[0.305s] Level 1:colcon.colcon_core.package_identification:_identify(apriltag/Apriltag36_11_00016) by extension 'python_setup_py'
[0.305s] Level 1:colcon.colcon_core.package_identification:_identify(apriltag/Apriltag36_11_00016/materials) by extensions ['ignore', 'ignore_ament_install']
[0.305s] Level 1:colcon.colcon_core.package_identification:_identify(apriltag/Apriltag36_11_00016/materials) by extension 'ignore'
[0.305s] Level 1:colcon.colcon_core.package_identification:_identify(apriltag/Apriltag36_11_00016/materials) by extension 'ignore_ament_install'
[0.305s] Level 1:colcon.colcon_core.package_identification:_identify(apriltag/Apriltag36_11_00016/materials) by extensions ['colcon_pkg']
[0.305s] Level 1:colcon.colcon_core.package_identification:_identify(apriltag/Apriltag36_11_00016/materials) by extension 'colcon_pkg'
[0.305s] Level 1:colcon.colcon_core.package_identification:_identify(apriltag/Apriltag36_11_00016/materials) by extensions ['colcon_meta']
[0.305s] Level 1:colcon.colcon_core.package_identification:_identify(apriltag/Apriltag36_11_00016/materials) by extension 'colcon_meta'
[0.306s] Level 1:colcon.colcon_core.package_identification:_identify(apriltag/Apriltag36_11_00016/materials) by extensions ['ros']
[0.306s] Level 1:colcon.colcon_core.package_identification:_identify(apriltag/Apriltag36_11_00016/materials) by extension 'ros'
[0.306s] Level 1:colcon.colcon_core.package_identification:_identify(apriltag/Apriltag36_11_00016/materials) by extensions ['cmake', 'python']
[0.306s] Level 1:colcon.colcon_core.package_identification:_identify(apriltag/Apriltag36_11_00016/materials) by extension 'cmake'
[0.306s] Level 1:colcon.colcon_core.package_identification:_identify(apriltag/Apriltag36_11_00016/materials) by extension 'python'
[0.306s] Level 1:colcon.colcon_core.package_identification:_identify(apriltag/Apriltag36_11_00016/materials) by extensions ['python_setup_py']
[0.306s] Level 1:colcon.colcon_core.package_identification:_identify(apriltag/Apriltag36_11_00016/materials) by extension 'python_setup_py'
[0.306s] Level 1:colcon.colcon_core.package_identification:_identify(apriltag/Apriltag36_11_00016/materials/scripts) by extensions ['ignore', 'ignore_ament_install']
[0.306s] Level 1:colcon.colcon_core.package_identification:_identify(apriltag/Apriltag36_11_00016/materials/scripts) by extension 'ignore'
[0.306s] Level 1:colcon.colcon_core.package_identification:_identify(apriltag/Apriltag36_11_00016/materials/scripts) by extension 'ignore_ament_install'
[0.306s] Level 1:colcon.colcon_core.package_identification:_identify(apriltag/Apriltag36_11_00016/materials/scripts) by extensions ['colcon_pkg']
[0.307s] Level 1:colcon.colcon_core.package_identification:_identify(apriltag/Apriltag36_11_00016/materials/scripts) by extension 'colcon_pkg'
[0.307s] Level 1:colcon.colcon_core.package_identification:_identify(apriltag/Apriltag36_11_00016/materials/scripts) by extensions ['colcon_meta']
[0.307s] Level 1:colcon.colcon_core.package_identification:_identify(apriltag/Apriltag36_11_00016/materials/scripts) by extension 'colcon_meta'
[0.307s] Level 1:colcon.colcon_core.package_identification:_identify(apriltag/Apriltag36_11_00016/materials/scripts) by extensions ['ros']
[0.307s] Level 1:colcon.colcon_core.package_identification:_identify(apriltag/Apriltag36_11_00016/materials/scripts) by extension 'ros'
[0.307s] Level 1:colcon.colcon_core.package_identification:_identify(apriltag/Apriltag36_11_00016/materials/scripts) by extensions ['cmake', 'python']
[0.307s] Level 1:colcon.colcon_core.package_identification:_identify(apriltag/Apriltag36_11_00016/materials/scripts) by extension 'cmake'
[0.307s] Level 1:colcon.colcon_core.package_identification:_identify(apriltag/Apriltag36_11_00016/materials/scripts) by extension 'python'
[0.307s] Level 1:colcon.colcon_core.package_identification:_identify(apriltag/Apriltag36_11_00016/materials/scripts) by extensions ['python_setup_py']
[0.307s] Level 1:colcon.colcon_core.package_identification:_identify(apriltag/Apriltag36_11_00016/materials/scripts) by extension 'python_setup_py'
[0.307s] Level 1:colcon.colcon_core.package_identification:_identify(apriltag/Apriltag36_11_00016/materials/textures) by extensions ['ignore', 'ignore_ament_install']
[0.307s] Level 1:colcon.colcon_core.package_identification:_identify(apriltag/Apriltag36_11_00016/materials/textures) by extension 'ignore'
[0.308s] Level 1:colcon.colcon_core.package_identification:_identify(apriltag/Apriltag36_11_00016/materials/textures) by extension 'ignore_ament_install'
[0.308s] Level 1:colcon.colcon_core.package_identification:_identify(apriltag/Apriltag36_11_00016/materials/textures) by extensions ['colcon_pkg']
[0.308s] Level 1:colcon.colcon_core.package_identification:_identify(apriltag/Apriltag36_11_00016/materials/textures) by extension 'colcon_pkg'
[0.308s] Level 1:colcon.colcon_core.package_identification:_identify(apriltag/Apriltag36_11_00016/materials/textures) by extensions ['colcon_meta']
[0.308s] Level 1:colcon.colcon_core.package_identification:_identify(apriltag/Apriltag36_11_00016/materials/textures) by extension 'colcon_meta'
[0.308s] Level 1:colcon.colcon_core.package_identification:_identify(apriltag/Apriltag36_11_00016/materials/textures) by extensions ['ros']
[0.308s] Level 1:colcon.colcon_core.package_identification:_identify(apriltag/Apriltag36_11_00016/materials/textures) by extension 'ros'
[0.308s] Level 1:colcon.colcon_core.package_identification:_identify(apriltag/Apriltag36_11_00016/materials/textures) by extensions ['cmake', 'python']
[0.308s] Level 1:colcon.colcon_core.package_identification:_identify(apriltag/Apriltag36_11_00016/materials/textures) by extension 'cmake'
[0.308s] Level 1:colcon.colcon_core.package_identification:_identify(apriltag/Apriltag36_11_00016/materials/textures) by extension 'python'
[0.308s] Level 1:colcon.colcon_core.package_identification:_identify(apriltag/Apriltag36_11_00016/materials/textures) by extensions ['python_setup_py']
[0.308s] Level 1:colcon.colcon_core.package_identification:_identify(apriltag/Apriltag36_11_00016/materials/textures) by extension 'python_setup_py'
[0.308s] Level 1:colcon.colcon_core.package_identification:_identify(apriltag/images) by extensions ['ignore', 'ignore_ament_install']
[0.309s] Level 1:colcon.colcon_core.package_identification:_identify(apriltag/images) by extension 'ignore'
[0.309s] Level 1:colcon.colcon_core.package_identification:_identify(apriltag/images) by extension 'ignore_ament_install'
[0.309s] Level 1:colcon.colcon_core.package_identification:_identify(apriltag/images) by extensions ['colcon_pkg']
[0.309s] Level 1:colcon.colcon_core.package_identification:_identify(apriltag/images) by extension 'colcon_pkg'
[0.309s] Level 1:colcon.colcon_core.package_identification:_identify(apriltag/images) by extensions ['colcon_meta']
[0.309s] Level 1:colcon.colcon_core.package_identification:_identify(apriltag/images) by extension 'colcon_meta'
[0.309s] Level 1:colcon.colcon_core.package_identification:_identify(apriltag/images) by extensions ['ros']
[0.309s] Level 1:colcon.colcon_core.package_identification:_identify(apriltag/images) by extension 'ros'
[0.309s] Level 1:colcon.colcon_core.package_identification:_identify(apriltag/images) by extensions ['cmake', 'python']
[0.309s] Level 1:colcon.colcon_core.package_identification:_identify(apriltag/images) by extension 'cmake'
[0.309s] Level 1:colcon.colcon_core.package_identification:_identify(apriltag/images) by extension 'python'
[0.309s] Level 1:colcon.colcon_core.package_identification:_identify(apriltag/images) by extensions ['python_setup_py']
[0.310s] Level 1:colcon.colcon_core.package_identification:_identify(apriltag/images) by extension 'python_setup_py'
[0.310s] Level 1:colcon.colcon_core.package_identification:_identify(aws-robomaker-hospital-world) by extensions ['ignore', 'ignore_ament_install']
[0.310s] Level 1:colcon.colcon_core.package_identification:_identify(aws-robomaker-hospital-world) by extension 'ignore'
[0.310s] Level 1:colcon.colcon_core.package_identification:_identify(aws-robomaker-hospital-world) by extension 'ignore_ament_install'
[0.310s] Level 1:colcon.colcon_core.package_identification:_identify(aws-robomaker-hospital-world) by extensions ['colcon_pkg']
[0.310s] Level 1:colcon.colcon_core.package_identification:_identify(aws-robomaker-hospital-world) by extension 'colcon_pkg'
[0.310s] Level 1:colcon.colcon_core.package_identification:_identify(aws-robomaker-hospital-world) by extensions ['colcon_meta']
[0.310s] Level 1:colcon.colcon_core.package_identification:_identify(aws-robomaker-hospital-world) by extension 'colcon_meta'
[0.310s] Level 1:colcon.colcon_core.package_identification:_identify(aws-robomaker-hospital-world) by extensions ['ros']
[0.310s] Level 1:colcon.colcon_core.package_identification:_identify(aws-robomaker-hospital-world) by extension 'ros'
[0.313s] DEBUG:colcon.colcon_core.package_identification:Package 'aws-robomaker-hospital-world' with type 'ros.catkin' and name 'aws_robomaker_hospital_world'
[0.313s] Level 1:colcon.colcon_core.package_identification:_identify(build) by extensions ['ignore', 'ignore_ament_install']
[0.314s] Level 1:colcon.colcon_core.package_identification:_identify(build) by extension 'ignore'
[0.314s] Level 1:colcon.colcon_core.package_identification:_identify(build) ignored
[0.314s] Level 1:colcon.colcon_core.package_identification:_identify(install) by extensions ['ignore', 'ignore_ament_install']
[0.314s] Level 1:colcon.colcon_core.package_identification:_identify(install) by extension 'ignore'
[0.314s] Level 1:colcon.colcon_core.package_identification:_identify(install) ignored
[0.314s] Level 1:colcon.colcon_core.package_identification:_identify(log) by extensions ['ignore', 'ignore_ament_install']
[0.314s] Level 1:colcon.colcon_core.package_identification:_identify(log) by extension 'ignore'
[0.314s] Level 1:colcon.colcon_core.package_identification:_identify(log) ignored
[0.314s] Level 1:colcon.colcon_core.package_identification:_identify(ros2_apriltag) by extensions ['ignore', 'ignore_ament_install']
[0.315s] Level 1:colcon.colcon_core.package_identification:_identify(ros2_apriltag) by extension 'ignore'
[0.315s] Level 1:colcon.colcon_core.package_identification:_identify(ros2_apriltag) by extension 'ignore_ament_install'
[0.315s] Level 1:colcon.colcon_core.package_identification:_identify(ros2_apriltag) by extensions ['colcon_pkg']
[0.315s] Level 1:colcon.colcon_core.package_identification:_identify(ros2_apriltag) by extension 'colcon_pkg'
[0.315s] Level 1:colcon.colcon_core.package_identification:_identify(ros2_apriltag) by extensions ['colcon_meta']
[0.315s] Level 1:colcon.colcon_core.package_identification:_identify(ros2_apriltag) by extension 'colcon_meta'
[0.315s] Level 1:colcon.colcon_core.package_identification:_identify(ros2_apriltag) by extensions ['ros']
[0.315s] Level 1:colcon.colcon_core.package_identification:_identify(ros2_apriltag) by extension 'ros'
[0.315s] Level 1:colcon.colcon_core.package_identification:_identify(ros2_apriltag) by extensions ['cmake', 'python']
[0.315s] Level 1:colcon.colcon_core.package_identification:_identify(ros2_apriltag) by extension 'cmake'
[0.315s] Level 1:colcon.colcon_core.package_identification:_identify(ros2_apriltag) by extension 'python'
[0.315s] Level 1:colcon.colcon_core.package_identification:_identify(ros2_apriltag) by extensions ['python_setup_py']
[0.315s] Level 1:colcon.colcon_core.package_identification:_identify(ros2_apriltag) by extension 'python_setup_py'
[0.316s] Level 1:colcon.colcon_core.package_identification:_identify(sjtu_drone) by extensions ['ignore', 'ignore_ament_install']
[0.316s] Level 1:colcon.colcon_core.package_identification:_identify(sjtu_drone) by extension 'ignore'
[0.316s] Level 1:colcon.colcon_core.package_identification:_identify(sjtu_drone) by extension 'ignore_ament_install'
[0.316s] Level 1:colcon.colcon_core.package_identification:_identify(sjtu_drone) by extensions ['colcon_pkg']
[0.316s] Level 1:colcon.colcon_core.package_identification:_identify(sjtu_drone) by extension 'colcon_pkg'
[0.316s] Level 1:colcon.colcon_core.package_identification:_identify(sjtu_drone) by extensions ['colcon_meta']
[0.316s] Level 1:colcon.colcon_core.package_identification:_identify(sjtu_drone) by extension 'colcon_meta'
[0.316s] Level 1:colcon.colcon_core.package_identification:_identify(sjtu_drone) by extensions ['ros']
[0.316s] Level 1:colcon.colcon_core.package_identification:_identify(sjtu_drone) by extension 'ros'
[0.316s] Level 1:colcon.colcon_core.package_identification:_identify(sjtu_drone) by extensions ['cmake', 'python']
[0.316s] Level 1:colcon.colcon_core.package_identification:_identify(sjtu_drone) by extension 'cmake'
[0.316s] Level 1:colcon.colcon_core.package_identification:_identify(sjtu_drone) by extension 'python'
[0.317s] Level 1:colcon.colcon_core.package_identification:_identify(sjtu_drone) by extensions ['python_setup_py']
[0.317s] Level 1:colcon.colcon_core.package_identification:_identify(sjtu_drone) by extension 'python_setup_py'
[0.317s] Level 1:colcon.colcon_core.package_identification:_identify(sjtu_drone/imgs) by extensions ['ignore', 'ignore_ament_install']
[0.317s] Level 1:colcon.colcon_core.package_identification:_identify(sjtu_drone/imgs) by extension 'ignore'
[0.317s] Level 1:colcon.colcon_core.package_identification:_identify(sjtu_drone/imgs) by extension 'ignore_ament_install'
[0.317s] Level 1:colcon.colcon_core.package_identification:_identify(sjtu_drone/imgs) by extensions ['colcon_pkg']
[0.317s] Level 1:colcon.colcon_core.package_identification:_identify(sjtu_drone/imgs) by extension 'colcon_pkg'
[0.317s] Level 1:colcon.colcon_core.package_identification:_identify(sjtu_drone/imgs) by extensions ['colcon_meta']
[0.317s] Level 1:colcon.colcon_core.package_identification:_identify(sjtu_drone/imgs) by extension 'colcon_meta'
[0.317s] Level 1:colcon.colcon_core.package_identification:_identify(sjtu_drone/imgs) by extensions ['ros']
[0.317s] Level 1:colcon.colcon_core.package_identification:_identify(sjtu_drone/imgs) by extension 'ros'
[0.318s] Level 1:colcon.colcon_core.package_identification:_identify(sjtu_drone/imgs) by extensions ['cmake', 'python']
[0.318s] Level 1:colcon.colcon_core.package_identification:_identify(sjtu_drone/imgs) by extension 'cmake'
[0.318s] Level 1:colcon.colcon_core.package_identification:_identify(sjtu_drone/imgs) by extension 'python'
[0.318s] Level 1:colcon.colcon_core.package_identification:_identify(sjtu_drone/imgs) by extensions ['python_setup_py']
[0.318s] Level 1:colcon.colcon_core.package_identification:_identify(sjtu_drone/imgs) by extension 'python_setup_py'
[0.318s] Level 1:colcon.colcon_core.package_identification:_identify(sjtu_drone/maps) by extensions ['ignore', 'ignore_ament_install']
[0.318s] Level 1:colcon.colcon_core.package_identification:_identify(sjtu_drone/maps) by extension 'ignore'
[0.318s] Level 1:colcon.colcon_core.package_identification:_identify(sjtu_drone/maps) by extension 'ignore_ament_install'
[0.318s] Level 1:colcon.colcon_core.package_identification:_identify(sjtu_drone/maps) by extensions ['colcon_pkg']
[0.318s] Level 1:colcon.colcon_core.package_identification:_identify(sjtu_drone/maps) by extension 'colcon_pkg'
[0.318s] Level 1:colcon.colcon_core.package_identification:_identify(sjtu_drone/maps) by extensions ['colcon_meta']
[0.318s] Level 1:colcon.colcon_core.package_identification:_identify(sjtu_drone/maps) by extension 'colcon_meta'
[0.319s] Level 1:colcon.colcon_core.package_identification:_identify(sjtu_drone/maps) by extensions ['ros']
[0.319s] Level 1:colcon.colcon_core.package_identification:_identify(sjtu_drone/maps) by extension 'ros'
[0.319s] Level 1:colcon.colcon_core.package_identification:_identify(sjtu_drone/maps) by extensions ['cmake', 'python']
[0.319s] Level 1:colcon.colcon_core.package_identification:_identify(sjtu_drone/maps) by extension 'cmake'
[0.319s] Level 1:colcon.colcon_core.package_identification:_identify(sjtu_drone/maps) by extension 'python'
[0.319s] Level 1:colcon.colcon_core.package_identification:_identify(sjtu_drone/maps) by extensions ['python_setup_py']
[0.319s] Level 1:colcon.colcon_core.package_identification:_identify(sjtu_drone/maps) by extension 'python_setup_py'
[0.319s] Level 1:colcon.colcon_core.package_identification:_identify(sjtu_drone/models) by extensions ['ignore', 'ignore_ament_install']
[0.319s] Level 1:colcon.colcon_core.package_identification:_identify(sjtu_drone/models) by extension 'ignore'
[0.319s] Level 1:colcon.colcon_core.package_identification:_identify(sjtu_drone/models) by extension 'ignore_ament_install'
[0.320s] Level 1:colcon.colcon_core.package_identification:_identify(sjtu_drone/models) by extensions ['colcon_pkg']
[0.320s] Level 1:colcon.colcon_core.package_identification:_identify(sjtu_drone/models) by extension 'colcon_pkg'
[0.320s] Level 1:colcon.colcon_core.package_identification:_identify(sjtu_drone/models) by extensions ['colcon_meta']
[0.320s] Level 1:colcon.colcon_core.package_identification:_identify(sjtu_drone/models) by extension 'colcon_meta'
[0.320s] Level 1:colcon.colcon_core.package_identification:_identify(sjtu_drone/models) by extensions ['ros']
[0.320s] Level 1:colcon.colcon_core.package_identification:_identify(sjtu_drone/models) by extension 'ros'
[0.320s] Level 1:colcon.colcon_core.package_identification:_identify(sjtu_drone/models) by extensions ['cmake', 'python']
[0.320s] Level 1:colcon.colcon_core.package_identification:_identify(sjtu_drone/models) by extension 'cmake'
[0.320s] Level 1:colcon.colcon_core.package_identification:_identify(sjtu_drone/models) by extension 'python'
[0.320s] Level 1:colcon.colcon_core.package_identification:_identify(sjtu_drone/models) by extensions ['python_setup_py']
[0.320s] Level 1:colcon.colcon_core.package_identification:_identify(sjtu_drone/models) by extension 'python_setup_py'
[0.320s] Level 1:colcon.colcon_core.package_identification:_identify(sjtu_drone/models/april_tag_36h11_0) by extensions ['ignore', 'ignore_ament_install']
[0.320s] Level 1:colcon.colcon_core.package_identification:_identify(sjtu_drone/models/april_tag_36h11_0) by extension 'ignore'
[0.321s] Level 1:colcon.colcon_core.package_identification:_identify(sjtu_drone/models/april_tag_36h11_0) by extension 'ignore_ament_install'
[0.321s] Level 1:colcon.colcon_core.package_identification:_identify(sjtu_drone/models/april_tag_36h11_0) by extensions ['colcon_pkg']
[0.321s] Level 1:colcon.colcon_core.package_identification:_identify(sjtu_drone/models/april_tag_36h11_0) by extension 'colcon_pkg'
[0.321s] Level 1:colcon.colcon_core.package_identification:_identify(sjtu_drone/models/april_tag_36h11_0) by extensions ['colcon_meta']
[0.321s] Level 1:colcon.colcon_core.package_identification:_identify(sjtu_drone/models/april_tag_36h11_0) by extension 'colcon_meta'
[0.321s] Level 1:colcon.colcon_core.package_identification:_identify(sjtu_drone/models/april_tag_36h11_0) by extensions ['ros']
[0.321s] Level 1:colcon.colcon_core.package_identification:_identify(sjtu_drone/models/april_tag_36h11_0) by extension 'ros'
[0.321s] Level 1:colcon.colcon_core.package_identification:_identify(sjtu_drone/models/april_tag_36h11_0) by extensions ['cmake', 'python']
[0.321s] Level 1:colcon.colcon_core.package_identification:_identify(sjtu_drone/models/april_tag_36h11_0) by extension 'cmake'
[0.321s] Level 1:colcon.colcon_core.package_identification:_identify(sjtu_drone/models/april_tag_36h11_0) by extension 'python'
[0.321s] Level 1:colcon.colcon_core.package_identification:_identify(sjtu_drone/models/april_tag_36h11_0) by extensions ['python_setup_py']
[0.321s] Level 1:colcon.colcon_core.package_identification:_identify(sjtu_drone/models/april_tag_36h11_0) by extension 'python_setup_py'
[0.322s] Level 1:colcon.colcon_core.package_identification:_identify(sjtu_drone/models/april_tag_36h11_0/materials) by extensions ['ignore', 'ignore_ament_install']
[0.322s] Level 1:colcon.colcon_core.package_identification:_identify(sjtu_drone/models/april_tag_36h11_0/materials) by extension 'ignore'
[0.322s] Level 1:colcon.colcon_core.package_identification:_identify(sjtu_drone/models/april_tag_36h11_0/materials) by extension 'ignore_ament_install'
[0.322s] Level 1:colcon.colcon_core.package_identification:_identify(sjtu_drone/models/april_tag_36h11_0/materials) by extensions ['colcon_pkg']
[0.322s] Level 1:colcon.colcon_core.package_identification:_identify(sjtu_drone/models/april_tag_36h11_0/materials) by extension 'colcon_pkg'
[0.322s] Level 1:colcon.colcon_core.package_identification:_identify(sjtu_drone/models/april_tag_36h11_0/materials) by extensions ['colcon_meta']
[0.322s] Level 1:colcon.colcon_core.package_identification:_identify(sjtu_drone/models/april_tag_36h11_0/materials) by extension 'colcon_meta'
[0.322s] Level 1:colcon.colcon_core.package_identification:_identify(sjtu_drone/models/april_tag_36h11_0/materials) by extensions ['ros']
[0.322s] Level 1:colcon.colcon_core.package_identification:_identify(sjtu_drone/models/april_tag_36h11_0/materials) by extension 'ros'
[0.322s] Level 1:colcon.colcon_core.package_identification:_identify(sjtu_drone/models/april_tag_36h11_0/materials) by extensions ['cmake', 'python']
[0.322s] Level 1:colcon.colcon_core.package_identification:_identify(sjtu_drone/models/april_tag_36h11_0/materials) by extension 'cmake'
[0.322s] Level 1:colcon.colcon_core.package_identification:_identify(sjtu_drone/models/april_tag_36h11_0/materials) by extension 'python'
[0.323s] Level 1:colcon.colcon_core.package_identification:_identify(sjtu_drone/models/april_tag_36h11_0/materials) by extensions ['python_setup_py']
[0.323s] Level 1:colcon.colcon_core.package_identification:_identify(sjtu_drone/models/april_tag_36h11_0/materials) by extension 'python_setup_py'
[0.323s] Level 1:colcon.colcon_core.package_identification:_identify(sjtu_drone/models/april_tag_36h11_0/materials/scripts) by extensions ['ignore', 'ignore_ament_install']
[0.323s] Level 1:colcon.colcon_core.package_identification:_identify(sjtu_drone/models/april_tag_36h11_0/materials/scripts) by extension 'ignore'
[0.323s] Level 1:colcon.colcon_core.package_identification:_identify(sjtu_drone/models/april_tag_36h11_0/materials/scripts) by extension 'ignore_ament_install'
[0.323s] Level 1:colcon.colcon_core.package_identification:_identify(sjtu_drone/models/april_tag_36h11_0/materials/scripts) by extensions ['colcon_pkg']
[0.323s] Level 1:colcon.colcon_core.package_identification:_identify(sjtu_drone/models/april_tag_36h11_0/materials/scripts) by extension 'colcon_pkg'
[0.323s] Level 1:colcon.colcon_core.package_identification:_identify(sjtu_drone/models/april_tag_36h11_0/materials/scripts) by extensions ['colcon_meta']
[0.323s] Level 1:colcon.colcon_core.package_identification:_identify(sjtu_drone/models/april_tag_36h11_0/materials/scripts) by extension 'colcon_meta'
[0.323s] Level 1:colcon.colcon_core.package_identification:_identify(sjtu_drone/models/april_tag_36h11_0/materials/scripts) by extensions ['ros']
[0.323s] Level 1:colcon.colcon_core.package_identification:_identify(sjtu_drone/models/april_tag_36h11_0/materials/scripts) by extension 'ros'
[0.324s] Level 1:colcon.colcon_core.package_identification:_identify(sjtu_drone/models/april_tag_36h11_0/materials/scripts) by extensions ['cmake', 'python']
[0.324s] Level 1:colcon.colcon_core.package_identification:_identify(sjtu_drone/models/april_tag_36h11_0/materials/scripts) by extension 'cmake'
[0.324s] Level 1:colcon.colcon_core.package_identification:_identify(sjtu_drone/models/april_tag_36h11_0/materials/scripts) by extension 'python'
[0.324s] Level 1:colcon.colcon_core.package_identification:_identify(sjtu_drone/models/april_tag_36h11_0/materials/scripts) by extensions ['python_setup_py']
[0.324s] Level 1:colcon.colcon_core.package_identification:_identify(sjtu_drone/models/april_tag_36h11_0/materials/scripts) by extension 'python_setup_py'
[0.324s] Level 1:colcon.colcon_core.package_identification:_identify(sjtu_drone/models/april_tag_36h11_0/materials/scripts/april_tag_36h11_0) by extensions ['ignore', 'ignore_ament_install']
[0.324s] Level 1:colcon.colcon_core.package_identification:_identify(sjtu_drone/models/april_tag_36h11_0/materials/scripts/april_tag_36h11_0) by extension 'ignore'
[0.324s] Level 1:colcon.colcon_core.package_identification:_identify(sjtu_drone/models/april_tag_36h11_0/materials/scripts/april_tag_36h11_0) by extension 'ignore_ament_install'
[0.324s] Level 1:colcon.colcon_core.package_identification:_identify(sjtu_drone/models/april_tag_36h11_0/materials/scripts/april_tag_36h11_0) by extensions ['colcon_pkg']
[0.324s] Level 1:colcon.colcon_core.package_identification:_identify(sjtu_drone/models/april_tag_36h11_0/materials/scripts/april_tag_36h11_0) by extension 'colcon_pkg'
[0.324s] Level 1:colcon.colcon_core.package_identification:_identify(sjtu_drone/models/april_tag_36h11_0/materials/scripts/april_tag_36h11_0) by extensions ['colcon_meta']
[0.325s] Level 1:colcon.colcon_core.package_identification:_identify(sjtu_drone/models/april_tag_36h11_0/materials/scripts/april_tag_36h11_0) by extension 'colcon_meta'
[0.325s] Level 1:colcon.colcon_core.package_identification:_identify(sjtu_drone/models/april_tag_36h11_0/materials/scripts/april_tag_36h11_0) by extensions ['ros']
[0.325s] Level 1:colcon.colcon_core.package_identification:_identify(sjtu_drone/models/april_tag_36h11_0/materials/scripts/april_tag_36h11_0) by extension 'ros'
[0.325s] Level 1:colcon.colcon_core.package_identification:_identify(sjtu_drone/models/april_tag_36h11_0/materials/scripts/april_tag_36h11_0) by extensions ['cmake', 'python']
[0.325s] Level 1:colcon.colcon_core.package_identification:_identify(sjtu_drone/models/april_tag_36h11_0/materials/scripts/april_tag_36h11_0) by extension 'cmake'
[0.325s] Level 1:colcon.colcon_core.package_identification:_identify(sjtu_drone/models/april_tag_36h11_0/materials/scripts/april_tag_36h11_0) by extension 'python'
[0.325s] Level 1:colcon.colcon_core.package_identification:_identify(sjtu_drone/models/april_tag_36h11_0/materials/scripts/april_tag_36h11_0) by extensions ['python_setup_py']
[0.325s] Level 1:colcon.colcon_core.package_identification:_identify(sjtu_drone/models/april_tag_36h11_0/materials/scripts/april_tag_36h11_0) by extension 'python_setup_py'
[0.325s] Level 1:colcon.colcon_core.package_identification:_identify(sjtu_drone/models/april_tag_36h11_0/materials/textures) by extensions ['ignore', 'ignore_ament_install']
[0.325s] Level 1:colcon.colcon_core.package_identification:_identify(sjtu_drone/models/april_tag_36h11_0/materials/textures) by extension 'ignore'
[0.325s] Level 1:colcon.colcon_core.package_identification:_identify(sjtu_drone/models/april_tag_36h11_0/materials/textures) by extension 'ignore_ament_install'
[0.326s] Level 1:colcon.colcon_core.package_identification:_identify(sjtu_drone/models/april_tag_36h11_0/materials/textures) by extensions ['colcon_pkg']
[0.326s] Level 1:colcon.colcon_core.package_identification:_identify(sjtu_drone/models/april_tag_36h11_0/materials/textures) by extension 'colcon_pkg'
[0.326s] Level 1:colcon.colcon_core.package_identification:_identify(sjtu_drone/models/april_tag_36h11_0/materials/textures) by extensions ['colcon_meta']
[0.326s] Level 1:colcon.colcon_core.package_identification:_identify(sjtu_drone/models/april_tag_36h11_0/materials/textures) by extension 'colcon_meta'
[0.326s] Level 1:colcon.colcon_core.package_identification:_identify(sjtu_drone/models/april_tag_36h11_0/materials/textures) by extensions ['ros']
[0.326s] Level 1:colcon.colcon_core.package_identification:_identify(sjtu_drone/models/april_tag_36h11_0/materials/textures) by extension 'ros'
[0.326s] Level 1:colcon.colcon_core.package_identification:_identify(sjtu_drone/models/april_tag_36h11_0/materials/textures) by extensions ['cmake', 'python']
[0.326s] Level 1:colcon.colcon_core.package_identification:_identify(sjtu_drone/models/april_tag_36h11_0/materials/textures) by extension 'cmake'
[0.326s] Level 1:colcon.colcon_core.package_identification:_identify(sjtu_drone/models/april_tag_36h11_0/materials/textures) by extension 'python'
[0.326s] Level 1:colcon.colcon_core.package_identification:_identify(sjtu_drone/models/april_tag_36h11_0/materials/textures) by extensions ['python_setup_py']
[0.326s] Level 1:colcon.colcon_core.package_identification:_identify(sjtu_drone/models/april_tag_36h11_0/materials/textures) by extension 'python_setup_py'
[0.326s] Level 1:colcon.colcon_core.package_identification:_identify(sjtu_drone/sjtu_drone_bringup) by extensions ['ignore', 'ignore_ament_install']
[0.327s] Level 1:colcon.colcon_core.package_identification:_identify(sjtu_drone/sjtu_drone_bringup) by extension 'ignore'
[0.327s] Level 1:colcon.colcon_core.package_identification:_identify(sjtu_drone/sjtu_drone_bringup) by extension 'ignore_ament_install'
[0.327s] Level 1:colcon.colcon_core.package_identification:_identify(sjtu_drone/sjtu_drone_bringup) by extensions ['colcon_pkg']
[0.327s] Level 1:colcon.colcon_core.package_identification:_identify(sjtu_drone/sjtu_drone_bringup) by extension 'colcon_pkg'
[0.327s] Level 1:colcon.colcon_core.package_identification:_identify(sjtu_drone/sjtu_drone_bringup) by extensions ['colcon_meta']
[0.327s] Level 1:colcon.colcon_core.package_identification:_identify(sjtu_drone/sjtu_drone_bringup) by extension 'colcon_meta'
[0.327s] Level 1:colcon.colcon_core.package_identification:_identify(sjtu_drone/sjtu_drone_bringup) by extensions ['ros']
[0.327s] Level 1:colcon.colcon_core.package_identification:_identify(sjtu_drone/sjtu_drone_bringup) by extension 'ros'
[0.329s] DEBUG:colcon.colcon_core.package_identification:Package 'sjtu_drone/sjtu_drone_bringup' with type 'ros.ament_python' and name 'sjtu_drone_bringup'
[0.329s] Level 1:colcon.colcon_core.package_identification:_identify(sjtu_drone/sjtu_drone_control) by extensions ['ignore', 'ignore_ament_install']
[0.329s] Level 1:colcon.colcon_core.package_identification:_identify(sjtu_drone/sjtu_drone_control) by extension 'ignore'
[0.329s] Level 1:colcon.colcon_core.package_identification:_identify(sjtu_drone/sjtu_drone_control) by extension 'ignore_ament_install'
[0.329s] Level 1:colcon.colcon_core.package_identification:_identify(sjtu_drone/sjtu_drone_control) by extensions ['colcon_pkg']
[0.329s] Level 1:colcon.colcon_core.package_identification:_identify(sjtu_drone/sjtu_drone_control) by extension 'colcon_pkg'
[0.329s] Level 1:colcon.colcon_core.package_identification:_identify(sjtu_drone/sjtu_drone_control) by extensions ['colcon_meta']
[0.329s] Level 1:colcon.colcon_core.package_identification:_identify(sjtu_drone/sjtu_drone_control) by extension 'colcon_meta'
[0.330s] Level 1:colcon.colcon_core.package_identification:_identify(sjtu_drone/sjtu_drone_control) by extensions ['ros']
[0.330s] Level 1:colcon.colcon_core.package_identification:_identify(sjtu_drone/sjtu_drone_control) by extension 'ros'
[0.331s] DEBUG:colcon.colcon_core.package_identification:Package 'sjtu_drone/sjtu_drone_control' with type 'ros.ament_python' and name 'sjtu_drone_control'
[0.331s] Level 1:colcon.colcon_core.package_identification:_identify(sjtu_drone/sjtu_drone_description) by extensions ['ignore', 'ignore_ament_install']
[0.331s] Level 1:colcon.colcon_core.package_identification:_identify(sjtu_drone/sjtu_drone_description) by extension 'ignore'
[0.331s] Level 1:colcon.colcon_core.package_identification:_identify(sjtu_drone/sjtu_drone_description) by extension 'ignore_ament_install'
[0.331s] Level 1:colcon.colcon_core.package_identification:_identify(sjtu_drone/sjtu_drone_description) by extensions ['colcon_pkg']
[0.331s] Level 1:colcon.colcon_core.package_identification:_identify(sjtu_drone/sjtu_drone_description) by extension 'colcon_pkg'
[0.331s] Level 1:colcon.colcon_core.package_identification:_identify(sjtu_drone/sjtu_drone_description) by extensions ['colcon_meta']
[0.331s] Level 1:colcon.colcon_core.package_identification:_identify(sjtu_drone/sjtu_drone_description) by extension 'colcon_meta'
[0.331s] Level 1:colcon.colcon_core.package_identification:_identify(sjtu_drone/sjtu_drone_description) by extensions ['ros']
[0.331s] Level 1:colcon.colcon_core.package_identification:_identify(sjtu_drone/sjtu_drone_description) by extension 'ros'
[0.334s] DEBUG:colcon.colcon_core.package_identification:Package 'sjtu_drone/sjtu_drone_description' with type 'ros.ament_cmake' and name 'sjtu_drone_description'
[0.334s] Level 1:colcon.colcon_core.package_identification:_identify(sjtu_drone/src) by extensions ['ignore', 'ignore_ament_install']
[0.334s] Level 1:colcon.colcon_core.package_identification:_identify(sjtu_drone/src) by extension 'ignore'
[0.334s] Level 1:colcon.colcon_core.package_identification:_identify(sjtu_drone/src) by extension 'ignore_ament_install'
[0.334s] Level 1:colcon.colcon_core.package_identification:_identify(sjtu_drone/src) by extensions ['colcon_pkg']
[0.334s] Level 1:colcon.colcon_core.package_identification:_identify(sjtu_drone/src) by extension 'colcon_pkg'
[0.334s] Level 1:colcon.colcon_core.package_identification:_identify(sjtu_drone/src) by extensions ['colcon_meta']
[0.334s] Level 1:colcon.colcon_core.package_identification:_identify(sjtu_drone/src) by extension 'colcon_meta'
[0.334s] Level 1:colcon.colcon_core.package_identification:_identify(sjtu_drone/src) by extensions ['ros']
[0.334s] Level 1:colcon.colcon_core.package_identification:_identify(sjtu_drone/src) by extension 'ros'
[0.334s] Level 1:colcon.colcon_core.package_identification:_identify(sjtu_drone/src) by extensions ['cmake', 'python']
[0.334s] Level 1:colcon.colcon_core.package_identification:_identify(sjtu_drone/src) by extension 'cmake'
[0.335s] Level 1:colcon.colcon_core.package_identification:_identify(sjtu_drone/src) by extension 'python'
[0.335s] Level 1:colcon.colcon_core.package_identification:_identify(sjtu_drone/src) by extensions ['python_setup_py']
[0.335s] Level 1:colcon.colcon_core.package_identification:_identify(sjtu_drone/src) by extension 'python_setup_py'
[0.335s] Level 1:colcon.colcon_core.package_identification:_identify(sjtu_project) by extensions ['ignore', 'ignore_ament_install']
[0.335s] Level 1:colcon.colcon_core.package_identification:_identify(sjtu_project) by extension 'ignore'
[0.335s] Level 1:colcon.colcon_core.package_identification:_identify(sjtu_project) by extension 'ignore_ament_install'
[0.335s] Level 1:colcon.colcon_core.package_identification:_identify(sjtu_project) by extensions ['colcon_pkg']
[0.335s] Level 1:colcon.colcon_core.package_identification:_identify(sjtu_project) by extension 'colcon_pkg'
[0.335s] Level 1:colcon.colcon_core.package_identification:_identify(sjtu_project) by extensions ['colcon_meta']
[0.335s] Level 1:colcon.colcon_core.package_identification:_identify(sjtu_project) by extension 'colcon_meta'
[0.335s] Level 1:colcon.colcon_core.package_identification:_identify(sjtu_project) by extensions ['ros']
[0.335s] Level 1:colcon.colcon_core.package_identification:_identify(sjtu_project) by extension 'ros'
[0.335s] Level 1:colcon.colcon_core.package_identification:_identify(sjtu_project) by extensions ['cmake', 'python']
[0.335s] Level 1:colcon.colcon_core.package_identification:_identify(sjtu_project) by extension 'cmake'
[0.335s] Level 1:colcon.colcon_core.package_identification:_identify(sjtu_project) by extension 'python'
[0.335s] Level 1:colcon.colcon_core.package_identification:_identify(sjtu_project) by extensions ['python_setup_py']
[0.335s] Level 1:colcon.colcon_core.package_identification:_identify(sjtu_project) by extension 'python_setup_py'
[0.335s] Level 1:colcon.colcon_core.package_discovery:discover_packages(recursive) using defaults
[0.335s] Level 1:colcon.colcon_core.package_discovery:discover_packages(ignore) discover
[0.335s] Level 1:colcon.colcon_core.package_discovery:discover_packages(ignore) using defaults
[0.335s] Level 1:colcon.colcon_core.package_discovery:discover_packages(path) discover
[0.335s] Level 1:colcon.colcon_core.package_discovery:discover_packages(path) using defaults
[0.359s] INFO:colcon.colcon_core.package_selection:Skipping not selected package 'aws_robomaker_hospital_world' in 'aws-robomaker-hospital-world'
[0.359s] Level 5:colcon.colcon_core.verb:set package 'sjtu_drone_bringup' build argument 'cmake_args' from command line to '['-DBUILD_TESTING=OFF', '-DRMW_IMPLEMENTATION=rmw_fastrtps_cpp']'
[0.359s] Level 5:colcon.colcon_core.verb:set package 'sjtu_drone_bringup' build argument 'cmake_target' from command line to 'None'
[0.359s] Level 5:colcon.colcon_core.verb:set package 'sjtu_drone_bringup' build argument 'cmake_target_skip_unavailable' from command line to 'False'
[0.359s] Level 5:colcon.colcon_core.verb:set package 'sjtu_drone_bringup' build argument 'cmake_clean_cache' from command line to 'False'
[0.359s] Level 5:colcon.colcon_core.verb:set package 'sjtu_drone_bringup' build argument 'cmake_clean_first' from command line to 'False'
[0.359s] Level 5:colcon.colcon_core.verb:set package 'sjtu_drone_bringup' build argument 'cmake_force_configure' from command line to 'False'
[0.359s] Level 5:colcon.colcon_core.verb:set package 'sjtu_drone_bringup' build argument 'ament_cmake_args' from command line to 'None'
[0.359s] Level 5:colcon.colcon_core.verb:set package 'sjtu_drone_bringup' build argument 'catkin_cmake_args' from command line to 'None'
[0.359s] Level 5:colcon.colcon_core.verb:set package 'sjtu_drone_bringup' build argument 'catkin_skip_building_tests' from command line to 'False'
[0.359s] DEBUG:colcon.colcon_core.verb:Building package 'sjtu_drone_bringup' with the following arguments: {'ament_cmake_args': None, 'build_base': '/root/sjtu_project/build/sjtu_drone_bringup', 'catkin_cmake_args': None, 'catkin_skip_building_tests': False, 'cmake_args': ['-DBUILD_TESTING=OFF', '-DRMW_IMPLEMENTATION=rmw_fastrtps_cpp'], 'cmake_clean_cache': False, 'cmake_clean_first': False, 'cmake_force_configure': False, 'cmake_target': None, 'cmake_target_skip_unavailable': False, 'install_base': '/root/sjtu_project/install/sjtu_drone_bringup', 'merge_install': False, 'path': '/root/sjtu_project/sjtu_drone/sjtu_drone_bringup', 'symlink_install': False, 'test_result_base': None}
[0.360s] Level 5:colcon.colcon_core.verb:set package 'sjtu_drone_control' build argument 'cmake_args' from command line to '['-DBUILD_TESTING=OFF', '-DRMW_IMPLEMENTATION=rmw_fastrtps_cpp']'
[0.360s] Level 5:colcon.colcon_core.verb:set package 'sjtu_drone_control' build argument 'cmake_target' from command line to 'None'
[0.360s] Level 5:colcon.colcon_core.verb:set package 'sjtu_drone_control' build argument 'cmake_target_skip_unavailable' from command line to 'False'
[0.360s] Level 5:colcon.colcon_core.verb:set package 'sjtu_drone_control' build argument 'cmake_clean_cache' from command line to 'False'
[0.360s] Level 5:colcon.colcon_core.verb:set package 'sjtu_drone_control' build argument 'cmake_clean_first' from command line to 'False'
[0.360s] Level 5:colcon.colcon_core.verb:set package 'sjtu_drone_control' build argument 'cmake_force_configure' from command line to 'False'
[0.360s] Level 5:colcon.colcon_core.verb:set package 'sjtu_drone_control' build argument 'ament_cmake_args' from command line to 'None'
[0.360s] Level 5:colcon.colcon_core.verb:set package 'sjtu_drone_control' build argument 'catkin_cmake_args' from command line to 'None'
[0.360s] Level 5:colcon.colcon_core.verb:set package 'sjtu_drone_control' build argument 'catkin_skip_building_tests' from command line to 'False'
[0.360s] DEBUG:colcon.colcon_core.verb:Building package 'sjtu_drone_control' with the following arguments: {'ament_cmake_args': None, 'build_base': '/root/sjtu_project/build/sjtu_drone_control', 'catkin_cmake_args': None, 'catkin_skip_building_tests': False, 'cmake_args': ['-DBUILD_TESTING=OFF', '-DRMW_IMPLEMENTATION=rmw_fastrtps_cpp'], 'cmake_clean_cache': False, 'cmake_clean_first': False, 'cmake_force_configure': False, 'cmake_target': None, 'cmake_target_skip_unavailable': False, 'install_base': '/root/sjtu_project/install/sjtu_drone_control', 'merge_install': False, 'path': '/root/sjtu_project/sjtu_drone/sjtu_drone_control', 'symlink_install': False, 'test_result_base': None}
[0.360s] Level 5:colcon.colcon_core.verb:set package 'sjtu_drone_description' build argument 'cmake_args' from command line to '['-DBUILD_TESTING=OFF', '-DRMW_IMPLEMENTATION=rmw_fastrtps_cpp']'
[0.360s] Level 5:colcon.colcon_core.verb:set package 'sjtu_drone_description' build argument 'cmake_target' from command line to 'None'
[0.360s] Level 5:colcon.colcon_core.verb:set package 'sjtu_drone_description' build argument 'cmake_target_skip_unavailable' from command line to 'False'
[0.360s] Level 5:colcon.colcon_core.verb:set package 'sjtu_drone_description' build argument 'cmake_clean_cache' from command line to 'False'
[0.360s] Level 5:colcon.colcon_core.verb:set package 'sjtu_drone_description' build argument 'cmake_clean_first' from command line to 'False'
[0.360s] Level 5:colcon.colcon_core.verb:set package 'sjtu_drone_description' build argument 'cmake_force_configure' from command line to 'False'
[0.360s] Level 5:colcon.colcon_core.verb:set package 'sjtu_drone_description' build argument 'ament_cmake_args' from command line to 'None'
[0.360s] Level 5:colcon.colcon_core.verb:set package 'sjtu_drone_description' build argument 'catkin_cmake_args' from command line to 'None'
[0.360s] Level 5:colcon.colcon_core.verb:set package 'sjtu_drone_description' build argument 'catkin_skip_building_tests' from command line to 'False'
[0.361s] DEBUG:colcon.colcon_core.verb:Building package 'sjtu_drone_description' with the following arguments: {'ament_cmake_args': None, 'build_base': '/root/sjtu_project/build/sjtu_drone_description', 'catkin_cmake_args': None, 'catkin_skip_building_tests': False, 'cmake_args': ['-DBUILD_TESTING=OFF', '-DRMW_IMPLEMENTATION=rmw_fastrtps_cpp'], 'cmake_clean_cache': False, 'cmake_clean_first': False, 'cmake_force_configure': False, 'cmake_target': None, 'cmake_target_skip_unavailable': False, 'install_base': '/root/sjtu_project/install/sjtu_drone_description', 'merge_install': False, 'path': '/root/sjtu_project/sjtu_drone/sjtu_drone_description', 'symlink_install': False, 'test_result_base': None}
[0.361s] INFO:colcon.colcon_core.executor:Executing jobs using 'parallel' executor
[0.361s] DEBUG:colcon.colcon_parallel_executor.executor.parallel:run_until_complete
[0.362s] INFO:colcon.colcon_ros.task.ament_python.build:Building ROS package in '/root/sjtu_project/sjtu_drone/sjtu_drone_bringup' with build type 'ament_python'
[0.362s] Level 1:colcon.colcon_core.shell:create_environment_hook('sjtu_drone_bringup', 'ament_prefix_path')
[0.366s] INFO:colcon.colcon_core.plugin_system:Skipping extension 'colcon_core.shell.bat': Not used on non-Windows systems
[0.367s] INFO:colcon.colcon_core.shell:Creating environment hook '/root/sjtu_project/install/sjtu_drone_bringup/share/sjtu_drone_bringup/hook/ament_prefix_path.ps1'
[0.368s] INFO:colcon.colcon_core.shell:Creating environment descriptor '/root/sjtu_project/install/sjtu_drone_bringup/share/sjtu_drone_bringup/hook/ament_prefix_path.dsv'
[0.368s] INFO:colcon.colcon_core.shell:Creating environment hook '/root/sjtu_project/install/sjtu_drone_bringup/share/sjtu_drone_bringup/hook/ament_prefix_path.sh'
[0.370s] INFO:colcon.colcon_core.shell:Skip shell extension 'powershell' for command environment: Not usable outside of PowerShell
[0.370s] DEBUG:colcon.colcon_core.shell:Skip shell extension 'dsv' for command environment
[0.372s] WARNING:colcon.colcon_ros.prefix_path.ament:The path '/root/sjtu_project/install/sjtu_drone_description' in the environment variable AMENT_PREFIX_PATH doesn't exist
[0.372s] WARNING:colcon.colcon_ros.prefix_path.ament:The path '/root/sjtu_project/install/sjtu_drone_control' in the environment variable AMENT_PREFIX_PATH doesn't exist
[0.372s] WARNING:colcon.colcon_ros.prefix_path.catkin:The path '/root/sjtu_project/install/sjtu_drone_description' in the environment variable CMAKE_PREFIX_PATH doesn't exist
[0.375s] INFO:colcon.colcon_ros.task.ament_python.build:Building ROS package in '/root/sjtu_project/sjtu_drone/sjtu_drone_control' with build type 'ament_python'
[0.375s] Level 1:colcon.colcon_core.shell:create_environment_hook('sjtu_drone_control', 'ament_prefix_path')
[0.376s] INFO:colcon.colcon_core.shell:Creating environment hook '/root/sjtu_project/install/sjtu_drone_control/share/sjtu_drone_control/hook/ament_prefix_path.ps1'
[0.376s] INFO:colcon.colcon_core.shell:Creating environment descriptor '/root/sjtu_project/install/sjtu_drone_control/share/sjtu_drone_control/hook/ament_prefix_path.dsv'
[0.377s] INFO:colcon.colcon_core.shell:Creating environment hook '/root/sjtu_project/install/sjtu_drone_control/share/sjtu_drone_control/hook/ament_prefix_path.sh'
[0.377s] INFO:colcon.colcon_core.shell:Skip shell extension 'powershell' for command environment: Not usable outside of PowerShell
[0.377s] DEBUG:colcon.colcon_core.shell:Skip shell extension 'dsv' for command environment
[0.380s] INFO:colcon.colcon_ros.task.ament_cmake.build:Building ROS package in '/root/sjtu_project/sjtu_drone/sjtu_drone_description' with build type 'ament_cmake'
[0.380s] INFO:colcon.colcon_cmake.task.cmake.build:Building CMake package in '/root/sjtu_project/sjtu_drone/sjtu_drone_description'
[0.380s] INFO:colcon.colcon_core.shell:Skip shell extension 'powershell' for command environment: Not usable outside of PowerShell
[0.380s] DEBUG:colcon.colcon_core.shell:Skip shell extension 'dsv' for command environment
[0.599s] INFO:colcon.colcon_core.task.python.build:Building Python package in '/root/sjtu_project/sjtu_drone/sjtu_drone_bringup'
[0.600s] INFO:colcon.colcon_core.shell:Skip shell extension 'powershell' for command environment: Not usable outside of PowerShell
[0.600s] DEBUG:colcon.colcon_core.shell:Skip shell extension 'dsv' for command environment
[0.811s] INFO:colcon.colcon_core.task.python.build:Building Python package in '/root/sjtu_project/sjtu_drone/sjtu_drone_control'
[0.811s] INFO:colcon.colcon_core.shell:Skip shell extension 'powershell' for command environment: Not usable outside of PowerShell
[0.811s] DEBUG:colcon.colcon_core.shell:Skip shell extension 'dsv' for command environment
[0.816s] DEBUG:colcon.colcon_core.event_handler.log_command:Invoking command in '/root/sjtu_project/build/sjtu_drone_description': CMAKE_PREFIX_PATH=${CMAKE_PREFIX_PATH}:/root/sjtu_project/install/sjtu_drone_control:/root/sjtu_project/install/sjtu_drone_bringup:/opt/ros/humble /usr/bin/cmake /root/sjtu_project/sjtu_drone/sjtu_drone_description -DBUILD_TESTING=OFF -DRMW_IMPLEMENTATION=rmw_fastrtps_cpp -DCMAKE_INSTALL_PREFIX=/root/sjtu_project/install/sjtu_drone_description
[1.134s] DEBUG:colcon.colcon_core.event_handler.log_command:Invoking command in '/root/sjtu_project/sjtu_drone/sjtu_drone_bringup': PYTHONPATH=/root/sjtu_project/build/sjtu_drone_bringup/prefix_override:/usr/lib/python3/dist-packages/colcon_core/task/python/colcon_distutils_commands:/root/sjtu_project/install/sjtu_drone_bringup/lib/python3.10/site-packages:${PYTHONPATH} /usr/bin/python3 -W ignore:setup.py install is deprecated -W ignore:easy_install command is deprecated setup.py egg_info --egg-base ../../build/sjtu_drone_bringup build --build-base /root/sjtu_project/build/sjtu_drone_bringup/build install --record /root/sjtu_project/build/sjtu_drone_bringup/install.log --single-version-externally-managed install_data
[1.135s] DEBUG:colcon.colcon_core.event_handler.log_command:Invoking command in '/root/sjtu_project/sjtu_drone/sjtu_drone_control': PYTHONPATH=/root/sjtu_project/build/sjtu_drone_control/prefix_override:/usr/lib/python3/dist-packages/colcon_core/task/python/colcon_distutils_commands:/root/sjtu_project/install/sjtu_drone_control/lib/python3.10/site-packages:${PYTHONPATH} /usr/bin/python3 -W ignore:setup.py install is deprecated -W ignore:easy_install command is deprecated setup.py egg_info --egg-base ../../build/sjtu_drone_control build --build-base /root/sjtu_project/build/sjtu_drone_control/build install --record /root/sjtu_project/build/sjtu_drone_control/install.log --single-version-externally-managed install_data
[1.382s] DEBUG:colcon.colcon_core.event_handler.log_command:Invoked command in '/root/sjtu_project/sjtu_drone/sjtu_drone_bringup' returned '0': PYTHONPATH=/root/sjtu_project/build/sjtu_drone_bringup/prefix_override:/usr/lib/python3/dist-packages/colcon_core/task/python/colcon_distutils_commands:/root/sjtu_project/install/sjtu_drone_bringup/lib/python3.10/site-packages:${PYTHONPATH} /usr/bin/python3 -W ignore:setup.py install is deprecated -W ignore:easy_install command is deprecated setup.py egg_info --egg-base ../../build/sjtu_drone_bringup build --build-base /root/sjtu_project/build/sjtu_drone_bringup/build install --record /root/sjtu_project/build/sjtu_drone_bringup/install.log --single-version-externally-managed install_data
[1.387s] Level 1:colcon.colcon_core.environment:checking '/root/sjtu_project/install/sjtu_drone_bringup' for CMake module files
[1.387s] Level 1:colcon.colcon_core.environment:checking '/root/sjtu_project/install/sjtu_drone_bringup' for CMake config files
[1.388s] Level 1:colcon.colcon_core.environment:checking '/root/sjtu_project/install/sjtu_drone_bringup/lib'
[1.388s] Level 1:colcon.colcon_core.environment:checking '/root/sjtu_project/install/sjtu_drone_bringup/bin'
[1.388s] Level 1:colcon.colcon_core.environment:checking '/root/sjtu_project/install/sjtu_drone_bringup/lib/pkgconfig/sjtu_drone_bringup.pc'
[1.389s] Level 1:colcon.colcon_core.environment:checking '/root/sjtu_project/install/sjtu_drone_bringup/lib/python3.10/site-packages'
[1.389s] Level 1:colcon.colcon_core.shell:create_environment_hook('sjtu_drone_bringup', 'pythonpath')
[1.389s] INFO:colcon.colcon_core.shell:Creating environment hook '/root/sjtu_project/install/sjtu_drone_bringup/share/sjtu_drone_bringup/hook/pythonpath.ps1'
[1.389s] INFO:colcon.colcon_core.shell:Creating environment descriptor '/root/sjtu_project/install/sjtu_drone_bringup/share/sjtu_drone_bringup/hook/pythonpath.dsv'
[1.390s] INFO:colcon.colcon_core.shell:Creating environment hook '/root/sjtu_project/install/sjtu_drone_bringup/share/sjtu_drone_bringup/hook/pythonpath.sh'
[1.390s] Level 1:colcon.colcon_core.environment:checking '/root/sjtu_project/install/sjtu_drone_bringup/bin'
[1.390s] Level 1:colcon.colcon_core.environment:create_environment_scripts_only(sjtu_drone_bringup)
[1.391s] INFO:colcon.colcon_core.shell:Creating package script '/root/sjtu_project/install/sjtu_drone_bringup/share/sjtu_drone_bringup/package.ps1'
[1.392s] INFO:colcon.colcon_core.shell:Creating package descriptor '/root/sjtu_project/install/sjtu_drone_bringup/share/sjtu_drone_bringup/package.dsv'
[1.393s] INFO:colcon.colcon_core.shell:Creating package script '/root/sjtu_project/install/sjtu_drone_bringup/share/sjtu_drone_bringup/package.sh'
[1.394s] INFO:colcon.colcon_core.shell:Creating package script '/root/sjtu_project/install/sjtu_drone_bringup/share/sjtu_drone_bringup/package.bash'
[1.395s] INFO:colcon.colcon_core.shell:Creating package script '/root/sjtu_project/install/sjtu_drone_bringup/share/sjtu_drone_bringup/package.zsh'
[1.396s] Level 1:colcon.colcon_core.environment:create_file_with_runtime_dependencies(/root/sjtu_project/install/sjtu_drone_bringup/share/colcon-core/packages/sjtu_drone_bringup)
[1.403s] Level 1:colcon.colcon_core.environment:checking '/root/sjtu_project/install/sjtu_drone_control' for CMake module files
[1.404s] DEBUG:colcon.colcon_core.event_handler.log_command:Invoked command in '/root/sjtu_project/sjtu_drone/sjtu_drone_control' returned '0': PYTHONPATH=/root/sjtu_project/build/sjtu_drone_control/prefix_override:/usr/lib/python3/dist-packages/colcon_core/task/python/colcon_distutils_commands:/root/sjtu_project/install/sjtu_drone_control/lib/python3.10/site-packages:${PYTHONPATH} /usr/bin/python3 -W ignore:setup.py install is deprecated -W ignore:easy_install command is deprecated setup.py egg_info --egg-base ../../build/sjtu_drone_control build --build-base /root/sjtu_project/build/sjtu_drone_control/build install --record /root/sjtu_project/build/sjtu_drone_control/install.log --single-version-externally-managed install_data
[1.404s] Level 1:colcon.colcon_core.environment:checking '/root/sjtu_project/install/sjtu_drone_control' for CMake config files
[1.404s] Level 1:colcon.colcon_core.environment:checking '/root/sjtu_project/install/sjtu_drone_control/lib'
[1.405s] Level 1:colcon.colcon_core.environment:checking '/root/sjtu_project/install/sjtu_drone_control/bin'
[1.405s] Level 1:colcon.colcon_core.environment:checking '/root/sjtu_project/install/sjtu_drone_control/lib/pkgconfig/sjtu_drone_control.pc'
[1.405s] Level 1:colcon.colcon_core.environment:checking '/root/sjtu_project/install/sjtu_drone_control/lib/python3.10/site-packages'
[1.405s] Level 1:colcon.colcon_core.shell:create_environment_hook('sjtu_drone_control', 'pythonpath')
[1.405s] INFO:colcon.colcon_core.shell:Creating environment hook '/root/sjtu_project/install/sjtu_drone_control/share/sjtu_drone_control/hook/pythonpath.ps1'
[1.406s] INFO:colcon.colcon_core.shell:Creating environment descriptor '/root/sjtu_project/install/sjtu_drone_control/share/sjtu_drone_control/hook/pythonpath.dsv'
[1.406s] INFO:colcon.colcon_core.shell:Creating environment hook '/root/sjtu_project/install/sjtu_drone_control/share/sjtu_drone_control/hook/pythonpath.sh'
[1.407s] Level 1:colcon.colcon_core.environment:checking '/root/sjtu_project/install/sjtu_drone_control/bin'
[1.407s] Level 1:colcon.colcon_core.environment:create_environment_scripts_only(sjtu_drone_control)
[1.407s] INFO:colcon.colcon_core.shell:Creating package script '/root/sjtu_project/install/sjtu_drone_control/share/sjtu_drone_control/package.ps1'
[1.408s] INFO:colcon.colcon_core.shell:Creating package descriptor '/root/sjtu_project/install/sjtu_drone_control/share/sjtu_drone_control/package.dsv'
[1.408s] INFO:colcon.colcon_core.shell:Creating package script '/root/sjtu_project/install/sjtu_drone_control/share/sjtu_drone_control/package.sh'
[1.409s] INFO:colcon.colcon_core.shell:Creating package script '/root/sjtu_project/install/sjtu_drone_control/share/sjtu_drone_control/package.bash'
[1.409s] INFO:colcon.colcon_core.shell:Creating package script '/root/sjtu_project/install/sjtu_drone_control/share/sjtu_drone_control/package.zsh'
[1.409s] Level 1:colcon.colcon_core.environment:create_file_with_runtime_dependencies(/root/sjtu_project/install/sjtu_drone_control/share/colcon-core/packages/sjtu_drone_control)
[3.783s] DEBUG:colcon.colcon_core.event_handler.log_command:Invoked command in '/root/sjtu_project/build/sjtu_drone_description' returned '0': CMAKE_PREFIX_PATH=${CMAKE_PREFIX_PATH}:/root/sjtu_project/install/sjtu_drone_control:/root/sjtu_project/install/sjtu_drone_bringup:/opt/ros/humble /usr/bin/cmake /root/sjtu_project/sjtu_drone/sjtu_drone_description -DBUILD_TESTING=OFF -DRMW_IMPLEMENTATION=rmw_fastrtps_cpp -DCMAKE_INSTALL_PREFIX=/root/sjtu_project/install/sjtu_drone_description
[3.785s] DEBUG:colcon.colcon_core.event_handler.log_command:Invoking command in '/root/sjtu_project/build/sjtu_drone_description': CMAKE_PREFIX_PATH=${CMAKE_PREFIX_PATH}:/root/sjtu_project/install/sjtu_drone_control:/root/sjtu_project/install/sjtu_drone_bringup:/opt/ros/humble /usr/bin/cmake --build /root/sjtu_project/build/sjtu_drone_description -- -j12 -l12
[39.976s] DEBUG:colcon.colcon_core.event_handler.log_command:Invoked command in '/root/sjtu_project/build/sjtu_drone_description' returned '0': CMAKE_PREFIX_PATH=${CMAKE_PREFIX_PATH}:/root/sjtu_project/install/sjtu_drone_control:/root/sjtu_project/install/sjtu_drone_bringup:/opt/ros/humble /usr/bin/cmake --build /root/sjtu_project/build/sjtu_drone_description -- -j12 -l12
[39.987s] DEBUG:colcon.colcon_core.event_handler.log_command:Invoking command in '/root/sjtu_project/build/sjtu_drone_description': CMAKE_PREFIX_PATH=${CMAKE_PREFIX_PATH}:/root/sjtu_project/install/sjtu_drone_control:/root/sjtu_project/install/sjtu_drone_bringup:/opt/ros/humble /usr/bin/cmake --install /root/sjtu_project/build/sjtu_drone_description
[40.037s] Level 1:colcon.colcon_core.environment:create_environment_scripts_only(sjtu_drone_description)
[40.038s] Level 1:colcon.colcon_core.environment:checking '/root/sjtu_project/install/sjtu_drone_description' for CMake module files
[40.038s] DEBUG:colcon.colcon_core.event_handler.log_command:Invoked command in '/root/sjtu_project/build/sjtu_drone_description' returned '0': CMAKE_PREFIX_PATH=${CMAKE_PREFIX_PATH}:/root/sjtu_project/install/sjtu_drone_control:/root/sjtu_project/install/sjtu_drone_bringup:/opt/ros/humble /usr/bin/cmake --install /root/sjtu_project/build/sjtu_drone_description
[40.038s] Level 1:colcon.colcon_core.environment:checking '/root/sjtu_project/install/sjtu_drone_description' for CMake config files
[40.039s] Level 1:colcon.colcon_core.shell:create_environment_hook('sjtu_drone_description', 'cmake_prefix_path')
[40.039s] INFO:colcon.colcon_core.shell:Creating environment hook '/root/sjtu_project/install/sjtu_drone_description/share/sjtu_drone_description/hook/cmake_prefix_path.ps1'
[40.040s] INFO:colcon.colcon_core.shell:Creating environment descriptor '/root/sjtu_project/install/sjtu_drone_description/share/sjtu_drone_description/hook/cmake_prefix_path.dsv'
[40.041s] INFO:colcon.colcon_core.shell:Creating environment hook '/root/sjtu_project/install/sjtu_drone_description/share/sjtu_drone_description/hook/cmake_prefix_path.sh'
[40.041s] Level 1:colcon.colcon_core.environment:checking '/root/sjtu_project/install/sjtu_drone_description/lib'
[40.041s] Level 1:colcon.colcon_core.shell:create_environment_hook('sjtu_drone_description', 'ld_library_path_lib')
[40.041s] INFO:colcon.colcon_core.shell:Creating environment hook '/root/sjtu_project/install/sjtu_drone_description/share/sjtu_drone_description/hook/ld_library_path_lib.ps1'
[40.042s] INFO:colcon.colcon_core.shell:Creating environment descriptor '/root/sjtu_project/install/sjtu_drone_description/share/sjtu_drone_description/hook/ld_library_path_lib.dsv'
[40.042s] INFO:colcon.colcon_core.shell:Creating environment hook '/root/sjtu_project/install/sjtu_drone_description/share/sjtu_drone_description/hook/ld_library_path_lib.sh'
[40.042s] Level 1:colcon.colcon_core.environment:checking '/root/sjtu_project/install/sjtu_drone_description/bin'
[40.042s] Level 1:colcon.colcon_core.environment:checking '/root/sjtu_project/install/sjtu_drone_description/lib/pkgconfig/sjtu_drone_description.pc'
[40.043s] Level 1:colcon.colcon_core.environment:checking '/root/sjtu_project/install/sjtu_drone_description/lib/python3.10/site-packages'
[40.043s] Level 1:colcon.colcon_core.environment:checking '/root/sjtu_project/install/sjtu_drone_description/bin'
[40.043s] INFO:colcon.colcon_core.shell:Creating package script '/root/sjtu_project/install/sjtu_drone_description/share/sjtu_drone_description/package.ps1'
[40.044s] INFO:colcon.colcon_core.shell:Creating package descriptor '/root/sjtu_project/install/sjtu_drone_description/share/sjtu_drone_description/package.dsv'
[40.045s] INFO:colcon.colcon_core.shell:Creating package script '/root/sjtu_project/install/sjtu_drone_description/share/sjtu_drone_description/package.sh'
[40.046s] INFO:colcon.colcon_core.shell:Creating package script '/root/sjtu_project/install/sjtu_drone_description/share/sjtu_drone_description/package.bash'
[40.046s] INFO:colcon.colcon_core.shell:Creating package script '/root/sjtu_project/install/sjtu_drone_description/share/sjtu_drone_description/package.zsh'
[40.047s] Level 1:colcon.colcon_core.environment:create_file_with_runtime_dependencies(/root/sjtu_project/install/sjtu_drone_description/share/colcon-core/packages/sjtu_drone_description)
[40.048s] Level 1:colcon.colcon_core.environment:create_environment_scripts_only(sjtu_drone_description)
[40.048s] Level 1:colcon.colcon_core.environment:checking '/root/sjtu_project/install/sjtu_drone_description' for CMake module files
[40.049s] Level 1:colcon.colcon_core.environment:checking '/root/sjtu_project/install/sjtu_drone_description' for CMake config files
[40.049s] Level 1:colcon.colcon_core.shell:create_environment_hook('sjtu_drone_description', 'cmake_prefix_path')
[40.050s] INFO:colcon.colcon_core.shell:Creating environment hook '/root/sjtu_project/install/sjtu_drone_description/share/sjtu_drone_description/hook/cmake_prefix_path.ps1'
[40.050s] INFO:colcon.colcon_core.shell:Creating environment descriptor '/root/sjtu_project/install/sjtu_drone_description/share/sjtu_drone_description/hook/cmake_prefix_path.dsv'
[40.051s] INFO:colcon.colcon_core.shell:Creating environment hook '/root/sjtu_project/install/sjtu_drone_description/share/sjtu_drone_description/hook/cmake_prefix_path.sh'
[40.051s] Level 1:colcon.colcon_core.environment:checking '/root/sjtu_project/install/sjtu_drone_description/lib'
[40.051s] Level 1:colcon.colcon_core.shell:create_environment_hook('sjtu_drone_description', 'ld_library_path_lib')
[40.052s] INFO:colcon.colcon_core.shell:Creating environment hook '/root/sjtu_project/install/sjtu_drone_description/share/sjtu_drone_description/hook/ld_library_path_lib.ps1'
[40.052s] INFO:colcon.colcon_core.shell:Creating environment descriptor '/root/sjtu_project/install/sjtu_drone_description/share/sjtu_drone_description/hook/ld_library_path_lib.dsv'
[40.052s] INFO:colcon.colcon_core.shell:Creating environment hook '/root/sjtu_project/install/sjtu_drone_description/share/sjtu_drone_description/hook/ld_library_path_lib.sh'
[40.053s] Level 1:colcon.colcon_core.environment:checking '/root/sjtu_project/install/sjtu_drone_description/bin'
[40.053s] Level 1:colcon.colcon_core.environment:checking '/root/sjtu_project/install/sjtu_drone_description/lib/pkgconfig/sjtu_drone_description.pc'
[40.053s] Level 1:colcon.colcon_core.environment:checking '/root/sjtu_project/install/sjtu_drone_description/lib/python3.10/site-packages'
[40.054s] Level 1:colcon.colcon_core.environment:checking '/root/sjtu_project/install/sjtu_drone_description/bin'
[40.054s] INFO:colcon.colcon_core.shell:Creating package script '/root/sjtu_project/install/sjtu_drone_description/share/sjtu_drone_description/package.ps1'
[40.055s] INFO:colcon.colcon_core.shell:Creating package descriptor '/root/sjtu_project/install/sjtu_drone_description/share/sjtu_drone_description/package.dsv'
[40.055s] INFO:colcon.colcon_core.shell:Creating package script '/root/sjtu_project/install/sjtu_drone_description/share/sjtu_drone_description/package.sh'
[40.056s] INFO:colcon.colcon_core.shell:Creating package script '/root/sjtu_project/install/sjtu_drone_description/share/sjtu_drone_description/package.bash'
[40.056s] INFO:colcon.colcon_core.shell:Creating package script '/root/sjtu_project/install/sjtu_drone_description/share/sjtu_drone_description/package.zsh'
[40.057s] Level 1:colcon.colcon_core.environment:create_file_with_runtime_dependencies(/root/sjtu_project/install/sjtu_drone_description/share/colcon-core/packages/sjtu_drone_description)
[40.057s] DEBUG:colcon.colcon_parallel_executor.executor.parallel:closing loop
[40.057s] DEBUG:colcon.colcon_parallel_executor.executor.parallel:loop closed
[40.057s] DEBUG:colcon.colcon_parallel_executor.executor.parallel:run_until_complete finished with '0'
[40.057s] DEBUG:colcon.colcon_core.event_reactor:joining thread
[40.071s] INFO:colcon.colcon_core.plugin_system:Skipping extension 'colcon_notification.desktop_notification.notify_send': Could not find 'notify-send'
[40.071s] INFO:colcon.colcon_core.plugin_system:Skipping extension 'colcon_notification.desktop_notification.terminal_notifier': Not used on non-Darwin systems
[40.071s] INFO:colcon.colcon_core.plugin_system:Skipping extension 'colcon_notification.desktop_notification.win32': Not used on non-Windows systems
[40.072s] INFO:colcon.colcon_notification.desktop_notification:Sending desktop notification using 'notify2'
[40.074s] DEBUG:colcon.colcon_notification.desktop_notification.notify2:Failed to initialize notify2: org.freedesktop.DBus.Error.Spawn.ExecFailed: /usr/bin/dbus-launch terminated abnormally without any error message
[40.075s] DEBUG:colcon.colcon_core.event_reactor:joined thread
[40.075s] INFO:colcon.colcon_core.shell:Creating prefix script '/root/sjtu_project/install/local_setup.ps1'
[40.077s] INFO:colcon.colcon_core.shell:Creating prefix util module '/root/sjtu_project/install/_local_setup_util_ps1.py'
[40.079s] INFO:colcon.colcon_core.shell:Creating prefix chain script '/root/sjtu_project/install/setup.ps1'
[40.081s] INFO:colcon.colcon_core.shell:Creating prefix script '/root/sjtu_project/install/local_setup.sh'
[40.082s] INFO:colcon.colcon_core.shell:Creating prefix util module '/root/sjtu_project/install/_local_setup_util_sh.py'
[40.083s] INFO:colcon.colcon_core.shell:Creating prefix chain script '/root/sjtu_project/install/setup.sh'
[40.086s] INFO:colcon.colcon_core.shell:Creating prefix script '/root/sjtu_project/install/local_setup.bash'
[40.086s] INFO:colcon.colcon_core.shell:Creating prefix chain script '/root/sjtu_project/install/setup.bash'
[40.088s] INFO:colcon.colcon_core.shell:Creating prefix script '/root/sjtu_project/install/local_setup.zsh'
[40.088s] INFO:colcon.colcon_core.shell:Creating prefix chain script '/root/sjtu_project/install/setup.zsh'
