[0.407s] Invoking command in '/root/april_gazebo/build/sjtu_drone_description': CMAKE_PREFIX_PATH=${CMAKE_PREFIX_PATH}:/root/april_gazebo/install/sjtu_drone_control:/root/april_gazebo/install/sjtu_drone_bringup:/opt/ros/humble /usr/bin/cmake /root/april_gazebo/sjtu_drone/sjtu_drone_description -DBUILD_TESTING=OFF -DRMW_IMPLEMENTATION=rmw_fastrtps_cpp -DCMAKE_INSTALL_PREFIX=/root/april_gazebo/install/sjtu_drone_description
[0.477s] -- The C compiler identification is GNU 11.4.0
[0.544s] -- The CXX compiler identification is GNU 11.4.0
[0.557s] -- Detecting C compiler ABI info
[0.628s] -- Detecting C compiler ABI info - done
[0.641s] -- Check for working C compiler: /usr/bin/cc - skipped
[0.642s] -- Detecting C compile features
[0.643s] -- Detecting C compile features - done
[0.648s] -- Detecting CXX compiler ABI info
[0.731s] -- Detecting CXX compiler ABI info - done
[0.739s] -- Check for working CXX compiler: /usr/bin/c++ - skipped
[0.739s] -- Detecting CXX compile features
[0.740s] -- Detecting CXX compile features - done
[0.746s] -- Found PkgConfig: /usr/bin/pkg-config (found version "0.29.2") 
[0.746s] -- Checking for module 'OGRE'
[0.759s] --   Found OGRE, version 1.9.0
[0.791s] -- Checking for module 'OGRE-Terrain'
[0.805s] --   Found OGRE-Terrain, version 1.9.0
[0.844s] -- Found ament_cmake: 1.3.12 (/opt/ros/humble/share/ament_cmake/cmake)
[1.009s] -- Found Python3: /usr/bin/python3 (found version "3.10.12") found components: Interpreter 
[1.105s] -- Found ament_cmake_ros: 0.10.0 (/opt/ros/humble/share/ament_cmake_ros/cmake)
[1.118s] -- Found rclcpp: 16.0.15 (/opt/ros/humble/share/rclcpp/cmake)
[1.169s] -- Found rosidl_generator_c: 3.1.7 (/opt/ros/humble/share/rosidl_generator_c/cmake)
[1.175s] -- Found rosidl_adapter: 3.1.7 (/opt/ros/humble/share/rosidl_adapter/cmake)
[1.185s] -- Found rosidl_generator_cpp: 3.1.7 (/opt/ros/humble/share/rosidl_generator_cpp/cmake)
[1.199s] -- Using all available rosidl_typesupport_c: rosidl_typesupport_fastrtps_c;rosidl_typesupport_introspection_c
[1.218s] -- Using all available rosidl_typesupport_cpp: rosidl_typesupport_fastrtps_cpp;rosidl_typesupport_introspection_cpp
[1.267s] -- Found rmw_implementation_cmake: 6.1.2 (/opt/ros/humble/share/rmw_implementation_cmake/cmake)
[1.270s] -- Found rmw_fastrtps_cpp: 6.2.8 (/opt/ros/humble/share/rmw_fastrtps_cpp/cmake)
[1.366s] -- Found OpenSSL: /usr/lib/x86_64-linux-gnu/libcrypto.so (found version "3.0.2")  
[1.392s] -- Found FastRTPS: /opt/ros/humble/include  
[1.447s] -- Using RMW implementation 'rmw_fastrtps_cpp' as default
[1.459s] -- Looking for pthread.h
[1.560s] -- Looking for pthread.h - found
[1.560s] -- Performing Test CMAKE_HAVE_LIBC_PTHREAD
[1.641s] -- Performing Test CMAKE_HAVE_LIBC_PTHREAD - Success
[1.642s] -- Found Threads: TRUE  
[1.704s] -- Found gazebo_ros: 3.9.0 (/opt/ros/humble/share/gazebo_ros/cmake)
[1.718s] -- Checking for module 'bullet>=2.82'
[1.730s] --   Found bullet, version 3.05
[1.831s] -- Found fcl: /usr/include (found suitable version "0.7.0", minimum required is "0.5.0") 
[1.874s] -- Found assimp: /usr/include (found version "5.2.0") 
[1.899s] -- Found DART: /usr/include (Required is at least version "6.6") found components: dart 
[1.925s] -- Found Boost: /usr/lib/x86_64-linux-gnu/cmake/Boost-1.74.0/BoostConfig.cmake (found suitable version "1.74.0", minimum required is "1.40.0") found components: thread system filesystem program_options regex iostreams date_time 
[1.937s] -- Found Protobuf: /usr/lib/x86_64-linux-gnu/libprotobuf.so (found version "3.12.4") 
[1.942s] -- Looking for ignition-math6 -- found version 6.15.1
[1.951s] -- Searching for dependencies of ignition-math6
[1.953s] -- Looking for OGRE...
[1.953s] -- OGRE_PREFIX_WATCH changed.
[1.958s] -- Checking for module 'OGRE'
[1.968s] --   Found OGRE, version 1.9.0
[2.001s] -- Found Ogre Ghadamon (1.9.0)
[2.019s] -- Looking for OGRE_Paging...
[2.021s] -- Found OGRE_Paging: optimized;/usr/lib/x86_64-linux-gnu/libOgrePaging.so;debug;/usr/lib/x86_64-linux-gnu/libOgrePaging.so
[2.022s] -- Looking for OGRE_Terrain...
[2.024s] -- Found OGRE_Terrain: optimized;/usr/lib/x86_64-linux-gnu/libOgreTerrain.so;debug;/usr/lib/x86_64-linux-gnu/libOgreTerrain.so
[2.024s] -- Looking for OGRE_Property...
[2.027s] -- Found OGRE_Property: optimized;/usr/lib/x86_64-linux-gnu/libOgreProperty.so;debug;/usr/lib/x86_64-linux-gnu/libOgreProperty.so
[2.027s] -- Looking for OGRE_RTShaderSystem...
[2.030s] -- Found OGRE_RTShaderSystem: optimized;/usr/lib/x86_64-linux-gnu/libOgreRTShaderSystem.so;debug;/usr/lib/x86_64-linux-gnu/libOgreRTShaderSystem.so
[2.030s] -- Looking for OGRE_Volume...
[2.033s] -- Found OGRE_Volume: optimized;/usr/lib/x86_64-linux-gnu/libOgreVolume.so;debug;/usr/lib/x86_64-linux-gnu/libOgreVolume.so
[2.033s] -- Looking for OGRE_Overlay...
[2.036s] -- Found OGRE_Overlay: optimized;/usr/lib/x86_64-linux-gnu/libOgreOverlay.so;debug;/usr/lib/x86_64-linux-gnu/libOgreOverlay.so
[2.106s] -- Looking for ignition-math6 -- found version 6.15.1
[2.109s] -- Looking for ignition-transport8 -- found version 8.2.1
[2.109s] -- Searching for dependencies of ignition-transport8
[2.126s] -- Found Protobuf: /usr/lib/x86_64-linux-gnu/libprotobuf.so (found suitable version "3.12.4", minimum required is "3") 
[2.137s] -- Config-file not installed for ZeroMQ -- checking for pkg-config
[2.141s] -- Checking for module 'libzmq >= 4'
[2.154s] --   Found libzmq , version 4.3.4
[2.191s] -- Found ZeroMQ: TRUE (Required is at least version "4") 
[2.197s] -- Checking for module 'uuid'
[2.209s] --   Found uuid, version 2.37.2
[2.239s] -- Found UUID: TRUE  
[2.242s] -- Looking for ignition-msgs5 -- found version 5.8.1
[2.242s] -- Searching for dependencies of ignition-msgs5
[2.261s] -- Looking for ignition-math6 -- found version 6.15.1
[2.267s] -- Checking for module 'tinyxml2'
[2.280s] --   Found tinyxml2, version 9.0.0
[2.315s] -- Looking for ignition-msgs5 -- found version 5.8.1
[2.318s] -- Looking for ignition-common3 -- found version 3.14.0
[2.318s] -- Searching for dependencies of ignition-common3
[2.319s] -- Looking for dlfcn.h - found
[2.319s] -- Looking for libdl - found
[2.321s] -- Found DL: TRUE  
[2.332s] -- Found tinyobjloader: /usr/lib/x86_64-linux-gnu/cmake/tinyobjloader/tinyobjloader-config.cmake (found version "2.0.0") 
[2.332s] -- Searching for <ignition-common3> component [graphics]
[2.335s] -- Looking for ignition-common3-graphics -- found version 3.14.0
[2.335s] -- Searching for dependencies of ignition-common3-graphics
[2.336s] -- Looking for ignition-math6 -- found version 6.15.1
[2.339s] -- Looking for ignition-fuel_tools4 -- found version 4.4.0
[2.340s] -- Searching for dependencies of ignition-fuel_tools4
[2.411s] -- Found CURL: /usr/lib/x86_64-linux-gnu/libcurl.so (found version "7.81.0")  
[2.420s] -- Checking for module 'jsoncpp'
[2.432s] --   Found jsoncpp, version 1.9.5
[2.461s] -- Found JSONCPP: TRUE  
[2.467s] -- Checking for module 'libzip'
[2.478s] --   Found libzip, version 1.7.3
[2.508s] -- Found ZIP: TRUE  
[2.509s] -- Looking for ignition-common3 -- found version 3.14.0
[2.509s] -- Looking for ignition-math6 -- found version 6.15.1
[2.509s] -- Looking for ignition-msgs5 -- found version 5.8.1
[2.514s] -- Gazebo version: 11.10
[2.515s] -- Checking for module 'tbb'
[2.527s] --   Found tbb, version 2021.5.0
[2.558s] -- Found gazebo_plugins: 3.9.0 (/opt/ros/humble/share/gazebo_plugins/cmake)
[2.631s] -- Found sensor_msgs: 4.9.0 (/opt/ros/humble/share/sensor_msgs/cmake)
[2.650s] -- Found nav_msgs: 4.9.0 (/opt/ros/humble/share/nav_msgs/cmake)
[2.671s] -- Found tf2: 0.25.16 (/opt/ros/humble/share/tf2/cmake)
[2.683s] -- Found tf2_ros: 0.25.16 (/opt/ros/humble/share/tf2_ros/cmake)
[2.796s] -- Found tf2_geometry_msgs: 0.25.16 (/opt/ros/humble/share/tf2_geometry_msgs/cmake)
[2.806s] -- Found eigen3_cmake_module: 0.1.1 (/opt/ros/humble/share/eigen3_cmake_module/cmake)
[2.807s] -- Found Eigen3: TRUE (found version "3.4.0") 
[2.807s] -- Ensuring Eigen3 include directory is part of orocos-kdl CMake target
[2.883s] -- Configuring done
[2.940s] -- Generating done
[2.951s] -- Build files have been written to: /root/april_gazebo/build/sjtu_drone_description
[2.962s] Invoked command in '/root/april_gazebo/build/sjtu_drone_description' returned '0': CMAKE_PREFIX_PATH=${CMAKE_PREFIX_PATH}:/root/april_gazebo/install/sjtu_drone_control:/root/april_gazebo/install/sjtu_drone_bringup:/opt/ros/humble /usr/bin/cmake /root/april_gazebo/sjtu_drone/sjtu_drone_description -DBUILD_TESTING=OFF -DRMW_IMPLEMENTATION=rmw_fastrtps_cpp -DCMAKE_INSTALL_PREFIX=/root/april_gazebo/install/sjtu_drone_description
[2.965s] Invoking command in '/root/april_gazebo/build/sjtu_drone_description': CMAKE_PREFIX_PATH=${CMAKE_PREFIX_PATH}:/root/april_gazebo/install/sjtu_drone_control:/root/april_gazebo/install/sjtu_drone_bringup:/opt/ros/humble /usr/bin/cmake --build /root/april_gazebo/build/sjtu_drone_description -- -j12 -l12
[3.017s] [ 50%] [32mBuilding CXX object CMakeFiles/plugin_drone.dir/src/pid_controller.cpp.o[0m
[3.018s] [ 50%] [32mBuilding CXX object CMakeFiles/plugin_drone.dir/src/plugin_drone.cpp.o[0m
[3.018s] [ 75%] [32mBuilding CXX object CMakeFiles/plugin_drone.dir/src/plugin_drone_private.cpp.o[0m
[31.328s] [100%] [32m[1mLinking CXX shared library /root/april_gazebo/sjtu_drone/sjtu_drone_description/plugins/libplugin_drone.so[0m
[33.626s] [100%] Built target plugin_drone
[33.640s] Invoked command in '/root/april_gazebo/build/sjtu_drone_description' returned '0': CMAKE_PREFIX_PATH=${CMAKE_PREFIX_PATH}:/root/april_gazebo/install/sjtu_drone_control:/root/april_gazebo/install/sjtu_drone_bringup:/opt/ros/humble /usr/bin/cmake --build /root/april_gazebo/build/sjtu_drone_description -- -j12 -l12
[33.653s] Invoking command in '/root/april_gazebo/build/sjtu_drone_description': CMAKE_PREFIX_PATH=${CMAKE_PREFIX_PATH}:/root/april_gazebo/install/sjtu_drone_control:/root/april_gazebo/install/sjtu_drone_bringup:/opt/ros/humble /usr/bin/cmake --install /root/april_gazebo/build/sjtu_drone_description
[33.661s] -- Install configuration: ""
[33.661s] -- Installing: /root/april_gazebo/install/sjtu_drone_description/include
[33.661s] -- Installing: /root/april_gazebo/install/sjtu_drone_description/include/sjtu_drone_description
[33.661s] -- Installing: /root/april_gazebo/install/sjtu_drone_description/include/sjtu_drone_description/plugin_drone.h
[33.661s] -- Installing: /root/april_gazebo/install/sjtu_drone_description/include/sjtu_drone_description/pid_controller.h
[33.662s] -- Installing: /root/april_gazebo/install/sjtu_drone_description/include/sjtu_drone_description/plugin_drone_private.h
[33.663s] -- Installing: /root/april_gazebo/install/sjtu_drone_description/lib/libplugin_drone.so
[33.686s] -- Set runtime path of "/root/april_gazebo/install/sjtu_drone_description/lib/libplugin_drone.so" to ""
[33.686s] -- Installing: /root/april_gazebo/install/sjtu_drone_description/share/sjtu_drone_description/environment/library_path.sh
[33.686s] -- Installing: /root/april_gazebo/install/sjtu_drone_description/share/sjtu_drone_description/environment/library_path.dsv
[33.687s] -- Installing: /root/april_gazebo/install/sjtu_drone_description/share/sjtu_drone_description/models
[33.687s] -- Installing: /root/april_gazebo/install/sjtu_drone_description/share/sjtu_drone_description/models/sjtu_drone
[33.687s] -- Installing: /root/april_gazebo/install/sjtu_drone_description/share/sjtu_drone_description/models/sjtu_drone/sjtu_drone.sdf
[33.687s] -- Installing: /root/april_gazebo/install/sjtu_drone_description/share/sjtu_drone_description/models/sjtu_drone/model.config
[33.687s] -- Installing: /root/april_gazebo/install/sjtu_drone_description/share/sjtu_drone_description/models/sjtu_drone/quadrotor_4.stl
[33.688s] -- Installing: /root/april_gazebo/install/sjtu_drone_description/share/sjtu_drone_description/models/sjtu_drone/quadrotor_4.dae
[33.689s] -- Installing: /root/april_gazebo/install/sjtu_drone_description/share/sjtu_drone_description/models/database.config
[33.689s] -- Installing: /root/april_gazebo/install/sjtu_drone_description/share/sjtu_drone_description/urdf
[33.689s] -- Installing: /root/april_gazebo/install/sjtu_drone_description/share/sjtu_drone_description/urdf/sjtu_drone.urdf.xacro
[33.690s] -- Installing: /root/april_gazebo/install/sjtu_drone_description/share/sjtu_drone_description/urdf/sjtu_drone.urdf
[33.690s] -- Installing: /root/april_gazebo/install/sjtu_drone_description/share/sjtu_drone_description/worlds
[33.691s] -- Installing: /root/april_gazebo/install/sjtu_drone_description/share/sjtu_drone_description/worlds/playground.world
[33.691s] -- Installing: /root/april_gazebo/install/sjtu_drone_description/share/ament_index/resource_index/package_run_dependencies/sjtu_drone_description
[33.692s] -- Installing: /root/april_gazebo/install/sjtu_drone_description/share/ament_index/resource_index/parent_prefix_path/sjtu_drone_description
[33.692s] -- Installing: /root/april_gazebo/install/sjtu_drone_description/share/sjtu_drone_description/environment/ament_prefix_path.sh
[33.692s] -- Installing: /root/april_gazebo/install/sjtu_drone_description/share/sjtu_drone_description/environment/ament_prefix_path.dsv
[33.692s] -- Installing: /root/april_gazebo/install/sjtu_drone_description/share/sjtu_drone_description/environment/path.sh
[33.693s] -- Installing: /root/april_gazebo/install/sjtu_drone_description/share/sjtu_drone_description/environment/path.dsv
[33.693s] -- Installing: /root/april_gazebo/install/sjtu_drone_description/share/sjtu_drone_description/local_setup.bash
[33.693s] -- Installing: /root/april_gazebo/install/sjtu_drone_description/share/sjtu_drone_description/local_setup.sh
[33.693s] -- Installing: /root/april_gazebo/install/sjtu_drone_description/share/sjtu_drone_description/local_setup.zsh
[33.693s] -- Installing: /root/april_gazebo/install/sjtu_drone_description/share/sjtu_drone_description/local_setup.dsv
[33.694s] -- Installing: /root/april_gazebo/install/sjtu_drone_description/share/sjtu_drone_description/package.dsv
[33.694s] -- Installing: /root/april_gazebo/install/sjtu_drone_description/share/ament_index/resource_index/packages/sjtu_drone_description
[33.694s] -- Installing: /root/april_gazebo/install/sjtu_drone_description/share/sjtu_drone_description/cmake/export_sjtu_drone_descriptionExport.cmake
[33.694s] -- Installing: /root/april_gazebo/install/sjtu_drone_description/share/sjtu_drone_description/cmake/export_sjtu_drone_descriptionExport-noconfig.cmake
[33.694s] -- Installing: /root/april_gazebo/install/sjtu_drone_description/share/sjtu_drone_description/cmake/ament_cmake_export_include_directories-extras.cmake
[33.694s] -- Installing: /root/april_gazebo/install/sjtu_drone_description/share/sjtu_drone_description/cmake/ament_cmake_export_libraries-extras.cmake
[33.695s] -- Installing: /root/april_gazebo/install/sjtu_drone_description/share/sjtu_drone_description/cmake/ament_cmake_export_targets-extras.cmake
[33.695s] -- Installing: /root/april_gazebo/install/sjtu_drone_description/share/sjtu_drone_description/cmake/sjtu_drone_descriptionConfig.cmake
[33.695s] -- Installing: /root/april_gazebo/install/sjtu_drone_description/share/sjtu_drone_description/cmake/sjtu_drone_descriptionConfig-version.cmake
[33.695s] -- Installing: /root/april_gazebo/install/sjtu_drone_description/share/sjtu_drone_description/package.xml
[33.699s] Invoked command in '/root/april_gazebo/build/sjtu_drone_description' returned '0': CMAKE_PREFIX_PATH=${CMAKE_PREFIX_PATH}:/root/april_gazebo/install/sjtu_drone_control:/root/april_gazebo/install/sjtu_drone_bringup:/opt/ros/humble /usr/bin/cmake --install /root/april_gazebo/build/sjtu_drone_description
