[0.759s] Invoking command in '/root/sjtu_project/sjtu_drone/sjtu_drone_control': PYTHONPATH=/root/sjtu_project/build/sjtu_drone_control/prefix_override:/usr/lib/python3/dist-packages/colcon_core/task/python/colcon_distutils_commands:/root/sjtu_project/install/sjtu_drone_control/lib/python3.10/site-packages:${PYTHONPATH} /usr/bin/python3 -W ignore:setup.py install is deprecated -W ignore:easy_install command is deprecated setup.py egg_info --egg-base ../../build/sjtu_drone_control build --build-base /root/sjtu_project/build/sjtu_drone_control/build install --record /root/sjtu_project/build/sjtu_drone_control/install.log --single-version-externally-managed install_data
[0.962s] running egg_info
[0.963s] creating ../../build/sjtu_drone_control/sjtu_drone_control.egg-info
[0.963s] writing ../../build/sjtu_drone_control/sjtu_drone_control.egg-info/PKG-INFO
[0.963s] writing dependency_links to ../../build/sjtu_drone_control/sjtu_drone_control.egg-info/dependency_links.txt
[0.963s] writing entry points to ../../build/sjtu_drone_control/sjtu_drone_control.egg-info/entry_points.txt
[0.964s] writing requirements to ../../build/sjtu_drone_control/sjtu_drone_control.egg-info/requires.txt
[0.964s] writing top-level names to ../../build/sjtu_drone_control/sjtu_drone_control.egg-info/top_level.txt
[0.964s] writing manifest file '../../build/sjtu_drone_control/sjtu_drone_control.egg-info/SOURCES.txt'
[0.965s] reading manifest file '../../build/sjtu_drone_control/sjtu_drone_control.egg-info/SOURCES.txt'
[0.966s] writing manifest file '../../build/sjtu_drone_control/sjtu_drone_control.egg-info/SOURCES.txt'
[0.966s] running build
[0.966s] running build_py
[0.966s] creating /root/sjtu_project/build/sjtu_drone_control/build
[0.967s] creating /root/sjtu_project/build/sjtu_drone_control/build/lib
[0.967s] creating /root/sjtu_project/build/sjtu_drone_control/build/lib/sjtu_drone_control
[0.967s] copying sjtu_drone_control/open_loop_control.py -> /root/sjtu_project/build/sjtu_drone_control/build/lib/sjtu_drone_control
[0.967s] copying sjtu_drone_control/__init__.py -> /root/sjtu_project/build/sjtu_drone_control/build/lib/sjtu_drone_control
[0.967s] copying sjtu_drone_control/drone_position_control.py -> /root/sjtu_project/build/sjtu_drone_control/build/lib/sjtu_drone_control
[0.967s] copying sjtu_drone_control/teleop.py -> /root/sjtu_project/build/sjtu_drone_control/build/lib/sjtu_drone_control
[0.968s] copying sjtu_drone_control/teleop_joystick.py -> /root/sjtu_project/build/sjtu_drone_control/build/lib/sjtu_drone_control
[0.968s] running install
[0.968s] running install_lib
[0.969s] creating /root/sjtu_project/install/sjtu_drone_control/lib/python3.10/site-packages/sjtu_drone_control
[0.969s] copying /root/sjtu_project/build/sjtu_drone_control/build/lib/sjtu_drone_control/open_loop_control.py -> /root/sjtu_project/install/sjtu_drone_control/lib/python3.10/site-packages/sjtu_drone_control
[0.969s] copying /root/sjtu_project/build/sjtu_drone_control/build/lib/sjtu_drone_control/__init__.py -> /root/sjtu_project/install/sjtu_drone_control/lib/python3.10/site-packages/sjtu_drone_control
[0.969s] copying /root/sjtu_project/build/sjtu_drone_control/build/lib/sjtu_drone_control/drone_position_control.py -> /root/sjtu_project/install/sjtu_drone_control/lib/python3.10/site-packages/sjtu_drone_control
[0.970s] copying /root/sjtu_project/build/sjtu_drone_control/build/lib/sjtu_drone_control/teleop.py -> /root/sjtu_project/install/sjtu_drone_control/lib/python3.10/site-packages/sjtu_drone_control
[0.970s] copying /root/sjtu_project/build/sjtu_drone_control/build/lib/sjtu_drone_control/teleop_joystick.py -> /root/sjtu_project/install/sjtu_drone_control/lib/python3.10/site-packages/sjtu_drone_control
[0.970s] byte-compiling /root/sjtu_project/install/sjtu_drone_control/lib/python3.10/site-packages/sjtu_drone_control/open_loop_control.py to open_loop_control.cpython-310.pyc
[0.973s] byte-compiling /root/sjtu_project/install/sjtu_drone_control/lib/python3.10/site-packages/sjtu_drone_control/__init__.py to __init__.cpython-310.pyc
[0.974s] byte-compiling /root/sjtu_project/install/sjtu_drone_control/lib/python3.10/site-packages/sjtu_drone_control/drone_position_control.py to drone_position_control.cpython-310.pyc
[0.974s] byte-compiling /root/sjtu_project/install/sjtu_drone_control/lib/python3.10/site-packages/sjtu_drone_control/teleop.py to teleop.cpython-310.pyc
[0.975s] byte-compiling /root/sjtu_project/install/sjtu_drone_control/lib/python3.10/site-packages/sjtu_drone_control/teleop_joystick.py to teleop_joystick.cpython-310.pyc
[0.975s] running install_data
[0.975s] creating /root/sjtu_project/install/sjtu_drone_control/share/ament_index
[0.976s] creating /root/sjtu_project/install/sjtu_drone_control/share/ament_index/resource_index
[0.976s] creating /root/sjtu_project/install/sjtu_drone_control/share/ament_index/resource_index/packages
[0.976s] copying resource/sjtu_drone_control -> /root/sjtu_project/install/sjtu_drone_control/share/ament_index/resource_index/packages
[0.976s] copying package.xml -> /root/sjtu_project/install/sjtu_drone_control/share/sjtu_drone_control
[0.976s] running install_egg_info
[0.978s] Copying ../../build/sjtu_drone_control/sjtu_drone_control.egg-info to /root/sjtu_project/install/sjtu_drone_control/lib/python3.10/site-packages/sjtu_drone_control-0.0.0-py3.10.egg-info
[0.979s] running install_scripts
[1.000s] Installing drone_position_control script to /root/sjtu_project/install/sjtu_drone_control/lib/sjtu_drone_control
[1.001s] Installing open_loop_control script to /root/sjtu_project/install/sjtu_drone_control/lib/sjtu_drone_control
[1.001s] Installing teleop script to /root/sjtu_project/install/sjtu_drone_control/lib/sjtu_drone_control
[1.001s] Installing teleop_joystick script to /root/sjtu_project/install/sjtu_drone_control/lib/sjtu_drone_control
[1.001s] writing list of installed files to '/root/sjtu_project/build/sjtu_drone_control/install.log'
[1.028s] Invoked command in '/root/sjtu_project/sjtu_drone/sjtu_drone_control' returned '0': PYTHONPATH=/root/sjtu_project/build/sjtu_drone_control/prefix_override:/usr/lib/python3/dist-packages/colcon_core/task/python/colcon_distutils_commands:/root/sjtu_project/install/sjtu_drone_control/lib/python3.10/site-packages:${PYTHONPATH} /usr/bin/python3 -W ignore:setup.py install is deprecated -W ignore:easy_install command is deprecated setup.py egg_info --egg-base ../../build/sjtu_drone_control build --build-base /root/sjtu_project/build/sjtu_drone_control/build install --record /root/sjtu_project/build/sjtu_drone_control/install.log --single-version-externally-managed install_data
