[0.771s] Invoking command in '/root/sjtu_project/sjtu_drone/sjtu_drone_bringup': PYTHONPATH=/root/sjtu_project/build/sjtu_drone_bringup/prefix_override:/usr/lib/python3/dist-packages/colcon_core/task/python/colcon_distutils_commands:/root/sjtu_project/install/sjtu_drone_bringup/lib/python3.10/site-packages:${PYTHONPATH} /usr/bin/python3 -W ignore:setup.py install is deprecated -W ignore:easy_install command is deprecated setup.py egg_info --egg-base ../../build/sjtu_drone_bringup build --build-base /root/sjtu_project/build/sjtu_drone_bringup/build install --record /root/sjtu_project/build/sjtu_drone_bringup/install.log --single-version-externally-managed install_data
[0.962s] running egg_info
[0.963s] creating ../../build/sjtu_drone_bringup/sjtu_drone_bringup.egg-info
[0.963s] writing ../../build/sjtu_drone_bringup/sjtu_drone_bringup.egg-info/PKG-INFO
[0.963s] writing dependency_links to ../../build/sjtu_drone_bringup/sjtu_drone_bringup.egg-info/dependency_links.txt
[0.963s] writing entry points to ../../build/sjtu_drone_bringup/sjtu_drone_bringup.egg-info/entry_points.txt
[0.963s] writing requirements to ../../build/sjtu_drone_bringup/sjtu_drone_bringup.egg-info/requires.txt
[0.963s] writing top-level names to ../../build/sjtu_drone_bringup/sjtu_drone_bringup.egg-info/top_level.txt
[0.963s] writing manifest file '../../build/sjtu_drone_bringup/sjtu_drone_bringup.egg-info/SOURCES.txt'
[0.965s] reading manifest file '../../build/sjtu_drone_bringup/sjtu_drone_bringup.egg-info/SOURCES.txt'
[0.965s] writing manifest file '../../build/sjtu_drone_bringup/sjtu_drone_bringup.egg-info/SOURCES.txt'
[0.966s] running build
[0.966s] running build_py
[0.966s] creating /root/sjtu_project/build/sjtu_drone_bringup/build
[0.966s] creating /root/sjtu_project/build/sjtu_drone_bringup/build/lib
[0.966s] creating /root/sjtu_project/build/sjtu_drone_bringup/build/lib/sjtu_drone_bringup
[0.966s] copying sjtu_drone_bringup/__init__.py -> /root/sjtu_project/build/sjtu_drone_bringup/build/lib/sjtu_drone_bringup
[0.966s] copying sjtu_drone_bringup/spawn_drone.py -> /root/sjtu_project/build/sjtu_drone_bringup/build/lib/sjtu_drone_bringup
[0.966s] running install
[0.966s] running install_lib
[0.967s] creating /root/sjtu_project/install/sjtu_drone_bringup/lib/python3.10/site-packages/sjtu_drone_bringup
[0.967s] copying /root/sjtu_project/build/sjtu_drone_bringup/build/lib/sjtu_drone_bringup/__init__.py -> /root/sjtu_project/install/sjtu_drone_bringup/lib/python3.10/site-packages/sjtu_drone_bringup
[0.967s] copying /root/sjtu_project/build/sjtu_drone_bringup/build/lib/sjtu_drone_bringup/spawn_drone.py -> /root/sjtu_project/install/sjtu_drone_bringup/lib/python3.10/site-packages/sjtu_drone_bringup
[0.968s] byte-compiling /root/sjtu_project/install/sjtu_drone_bringup/lib/python3.10/site-packages/sjtu_drone_bringup/__init__.py to __init__.cpython-310.pyc
[0.968s] byte-compiling /root/sjtu_project/install/sjtu_drone_bringup/lib/python3.10/site-packages/sjtu_drone_bringup/spawn_drone.py to spawn_drone.cpython-310.pyc
[0.969s] running install_data
[0.969s] creating /root/sjtu_project/install/sjtu_drone_bringup/share/ament_index
[0.969s] creating /root/sjtu_project/install/sjtu_drone_bringup/share/ament_index/resource_index
[0.969s] creating /root/sjtu_project/install/sjtu_drone_bringup/share/ament_index/resource_index/packages
[0.970s] copying resource/sjtu_drone_bringup -> /root/sjtu_project/install/sjtu_drone_bringup/share/ament_index/resource_index/packages
[0.970s] copying package.xml -> /root/sjtu_project/install/sjtu_drone_bringup/share/sjtu_drone_bringup
[0.970s] creating /root/sjtu_project/install/sjtu_drone_bringup/share/sjtu_drone_bringup/launch
[0.970s] copying launch/sjtu_drone_bringup.launch.py -> /root/sjtu_project/install/sjtu_drone_bringup/share/sjtu_drone_bringup/launch
[0.970s] copying launch/sjtu_drone_gazebo.launch.py -> /root/sjtu_project/install/sjtu_drone_bringup/share/sjtu_drone_bringup/launch
[0.970s] creating /root/sjtu_project/install/sjtu_drone_bringup/share/sjtu_drone_bringup/rviz
[0.971s] copying rviz/rviz.rviz -> /root/sjtu_project/install/sjtu_drone_bringup/share/sjtu_drone_bringup/rviz
[0.971s] creating /root/sjtu_project/install/sjtu_drone_bringup/share/sjtu_drone_bringup/config
[0.971s] copying config/drone.yaml -> /root/sjtu_project/install/sjtu_drone_bringup/share/sjtu_drone_bringup/config
[0.971s] running install_egg_info
[0.974s] Copying ../../build/sjtu_drone_bringup/sjtu_drone_bringup.egg-info to /root/sjtu_project/install/sjtu_drone_bringup/lib/python3.10/site-packages/sjtu_drone_bringup-0.0.0-py3.10.egg-info
[0.975s] running install_scripts
[0.995s] Installing spawn_drone script to /root/sjtu_project/install/sjtu_drone_bringup/lib/sjtu_drone_bringup
[0.995s] writing list of installed files to '/root/sjtu_project/build/sjtu_drone_bringup/install.log'
[1.020s] Invoked command in '/root/sjtu_project/sjtu_drone/sjtu_drone_bringup' returned '0': PYTHONPATH=/root/sjtu_project/build/sjtu_drone_bringup/prefix_override:/usr/lib/python3/dist-packages/colcon_core/task/python/colcon_distutils_commands:/root/sjtu_project/install/sjtu_drone_bringup/lib/python3.10/site-packages:${PYTHONPATH} /usr/bin/python3 -W ignore:setup.py install is deprecated -W ignore:easy_install command is deprecated setup.py egg_info --egg-base ../../build/sjtu_drone_bringup build --build-base /root/sjtu_project/build/sjtu_drone_bringup/build install --record /root/sjtu_project/build/sjtu_drone_bringup/install.log --single-version-externally-managed install_data
