[0.454s] Invoking command in '/root/sjtu_project/build/sjtu_drone_description': CMAKE_PREFIX_PATH=${CMAKE_PREFIX_PATH}:/root/sjtu_project/install/sjtu_drone_control:/root/sjtu_project/install/sjtu_drone_bringup:/opt/ros/humble /usr/bin/cmake /root/sjtu_project/sjtu_drone/sjtu_drone_description -DBUILD_TESTING=OFF -DRMW_IMPLEMENTATION=rmw_fastrtps_cpp -DCMAKE_INSTALL_PREFIX=/root/sjtu_project/install/sjtu_drone_description
[0.523s] -- The C compiler identification is GNU 11.4.0
[0.612s] -- The CXX compiler identification is GNU 11.4.0
[0.627s] -- Detecting C compiler ABI info
[0.789s] -- Detecting C compiler ABI info - done
[0.798s] -- Check for working C compiler: /usr/bin/cc - skipped
[0.798s] -- Detecting C compile features
[0.798s] -- Detecting C compile features - done
[0.802s] -- Detecting CXX compiler ABI info
[0.896s] -- Detecting CXX compiler ABI info - done
[0.904s] -- Check for working CXX compiler: /usr/bin/c++ - skipped
[0.904s] -- Detecting CXX compile features
[0.904s] -- Detecting CXX compile features - done
[0.910s] -- Found PkgConfig: /usr/bin/pkg-config (found version "0.29.2") 
[0.910s] -- Checking for module 'OGRE'
[0.923s] --   Found OGRE, version 1.9.0
[0.955s] -- Checking for module 'OGRE-Terrain'
[0.966s] --   Found OGRE-Terrain, version 1.9.0
[0.999s] -- Found ament_cmake: 1.3.12 (/opt/ros/humble/share/ament_cmake/cmake)
[1.164s] -- Found Python3: /usr/bin/python3 (found version "3.10.12") found components: Interpreter 
[1.256s] -- Found ament_cmake_ros: 0.10.0 (/opt/ros/humble/share/ament_cmake_ros/cmake)
[1.290s] -- Found rclcpp: 16.0.15 (/opt/ros/humble/share/rclcpp/cmake)
[1.341s] -- Found rosidl_generator_c: 3.1.7 (/opt/ros/humble/share/rosidl_generator_c/cmake)
[1.345s] -- Found rosidl_adapter: 3.1.7 (/opt/ros/humble/share/rosidl_adapter/cmake)
[1.354s] -- Found rosidl_generator_cpp: 3.1.7 (/opt/ros/humble/share/rosidl_generator_cpp/cmake)
[1.365s] -- Using all available rosidl_typesupport_c: rosidl_typesupport_fastrtps_c;rosidl_typesupport_introspection_c
[1.381s] -- Using all available rosidl_typesupport_cpp: rosidl_typesupport_fastrtps_cpp;rosidl_typesupport_introspection_cpp
[1.425s] -- Found rmw_implementation_cmake: 6.1.2 (/opt/ros/humble/share/rmw_implementation_cmake/cmake)
[1.427s] -- Found rmw_fastrtps_cpp: 6.2.8 (/opt/ros/humble/share/rmw_fastrtps_cpp/cmake)
[1.514s] -- Found OpenSSL: /usr/lib/x86_64-linux-gnu/libcrypto.so (found version "3.0.2")  
[1.543s] -- Found FastRTPS: /opt/ros/humble/include  
[1.585s] -- Using RMW implementation 'rmw_fastrtps_cpp' as default
[1.595s] -- Looking for pthread.h
[1.671s] -- Looking for pthread.h - found
[1.672s] -- Performing Test CMAKE_HAVE_LIBC_PTHREAD
[1.747s] -- Performing Test CMAKE_HAVE_LIBC_PTHREAD - Success
[1.748s] -- Found Threads: TRUE  
[1.816s] -- Found gazebo_ros: 3.9.0 (/opt/ros/humble/share/gazebo_ros/cmake)
[1.833s] -- Checking for module 'bullet>=2.82'
[1.846s] --   Found bullet, version 3.05
[1.960s] -- Found fcl: /usr/include (found suitable version "0.7.0", minimum required is "0.5.0") 
[2.007s] -- Found assimp: /usr/include (found version "5.2.0") 
[2.034s] -- Found DART: /usr/include (Required is at least version "6.6") found components: dart 
[2.074s] -- Found Boost: /usr/lib/x86_64-linux-gnu/cmake/Boost-1.74.0/BoostConfig.cmake (found suitable version "1.74.0", minimum required is "1.40.0") found components: thread system filesystem program_options regex iostreams date_time 
[2.089s] -- Found Protobuf: /usr/lib/x86_64-linux-gnu/libprotobuf.so (found version "3.12.4") 
[2.096s] -- Looking for ignition-math6 -- found version 6.15.1
[2.106s] -- Searching for dependencies of ignition-math6
[2.109s] -- Looking for OGRE...
[2.109s] -- OGRE_PREFIX_WATCH changed.
[2.114s] -- Checking for module 'OGRE'
[2.128s] --   Found OGRE, version 1.9.0
[2.158s] -- Found Ogre Ghadamon (1.9.0)
[2.172s] -- Looking for OGRE_Paging...
[2.176s] -- Found OGRE_Paging: optimized;/usr/lib/x86_64-linux-gnu/libOgrePaging.so;debug;/usr/lib/x86_64-linux-gnu/libOgrePaging.so
[2.176s] -- Looking for OGRE_Terrain...
[2.179s] -- Found OGRE_Terrain: optimized;/usr/lib/x86_64-linux-gnu/libOgreTerrain.so;debug;/usr/lib/x86_64-linux-gnu/libOgreTerrain.so
[2.179s] -- Looking for OGRE_Property...
[2.182s] -- Found OGRE_Property: optimized;/usr/lib/x86_64-linux-gnu/libOgreProperty.so;debug;/usr/lib/x86_64-linux-gnu/libOgreProperty.so
[2.182s] -- Looking for OGRE_RTShaderSystem...
[2.187s] -- Found OGRE_RTShaderSystem: optimized;/usr/lib/x86_64-linux-gnu/libOgreRTShaderSystem.so;debug;/usr/lib/x86_64-linux-gnu/libOgreRTShaderSystem.so
[2.187s] -- Looking for OGRE_Volume...
[2.192s] -- Found OGRE_Volume: optimized;/usr/lib/x86_64-linux-gnu/libOgreVolume.so;debug;/usr/lib/x86_64-linux-gnu/libOgreVolume.so
[2.192s] -- Looking for OGRE_Overlay...
[2.196s] -- Found OGRE_Overlay: optimized;/usr/lib/x86_64-linux-gnu/libOgreOverlay.so;debug;/usr/lib/x86_64-linux-gnu/libOgreOverlay.so
[2.277s] -- Looking for ignition-math6 -- found version 6.15.1
[2.280s] -- Looking for ignition-transport8 -- found version 8.2.1
[2.280s] -- Searching for dependencies of ignition-transport8
[2.300s] -- Found Protobuf: /usr/lib/x86_64-linux-gnu/libprotobuf.so (found suitable version "3.12.4", minimum required is "3") 
[2.313s] -- Config-file not installed for ZeroMQ -- checking for pkg-config
[2.318s] -- Checking for module 'libzmq >= 4'
[2.333s] --   Found libzmq , version 4.3.4
[2.371s] -- Found ZeroMQ: TRUE (Required is at least version "4") 
[2.377s] -- Checking for module 'uuid'
[2.390s] --   Found uuid, version 2.37.2
[2.422s] -- Found UUID: TRUE  
[2.425s] -- Looking for ignition-msgs5 -- found version 5.8.1
[2.425s] -- Searching for dependencies of ignition-msgs5
[2.447s] -- Looking for ignition-math6 -- found version 6.15.1
[2.453s] -- Checking for module 'tinyxml2'
[2.466s] --   Found tinyxml2, version 9.0.0
[2.500s] -- Looking for ignition-msgs5 -- found version 5.8.1
[2.503s] -- Looking for ignition-common3 -- found version 3.14.0
[2.504s] -- Searching for dependencies of ignition-common3
[2.505s] -- Looking for dlfcn.h - found
[2.505s] -- Looking for libdl - found
[2.507s] -- Found DL: TRUE  
[2.518s] -- Found tinyobjloader: /usr/lib/x86_64-linux-gnu/cmake/tinyobjloader/tinyobjloader-config.cmake (found version "2.0.0") 
[2.519s] -- Searching for <ignition-common3> component [graphics]
[2.523s] -- Looking for ignition-common3-graphics -- found version 3.14.0
[2.524s] -- Searching for dependencies of ignition-common3-graphics
[2.525s] -- Looking for ignition-math6 -- found version 6.15.1
[2.529s] -- Looking for ignition-fuel_tools4 -- found version 4.4.0
[2.529s] -- Searching for dependencies of ignition-fuel_tools4
[2.608s] -- Found CURL: /usr/lib/x86_64-linux-gnu/libcurl.so (found version "7.81.0")  
[2.618s] -- Checking for module 'jsoncpp'
[2.632s] --   Found jsoncpp, version 1.9.5
[2.666s] -- Found JSONCPP: TRUE  
[2.673s] -- Checking for module 'libzip'
[2.686s] --   Found libzip, version 1.7.3
[2.719s] -- Found ZIP: TRUE  
[2.719s] -- Looking for ignition-common3 -- found version 3.14.0
[2.719s] -- Looking for ignition-math6 -- found version 6.15.1
[2.720s] -- Looking for ignition-msgs5 -- found version 5.8.1
[2.725s] -- Gazebo version: 11.10
[2.725s] -- Checking for module 'tbb'
[2.739s] --   Found tbb, version 2021.5.0
[2.772s] -- Found gazebo_plugins: 3.9.0 (/opt/ros/humble/share/gazebo_plugins/cmake)
[2.846s] -- Found sensor_msgs: 4.9.0 (/opt/ros/humble/share/sensor_msgs/cmake)
[2.864s] -- Found nav_msgs: 4.9.0 (/opt/ros/humble/share/nav_msgs/cmake)
[2.887s] -- Found tf2: 0.25.16 (/opt/ros/humble/share/tf2/cmake)
[2.899s] -- Found tf2_ros: 0.25.16 (/opt/ros/humble/share/tf2_ros/cmake)
[2.997s] -- Found tf2_geometry_msgs: 0.25.16 (/opt/ros/humble/share/tf2_geometry_msgs/cmake)
[3.007s] -- Found eigen3_cmake_module: 0.1.1 (/opt/ros/humble/share/eigen3_cmake_module/cmake)
[3.009s] -- Found Eigen3: TRUE (found version "3.4.0") 
[3.009s] -- Ensuring Eigen3 include directory is part of orocos-kdl CMake target
[3.086s] -- Configuring done
[3.145s] -- Generating done
[3.152s] -- Build files have been written to: /root/sjtu_project/build/sjtu_drone_description
[3.164s] Invoked command in '/root/sjtu_project/build/sjtu_drone_description' returned '0': CMAKE_PREFIX_PATH=${CMAKE_PREFIX_PATH}:/root/sjtu_project/install/sjtu_drone_control:/root/sjtu_project/install/sjtu_drone_bringup:/opt/ros/humble /usr/bin/cmake /root/sjtu_project/sjtu_drone/sjtu_drone_description -DBUILD_TESTING=OFF -DRMW_IMPLEMENTATION=rmw_fastrtps_cpp -DCMAKE_INSTALL_PREFIX=/root/sjtu_project/install/sjtu_drone_description
[3.166s] Invoking command in '/root/sjtu_project/build/sjtu_drone_description': CMAKE_PREFIX_PATH=${CMAKE_PREFIX_PATH}:/root/sjtu_project/install/sjtu_drone_control:/root/sjtu_project/install/sjtu_drone_bringup:/opt/ros/humble /usr/bin/cmake --build /root/sjtu_project/build/sjtu_drone_description -- -j12 -l12
[3.221s] [ 75%] [32mBuilding CXX object CMakeFiles/plugin_drone.dir/src/plugin_drone.cpp.o[0m
[3.221s] [ 75%] [32mBuilding CXX object CMakeFiles/plugin_drone.dir/src/plugin_drone_private.cpp.o[0m
[3.221s] [ 75%] [32mBuilding CXX object CMakeFiles/plugin_drone.dir/src/pid_controller.cpp.o[0m
[33.681s] [100%] [32m[1mLinking CXX shared library /root/sjtu_project/sjtu_drone/sjtu_drone_description/plugins/libplugin_drone.so[0m
[36.064s] [100%] Built target plugin_drone
[36.076s] Invoked command in '/root/sjtu_project/build/sjtu_drone_description' returned '0': CMAKE_PREFIX_PATH=${CMAKE_PREFIX_PATH}:/root/sjtu_project/install/sjtu_drone_control:/root/sjtu_project/install/sjtu_drone_bringup:/opt/ros/humble /usr/bin/cmake --build /root/sjtu_project/build/sjtu_drone_description -- -j12 -l12
[36.086s] Invoking command in '/root/sjtu_project/build/sjtu_drone_description': CMAKE_PREFIX_PATH=${CMAKE_PREFIX_PATH}:/root/sjtu_project/install/sjtu_drone_control:/root/sjtu_project/install/sjtu_drone_bringup:/opt/ros/humble /usr/bin/cmake --install /root/sjtu_project/build/sjtu_drone_description
[36.092s] -- Install configuration: ""
[36.093s] -- Installing: /root/sjtu_project/install/sjtu_drone_description/include
[36.093s] -- Installing: /root/sjtu_project/install/sjtu_drone_description/include/sjtu_drone_description
[36.093s] -- Installing: /root/sjtu_project/install/sjtu_drone_description/include/sjtu_drone_description/plugin_drone.h
[36.093s] -- Installing: /root/sjtu_project/install/sjtu_drone_description/include/sjtu_drone_description/pid_controller.h
[36.093s] -- Installing: /root/sjtu_project/install/sjtu_drone_description/include/sjtu_drone_description/plugin_drone_private.h
[36.094s] -- Installing: /root/sjtu_project/install/sjtu_drone_description/lib/libplugin_drone.so
[36.122s] -- Set runtime path of "/root/sjtu_project/install/sjtu_drone_description/lib/libplugin_drone.so" to ""
[36.123s] -- Installing: /root/sjtu_project/install/sjtu_drone_description/share/sjtu_drone_description/environment/library_path.sh
[36.123s] -- Installing: /root/sjtu_project/install/sjtu_drone_description/share/sjtu_drone_description/environment/library_path.dsv
[36.123s] -- Installing: /root/sjtu_project/install/sjtu_drone_description/share/sjtu_drone_description/models
[36.123s] -- Installing: /root/sjtu_project/install/sjtu_drone_description/share/sjtu_drone_description/models/sjtu_drone
[36.123s] -- Installing: /root/sjtu_project/install/sjtu_drone_description/share/sjtu_drone_description/models/sjtu_drone/sjtu_drone.sdf
[36.123s] -- Installing: /root/sjtu_project/install/sjtu_drone_description/share/sjtu_drone_description/models/sjtu_drone/model.config
[36.123s] -- Installing: /root/sjtu_project/install/sjtu_drone_description/share/sjtu_drone_description/models/sjtu_drone/quadrotor_4.stl
[36.124s] -- Installing: /root/sjtu_project/install/sjtu_drone_description/share/sjtu_drone_description/models/sjtu_drone/quadrotor_4.dae
[36.124s] -- Installing: /root/sjtu_project/install/sjtu_drone_description/share/sjtu_drone_description/models/database.config
[36.124s] -- Installing: /root/sjtu_project/install/sjtu_drone_description/share/sjtu_drone_description/urdf
[36.124s] -- Installing: /root/sjtu_project/install/sjtu_drone_description/share/sjtu_drone_description/urdf/sjtu_drone.urdf.xacro
[36.125s] -- Installing: /root/sjtu_project/install/sjtu_drone_description/share/sjtu_drone_description/urdf/sjtu_drone.urdf
[36.125s] -- Installing: /root/sjtu_project/install/sjtu_drone_description/share/sjtu_drone_description/worlds
[36.125s] -- Installing: /root/sjtu_project/install/sjtu_drone_description/share/sjtu_drone_description/worlds/playground.world
[36.126s] -- Installing: /root/sjtu_project/install/sjtu_drone_description/share/ament_index/resource_index/package_run_dependencies/sjtu_drone_description
[36.126s] -- Installing: /root/sjtu_project/install/sjtu_drone_description/share/ament_index/resource_index/parent_prefix_path/sjtu_drone_description
[36.126s] -- Installing: /root/sjtu_project/install/sjtu_drone_description/share/sjtu_drone_description/environment/ament_prefix_path.sh
[36.126s] -- Installing: /root/sjtu_project/install/sjtu_drone_description/share/sjtu_drone_description/environment/ament_prefix_path.dsv
[36.127s] -- Installing: /root/sjtu_project/install/sjtu_drone_description/share/sjtu_drone_description/environment/path.sh
[36.127s] -- Installing: /root/sjtu_project/install/sjtu_drone_description/share/sjtu_drone_description/environment/path.dsv
[36.127s] -- Installing: /root/sjtu_project/install/sjtu_drone_description/share/sjtu_drone_description/local_setup.bash
[36.127s] -- Installing: /root/sjtu_project/install/sjtu_drone_description/share/sjtu_drone_description/local_setup.sh
[36.127s] -- Installing: /root/sjtu_project/install/sjtu_drone_description/share/sjtu_drone_description/local_setup.zsh
[36.128s] -- Installing: /root/sjtu_project/install/sjtu_drone_description/share/sjtu_drone_description/local_setup.dsv
[36.128s] -- Installing: /root/sjtu_project/install/sjtu_drone_description/share/sjtu_drone_description/package.dsv
[36.128s] -- Installing: /root/sjtu_project/install/sjtu_drone_description/share/ament_index/resource_index/packages/sjtu_drone_description
[36.128s] -- Installing: /root/sjtu_project/install/sjtu_drone_description/share/sjtu_drone_description/cmake/export_sjtu_drone_descriptionExport.cmake
[36.129s] -- Installing: /root/sjtu_project/install/sjtu_drone_description/share/sjtu_drone_description/cmake/export_sjtu_drone_descriptionExport-noconfig.cmake
[36.129s] -- Installing: /root/sjtu_project/install/sjtu_drone_description/share/sjtu_drone_description/cmake/ament_cmake_export_include_directories-extras.cmake
[36.129s] -- Installing: /root/sjtu_project/install/sjtu_drone_description/share/sjtu_drone_description/cmake/ament_cmake_export_libraries-extras.cmake
[36.129s] -- Installing: /root/sjtu_project/install/sjtu_drone_description/share/sjtu_drone_description/cmake/ament_cmake_export_targets-extras.cmake
[36.129s] -- Installing: /root/sjtu_project/install/sjtu_drone_description/share/sjtu_drone_description/cmake/sjtu_drone_descriptionConfig.cmake
[36.129s] -- Installing: /root/sjtu_project/install/sjtu_drone_description/share/sjtu_drone_description/cmake/sjtu_drone_descriptionConfig-version.cmake
[36.130s] -- Installing: /root/sjtu_project/install/sjtu_drone_description/share/sjtu_drone_description/package.xml
[36.132s] Invoked command in '/root/sjtu_project/build/sjtu_drone_description' returned '0': CMAKE_PREFIX_PATH=${CMAKE_PREFIX_PATH}:/root/sjtu_project/install/sjtu_drone_control:/root/sjtu_project/install/sjtu_drone_bringup:/opt/ros/humble /usr/bin/cmake --install /root/sjtu_project/build/sjtu_drone_description
