[0.405s] Invoking command in '/root/sjtu_project/build/sjtu_drone_description': CMAKE_PREFIX_PATH=${CMAKE_PREFIX_PATH}:/root/sjtu_project/install/sjtu_drone_control:/root/sjtu_project/install/sjtu_drone_bringup:/opt/ros/humble /usr/bin/cmake /root/sjtu_project/sjtu_drone/sjtu_drone_description -DBUILD_TESTING=OFF -DRMW_IMPLEMENTATION=rmw_fastrtps_cpp -DCMAKE_INSTALL_PREFIX=/root/sjtu_project/install/sjtu_drone_description
[0.530s] -- The C compiler identification is GNU 11.4.0
[0.644s] -- The CXX compiler identification is GNU 11.4.0
[0.651s] -- Detecting C compiler ABI info
[0.769s] -- Detecting C compiler ABI info - done
[0.777s] -- Check for working C compiler: /usr/bin/cc - skipped
[0.777s] -- Detecting C compile features
[0.777s] -- Detecting C compile features - done
[0.780s] -- Detecting CXX compiler ABI info
[0.869s] -- Detecting CXX compiler ABI info - done
[0.880s] -- Check for working CXX compiler: /usr/bin/c++ - skipped
[0.880s] -- Detecting CXX compile features
[0.881s] -- Detecting CXX compile features - done
[0.890s] -- Found PkgConfig: /usr/bin/pkg-config (found version "0.29.2") 
[0.891s] -- Checking for module 'OGRE'
[0.905s] --   Found OGRE, version 1.9.0
[0.938s] -- Checking for module 'OGRE-Terrain'
[0.951s] --   Found OGRE-Terrain, version 1.9.0
[0.989s] -- Found ament_cmake: 1.3.12 (/opt/ros/humble/share/ament_cmake/cmake)
[1.136s] -- Found Python3: /usr/bin/python3 (found version "3.10.12") found components: Interpreter 
[1.227s] -- Found ament_cmake_ros: 0.10.0 (/opt/ros/humble/share/ament_cmake_ros/cmake)
[1.239s] -- Found rclcpp: 16.0.15 (/opt/ros/humble/share/rclcpp/cmake)
[1.276s] -- Found rosidl_generator_c: 3.1.7 (/opt/ros/humble/share/rosidl_generator_c/cmake)
[1.281s] -- Found rosidl_adapter: 3.1.7 (/opt/ros/humble/share/rosidl_adapter/cmake)
[1.290s] -- Found rosidl_generator_cpp: 3.1.7 (/opt/ros/humble/share/rosidl_generator_cpp/cmake)
[1.302s] -- Using all available rosidl_typesupport_c: rosidl_typesupport_fastrtps_c;rosidl_typesupport_introspection_c
[1.319s] -- Using all available rosidl_typesupport_cpp: rosidl_typesupport_fastrtps_cpp;rosidl_typesupport_introspection_cpp
[1.364s] -- Found rmw_implementation_cmake: 6.1.2 (/opt/ros/humble/share/rmw_implementation_cmake/cmake)
[1.367s] -- Found rmw_fastrtps_cpp: 6.2.8 (/opt/ros/humble/share/rmw_fastrtps_cpp/cmake)
[1.459s] -- Found OpenSSL: /usr/lib/x86_64-linux-gnu/libcrypto.so (found version "3.0.2")  
[1.484s] -- Found FastRTPS: /opt/ros/humble/include  
[1.528s] -- Using RMW implementation 'rmw_fastrtps_cpp' as default
[1.536s] -- Looking for pthread.h
[1.605s] -- Looking for pthread.h - found
[1.605s] -- Performing Test CMAKE_HAVE_LIBC_PTHREAD
[1.679s] -- Performing Test CMAKE_HAVE_LIBC_PTHREAD - Success
[1.680s] -- Found Threads: TRUE  
[1.735s] -- Found gazebo_ros: 3.9.0 (/opt/ros/humble/share/gazebo_ros/cmake)
[1.749s] -- Checking for module 'bullet>=2.82'
[1.762s] --   Found bullet, version 3.05
[1.877s] -- Found fcl: /usr/include (found suitable version "0.7.0", minimum required is "0.5.0") 
[1.928s] -- Found assimp: /usr/include (found version "5.2.0") 
[1.954s] -- Found DART: /usr/include (Required is at least version "6.6") found components: dart 
[1.984s] -- Found Boost: /usr/lib/x86_64-linux-gnu/cmake/Boost-1.74.0/BoostConfig.cmake (found suitable version "1.74.0", minimum required is "1.40.0") found components: thread system filesystem program_options regex iostreams date_time 
[2.012s] -- Found Protobuf: /usr/lib/x86_64-linux-gnu/libprotobuf.so (found version "3.12.4") 
[2.018s] -- Looking for ignition-math6 -- found version 6.15.1
[2.028s] -- Searching for dependencies of ignition-math6
[2.030s] -- Looking for OGRE...
[2.030s] -- OGRE_PREFIX_WATCH changed.
[2.035s] -- Checking for module 'OGRE'
[2.047s] --   Found OGRE, version 1.9.0
[2.077s] -- Found Ogre Ghadamon (1.9.0)
[2.090s] -- Looking for OGRE_Paging...
[2.093s] -- Found OGRE_Paging: optimized;/usr/lib/x86_64-linux-gnu/libOgrePaging.so;debug;/usr/lib/x86_64-linux-gnu/libOgrePaging.so
[2.093s] -- Looking for OGRE_Terrain...
[2.096s] -- Found OGRE_Terrain: optimized;/usr/lib/x86_64-linux-gnu/libOgreTerrain.so;debug;/usr/lib/x86_64-linux-gnu/libOgreTerrain.so
[2.096s] -- Looking for OGRE_Property...
[2.099s] -- Found OGRE_Property: optimized;/usr/lib/x86_64-linux-gnu/libOgreProperty.so;debug;/usr/lib/x86_64-linux-gnu/libOgreProperty.so
[2.099s] -- Looking for OGRE_RTShaderSystem...
[2.101s] -- Found OGRE_RTShaderSystem: optimized;/usr/lib/x86_64-linux-gnu/libOgreRTShaderSystem.so;debug;/usr/lib/x86_64-linux-gnu/libOgreRTShaderSystem.so
[2.102s] -- Looking for OGRE_Volume...
[2.105s] -- Found OGRE_Volume: optimized;/usr/lib/x86_64-linux-gnu/libOgreVolume.so;debug;/usr/lib/x86_64-linux-gnu/libOgreVolume.so
[2.105s] -- Looking for OGRE_Overlay...
[2.108s] -- Found OGRE_Overlay: optimized;/usr/lib/x86_64-linux-gnu/libOgreOverlay.so;debug;/usr/lib/x86_64-linux-gnu/libOgreOverlay.so
[2.181s] -- Looking for ignition-math6 -- found version 6.15.1
[2.185s] -- Looking for ignition-transport8 -- found version 8.2.1
[2.185s] -- Searching for dependencies of ignition-transport8
[2.203s] -- Found Protobuf: /usr/lib/x86_64-linux-gnu/libprotobuf.so (found suitable version "3.12.4", minimum required is "3") 
[2.215s] -- Config-file not installed for ZeroMQ -- checking for pkg-config
[2.220s] -- Checking for module 'libzmq >= 4'
[2.235s] --   Found libzmq , version 4.3.4
[2.269s] -- Found ZeroMQ: TRUE (Required is at least version "4") 
[2.275s] -- Checking for module 'uuid'
[2.287s] --   Found uuid, version 2.37.2
[2.318s] -- Found UUID: TRUE  
[2.321s] -- Looking for ignition-msgs5 -- found version 5.8.1
[2.321s] -- Searching for dependencies of ignition-msgs5
[2.340s] -- Looking for ignition-math6 -- found version 6.15.1
[2.345s] -- Checking for module 'tinyxml2'
[2.358s] --   Found tinyxml2, version 9.0.0
[2.391s] -- Looking for ignition-msgs5 -- found version 5.8.1
[2.393s] -- Looking for ignition-common3 -- found version 3.14.0
[2.394s] -- Searching for dependencies of ignition-common3
[2.394s] -- Looking for dlfcn.h - found
[2.395s] -- Looking for libdl - found
[2.396s] -- Found DL: TRUE  
[2.407s] -- Found tinyobjloader: /usr/lib/x86_64-linux-gnu/cmake/tinyobjloader/tinyobjloader-config.cmake (found version "2.0.0") 
[2.408s] -- Searching for <ignition-common3> component [graphics]
[2.411s] -- Looking for ignition-common3-graphics -- found version 3.14.0
[2.411s] -- Searching for dependencies of ignition-common3-graphics
[2.412s] -- Looking for ignition-math6 -- found version 6.15.1
[2.416s] -- Looking for ignition-fuel_tools4 -- found version 4.4.0
[2.416s] -- Searching for dependencies of ignition-fuel_tools4
[2.488s] -- Found CURL: /usr/lib/x86_64-linux-gnu/libcurl.so (found version "7.81.0")  
[2.498s] -- Checking for module 'jsoncpp'
[2.510s] --   Found jsoncpp, version 1.9.5
[2.540s] -- Found JSONCPP: TRUE  
[2.547s] -- Checking for module 'libzip'
[2.559s] --   Found libzip, version 1.7.3
[2.590s] -- Found ZIP: TRUE  
[2.590s] -- Looking for ignition-common3 -- found version 3.14.0
[2.591s] -- Looking for ignition-math6 -- found version 6.15.1
[2.591s] -- Looking for ignition-msgs5 -- found version 5.8.1
[2.596s] -- Gazebo version: 11.10
[2.597s] -- Checking for module 'tbb'
[2.610s] --   Found tbb, version 2021.5.0
[2.643s] -- Found gazebo_plugins: 3.9.0 (/opt/ros/humble/share/gazebo_plugins/cmake)
[2.714s] -- Found sensor_msgs: 4.9.0 (/opt/ros/humble/share/sensor_msgs/cmake)
[2.732s] -- Found nav_msgs: 4.9.0 (/opt/ros/humble/share/nav_msgs/cmake)
[2.755s] -- Found tf2: 0.25.16 (/opt/ros/humble/share/tf2/cmake)
[2.768s] -- Found tf2_ros: 0.25.16 (/opt/ros/humble/share/tf2_ros/cmake)
[2.869s] -- Found tf2_geometry_msgs: 0.25.16 (/opt/ros/humble/share/tf2_geometry_msgs/cmake)
[2.879s] -- Found eigen3_cmake_module: 0.1.1 (/opt/ros/humble/share/eigen3_cmake_module/cmake)
[2.881s] -- Found Eigen3: TRUE (found version "3.4.0") 
[2.881s] -- Ensuring Eigen3 include directory is part of orocos-kdl CMake target
[2.955s] -- Configuring done
[3.064s] -- Generating done
[3.070s] -- Build files have been written to: /root/sjtu_project/build/sjtu_drone_description
[3.085s] Invoked command in '/root/sjtu_project/build/sjtu_drone_description' returned '0': CMAKE_PREFIX_PATH=${CMAKE_PREFIX_PATH}:/root/sjtu_project/install/sjtu_drone_control:/root/sjtu_project/install/sjtu_drone_bringup:/opt/ros/humble /usr/bin/cmake /root/sjtu_project/sjtu_drone/sjtu_drone_description -DBUILD_TESTING=OFF -DRMW_IMPLEMENTATION=rmw_fastrtps_cpp -DCMAKE_INSTALL_PREFIX=/root/sjtu_project/install/sjtu_drone_description
[3.086s] Invoking command in '/root/sjtu_project/build/sjtu_drone_description': CMAKE_PREFIX_PATH=${CMAKE_PREFIX_PATH}:/root/sjtu_project/install/sjtu_drone_control:/root/sjtu_project/install/sjtu_drone_bringup:/opt/ros/humble /usr/bin/cmake --build /root/sjtu_project/build/sjtu_drone_description -- -j12 -l12
[3.140s] [ 75%] [32mBuilding CXX object CMakeFiles/plugin_drone.dir/src/pid_controller.cpp.o[0m
[3.140s] [ 75%] [32mBuilding CXX object CMakeFiles/plugin_drone.dir/src/plugin_drone.cpp.o[0m
[3.141s] [ 75%] [32mBuilding CXX object CMakeFiles/plugin_drone.dir/src/plugin_drone_private.cpp.o[0m
[29.938s] [100%] [32m[1mLinking CXX shared library /root/sjtu_project/sjtu_drone/sjtu_drone_description/plugins/libplugin_drone.so[0m
[31.763s] [100%] Built target plugin_drone
[31.775s] Invoked command in '/root/sjtu_project/build/sjtu_drone_description' returned '0': CMAKE_PREFIX_PATH=${CMAKE_PREFIX_PATH}:/root/sjtu_project/install/sjtu_drone_control:/root/sjtu_project/install/sjtu_drone_bringup:/opt/ros/humble /usr/bin/cmake --build /root/sjtu_project/build/sjtu_drone_description -- -j12 -l12
[31.785s] Invoking command in '/root/sjtu_project/build/sjtu_drone_description': CMAKE_PREFIX_PATH=${CMAKE_PREFIX_PATH}:/root/sjtu_project/install/sjtu_drone_control:/root/sjtu_project/install/sjtu_drone_bringup:/opt/ros/humble /usr/bin/cmake --install /root/sjtu_project/build/sjtu_drone_description
[31.792s] -- Install configuration: ""
[31.792s] -- Installing: /root/sjtu_project/install/sjtu_drone_description/include
[31.792s] -- Installing: /root/sjtu_project/install/sjtu_drone_description/include/sjtu_drone_description
[31.793s] -- Installing: /root/sjtu_project/install/sjtu_drone_description/include/sjtu_drone_description/plugin_drone.h
[31.793s] -- Installing: /root/sjtu_project/install/sjtu_drone_description/include/sjtu_drone_description/pid_controller.h
[31.793s] -- Installing: /root/sjtu_project/install/sjtu_drone_description/include/sjtu_drone_description/plugin_drone_private.h
[31.793s] -- Installing: /root/sjtu_project/install/sjtu_drone_description/lib/libplugin_drone.so
[31.820s] -- Set runtime path of "/root/sjtu_project/install/sjtu_drone_description/lib/libplugin_drone.so" to ""
[31.820s] -- Installing: /root/sjtu_project/install/sjtu_drone_description/share/sjtu_drone_description/environment/library_path.sh
[31.820s] -- Installing: /root/sjtu_project/install/sjtu_drone_description/share/sjtu_drone_description/environment/library_path.dsv
[31.820s] -- Installing: /root/sjtu_project/install/sjtu_drone_description/share/sjtu_drone_description/models
[31.821s] -- Installing: /root/sjtu_project/install/sjtu_drone_description/share/sjtu_drone_description/models/sjtu_drone
[31.821s] -- Installing: /root/sjtu_project/install/sjtu_drone_description/share/sjtu_drone_description/models/sjtu_drone/sjtu_drone.sdf
[31.821s] -- Installing: /root/sjtu_project/install/sjtu_drone_description/share/sjtu_drone_description/models/sjtu_drone/model.config
[31.821s] -- Installing: /root/sjtu_project/install/sjtu_drone_description/share/sjtu_drone_description/models/sjtu_drone/quadrotor_4.stl
[31.821s] -- Installing: /root/sjtu_project/install/sjtu_drone_description/share/sjtu_drone_description/models/sjtu_drone/quadrotor_4.dae
[31.822s] -- Installing: /root/sjtu_project/install/sjtu_drone_description/share/sjtu_drone_description/models/database.config
[31.822s] -- Installing: /root/sjtu_project/install/sjtu_drone_description/share/sjtu_drone_description/urdf
[31.822s] -- Installing: /root/sjtu_project/install/sjtu_drone_description/share/sjtu_drone_description/urdf/sjtu_drone.urdf.xacro
[31.822s] -- Installing: /root/sjtu_project/install/sjtu_drone_description/share/sjtu_drone_description/urdf/sjtu_drone.urdf
[31.823s] -- Installing: /root/sjtu_project/install/sjtu_drone_description/share/sjtu_drone_description/worlds
[31.823s] -- Installing: /root/sjtu_project/install/sjtu_drone_description/share/sjtu_drone_description/worlds/playground.world
[31.823s] -- Installing: /root/sjtu_project/install/sjtu_drone_description/share/ament_index/resource_index/package_run_dependencies/sjtu_drone_description
[31.823s] -- Installing: /root/sjtu_project/install/sjtu_drone_description/share/ament_index/resource_index/parent_prefix_path/sjtu_drone_description
[31.823s] -- Installing: /root/sjtu_project/install/sjtu_drone_description/share/sjtu_drone_description/environment/ament_prefix_path.sh
[31.824s] -- Installing: /root/sjtu_project/install/sjtu_drone_description/share/sjtu_drone_description/environment/ament_prefix_path.dsv
[31.824s] -- Installing: /root/sjtu_project/install/sjtu_drone_description/share/sjtu_drone_description/environment/path.sh
[31.824s] -- Installing: /root/sjtu_project/install/sjtu_drone_description/share/sjtu_drone_description/environment/path.dsv
[31.824s] -- Installing: /root/sjtu_project/install/sjtu_drone_description/share/sjtu_drone_description/local_setup.bash
[31.824s] -- Installing: /root/sjtu_project/install/sjtu_drone_description/share/sjtu_drone_description/local_setup.sh
[31.824s] -- Installing: /root/sjtu_project/install/sjtu_drone_description/share/sjtu_drone_description/local_setup.zsh
[31.825s] -- Installing: /root/sjtu_project/install/sjtu_drone_description/share/sjtu_drone_description/local_setup.dsv
[31.825s] -- Installing: /root/sjtu_project/install/sjtu_drone_description/share/sjtu_drone_description/package.dsv
[31.825s] -- Installing: /root/sjtu_project/install/sjtu_drone_description/share/ament_index/resource_index/packages/sjtu_drone_description
[31.825s] -- Installing: /root/sjtu_project/install/sjtu_drone_description/share/sjtu_drone_description/cmake/export_sjtu_drone_descriptionExport.cmake
[31.825s] -- Installing: /root/sjtu_project/install/sjtu_drone_description/share/sjtu_drone_description/cmake/export_sjtu_drone_descriptionExport-noconfig.cmake
[31.826s] -- Installing: /root/sjtu_project/install/sjtu_drone_description/share/sjtu_drone_description/cmake/ament_cmake_export_include_directories-extras.cmake
[31.826s] -- Installing: /root/sjtu_project/install/sjtu_drone_description/share/sjtu_drone_description/cmake/ament_cmake_export_libraries-extras.cmake
[31.826s] -- Installing: /root/sjtu_project/install/sjtu_drone_description/share/sjtu_drone_description/cmake/ament_cmake_export_targets-extras.cmake
[31.826s] -- Installing: /root/sjtu_project/install/sjtu_drone_description/share/sjtu_drone_description/cmake/sjtu_drone_descriptionConfig.cmake
[31.826s] -- Installing: /root/sjtu_project/install/sjtu_drone_description/share/sjtu_drone_description/cmake/sjtu_drone_descriptionConfig-version.cmake
[31.826s] -- Installing: /root/sjtu_project/install/sjtu_drone_description/share/sjtu_drone_description/package.xml
[31.830s] Invoked command in '/root/sjtu_project/build/sjtu_drone_description' returned '0': CMAKE_PREFIX_PATH=${CMAKE_PREFIX_PATH}:/root/sjtu_project/install/sjtu_drone_control:/root/sjtu_project/install/sjtu_drone_bringup:/opt/ros/humble /usr/bin/cmake --install /root/sjtu_project/build/sjtu_drone_description
