[0.106s] DEBUG:colcon:Command line arguments: ['/usr/bin/colcon', 'build', '--packages-select', 'sjtu_drone_bringup', 'sjtu_drone_description', 'sjtu_drone_control', '--cmake-args', '-DBUILD_TESTING=OFF', '-DRMW_IMPLEMENTATION=rmw_fastrtps_cpp']
[0.106s] DEBUG:colcon:Parsed command line arguments: Namespace(log_base=None, log_level=None, verb_name='build', build_base='build', install_base='install', merge_install=False, symlink_install=False, test_result_base=None, continue_on_error=False, executor='parallel', parallel_workers=12, event_handlers=None, ignore_user_meta=False, metas=['./colcon.meta'], base_paths=['.'], packages_ignore=None, packages_ignore_regex=None, paths=None, packages_up_to=None, packages_up_to_regex=None, packages_above=None, packages_above_and_dependencies=None, packages_above_depth=None, packages_select_by_dep=None, packages_skip_by_dep=None, packages_skip_up_to=None, packages_select_build_failed=False, packages_skip_build_finished=False, packages_select_test_failures=False, packages_skip_test_passed=False, packages_select=['sjtu_drone_bringup', 'sjtu_drone_description', 'sjtu_drone_control'], packages_skip=None, packages_select_regex=None, packages_skip_regex=None, packages_start=None, packages_end=None, cmake_args=['-DBUILD_TESTING=OFF', '-DRMW_IMPLEMENTATION=rmw_fastrtps_cpp'], cmake_target=None, cmake_target_skip_unavailable=False, cmake_clean_cache=False, cmake_clean_first=False, cmake_force_configure=False, ament_cmake_args=None, catkin_cmake_args=None, catkin_skip_building_tests=False, verb_parser=<colcon_defaults.argument_parser.defaults.DefaultArgumentsDecorator object at 0x7ac30ec7c7f0>, verb_extension=<colcon_core.verb.build.BuildVerb object at 0x7ac30ed85ba0>, main=<bound method BuildVerb.main of <colcon_core.verb.build.BuildVerb object at 0x7ac30ed85ba0>>)
[0.230s] Level 1:colcon.colcon_core.package_discovery:discover_packages(colcon_meta) check parameters
[0.230s] Level 1:colcon.colcon_core.package_discovery:discover_packages(recursive) check parameters
[0.230s] Level 1:colcon.colcon_core.package_discovery:discover_packages(ignore) check parameters
[0.230s] Level 1:colcon.colcon_core.package_discovery:discover_packages(path) check parameters
[0.230s] Level 1:colcon.colcon_core.package_discovery:discover_packages(colcon_meta) discover
[0.230s] Level 1:colcon.colcon_core.package_discovery:discover_packages(recursive) discover
[0.230s] INFO:colcon.colcon_core.package_discovery:Crawling recursively for packages in '/root/sjtu_project'
[0.230s] Level 1:colcon.colcon_core.package_identification:_identify(.) by extensions ['ignore', 'ignore_ament_install']
[0.230s] Level 1:colcon.colcon_core.package_identification:_identify(.) by extension 'ignore'
[0.230s] Level 1:colcon.colcon_core.package_identification:_identify(.) by extension 'ignore_ament_install'
[0.230s] Level 1:colcon.colcon_core.package_identification:_identify(.) by extensions ['colcon_pkg']
[0.230s] Level 1:colcon.colcon_core.package_identification:_identify(.) by extension 'colcon_pkg'
[0.230s] Level 1:colcon.colcon_core.package_identification:_identify(.) by extensions ['colcon_meta']
[0.231s] Level 1:colcon.colcon_core.package_identification:_identify(.) by extension 'colcon_meta'
[0.231s] Level 1:colcon.colcon_core.package_identification:_identify(.) by extensions ['ros']
[0.231s] Level 1:colcon.colcon_core.package_identification:_identify(.) by extension 'ros'
[0.241s] Level 1:colcon.colcon_core.package_identification:_identify(.) by extensions ['cmake', 'python']
[0.242s] Level 1:colcon.colcon_core.package_identification:_identify(.) by extension 'cmake'
[0.242s] Level 1:colcon.colcon_core.package_identification:_identify(.) by extension 'python'
[0.242s] Level 1:colcon.colcon_core.package_identification:_identify(.) by extensions ['python_setup_py']
[0.242s] Level 1:colcon.colcon_core.package_identification:_identify(.) by extension 'python_setup_py'
[0.242s] Level 1:colcon.colcon_core.package_identification:_identify(apriltag) by extensions ['ignore', 'ignore_ament_install']
[0.242s] Level 1:colcon.colcon_core.package_identification:_identify(apriltag) by extension 'ignore'
[0.242s] Level 1:colcon.colcon_core.package_identification:_identify(apriltag) by extension 'ignore_ament_install'
[0.242s] Level 1:colcon.colcon_core.package_identification:_identify(apriltag) by extensions ['colcon_pkg']
[0.242s] Level 1:colcon.colcon_core.package_identification:_identify(apriltag) by extension 'colcon_pkg'
[0.242s] Level 1:colcon.colcon_core.package_identification:_identify(apriltag) by extensions ['colcon_meta']
[0.242s] Level 1:colcon.colcon_core.package_identification:_identify(apriltag) by extension 'colcon_meta'
[0.242s] Level 1:colcon.colcon_core.package_identification:_identify(apriltag) by extensions ['ros']
[0.243s] Level 1:colcon.colcon_core.package_identification:_identify(apriltag) by extension 'ros'
[0.243s] Level 1:colcon.colcon_core.package_identification:_identify(apriltag) by extensions ['cmake', 'python']
[0.243s] Level 1:colcon.colcon_core.package_identification:_identify(apriltag) by extension 'cmake'
[0.243s] Level 1:colcon.colcon_core.package_identification:_identify(apriltag) by extension 'python'
[0.243s] Level 1:colcon.colcon_core.package_identification:_identify(apriltag) by extensions ['python_setup_py']
[0.243s] Level 1:colcon.colcon_core.package_identification:_identify(apriltag) by extension 'python_setup_py'
[0.243s] Level 1:colcon.colcon_core.package_identification:_identify(apriltag/Apriltag36_11_00014) by extensions ['ignore', 'ignore_ament_install']
[0.243s] Level 1:colcon.colcon_core.package_identification:_identify(apriltag/Apriltag36_11_00014) by extension 'ignore'
[0.243s] Level 1:colcon.colcon_core.package_identification:_identify(apriltag/Apriltag36_11_00014) by extension 'ignore_ament_install'
[0.243s] Level 1:colcon.colcon_core.package_identification:_identify(apriltag/Apriltag36_11_00014) by extensions ['colcon_pkg']
[0.243s] Level 1:colcon.colcon_core.package_identification:_identify(apriltag/Apriltag36_11_00014) by extension 'colcon_pkg'
[0.243s] Level 1:colcon.colcon_core.package_identification:_identify(apriltag/Apriltag36_11_00014) by extensions ['colcon_meta']
[0.243s] Level 1:colcon.colcon_core.package_identification:_identify(apriltag/Apriltag36_11_00014) by extension 'colcon_meta'
[0.244s] Level 1:colcon.colcon_core.package_identification:_identify(apriltag/Apriltag36_11_00014) by extensions ['ros']
[0.244s] Level 1:colcon.colcon_core.package_identification:_identify(apriltag/Apriltag36_11_00014) by extension 'ros'
[0.244s] Level 1:colcon.colcon_core.package_identification:_identify(apriltag/Apriltag36_11_00014) by extensions ['cmake', 'python']
[0.244s] Level 1:colcon.colcon_core.package_identification:_identify(apriltag/Apriltag36_11_00014) by extension 'cmake'
[0.244s] Level 1:colcon.colcon_core.package_identification:_identify(apriltag/Apriltag36_11_00014) by extension 'python'
[0.244s] Level 1:colcon.colcon_core.package_identification:_identify(apriltag/Apriltag36_11_00014) by extensions ['python_setup_py']
[0.244s] Level 1:colcon.colcon_core.package_identification:_identify(apriltag/Apriltag36_11_00014) by extension 'python_setup_py'
[0.244s] Level 1:colcon.colcon_core.package_identification:_identify(apriltag/Apriltag36_11_00014/materials) by extensions ['ignore', 'ignore_ament_install']
[0.244s] Level 1:colcon.colcon_core.package_identification:_identify(apriltag/Apriltag36_11_00014/materials) by extension 'ignore'
[0.244s] Level 1:colcon.colcon_core.package_identification:_identify(apriltag/Apriltag36_11_00014/materials) by extension 'ignore_ament_install'
[0.244s] Level 1:colcon.colcon_core.package_identification:_identify(apriltag/Apriltag36_11_00014/materials) by extensions ['colcon_pkg']
[0.244s] Level 1:colcon.colcon_core.package_identification:_identify(apriltag/Apriltag36_11_00014/materials) by extension 'colcon_pkg'
[0.244s] Level 1:colcon.colcon_core.package_identification:_identify(apriltag/Apriltag36_11_00014/materials) by extensions ['colcon_meta']
[0.244s] Level 1:colcon.colcon_core.package_identification:_identify(apriltag/Apriltag36_11_00014/materials) by extension 'colcon_meta'
[0.245s] Level 1:colcon.colcon_core.package_identification:_identify(apriltag/Apriltag36_11_00014/materials) by extensions ['ros']
[0.245s] Level 1:colcon.colcon_core.package_identification:_identify(apriltag/Apriltag36_11_00014/materials) by extension 'ros'
[0.245s] Level 1:colcon.colcon_core.package_identification:_identify(apriltag/Apriltag36_11_00014/materials) by extensions ['cmake', 'python']
[0.245s] Level 1:colcon.colcon_core.package_identification:_identify(apriltag/Apriltag36_11_00014/materials) by extension 'cmake'
[0.245s] Level 1:colcon.colcon_core.package_identification:_identify(apriltag/Apriltag36_11_00014/materials) by extension 'python'
[0.245s] Level 1:colcon.colcon_core.package_identification:_identify(apriltag/Apriltag36_11_00014/materials) by extensions ['python_setup_py']
[0.245s] Level 1:colcon.colcon_core.package_identification:_identify(apriltag/Apriltag36_11_00014/materials) by extension 'python_setup_py'
[0.245s] Level 1:colcon.colcon_core.package_identification:_identify(apriltag/Apriltag36_11_00014/materials/scripts) by extensions ['ignore', 'ignore_ament_install']
[0.245s] Level 1:colcon.colcon_core.package_identification:_identify(apriltag/Apriltag36_11_00014/materials/scripts) by extension 'ignore'
[0.245s] Level 1:colcon.colcon_core.package_identification:_identify(apriltag/Apriltag36_11_00014/materials/scripts) by extension 'ignore_ament_install'
[0.245s] Level 1:colcon.colcon_core.package_identification:_identify(apriltag/Apriltag36_11_00014/materials/scripts) by extensions ['colcon_pkg']
[0.245s] Level 1:colcon.colcon_core.package_identification:_identify(apriltag/Apriltag36_11_00014/materials/scripts) by extension 'colcon_pkg'
[0.245s] Level 1:colcon.colcon_core.package_identification:_identify(apriltag/Apriltag36_11_00014/materials/scripts) by extensions ['colcon_meta']
[0.246s] Level 1:colcon.colcon_core.package_identification:_identify(apriltag/Apriltag36_11_00014/materials/scripts) by extension 'colcon_meta'
[0.246s] Level 1:colcon.colcon_core.package_identification:_identify(apriltag/Apriltag36_11_00014/materials/scripts) by extensions ['ros']
[0.246s] Level 1:colcon.colcon_core.package_identification:_identify(apriltag/Apriltag36_11_00014/materials/scripts) by extension 'ros'
[0.246s] Level 1:colcon.colcon_core.package_identification:_identify(apriltag/Apriltag36_11_00014/materials/scripts) by extensions ['cmake', 'python']
[0.246s] Level 1:colcon.colcon_core.package_identification:_identify(apriltag/Apriltag36_11_00014/materials/scripts) by extension 'cmake'
[0.246s] Level 1:colcon.colcon_core.package_identification:_identify(apriltag/Apriltag36_11_00014/materials/scripts) by extension 'python'
[0.246s] Level 1:colcon.colcon_core.package_identification:_identify(apriltag/Apriltag36_11_00014/materials/scripts) by extensions ['python_setup_py']
[0.246s] Level 1:colcon.colcon_core.package_identification:_identify(apriltag/Apriltag36_11_00014/materials/scripts) by extension 'python_setup_py'
[0.246s] Level 1:colcon.colcon_core.package_identification:_identify(apriltag/Apriltag36_11_00014/materials/textures) by extensions ['ignore', 'ignore_ament_install']
[0.246s] Level 1:colcon.colcon_core.package_identification:_identify(apriltag/Apriltag36_11_00014/materials/textures) by extension 'ignore'
[0.246s] Level 1:colcon.colcon_core.package_identification:_identify(apriltag/Apriltag36_11_00014/materials/textures) by extension 'ignore_ament_install'
[0.246s] Level 1:colcon.colcon_core.package_identification:_identify(apriltag/Apriltag36_11_00014/materials/textures) by extensions ['colcon_pkg']
[0.246s] Level 1:colcon.colcon_core.package_identification:_identify(apriltag/Apriltag36_11_00014/materials/textures) by extension 'colcon_pkg'
[0.247s] Level 1:colcon.colcon_core.package_identification:_identify(apriltag/Apriltag36_11_00014/materials/textures) by extensions ['colcon_meta']
[0.247s] Level 1:colcon.colcon_core.package_identification:_identify(apriltag/Apriltag36_11_00014/materials/textures) by extension 'colcon_meta'
[0.247s] Level 1:colcon.colcon_core.package_identification:_identify(apriltag/Apriltag36_11_00014/materials/textures) by extensions ['ros']
[0.247s] Level 1:colcon.colcon_core.package_identification:_identify(apriltag/Apriltag36_11_00014/materials/textures) by extension 'ros'
[0.247s] Level 1:colcon.colcon_core.package_identification:_identify(apriltag/Apriltag36_11_00014/materials/textures) by extensions ['cmake', 'python']
[0.247s] Level 1:colcon.colcon_core.package_identification:_identify(apriltag/Apriltag36_11_00014/materials/textures) by extension 'cmake'
[0.247s] Level 1:colcon.colcon_core.package_identification:_identify(apriltag/Apriltag36_11_00014/materials/textures) by extension 'python'
[0.247s] Level 1:colcon.colcon_core.package_identification:_identify(apriltag/Apriltag36_11_00014/materials/textures) by extensions ['python_setup_py']
[0.247s] Level 1:colcon.colcon_core.package_identification:_identify(apriltag/Apriltag36_11_00014/materials/textures) by extension 'python_setup_py'
[0.247s] Level 1:colcon.colcon_core.package_identification:_identify(apriltag/Apriltag36_11_00015) by extensions ['ignore', 'ignore_ament_install']
[0.247s] Level 1:colcon.colcon_core.package_identification:_identify(apriltag/Apriltag36_11_00015) by extension 'ignore'
[0.247s] Level 1:colcon.colcon_core.package_identification:_identify(apriltag/Apriltag36_11_00015) by extension 'ignore_ament_install'
[0.247s] Level 1:colcon.colcon_core.package_identification:_identify(apriltag/Apriltag36_11_00015) by extensions ['colcon_pkg']
[0.248s] Level 1:colcon.colcon_core.package_identification:_identify(apriltag/Apriltag36_11_00015) by extension 'colcon_pkg'
[0.248s] Level 1:colcon.colcon_core.package_identification:_identify(apriltag/Apriltag36_11_00015) by extensions ['colcon_meta']
[0.248s] Level 1:colcon.colcon_core.package_identification:_identify(apriltag/Apriltag36_11_00015) by extension 'colcon_meta'
[0.248s] Level 1:colcon.colcon_core.package_identification:_identify(apriltag/Apriltag36_11_00015) by extensions ['ros']
[0.248s] Level 1:colcon.colcon_core.package_identification:_identify(apriltag/Apriltag36_11_00015) by extension 'ros'
[0.248s] Level 1:colcon.colcon_core.package_identification:_identify(apriltag/Apriltag36_11_00015) by extensions ['cmake', 'python']
[0.248s] Level 1:colcon.colcon_core.package_identification:_identify(apriltag/Apriltag36_11_00015) by extension 'cmake'
[0.248s] Level 1:colcon.colcon_core.package_identification:_identify(apriltag/Apriltag36_11_00015) by extension 'python'
[0.248s] Level 1:colcon.colcon_core.package_identification:_identify(apriltag/Apriltag36_11_00015) by extensions ['python_setup_py']
[0.248s] Level 1:colcon.colcon_core.package_identification:_identify(apriltag/Apriltag36_11_00015) by extension 'python_setup_py'
[0.248s] Level 1:colcon.colcon_core.package_identification:_identify(apriltag/Apriltag36_11_00015/materials) by extensions ['ignore', 'ignore_ament_install']
[0.248s] Level 1:colcon.colcon_core.package_identification:_identify(apriltag/Apriltag36_11_00015/materials) by extension 'ignore'
[0.248s] Level 1:colcon.colcon_core.package_identification:_identify(apriltag/Apriltag36_11_00015/materials) by extension 'ignore_ament_install'
[0.249s] Level 1:colcon.colcon_core.package_identification:_identify(apriltag/Apriltag36_11_00015/materials) by extensions ['colcon_pkg']
[0.249s] Level 1:colcon.colcon_core.package_identification:_identify(apriltag/Apriltag36_11_00015/materials) by extension 'colcon_pkg'
[0.249s] Level 1:colcon.colcon_core.package_identification:_identify(apriltag/Apriltag36_11_00015/materials) by extensions ['colcon_meta']
[0.249s] Level 1:colcon.colcon_core.package_identification:_identify(apriltag/Apriltag36_11_00015/materials) by extension 'colcon_meta'
[0.249s] Level 1:colcon.colcon_core.package_identification:_identify(apriltag/Apriltag36_11_00015/materials) by extensions ['ros']
[0.249s] Level 1:colcon.colcon_core.package_identification:_identify(apriltag/Apriltag36_11_00015/materials) by extension 'ros'
[0.249s] Level 1:colcon.colcon_core.package_identification:_identify(apriltag/Apriltag36_11_00015/materials) by extensions ['cmake', 'python']
[0.249s] Level 1:colcon.colcon_core.package_identification:_identify(apriltag/Apriltag36_11_00015/materials) by extension 'cmake'
[0.249s] Level 1:colcon.colcon_core.package_identification:_identify(apriltag/Apriltag36_11_00015/materials) by extension 'python'
[0.249s] Level 1:colcon.colcon_core.package_identification:_identify(apriltag/Apriltag36_11_00015/materials) by extensions ['python_setup_py']
[0.249s] Level 1:colcon.colcon_core.package_identification:_identify(apriltag/Apriltag36_11_00015/materials) by extension 'python_setup_py'
[0.249s] Level 1:colcon.colcon_core.package_identification:_identify(apriltag/Apriltag36_11_00015/materials/scripts) by extensions ['ignore', 'ignore_ament_install']
[0.249s] Level 1:colcon.colcon_core.package_identification:_identify(apriltag/Apriltag36_11_00015/materials/scripts) by extension 'ignore'
[0.249s] Level 1:colcon.colcon_core.package_identification:_identify(apriltag/Apriltag36_11_00015/materials/scripts) by extension 'ignore_ament_install'
[0.250s] Level 1:colcon.colcon_core.package_identification:_identify(apriltag/Apriltag36_11_00015/materials/scripts) by extensions ['colcon_pkg']
[0.250s] Level 1:colcon.colcon_core.package_identification:_identify(apriltag/Apriltag36_11_00015/materials/scripts) by extension 'colcon_pkg'
[0.250s] Level 1:colcon.colcon_core.package_identification:_identify(apriltag/Apriltag36_11_00015/materials/scripts) by extensions ['colcon_meta']
[0.250s] Level 1:colcon.colcon_core.package_identification:_identify(apriltag/Apriltag36_11_00015/materials/scripts) by extension 'colcon_meta'
[0.250s] Level 1:colcon.colcon_core.package_identification:_identify(apriltag/Apriltag36_11_00015/materials/scripts) by extensions ['ros']
[0.250s] Level 1:colcon.colcon_core.package_identification:_identify(apriltag/Apriltag36_11_00015/materials/scripts) by extension 'ros'
[0.250s] Level 1:colcon.colcon_core.package_identification:_identify(apriltag/Apriltag36_11_00015/materials/scripts) by extensions ['cmake', 'python']
[0.250s] Level 1:colcon.colcon_core.package_identification:_identify(apriltag/Apriltag36_11_00015/materials/scripts) by extension 'cmake'
[0.250s] Level 1:colcon.colcon_core.package_identification:_identify(apriltag/Apriltag36_11_00015/materials/scripts) by extension 'python'
[0.250s] Level 1:colcon.colcon_core.package_identification:_identify(apriltag/Apriltag36_11_00015/materials/scripts) by extensions ['python_setup_py']
[0.250s] Level 1:colcon.colcon_core.package_identification:_identify(apriltag/Apriltag36_11_00015/materials/scripts) by extension 'python_setup_py'
[0.250s] Level 1:colcon.colcon_core.package_identification:_identify(apriltag/Apriltag36_11_00015/materials/textures) by extensions ['ignore', 'ignore_ament_install']
[0.250s] Level 1:colcon.colcon_core.package_identification:_identify(apriltag/Apriltag36_11_00015/materials/textures) by extension 'ignore'
[0.251s] Level 1:colcon.colcon_core.package_identification:_identify(apriltag/Apriltag36_11_00015/materials/textures) by extension 'ignore_ament_install'
[0.251s] Level 1:colcon.colcon_core.package_identification:_identify(apriltag/Apriltag36_11_00015/materials/textures) by extensions ['colcon_pkg']
[0.251s] Level 1:colcon.colcon_core.package_identification:_identify(apriltag/Apriltag36_11_00015/materials/textures) by extension 'colcon_pkg'
[0.251s] Level 1:colcon.colcon_core.package_identification:_identify(apriltag/Apriltag36_11_00015/materials/textures) by extensions ['colcon_meta']
[0.251s] Level 1:colcon.colcon_core.package_identification:_identify(apriltag/Apriltag36_11_00015/materials/textures) by extension 'colcon_meta'
[0.251s] Level 1:colcon.colcon_core.package_identification:_identify(apriltag/Apriltag36_11_00015/materials/textures) by extensions ['ros']
[0.251s] Level 1:colcon.colcon_core.package_identification:_identify(apriltag/Apriltag36_11_00015/materials/textures) by extension 'ros'
[0.251s] Level 1:colcon.colcon_core.package_identification:_identify(apriltag/Apriltag36_11_00015/materials/textures) by extensions ['cmake', 'python']
[0.251s] Level 1:colcon.colcon_core.package_identification:_identify(apriltag/Apriltag36_11_00015/materials/textures) by extension 'cmake'
[0.251s] Level 1:colcon.colcon_core.package_identification:_identify(apriltag/Apriltag36_11_00015/materials/textures) by extension 'python'
[0.251s] Level 1:colcon.colcon_core.package_identification:_identify(apriltag/Apriltag36_11_00015/materials/textures) by extensions ['python_setup_py']
[0.251s] Level 1:colcon.colcon_core.package_identification:_identify(apriltag/Apriltag36_11_00015/materials/textures) by extension 'python_setup_py'
[0.251s] Level 1:colcon.colcon_core.package_identification:_identify(apriltag/Apriltag36_11_00016) by extensions ['ignore', 'ignore_ament_install']
[0.252s] Level 1:colcon.colcon_core.package_identification:_identify(apriltag/Apriltag36_11_00016) by extension 'ignore'
[0.252s] Level 1:colcon.colcon_core.package_identification:_identify(apriltag/Apriltag36_11_00016) by extension 'ignore_ament_install'
[0.252s] Level 1:colcon.colcon_core.package_identification:_identify(apriltag/Apriltag36_11_00016) by extensions ['colcon_pkg']
[0.252s] Level 1:colcon.colcon_core.package_identification:_identify(apriltag/Apriltag36_11_00016) by extension 'colcon_pkg'
[0.252s] Level 1:colcon.colcon_core.package_identification:_identify(apriltag/Apriltag36_11_00016) by extensions ['colcon_meta']
[0.252s] Level 1:colcon.colcon_core.package_identification:_identify(apriltag/Apriltag36_11_00016) by extension 'colcon_meta'
[0.252s] Level 1:colcon.colcon_core.package_identification:_identify(apriltag/Apriltag36_11_00016) by extensions ['ros']
[0.252s] Level 1:colcon.colcon_core.package_identification:_identify(apriltag/Apriltag36_11_00016) by extension 'ros'
[0.252s] Level 1:colcon.colcon_core.package_identification:_identify(apriltag/Apriltag36_11_00016) by extensions ['cmake', 'python']
[0.252s] Level 1:colcon.colcon_core.package_identification:_identify(apriltag/Apriltag36_11_00016) by extension 'cmake'
[0.252s] Level 1:colcon.colcon_core.package_identification:_identify(apriltag/Apriltag36_11_00016) by extension 'python'
[0.252s] Level 1:colcon.colcon_core.package_identification:_identify(apriltag/Apriltag36_11_00016) by extensions ['python_setup_py']
[0.252s] Level 1:colcon.colcon_core.package_identification:_identify(apriltag/Apriltag36_11_00016) by extension 'python_setup_py'
[0.252s] Level 1:colcon.colcon_core.package_identification:_identify(apriltag/Apriltag36_11_00016/materials) by extensions ['ignore', 'ignore_ament_install']
[0.253s] Level 1:colcon.colcon_core.package_identification:_identify(apriltag/Apriltag36_11_00016/materials) by extension 'ignore'
[0.253s] Level 1:colcon.colcon_core.package_identification:_identify(apriltag/Apriltag36_11_00016/materials) by extension 'ignore_ament_install'
[0.253s] Level 1:colcon.colcon_core.package_identification:_identify(apriltag/Apriltag36_11_00016/materials) by extensions ['colcon_pkg']
[0.253s] Level 1:colcon.colcon_core.package_identification:_identify(apriltag/Apriltag36_11_00016/materials) by extension 'colcon_pkg'
[0.253s] Level 1:colcon.colcon_core.package_identification:_identify(apriltag/Apriltag36_11_00016/materials) by extensions ['colcon_meta']
[0.253s] Level 1:colcon.colcon_core.package_identification:_identify(apriltag/Apriltag36_11_00016/materials) by extension 'colcon_meta'
[0.253s] Level 1:colcon.colcon_core.package_identification:_identify(apriltag/Apriltag36_11_00016/materials) by extensions ['ros']
[0.253s] Level 1:colcon.colcon_core.package_identification:_identify(apriltag/Apriltag36_11_00016/materials) by extension 'ros'
[0.253s] Level 1:colcon.colcon_core.package_identification:_identify(apriltag/Apriltag36_11_00016/materials) by extensions ['cmake', 'python']
[0.253s] Level 1:colcon.colcon_core.package_identification:_identify(apriltag/Apriltag36_11_00016/materials) by extension 'cmake'
[0.253s] Level 1:colcon.colcon_core.package_identification:_identify(apriltag/Apriltag36_11_00016/materials) by extension 'python'
[0.253s] Level 1:colcon.colcon_core.package_identification:_identify(apriltag/Apriltag36_11_00016/materials) by extensions ['python_setup_py']
[0.253s] Level 1:colcon.colcon_core.package_identification:_identify(apriltag/Apriltag36_11_00016/materials) by extension 'python_setup_py'
[0.253s] Level 1:colcon.colcon_core.package_identification:_identify(apriltag/Apriltag36_11_00016/materials/scripts) by extensions ['ignore', 'ignore_ament_install']
[0.254s] Level 1:colcon.colcon_core.package_identification:_identify(apriltag/Apriltag36_11_00016/materials/scripts) by extension 'ignore'
[0.254s] Level 1:colcon.colcon_core.package_identification:_identify(apriltag/Apriltag36_11_00016/materials/scripts) by extension 'ignore_ament_install'
[0.254s] Level 1:colcon.colcon_core.package_identification:_identify(apriltag/Apriltag36_11_00016/materials/scripts) by extensions ['colcon_pkg']
[0.254s] Level 1:colcon.colcon_core.package_identification:_identify(apriltag/Apriltag36_11_00016/materials/scripts) by extension 'colcon_pkg'
[0.254s] Level 1:colcon.colcon_core.package_identification:_identify(apriltag/Apriltag36_11_00016/materials/scripts) by extensions ['colcon_meta']
[0.254s] Level 1:colcon.colcon_core.package_identification:_identify(apriltag/Apriltag36_11_00016/materials/scripts) by extension 'colcon_meta'
[0.254s] Level 1:colcon.colcon_core.package_identification:_identify(apriltag/Apriltag36_11_00016/materials/scripts) by extensions ['ros']
[0.254s] Level 1:colcon.colcon_core.package_identification:_identify(apriltag/Apriltag36_11_00016/materials/scripts) by extension 'ros'
[0.254s] Level 1:colcon.colcon_core.package_identification:_identify(apriltag/Apriltag36_11_00016/materials/scripts) by extensions ['cmake', 'python']
[0.254s] Level 1:colcon.colcon_core.package_identification:_identify(apriltag/Apriltag36_11_00016/materials/scripts) by extension 'cmake'
[0.254s] Level 1:colcon.colcon_core.package_identification:_identify(apriltag/Apriltag36_11_00016/materials/scripts) by extension 'python'
[0.254s] Level 1:colcon.colcon_core.package_identification:_identify(apriltag/Apriltag36_11_00016/materials/scripts) by extensions ['python_setup_py']
[0.254s] Level 1:colcon.colcon_core.package_identification:_identify(apriltag/Apriltag36_11_00016/materials/scripts) by extension 'python_setup_py'
[0.254s] Level 1:colcon.colcon_core.package_identification:_identify(apriltag/Apriltag36_11_00016/materials/textures) by extensions ['ignore', 'ignore_ament_install']
[0.255s] Level 1:colcon.colcon_core.package_identification:_identify(apriltag/Apriltag36_11_00016/materials/textures) by extension 'ignore'
[0.255s] Level 1:colcon.colcon_core.package_identification:_identify(apriltag/Apriltag36_11_00016/materials/textures) by extension 'ignore_ament_install'
[0.255s] Level 1:colcon.colcon_core.package_identification:_identify(apriltag/Apriltag36_11_00016/materials/textures) by extensions ['colcon_pkg']
[0.255s] Level 1:colcon.colcon_core.package_identification:_identify(apriltag/Apriltag36_11_00016/materials/textures) by extension 'colcon_pkg'
[0.255s] Level 1:colcon.colcon_core.package_identification:_identify(apriltag/Apriltag36_11_00016/materials/textures) by extensions ['colcon_meta']
[0.255s] Level 1:colcon.colcon_core.package_identification:_identify(apriltag/Apriltag36_11_00016/materials/textures) by extension 'colcon_meta'
[0.255s] Level 1:colcon.colcon_core.package_identification:_identify(apriltag/Apriltag36_11_00016/materials/textures) by extensions ['ros']
[0.255s] Level 1:colcon.colcon_core.package_identification:_identify(apriltag/Apriltag36_11_00016/materials/textures) by extension 'ros'
[0.255s] Level 1:colcon.colcon_core.package_identification:_identify(apriltag/Apriltag36_11_00016/materials/textures) by extensions ['cmake', 'python']
[0.255s] Level 1:colcon.colcon_core.package_identification:_identify(apriltag/Apriltag36_11_00016/materials/textures) by extension 'cmake'
[0.255s] Level 1:colcon.colcon_core.package_identification:_identify(apriltag/Apriltag36_11_00016/materials/textures) by extension 'python'
[0.255s] Level 1:colcon.colcon_core.package_identification:_identify(apriltag/Apriltag36_11_00016/materials/textures) by extensions ['python_setup_py']
[0.255s] Level 1:colcon.colcon_core.package_identification:_identify(apriltag/Apriltag36_11_00016/materials/textures) by extension 'python_setup_py'
[0.255s] Level 1:colcon.colcon_core.package_identification:_identify(apriltag/images) by extensions ['ignore', 'ignore_ament_install']
[0.256s] Level 1:colcon.colcon_core.package_identification:_identify(apriltag/images) by extension 'ignore'
[0.256s] Level 1:colcon.colcon_core.package_identification:_identify(apriltag/images) by extension 'ignore_ament_install'
[0.256s] Level 1:colcon.colcon_core.package_identification:_identify(apriltag/images) by extensions ['colcon_pkg']
[0.256s] Level 1:colcon.colcon_core.package_identification:_identify(apriltag/images) by extension 'colcon_pkg'
[0.256s] Level 1:colcon.colcon_core.package_identification:_identify(apriltag/images) by extensions ['colcon_meta']
[0.256s] Level 1:colcon.colcon_core.package_identification:_identify(apriltag/images) by extension 'colcon_meta'
[0.256s] Level 1:colcon.colcon_core.package_identification:_identify(apriltag/images) by extensions ['ros']
[0.256s] Level 1:colcon.colcon_core.package_identification:_identify(apriltag/images) by extension 'ros'
[0.256s] Level 1:colcon.colcon_core.package_identification:_identify(apriltag/images) by extensions ['cmake', 'python']
[0.256s] Level 1:colcon.colcon_core.package_identification:_identify(apriltag/images) by extension 'cmake'
[0.256s] Level 1:colcon.colcon_core.package_identification:_identify(apriltag/images) by extension 'python'
[0.256s] Level 1:colcon.colcon_core.package_identification:_identify(apriltag/images) by extensions ['python_setup_py']
[0.256s] Level 1:colcon.colcon_core.package_identification:_identify(apriltag/images) by extension 'python_setup_py'
[0.256s] Level 1:colcon.colcon_core.package_identification:_identify(aws-robomaker-hospital-world) by extensions ['ignore', 'ignore_ament_install']
[0.257s] Level 1:colcon.colcon_core.package_identification:_identify(aws-robomaker-hospital-world) by extension 'ignore'
[0.257s] Level 1:colcon.colcon_core.package_identification:_identify(aws-robomaker-hospital-world) by extension 'ignore_ament_install'
[0.257s] Level 1:colcon.colcon_core.package_identification:_identify(aws-robomaker-hospital-world) by extensions ['colcon_pkg']
[0.257s] Level 1:colcon.colcon_core.package_identification:_identify(aws-robomaker-hospital-world) by extension 'colcon_pkg'
[0.257s] Level 1:colcon.colcon_core.package_identification:_identify(aws-robomaker-hospital-world) by extensions ['colcon_meta']
[0.257s] Level 1:colcon.colcon_core.package_identification:_identify(aws-robomaker-hospital-world) by extension 'colcon_meta'
[0.257s] Level 1:colcon.colcon_core.package_identification:_identify(aws-robomaker-hospital-world) by extensions ['ros']
[0.257s] Level 1:colcon.colcon_core.package_identification:_identify(aws-robomaker-hospital-world) by extension 'ros'
[0.264s] DEBUG:colcon.colcon_core.package_identification:Package 'aws-robomaker-hospital-world' with type 'ros.catkin' and name 'aws_robomaker_hospital_world'
[0.265s] Level 1:colcon.colcon_core.package_identification:_identify(build) by extensions ['ignore', 'ignore_ament_install']
[0.265s] Level 1:colcon.colcon_core.package_identification:_identify(build) by extension 'ignore'
[0.265s] Level 1:colcon.colcon_core.package_identification:_identify(build) ignored
[0.265s] Level 1:colcon.colcon_core.package_identification:_identify(install) by extensions ['ignore', 'ignore_ament_install']
[0.265s] Level 1:colcon.colcon_core.package_identification:_identify(install) by extension 'ignore'
[0.265s] Level 1:colcon.colcon_core.package_identification:_identify(install) ignored
[0.265s] Level 1:colcon.colcon_core.package_identification:_identify(log) by extensions ['ignore', 'ignore_ament_install']
[0.265s] Level 1:colcon.colcon_core.package_identification:_identify(log) by extension 'ignore'
[0.265s] Level 1:colcon.colcon_core.package_identification:_identify(log) ignored
[0.266s] Level 1:colcon.colcon_core.package_identification:_identify(sjtu_drone) by extensions ['ignore', 'ignore_ament_install']
[0.266s] Level 1:colcon.colcon_core.package_identification:_identify(sjtu_drone) by extension 'ignore'
[0.266s] Level 1:colcon.colcon_core.package_identification:_identify(sjtu_drone) by extension 'ignore_ament_install'
[0.266s] Level 1:colcon.colcon_core.package_identification:_identify(sjtu_drone) by extensions ['colcon_pkg']
[0.266s] Level 1:colcon.colcon_core.package_identification:_identify(sjtu_drone) by extension 'colcon_pkg'
[0.266s] Level 1:colcon.colcon_core.package_identification:_identify(sjtu_drone) by extensions ['colcon_meta']
[0.266s] Level 1:colcon.colcon_core.package_identification:_identify(sjtu_drone) by extension 'colcon_meta'
[0.266s] Level 1:colcon.colcon_core.package_identification:_identify(sjtu_drone) by extensions ['ros']
[0.266s] Level 1:colcon.colcon_core.package_identification:_identify(sjtu_drone) by extension 'ros'
[0.266s] Level 1:colcon.colcon_core.package_identification:_identify(sjtu_drone) by extensions ['cmake', 'python']
[0.266s] Level 1:colcon.colcon_core.package_identification:_identify(sjtu_drone) by extension 'cmake'
[0.266s] Level 1:colcon.colcon_core.package_identification:_identify(sjtu_drone) by extension 'python'
[0.266s] Level 1:colcon.colcon_core.package_identification:_identify(sjtu_drone) by extensions ['python_setup_py']
[0.266s] Level 1:colcon.colcon_core.package_identification:_identify(sjtu_drone) by extension 'python_setup_py'
[0.267s] Level 1:colcon.colcon_core.package_identification:_identify(sjtu_drone/imgs) by extensions ['ignore', 'ignore_ament_install']
[0.267s] Level 1:colcon.colcon_core.package_identification:_identify(sjtu_drone/imgs) by extension 'ignore'
[0.267s] Level 1:colcon.colcon_core.package_identification:_identify(sjtu_drone/imgs) by extension 'ignore_ament_install'
[0.267s] Level 1:colcon.colcon_core.package_identification:_identify(sjtu_drone/imgs) by extensions ['colcon_pkg']
[0.267s] Level 1:colcon.colcon_core.package_identification:_identify(sjtu_drone/imgs) by extension 'colcon_pkg'
[0.267s] Level 1:colcon.colcon_core.package_identification:_identify(sjtu_drone/imgs) by extensions ['colcon_meta']
[0.267s] Level 1:colcon.colcon_core.package_identification:_identify(sjtu_drone/imgs) by extension 'colcon_meta'
[0.267s] Level 1:colcon.colcon_core.package_identification:_identify(sjtu_drone/imgs) by extensions ['ros']
[0.267s] Level 1:colcon.colcon_core.package_identification:_identify(sjtu_drone/imgs) by extension 'ros'
[0.267s] Level 1:colcon.colcon_core.package_identification:_identify(sjtu_drone/imgs) by extensions ['cmake', 'python']
[0.267s] Level 1:colcon.colcon_core.package_identification:_identify(sjtu_drone/imgs) by extension 'cmake'
[0.267s] Level 1:colcon.colcon_core.package_identification:_identify(sjtu_drone/imgs) by extension 'python'
[0.267s] Level 1:colcon.colcon_core.package_identification:_identify(sjtu_drone/imgs) by extensions ['python_setup_py']
[0.267s] Level 1:colcon.colcon_core.package_identification:_identify(sjtu_drone/imgs) by extension 'python_setup_py'
[0.267s] Level 1:colcon.colcon_core.package_identification:_identify(sjtu_drone/maps) by extensions ['ignore', 'ignore_ament_install']
[0.268s] Level 1:colcon.colcon_core.package_identification:_identify(sjtu_drone/maps) by extension 'ignore'
[0.268s] Level 1:colcon.colcon_core.package_identification:_identify(sjtu_drone/maps) by extension 'ignore_ament_install'
[0.268s] Level 1:colcon.colcon_core.package_identification:_identify(sjtu_drone/maps) by extensions ['colcon_pkg']
[0.268s] Level 1:colcon.colcon_core.package_identification:_identify(sjtu_drone/maps) by extension 'colcon_pkg'
[0.268s] Level 1:colcon.colcon_core.package_identification:_identify(sjtu_drone/maps) by extensions ['colcon_meta']
[0.268s] Level 1:colcon.colcon_core.package_identification:_identify(sjtu_drone/maps) by extension 'colcon_meta'
[0.268s] Level 1:colcon.colcon_core.package_identification:_identify(sjtu_drone/maps) by extensions ['ros']
[0.268s] Level 1:colcon.colcon_core.package_identification:_identify(sjtu_drone/maps) by extension 'ros'
[0.268s] Level 1:colcon.colcon_core.package_identification:_identify(sjtu_drone/maps) by extensions ['cmake', 'python']
[0.268s] Level 1:colcon.colcon_core.package_identification:_identify(sjtu_drone/maps) by extension 'cmake'
[0.268s] Level 1:colcon.colcon_core.package_identification:_identify(sjtu_drone/maps) by extension 'python'
[0.268s] Level 1:colcon.colcon_core.package_identification:_identify(sjtu_drone/maps) by extensions ['python_setup_py']
[0.268s] Level 1:colcon.colcon_core.package_identification:_identify(sjtu_drone/maps) by extension 'python_setup_py'
[0.268s] Level 1:colcon.colcon_core.package_identification:_identify(sjtu_drone/models) by extensions ['ignore', 'ignore_ament_install']
[0.269s] Level 1:colcon.colcon_core.package_identification:_identify(sjtu_drone/models) by extension 'ignore'
[0.269s] Level 1:colcon.colcon_core.package_identification:_identify(sjtu_drone/models) by extension 'ignore_ament_install'
[0.269s] Level 1:colcon.colcon_core.package_identification:_identify(sjtu_drone/models) by extensions ['colcon_pkg']
[0.269s] Level 1:colcon.colcon_core.package_identification:_identify(sjtu_drone/models) by extension 'colcon_pkg'
[0.269s] Level 1:colcon.colcon_core.package_identification:_identify(sjtu_drone/models) by extensions ['colcon_meta']
[0.269s] Level 1:colcon.colcon_core.package_identification:_identify(sjtu_drone/models) by extension 'colcon_meta'
[0.269s] Level 1:colcon.colcon_core.package_identification:_identify(sjtu_drone/models) by extensions ['ros']
[0.269s] Level 1:colcon.colcon_core.package_identification:_identify(sjtu_drone/models) by extension 'ros'
[0.269s] Level 1:colcon.colcon_core.package_identification:_identify(sjtu_drone/models) by extensions ['cmake', 'python']
[0.269s] Level 1:colcon.colcon_core.package_identification:_identify(sjtu_drone/models) by extension 'cmake'
[0.269s] Level 1:colcon.colcon_core.package_identification:_identify(sjtu_drone/models) by extension 'python'
[0.269s] Level 1:colcon.colcon_core.package_identification:_identify(sjtu_drone/models) by extensions ['python_setup_py']
[0.269s] Level 1:colcon.colcon_core.package_identification:_identify(sjtu_drone/models) by extension 'python_setup_py'
[0.270s] Level 1:colcon.colcon_core.package_identification:_identify(sjtu_drone/models/april_tag_36h11_0) by extensions ['ignore', 'ignore_ament_install']
[0.270s] Level 1:colcon.colcon_core.package_identification:_identify(sjtu_drone/models/april_tag_36h11_0) by extension 'ignore'
[0.270s] Level 1:colcon.colcon_core.package_identification:_identify(sjtu_drone/models/april_tag_36h11_0) by extension 'ignore_ament_install'
[0.270s] Level 1:colcon.colcon_core.package_identification:_identify(sjtu_drone/models/april_tag_36h11_0) by extensions ['colcon_pkg']
[0.270s] Level 1:colcon.colcon_core.package_identification:_identify(sjtu_drone/models/april_tag_36h11_0) by extension 'colcon_pkg'
[0.270s] Level 1:colcon.colcon_core.package_identification:_identify(sjtu_drone/models/april_tag_36h11_0) by extensions ['colcon_meta']
[0.270s] Level 1:colcon.colcon_core.package_identification:_identify(sjtu_drone/models/april_tag_36h11_0) by extension 'colcon_meta'
[0.270s] Level 1:colcon.colcon_core.package_identification:_identify(sjtu_drone/models/april_tag_36h11_0) by extensions ['ros']
[0.270s] Level 1:colcon.colcon_core.package_identification:_identify(sjtu_drone/models/april_tag_36h11_0) by extension 'ros'
[0.270s] Level 1:colcon.colcon_core.package_identification:_identify(sjtu_drone/models/april_tag_36h11_0) by extensions ['cmake', 'python']
[0.270s] Level 1:colcon.colcon_core.package_identification:_identify(sjtu_drone/models/april_tag_36h11_0) by extension 'cmake'
[0.270s] Level 1:colcon.colcon_core.package_identification:_identify(sjtu_drone/models/april_tag_36h11_0) by extension 'python'
[0.270s] Level 1:colcon.colcon_core.package_identification:_identify(sjtu_drone/models/april_tag_36h11_0) by extensions ['python_setup_py']
[0.270s] Level 1:colcon.colcon_core.package_identification:_identify(sjtu_drone/models/april_tag_36h11_0) by extension 'python_setup_py'
[0.271s] Level 1:colcon.colcon_core.package_identification:_identify(sjtu_drone/models/april_tag_36h11_0/materials) by extensions ['ignore', 'ignore_ament_install']
[0.271s] Level 1:colcon.colcon_core.package_identification:_identify(sjtu_drone/models/april_tag_36h11_0/materials) by extension 'ignore'
[0.271s] Level 1:colcon.colcon_core.package_identification:_identify(sjtu_drone/models/april_tag_36h11_0/materials) by extension 'ignore_ament_install'
[0.271s] Level 1:colcon.colcon_core.package_identification:_identify(sjtu_drone/models/april_tag_36h11_0/materials) by extensions ['colcon_pkg']
[0.271s] Level 1:colcon.colcon_core.package_identification:_identify(sjtu_drone/models/april_tag_36h11_0/materials) by extension 'colcon_pkg'
[0.271s] Level 1:colcon.colcon_core.package_identification:_identify(sjtu_drone/models/april_tag_36h11_0/materials) by extensions ['colcon_meta']
[0.271s] Level 1:colcon.colcon_core.package_identification:_identify(sjtu_drone/models/april_tag_36h11_0/materials) by extension 'colcon_meta'
[0.271s] Level 1:colcon.colcon_core.package_identification:_identify(sjtu_drone/models/april_tag_36h11_0/materials) by extensions ['ros']
[0.271s] Level 1:colcon.colcon_core.package_identification:_identify(sjtu_drone/models/april_tag_36h11_0/materials) by extension 'ros'
[0.271s] Level 1:colcon.colcon_core.package_identification:_identify(sjtu_drone/models/april_tag_36h11_0/materials) by extensions ['cmake', 'python']
[0.271s] Level 1:colcon.colcon_core.package_identification:_identify(sjtu_drone/models/april_tag_36h11_0/materials) by extension 'cmake'
[0.271s] Level 1:colcon.colcon_core.package_identification:_identify(sjtu_drone/models/april_tag_36h11_0/materials) by extension 'python'
[0.271s] Level 1:colcon.colcon_core.package_identification:_identify(sjtu_drone/models/april_tag_36h11_0/materials) by extensions ['python_setup_py']
[0.271s] Level 1:colcon.colcon_core.package_identification:_identify(sjtu_drone/models/april_tag_36h11_0/materials) by extension 'python_setup_py'
[0.272s] Level 1:colcon.colcon_core.package_identification:_identify(sjtu_drone/models/april_tag_36h11_0/materials/scripts) by extensions ['ignore', 'ignore_ament_install']
[0.272s] Level 1:colcon.colcon_core.package_identification:_identify(sjtu_drone/models/april_tag_36h11_0/materials/scripts) by extension 'ignore'
[0.272s] Level 1:colcon.colcon_core.package_identification:_identify(sjtu_drone/models/april_tag_36h11_0/materials/scripts) by extension 'ignore_ament_install'
[0.272s] Level 1:colcon.colcon_core.package_identification:_identify(sjtu_drone/models/april_tag_36h11_0/materials/scripts) by extensions ['colcon_pkg']
[0.272s] Level 1:colcon.colcon_core.package_identification:_identify(sjtu_drone/models/april_tag_36h11_0/materials/scripts) by extension 'colcon_pkg'
[0.272s] Level 1:colcon.colcon_core.package_identification:_identify(sjtu_drone/models/april_tag_36h11_0/materials/scripts) by extensions ['colcon_meta']
[0.272s] Level 1:colcon.colcon_core.package_identification:_identify(sjtu_drone/models/april_tag_36h11_0/materials/scripts) by extension 'colcon_meta'
[0.272s] Level 1:colcon.colcon_core.package_identification:_identify(sjtu_drone/models/april_tag_36h11_0/materials/scripts) by extensions ['ros']
[0.272s] Level 1:colcon.colcon_core.package_identification:_identify(sjtu_drone/models/april_tag_36h11_0/materials/scripts) by extension 'ros'
[0.272s] Level 1:colcon.colcon_core.package_identification:_identify(sjtu_drone/models/april_tag_36h11_0/materials/scripts) by extensions ['cmake', 'python']
[0.272s] Level 1:colcon.colcon_core.package_identification:_identify(sjtu_drone/models/april_tag_36h11_0/materials/scripts) by extension 'cmake'
[0.272s] Level 1:colcon.colcon_core.package_identification:_identify(sjtu_drone/models/april_tag_36h11_0/materials/scripts) by extension 'python'
[0.272s] Level 1:colcon.colcon_core.package_identification:_identify(sjtu_drone/models/april_tag_36h11_0/materials/scripts) by extensions ['python_setup_py']
[0.272s] Level 1:colcon.colcon_core.package_identification:_identify(sjtu_drone/models/april_tag_36h11_0/materials/scripts) by extension 'python_setup_py'
[0.273s] Level 1:colcon.colcon_core.package_identification:_identify(sjtu_drone/models/april_tag_36h11_0/materials/scripts/april_tag_36h11_0) by extensions ['ignore', 'ignore_ament_install']
[0.273s] Level 1:colcon.colcon_core.package_identification:_identify(sjtu_drone/models/april_tag_36h11_0/materials/scripts/april_tag_36h11_0) by extension 'ignore'
[0.273s] Level 1:colcon.colcon_core.package_identification:_identify(sjtu_drone/models/april_tag_36h11_0/materials/scripts/april_tag_36h11_0) by extension 'ignore_ament_install'
[0.273s] Level 1:colcon.colcon_core.package_identification:_identify(sjtu_drone/models/april_tag_36h11_0/materials/scripts/april_tag_36h11_0) by extensions ['colcon_pkg']
[0.273s] Level 1:colcon.colcon_core.package_identification:_identify(sjtu_drone/models/april_tag_36h11_0/materials/scripts/april_tag_36h11_0) by extension 'colcon_pkg'
[0.273s] Level 1:colcon.colcon_core.package_identification:_identify(sjtu_drone/models/april_tag_36h11_0/materials/scripts/april_tag_36h11_0) by extensions ['colcon_meta']
[0.273s] Level 1:colcon.colcon_core.package_identification:_identify(sjtu_drone/models/april_tag_36h11_0/materials/scripts/april_tag_36h11_0) by extension 'colcon_meta'
[0.273s] Level 1:colcon.colcon_core.package_identification:_identify(sjtu_drone/models/april_tag_36h11_0/materials/scripts/april_tag_36h11_0) by extensions ['ros']
[0.273s] Level 1:colcon.colcon_core.package_identification:_identify(sjtu_drone/models/april_tag_36h11_0/materials/scripts/april_tag_36h11_0) by extension 'ros'
[0.273s] Level 1:colcon.colcon_core.package_identification:_identify(sjtu_drone/models/april_tag_36h11_0/materials/scripts/april_tag_36h11_0) by extensions ['cmake', 'python']
[0.273s] Level 1:colcon.colcon_core.package_identification:_identify(sjtu_drone/models/april_tag_36h11_0/materials/scripts/april_tag_36h11_0) by extension 'cmake'
[0.273s] Level 1:colcon.colcon_core.package_identification:_identify(sjtu_drone/models/april_tag_36h11_0/materials/scripts/april_tag_36h11_0) by extension 'python'
[0.273s] Level 1:colcon.colcon_core.package_identification:_identify(sjtu_drone/models/april_tag_36h11_0/materials/scripts/april_tag_36h11_0) by extensions ['python_setup_py']
[0.273s] Level 1:colcon.colcon_core.package_identification:_identify(sjtu_drone/models/april_tag_36h11_0/materials/scripts/april_tag_36h11_0) by extension 'python_setup_py'
[0.274s] Level 1:colcon.colcon_core.package_identification:_identify(sjtu_drone/models/april_tag_36h11_0/materials/textures) by extensions ['ignore', 'ignore_ament_install']
[0.274s] Level 1:colcon.colcon_core.package_identification:_identify(sjtu_drone/models/april_tag_36h11_0/materials/textures) by extension 'ignore'
[0.274s] Level 1:colcon.colcon_core.package_identification:_identify(sjtu_drone/models/april_tag_36h11_0/materials/textures) by extension 'ignore_ament_install'
[0.274s] Level 1:colcon.colcon_core.package_identification:_identify(sjtu_drone/models/april_tag_36h11_0/materials/textures) by extensions ['colcon_pkg']
[0.274s] Level 1:colcon.colcon_core.package_identification:_identify(sjtu_drone/models/april_tag_36h11_0/materials/textures) by extension 'colcon_pkg'
[0.274s] Level 1:colcon.colcon_core.package_identification:_identify(sjtu_drone/models/april_tag_36h11_0/materials/textures) by extensions ['colcon_meta']
[0.274s] Level 1:colcon.colcon_core.package_identification:_identify(sjtu_drone/models/april_tag_36h11_0/materials/textures) by extension 'colcon_meta'
[0.274s] Level 1:colcon.colcon_core.package_identification:_identify(sjtu_drone/models/april_tag_36h11_0/materials/textures) by extensions ['ros']
[0.274s] Level 1:colcon.colcon_core.package_identification:_identify(sjtu_drone/models/april_tag_36h11_0/materials/textures) by extension 'ros'
[0.274s] Level 1:colcon.colcon_core.package_identification:_identify(sjtu_drone/models/april_tag_36h11_0/materials/textures) by extensions ['cmake', 'python']
[0.274s] Level 1:colcon.colcon_core.package_identification:_identify(sjtu_drone/models/april_tag_36h11_0/materials/textures) by extension 'cmake'
[0.274s] Level 1:colcon.colcon_core.package_identification:_identify(sjtu_drone/models/april_tag_36h11_0/materials/textures) by extension 'python'
[0.274s] Level 1:colcon.colcon_core.package_identification:_identify(sjtu_drone/models/april_tag_36h11_0/materials/textures) by extensions ['python_setup_py']
[0.274s] Level 1:colcon.colcon_core.package_identification:_identify(sjtu_drone/models/april_tag_36h11_0/materials/textures) by extension 'python_setup_py'
[0.275s] Level 1:colcon.colcon_core.package_identification:_identify(sjtu_drone/sjtu_drone_bringup) by extensions ['ignore', 'ignore_ament_install']
[0.275s] Level 1:colcon.colcon_core.package_identification:_identify(sjtu_drone/sjtu_drone_bringup) by extension 'ignore'
[0.275s] Level 1:colcon.colcon_core.package_identification:_identify(sjtu_drone/sjtu_drone_bringup) by extension 'ignore_ament_install'
[0.275s] Level 1:colcon.colcon_core.package_identification:_identify(sjtu_drone/sjtu_drone_bringup) by extensions ['colcon_pkg']
[0.275s] Level 1:colcon.colcon_core.package_identification:_identify(sjtu_drone/sjtu_drone_bringup) by extension 'colcon_pkg'
[0.275s] Level 1:colcon.colcon_core.package_identification:_identify(sjtu_drone/sjtu_drone_bringup) by extensions ['colcon_meta']
[0.275s] Level 1:colcon.colcon_core.package_identification:_identify(sjtu_drone/sjtu_drone_bringup) by extension 'colcon_meta'
[0.275s] Level 1:colcon.colcon_core.package_identification:_identify(sjtu_drone/sjtu_drone_bringup) by extensions ['ros']
[0.275s] Level 1:colcon.colcon_core.package_identification:_identify(sjtu_drone/sjtu_drone_bringup) by extension 'ros'
[0.277s] DEBUG:colcon.colcon_core.package_identification:Package 'sjtu_drone/sjtu_drone_bringup' with type 'ros.ament_python' and name 'sjtu_drone_bringup'
[0.277s] Level 1:colcon.colcon_core.package_identification:_identify(sjtu_drone/sjtu_drone_control) by extensions ['ignore', 'ignore_ament_install']
[0.277s] Level 1:colcon.colcon_core.package_identification:_identify(sjtu_drone/sjtu_drone_control) by extension 'ignore'
[0.277s] Level 1:colcon.colcon_core.package_identification:_identify(sjtu_drone/sjtu_drone_control) by extension 'ignore_ament_install'
[0.278s] Level 1:colcon.colcon_core.package_identification:_identify(sjtu_drone/sjtu_drone_control) by extensions ['colcon_pkg']
[0.278s] Level 1:colcon.colcon_core.package_identification:_identify(sjtu_drone/sjtu_drone_control) by extension 'colcon_pkg'
[0.278s] Level 1:colcon.colcon_core.package_identification:_identify(sjtu_drone/sjtu_drone_control) by extensions ['colcon_meta']
[0.278s] Level 1:colcon.colcon_core.package_identification:_identify(sjtu_drone/sjtu_drone_control) by extension 'colcon_meta'
[0.278s] Level 1:colcon.colcon_core.package_identification:_identify(sjtu_drone/sjtu_drone_control) by extensions ['ros']
[0.278s] Level 1:colcon.colcon_core.package_identification:_identify(sjtu_drone/sjtu_drone_control) by extension 'ros'
[0.279s] DEBUG:colcon.colcon_core.package_identification:Package 'sjtu_drone/sjtu_drone_control' with type 'ros.ament_python' and name 'sjtu_drone_control'
[0.279s] Level 1:colcon.colcon_core.package_identification:_identify(sjtu_drone/sjtu_drone_description) by extensions ['ignore', 'ignore_ament_install']
[0.279s] Level 1:colcon.colcon_core.package_identification:_identify(sjtu_drone/sjtu_drone_description) by extension 'ignore'
[0.280s] Level 1:colcon.colcon_core.package_identification:_identify(sjtu_drone/sjtu_drone_description) by extension 'ignore_ament_install'
[0.280s] Level 1:colcon.colcon_core.package_identification:_identify(sjtu_drone/sjtu_drone_description) by extensions ['colcon_pkg']
[0.280s] Level 1:colcon.colcon_core.package_identification:_identify(sjtu_drone/sjtu_drone_description) by extension 'colcon_pkg'
[0.280s] Level 1:colcon.colcon_core.package_identification:_identify(sjtu_drone/sjtu_drone_description) by extensions ['colcon_meta']
[0.280s] Level 1:colcon.colcon_core.package_identification:_identify(sjtu_drone/sjtu_drone_description) by extension 'colcon_meta'
[0.280s] Level 1:colcon.colcon_core.package_identification:_identify(sjtu_drone/sjtu_drone_description) by extensions ['ros']
[0.280s] Level 1:colcon.colcon_core.package_identification:_identify(sjtu_drone/sjtu_drone_description) by extension 'ros'
[0.282s] DEBUG:colcon.colcon_core.package_identification:Package 'sjtu_drone/sjtu_drone_description' with type 'ros.ament_cmake' and name 'sjtu_drone_description'
[0.282s] Level 1:colcon.colcon_core.package_identification:_identify(sjtu_drone/src) by extensions ['ignore', 'ignore_ament_install']
[0.282s] Level 1:colcon.colcon_core.package_identification:_identify(sjtu_drone/src) by extension 'ignore'
[0.282s] Level 1:colcon.colcon_core.package_identification:_identify(sjtu_drone/src) by extension 'ignore_ament_install'
[0.282s] Level 1:colcon.colcon_core.package_identification:_identify(sjtu_drone/src) by extensions ['colcon_pkg']
[0.282s] Level 1:colcon.colcon_core.package_identification:_identify(sjtu_drone/src) by extension 'colcon_pkg'
[0.282s] Level 1:colcon.colcon_core.package_identification:_identify(sjtu_drone/src) by extensions ['colcon_meta']
[0.282s] Level 1:colcon.colcon_core.package_identification:_identify(sjtu_drone/src) by extension 'colcon_meta'
[0.282s] Level 1:colcon.colcon_core.package_identification:_identify(sjtu_drone/src) by extensions ['ros']
[0.282s] Level 1:colcon.colcon_core.package_identification:_identify(sjtu_drone/src) by extension 'ros'
[0.282s] Level 1:colcon.colcon_core.package_identification:_identify(sjtu_drone/src) by extensions ['cmake', 'python']
[0.282s] Level 1:colcon.colcon_core.package_identification:_identify(sjtu_drone/src) by extension 'cmake'
[0.283s] Level 1:colcon.colcon_core.package_identification:_identify(sjtu_drone/src) by extension 'python'
[0.283s] Level 1:colcon.colcon_core.package_identification:_identify(sjtu_drone/src) by extensions ['python_setup_py']
[0.283s] Level 1:colcon.colcon_core.package_identification:_identify(sjtu_drone/src) by extension 'python_setup_py'
[0.283s] Level 1:colcon.colcon_core.package_identification:_identify(sjtu_project) by extensions ['ignore', 'ignore_ament_install']
[0.283s] Level 1:colcon.colcon_core.package_identification:_identify(sjtu_project) by extension 'ignore'
[0.283s] Level 1:colcon.colcon_core.package_identification:_identify(sjtu_project) by extension 'ignore_ament_install'
[0.283s] Level 1:colcon.colcon_core.package_identification:_identify(sjtu_project) by extensions ['colcon_pkg']
[0.283s] Level 1:colcon.colcon_core.package_identification:_identify(sjtu_project) by extension 'colcon_pkg'
[0.283s] Level 1:colcon.colcon_core.package_identification:_identify(sjtu_project) by extensions ['colcon_meta']
[0.283s] Level 1:colcon.colcon_core.package_identification:_identify(sjtu_project) by extension 'colcon_meta'
[0.283s] Level 1:colcon.colcon_core.package_identification:_identify(sjtu_project) by extensions ['ros']
[0.283s] Level 1:colcon.colcon_core.package_identification:_identify(sjtu_project) by extension 'ros'
[0.283s] Level 1:colcon.colcon_core.package_identification:_identify(sjtu_project) by extensions ['cmake', 'python']
[0.283s] Level 1:colcon.colcon_core.package_identification:_identify(sjtu_project) by extension 'cmake'
[0.284s] Level 1:colcon.colcon_core.package_identification:_identify(sjtu_project) by extension 'python'
[0.284s] Level 1:colcon.colcon_core.package_identification:_identify(sjtu_project) by extensions ['python_setup_py']
[0.284s] Level 1:colcon.colcon_core.package_identification:_identify(sjtu_project) by extension 'python_setup_py'
[0.284s] Level 1:colcon.colcon_core.package_discovery:discover_packages(recursive) using defaults
[0.284s] Level 1:colcon.colcon_core.package_discovery:discover_packages(ignore) discover
[0.284s] Level 1:colcon.colcon_core.package_discovery:discover_packages(ignore) using defaults
[0.284s] Level 1:colcon.colcon_core.package_discovery:discover_packages(path) discover
[0.284s] Level 1:colcon.colcon_core.package_discovery:discover_packages(path) using defaults
[0.304s] INFO:colcon.colcon_core.package_selection:Skipping not selected package 'aws_robomaker_hospital_world' in 'aws-robomaker-hospital-world'
[0.305s] Level 5:colcon.colcon_core.verb:set package 'sjtu_drone_bringup' build argument 'cmake_args' from command line to '['-DBUILD_TESTING=OFF', '-DRMW_IMPLEMENTATION=rmw_fastrtps_cpp']'
[0.305s] Level 5:colcon.colcon_core.verb:set package 'sjtu_drone_bringup' build argument 'cmake_target' from command line to 'None'
[0.305s] Level 5:colcon.colcon_core.verb:set package 'sjtu_drone_bringup' build argument 'cmake_target_skip_unavailable' from command line to 'False'
[0.305s] Level 5:colcon.colcon_core.verb:set package 'sjtu_drone_bringup' build argument 'cmake_clean_cache' from command line to 'False'
[0.305s] Level 5:colcon.colcon_core.verb:set package 'sjtu_drone_bringup' build argument 'cmake_clean_first' from command line to 'False'
[0.305s] Level 5:colcon.colcon_core.verb:set package 'sjtu_drone_bringup' build argument 'cmake_force_configure' from command line to 'False'
[0.305s] Level 5:colcon.colcon_core.verb:set package 'sjtu_drone_bringup' build argument 'ament_cmake_args' from command line to 'None'
[0.305s] Level 5:colcon.colcon_core.verb:set package 'sjtu_drone_bringup' build argument 'catkin_cmake_args' from command line to 'None'
[0.305s] Level 5:colcon.colcon_core.verb:set package 'sjtu_drone_bringup' build argument 'catkin_skip_building_tests' from command line to 'False'
[0.305s] DEBUG:colcon.colcon_core.verb:Building package 'sjtu_drone_bringup' with the following arguments: {'ament_cmake_args': None, 'build_base': '/root/sjtu_project/build/sjtu_drone_bringup', 'catkin_cmake_args': None, 'catkin_skip_building_tests': False, 'cmake_args': ['-DBUILD_TESTING=OFF', '-DRMW_IMPLEMENTATION=rmw_fastrtps_cpp'], 'cmake_clean_cache': False, 'cmake_clean_first': False, 'cmake_force_configure': False, 'cmake_target': None, 'cmake_target_skip_unavailable': False, 'install_base': '/root/sjtu_project/install/sjtu_drone_bringup', 'merge_install': False, 'path': '/root/sjtu_project/sjtu_drone/sjtu_drone_bringup', 'symlink_install': False, 'test_result_base': None}
[0.306s] Level 5:colcon.colcon_core.verb:set package 'sjtu_drone_control' build argument 'cmake_args' from command line to '['-DBUILD_TESTING=OFF', '-DRMW_IMPLEMENTATION=rmw_fastrtps_cpp']'
[0.306s] Level 5:colcon.colcon_core.verb:set package 'sjtu_drone_control' build argument 'cmake_target' from command line to 'None'
[0.306s] Level 5:colcon.colcon_core.verb:set package 'sjtu_drone_control' build argument 'cmake_target_skip_unavailable' from command line to 'False'
[0.306s] Level 5:colcon.colcon_core.verb:set package 'sjtu_drone_control' build argument 'cmake_clean_cache' from command line to 'False'
[0.306s] Level 5:colcon.colcon_core.verb:set package 'sjtu_drone_control' build argument 'cmake_clean_first' from command line to 'False'
[0.306s] Level 5:colcon.colcon_core.verb:set package 'sjtu_drone_control' build argument 'cmake_force_configure' from command line to 'False'
[0.306s] Level 5:colcon.colcon_core.verb:set package 'sjtu_drone_control' build argument 'ament_cmake_args' from command line to 'None'
[0.306s] Level 5:colcon.colcon_core.verb:set package 'sjtu_drone_control' build argument 'catkin_cmake_args' from command line to 'None'
[0.306s] Level 5:colcon.colcon_core.verb:set package 'sjtu_drone_control' build argument 'catkin_skip_building_tests' from command line to 'False'
[0.306s] DEBUG:colcon.colcon_core.verb:Building package 'sjtu_drone_control' with the following arguments: {'ament_cmake_args': None, 'build_base': '/root/sjtu_project/build/sjtu_drone_control', 'catkin_cmake_args': None, 'catkin_skip_building_tests': False, 'cmake_args': ['-DBUILD_TESTING=OFF', '-DRMW_IMPLEMENTATION=rmw_fastrtps_cpp'], 'cmake_clean_cache': False, 'cmake_clean_first': False, 'cmake_force_configure': False, 'cmake_target': None, 'cmake_target_skip_unavailable': False, 'install_base': '/root/sjtu_project/install/sjtu_drone_control', 'merge_install': False, 'path': '/root/sjtu_project/sjtu_drone/sjtu_drone_control', 'symlink_install': False, 'test_result_base': None}
[0.307s] Level 5:colcon.colcon_core.verb:set package 'sjtu_drone_description' build argument 'cmake_args' from command line to '['-DBUILD_TESTING=OFF', '-DRMW_IMPLEMENTATION=rmw_fastrtps_cpp']'
[0.307s] Level 5:colcon.colcon_core.verb:set package 'sjtu_drone_description' build argument 'cmake_target' from command line to 'None'
[0.307s] Level 5:colcon.colcon_core.verb:set package 'sjtu_drone_description' build argument 'cmake_target_skip_unavailable' from command line to 'False'
[0.307s] Level 5:colcon.colcon_core.verb:set package 'sjtu_drone_description' build argument 'cmake_clean_cache' from command line to 'False'
[0.307s] Level 5:colcon.colcon_core.verb:set package 'sjtu_drone_description' build argument 'cmake_clean_first' from command line to 'False'
[0.307s] Level 5:colcon.colcon_core.verb:set package 'sjtu_drone_description' build argument 'cmake_force_configure' from command line to 'False'
[0.307s] Level 5:colcon.colcon_core.verb:set package 'sjtu_drone_description' build argument 'ament_cmake_args' from command line to 'None'
[0.307s] Level 5:colcon.colcon_core.verb:set package 'sjtu_drone_description' build argument 'catkin_cmake_args' from command line to 'None'
[0.307s] Level 5:colcon.colcon_core.verb:set package 'sjtu_drone_description' build argument 'catkin_skip_building_tests' from command line to 'False'
[0.307s] DEBUG:colcon.colcon_core.verb:Building package 'sjtu_drone_description' with the following arguments: {'ament_cmake_args': None, 'build_base': '/root/sjtu_project/build/sjtu_drone_description', 'catkin_cmake_args': None, 'catkin_skip_building_tests': False, 'cmake_args': ['-DBUILD_TESTING=OFF', '-DRMW_IMPLEMENTATION=rmw_fastrtps_cpp'], 'cmake_clean_cache': False, 'cmake_clean_first': False, 'cmake_force_configure': False, 'cmake_target': None, 'cmake_target_skip_unavailable': False, 'install_base': '/root/sjtu_project/install/sjtu_drone_description', 'merge_install': False, 'path': '/root/sjtu_project/sjtu_drone/sjtu_drone_description', 'symlink_install': False, 'test_result_base': None}
[0.308s] INFO:colcon.colcon_core.executor:Executing jobs using 'parallel' executor
[0.309s] DEBUG:colcon.colcon_parallel_executor.executor.parallel:run_until_complete
[0.309s] INFO:colcon.colcon_ros.task.ament_python.build:Building ROS package in '/root/sjtu_project/sjtu_drone/sjtu_drone_bringup' with build type 'ament_python'
[0.309s] Level 1:colcon.colcon_core.shell:create_environment_hook('sjtu_drone_bringup', 'ament_prefix_path')
[0.311s] INFO:colcon.colcon_core.plugin_system:Skipping extension 'colcon_core.shell.bat': Not used on non-Windows systems
[0.311s] INFO:colcon.colcon_core.shell:Creating environment hook '/root/sjtu_project/install/sjtu_drone_bringup/share/sjtu_drone_bringup/hook/ament_prefix_path.ps1'
[0.312s] INFO:colcon.colcon_core.shell:Creating environment descriptor '/root/sjtu_project/install/sjtu_drone_bringup/share/sjtu_drone_bringup/hook/ament_prefix_path.dsv'
[0.313s] INFO:colcon.colcon_core.shell:Creating environment hook '/root/sjtu_project/install/sjtu_drone_bringup/share/sjtu_drone_bringup/hook/ament_prefix_path.sh'
[0.313s] INFO:colcon.colcon_core.shell:Skip shell extension 'powershell' for command environment: Not usable outside of PowerShell
[0.314s] DEBUG:colcon.colcon_core.shell:Skip shell extension 'dsv' for command environment
[0.314s] WARNING:colcon.colcon_ros.prefix_path.ament:The path '/root/sjtu_project/install/sjtu_drone_description' in the environment variable AMENT_PREFIX_PATH doesn't exist
[0.315s] WARNING:colcon.colcon_ros.prefix_path.ament:The path '/root/sjtu_project/install/sjtu_drone_control' in the environment variable AMENT_PREFIX_PATH doesn't exist
[0.315s] WARNING:colcon.colcon_ros.prefix_path.catkin:The path '/root/sjtu_project/install/sjtu_drone_description' in the environment variable CMAKE_PREFIX_PATH doesn't exist
[0.318s] INFO:colcon.colcon_ros.task.ament_python.build:Building ROS package in '/root/sjtu_project/sjtu_drone/sjtu_drone_control' with build type 'ament_python'
[0.318s] Level 1:colcon.colcon_core.shell:create_environment_hook('sjtu_drone_control', 'ament_prefix_path')
[0.318s] INFO:colcon.colcon_core.shell:Creating environment hook '/root/sjtu_project/install/sjtu_drone_control/share/sjtu_drone_control/hook/ament_prefix_path.ps1'
[0.319s] INFO:colcon.colcon_core.shell:Creating environment descriptor '/root/sjtu_project/install/sjtu_drone_control/share/sjtu_drone_control/hook/ament_prefix_path.dsv'
[0.319s] INFO:colcon.colcon_core.shell:Creating environment hook '/root/sjtu_project/install/sjtu_drone_control/share/sjtu_drone_control/hook/ament_prefix_path.sh'
[0.320s] INFO:colcon.colcon_core.shell:Skip shell extension 'powershell' for command environment: Not usable outside of PowerShell
[0.320s] DEBUG:colcon.colcon_core.shell:Skip shell extension 'dsv' for command environment
[0.323s] INFO:colcon.colcon_ros.task.ament_cmake.build:Building ROS package in '/root/sjtu_project/sjtu_drone/sjtu_drone_description' with build type 'ament_cmake'
[0.323s] INFO:colcon.colcon_cmake.task.cmake.build:Building CMake package in '/root/sjtu_project/sjtu_drone/sjtu_drone_description'
[0.323s] INFO:colcon.colcon_core.shell:Skip shell extension 'powershell' for command environment: Not usable outside of PowerShell
[0.323s] DEBUG:colcon.colcon_core.shell:Skip shell extension 'dsv' for command environment
[0.531s] INFO:colcon.colcon_core.task.python.build:Building Python package in '/root/sjtu_project/sjtu_drone/sjtu_drone_bringup'
[0.531s] INFO:colcon.colcon_core.shell:Skip shell extension 'powershell' for command environment: Not usable outside of PowerShell
[0.531s] DEBUG:colcon.colcon_core.shell:Skip shell extension 'dsv' for command environment
[0.736s] INFO:colcon.colcon_core.task.python.build:Building Python package in '/root/sjtu_project/sjtu_drone/sjtu_drone_control'
[0.736s] INFO:colcon.colcon_core.shell:Skip shell extension 'powershell' for command environment: Not usable outside of PowerShell
[0.736s] DEBUG:colcon.colcon_core.shell:Skip shell extension 'dsv' for command environment
[0.743s] DEBUG:colcon.colcon_core.event_handler.log_command:Invoking command in '/root/sjtu_project/build/sjtu_drone_description': CMAKE_PREFIX_PATH=${CMAKE_PREFIX_PATH}:/root/sjtu_project/install/sjtu_drone_control:/root/sjtu_project/install/sjtu_drone_bringup:/opt/ros/humble /usr/bin/cmake /root/sjtu_project/sjtu_drone/sjtu_drone_description -DBUILD_TESTING=OFF -DRMW_IMPLEMENTATION=rmw_fastrtps_cpp -DCMAKE_INSTALL_PREFIX=/root/sjtu_project/install/sjtu_drone_description
[1.044s] DEBUG:colcon.colcon_core.event_handler.log_command:Invoking command in '/root/sjtu_project/sjtu_drone/sjtu_drone_control': PYTHONPATH=/root/sjtu_project/build/sjtu_drone_control/prefix_override:/usr/lib/python3/dist-packages/colcon_core/task/python/colcon_distutils_commands:/root/sjtu_project/install/sjtu_drone_control/lib/python3.10/site-packages:${PYTHONPATH} /usr/bin/python3 -W ignore:setup.py install is deprecated -W ignore:easy_install command is deprecated setup.py egg_info --egg-base ../../build/sjtu_drone_control build --build-base /root/sjtu_project/build/sjtu_drone_control/build install --record /root/sjtu_project/build/sjtu_drone_control/install.log --single-version-externally-managed install_data
[1.048s] DEBUG:colcon.colcon_core.event_handler.log_command:Invoking command in '/root/sjtu_project/sjtu_drone/sjtu_drone_bringup': PYTHONPATH=/root/sjtu_project/build/sjtu_drone_bringup/prefix_override:/usr/lib/python3/dist-packages/colcon_core/task/python/colcon_distutils_commands:/root/sjtu_project/install/sjtu_drone_bringup/lib/python3.10/site-packages:${PYTHONPATH} /usr/bin/python3 -W ignore:setup.py install is deprecated -W ignore:easy_install command is deprecated setup.py egg_info --egg-base ../../build/sjtu_drone_bringup build --build-base /root/sjtu_project/build/sjtu_drone_bringup/build install --record /root/sjtu_project/build/sjtu_drone_bringup/install.log --single-version-externally-managed install_data
[1.324s] DEBUG:colcon.colcon_core.event_handler.log_command:Invoked command in '/root/sjtu_project/sjtu_drone/sjtu_drone_bringup' returned '0': PYTHONPATH=/root/sjtu_project/build/sjtu_drone_bringup/prefix_override:/usr/lib/python3/dist-packages/colcon_core/task/python/colcon_distutils_commands:/root/sjtu_project/install/sjtu_drone_bringup/lib/python3.10/site-packages:${PYTHONPATH} /usr/bin/python3 -W ignore:setup.py install is deprecated -W ignore:easy_install command is deprecated setup.py egg_info --egg-base ../../build/sjtu_drone_bringup build --build-base /root/sjtu_project/build/sjtu_drone_bringup/build install --record /root/sjtu_project/build/sjtu_drone_bringup/install.log --single-version-externally-managed install_data
[1.326s] Level 1:colcon.colcon_core.environment:checking '/root/sjtu_project/install/sjtu_drone_bringup' for CMake module files
[1.327s] Level 1:colcon.colcon_core.environment:checking '/root/sjtu_project/install/sjtu_drone_bringup' for CMake config files
[1.328s] Level 1:colcon.colcon_core.environment:checking '/root/sjtu_project/install/sjtu_drone_bringup/lib'
[1.328s] Level 1:colcon.colcon_core.environment:checking '/root/sjtu_project/install/sjtu_drone_bringup/bin'
[1.328s] Level 1:colcon.colcon_core.environment:checking '/root/sjtu_project/install/sjtu_drone_bringup/lib/pkgconfig/sjtu_drone_bringup.pc'
[1.328s] Level 1:colcon.colcon_core.environment:checking '/root/sjtu_project/install/sjtu_drone_bringup/lib/python3.10/site-packages'
[1.328s] Level 1:colcon.colcon_core.shell:create_environment_hook('sjtu_drone_bringup', 'pythonpath')
[1.329s] INFO:colcon.colcon_core.shell:Creating environment hook '/root/sjtu_project/install/sjtu_drone_bringup/share/sjtu_drone_bringup/hook/pythonpath.ps1'
[1.329s] INFO:colcon.colcon_core.shell:Creating environment descriptor '/root/sjtu_project/install/sjtu_drone_bringup/share/sjtu_drone_bringup/hook/pythonpath.dsv'
[1.330s] INFO:colcon.colcon_core.shell:Creating environment hook '/root/sjtu_project/install/sjtu_drone_bringup/share/sjtu_drone_bringup/hook/pythonpath.sh'
[1.330s] Level 1:colcon.colcon_core.environment:checking '/root/sjtu_project/install/sjtu_drone_bringup/bin'
[1.330s] Level 1:colcon.colcon_core.environment:create_environment_scripts_only(sjtu_drone_bringup)
[1.331s] INFO:colcon.colcon_core.shell:Creating package script '/root/sjtu_project/install/sjtu_drone_bringup/share/sjtu_drone_bringup/package.ps1'
[1.332s] INFO:colcon.colcon_core.shell:Creating package descriptor '/root/sjtu_project/install/sjtu_drone_bringup/share/sjtu_drone_bringup/package.dsv'
[1.332s] INFO:colcon.colcon_core.shell:Creating package script '/root/sjtu_project/install/sjtu_drone_bringup/share/sjtu_drone_bringup/package.sh'
[1.334s] INFO:colcon.colcon_core.shell:Creating package script '/root/sjtu_project/install/sjtu_drone_bringup/share/sjtu_drone_bringup/package.bash'
[1.335s] INFO:colcon.colcon_core.shell:Creating package script '/root/sjtu_project/install/sjtu_drone_bringup/share/sjtu_drone_bringup/package.zsh'
[1.335s] Level 1:colcon.colcon_core.environment:create_file_with_runtime_dependencies(/root/sjtu_project/install/sjtu_drone_bringup/share/colcon-core/packages/sjtu_drone_bringup)
[1.337s] Level 1:colcon.colcon_core.environment:checking '/root/sjtu_project/install/sjtu_drone_control' for CMake module files
[1.338s] DEBUG:colcon.colcon_core.event_handler.log_command:Invoked command in '/root/sjtu_project/sjtu_drone/sjtu_drone_control' returned '0': PYTHONPATH=/root/sjtu_project/build/sjtu_drone_control/prefix_override:/usr/lib/python3/dist-packages/colcon_core/task/python/colcon_distutils_commands:/root/sjtu_project/install/sjtu_drone_control/lib/python3.10/site-packages:${PYTHONPATH} /usr/bin/python3 -W ignore:setup.py install is deprecated -W ignore:easy_install command is deprecated setup.py egg_info --egg-base ../../build/sjtu_drone_control build --build-base /root/sjtu_project/build/sjtu_drone_control/build install --record /root/sjtu_project/build/sjtu_drone_control/install.log --single-version-externally-managed install_data
[1.338s] Level 1:colcon.colcon_core.environment:checking '/root/sjtu_project/install/sjtu_drone_control' for CMake config files
[1.338s] Level 1:colcon.colcon_core.environment:checking '/root/sjtu_project/install/sjtu_drone_control/lib'
[1.338s] Level 1:colcon.colcon_core.environment:checking '/root/sjtu_project/install/sjtu_drone_control/bin'
[1.338s] Level 1:colcon.colcon_core.environment:checking '/root/sjtu_project/install/sjtu_drone_control/lib/pkgconfig/sjtu_drone_control.pc'
[1.339s] Level 1:colcon.colcon_core.environment:checking '/root/sjtu_project/install/sjtu_drone_control/lib/python3.10/site-packages'
[1.339s] Level 1:colcon.colcon_core.shell:create_environment_hook('sjtu_drone_control', 'pythonpath')
[1.339s] INFO:colcon.colcon_core.shell:Creating environment hook '/root/sjtu_project/install/sjtu_drone_control/share/sjtu_drone_control/hook/pythonpath.ps1'
[1.339s] INFO:colcon.colcon_core.shell:Creating environment descriptor '/root/sjtu_project/install/sjtu_drone_control/share/sjtu_drone_control/hook/pythonpath.dsv'
[1.340s] INFO:colcon.colcon_core.shell:Creating environment hook '/root/sjtu_project/install/sjtu_drone_control/share/sjtu_drone_control/hook/pythonpath.sh'
[1.340s] Level 1:colcon.colcon_core.environment:checking '/root/sjtu_project/install/sjtu_drone_control/bin'
[1.340s] Level 1:colcon.colcon_core.environment:create_environment_scripts_only(sjtu_drone_control)
[1.341s] INFO:colcon.colcon_core.shell:Creating package script '/root/sjtu_project/install/sjtu_drone_control/share/sjtu_drone_control/package.ps1'
[1.341s] INFO:colcon.colcon_core.shell:Creating package descriptor '/root/sjtu_project/install/sjtu_drone_control/share/sjtu_drone_control/package.dsv'
[1.341s] INFO:colcon.colcon_core.shell:Creating package script '/root/sjtu_project/install/sjtu_drone_control/share/sjtu_drone_control/package.sh'
[1.342s] INFO:colcon.colcon_core.shell:Creating package script '/root/sjtu_project/install/sjtu_drone_control/share/sjtu_drone_control/package.bash'
[1.342s] INFO:colcon.colcon_core.shell:Creating package script '/root/sjtu_project/install/sjtu_drone_control/share/sjtu_drone_control/package.zsh'
[1.342s] Level 1:colcon.colcon_core.environment:create_file_with_runtime_dependencies(/root/sjtu_project/install/sjtu_drone_control/share/colcon-core/packages/sjtu_drone_control)
[3.143s] DEBUG:colcon.colcon_core.event_handler.log_command:Invoked command in '/root/sjtu_project/build/sjtu_drone_description' returned '0': CMAKE_PREFIX_PATH=${CMAKE_PREFIX_PATH}:/root/sjtu_project/install/sjtu_drone_control:/root/sjtu_project/install/sjtu_drone_bringup:/opt/ros/humble /usr/bin/cmake /root/sjtu_project/sjtu_drone/sjtu_drone_description -DBUILD_TESTING=OFF -DRMW_IMPLEMENTATION=rmw_fastrtps_cpp -DCMAKE_INSTALL_PREFIX=/root/sjtu_project/install/sjtu_drone_description
[3.145s] DEBUG:colcon.colcon_core.event_handler.log_command:Invoking command in '/root/sjtu_project/build/sjtu_drone_description': CMAKE_PREFIX_PATH=${CMAKE_PREFIX_PATH}:/root/sjtu_project/install/sjtu_drone_control:/root/sjtu_project/install/sjtu_drone_bringup:/opt/ros/humble /usr/bin/cmake --build /root/sjtu_project/build/sjtu_drone_description -- -j12 -l12
[34.889s] DEBUG:colcon.colcon_core.event_handler.log_command:Invoked command in '/root/sjtu_project/build/sjtu_drone_description' returned '0': CMAKE_PREFIX_PATH=${CMAKE_PREFIX_PATH}:/root/sjtu_project/install/sjtu_drone_control:/root/sjtu_project/install/sjtu_drone_bringup:/opt/ros/humble /usr/bin/cmake --build /root/sjtu_project/build/sjtu_drone_description -- -j12 -l12
[34.899s] DEBUG:colcon.colcon_core.event_handler.log_command:Invoking command in '/root/sjtu_project/build/sjtu_drone_description': CMAKE_PREFIX_PATH=${CMAKE_PREFIX_PATH}:/root/sjtu_project/install/sjtu_drone_control:/root/sjtu_project/install/sjtu_drone_bringup:/opt/ros/humble /usr/bin/cmake --install /root/sjtu_project/build/sjtu_drone_description
[34.948s] Level 1:colcon.colcon_core.environment:create_environment_scripts_only(sjtu_drone_description)
[34.949s] Level 1:colcon.colcon_core.environment:checking '/root/sjtu_project/install/sjtu_drone_description' for CMake module files
[34.949s] DEBUG:colcon.colcon_core.event_handler.log_command:Invoked command in '/root/sjtu_project/build/sjtu_drone_description' returned '0': CMAKE_PREFIX_PATH=${CMAKE_PREFIX_PATH}:/root/sjtu_project/install/sjtu_drone_control:/root/sjtu_project/install/sjtu_drone_bringup:/opt/ros/humble /usr/bin/cmake --install /root/sjtu_project/build/sjtu_drone_description
[34.950s] Level 1:colcon.colcon_core.environment:checking '/root/sjtu_project/install/sjtu_drone_description' for CMake config files
[34.950s] Level 1:colcon.colcon_core.shell:create_environment_hook('sjtu_drone_description', 'cmake_prefix_path')
[34.950s] INFO:colcon.colcon_core.shell:Creating environment hook '/root/sjtu_project/install/sjtu_drone_description/share/sjtu_drone_description/hook/cmake_prefix_path.ps1'
[34.952s] INFO:colcon.colcon_core.shell:Creating environment descriptor '/root/sjtu_project/install/sjtu_drone_description/share/sjtu_drone_description/hook/cmake_prefix_path.dsv'
[34.952s] INFO:colcon.colcon_core.shell:Creating environment hook '/root/sjtu_project/install/sjtu_drone_description/share/sjtu_drone_description/hook/cmake_prefix_path.sh'
[34.953s] Level 1:colcon.colcon_core.environment:checking '/root/sjtu_project/install/sjtu_drone_description/lib'
[34.953s] Level 1:colcon.colcon_core.shell:create_environment_hook('sjtu_drone_description', 'ld_library_path_lib')
[34.953s] INFO:colcon.colcon_core.shell:Creating environment hook '/root/sjtu_project/install/sjtu_drone_description/share/sjtu_drone_description/hook/ld_library_path_lib.ps1'
[34.954s] INFO:colcon.colcon_core.shell:Creating environment descriptor '/root/sjtu_project/install/sjtu_drone_description/share/sjtu_drone_description/hook/ld_library_path_lib.dsv'
[34.954s] INFO:colcon.colcon_core.shell:Creating environment hook '/root/sjtu_project/install/sjtu_drone_description/share/sjtu_drone_description/hook/ld_library_path_lib.sh'
[34.955s] Level 1:colcon.colcon_core.environment:checking '/root/sjtu_project/install/sjtu_drone_description/bin'
[34.955s] Level 1:colcon.colcon_core.environment:checking '/root/sjtu_project/install/sjtu_drone_description/lib/pkgconfig/sjtu_drone_description.pc'
[34.955s] Level 1:colcon.colcon_core.environment:checking '/root/sjtu_project/install/sjtu_drone_description/lib/python3.10/site-packages'
[34.955s] Level 1:colcon.colcon_core.environment:checking '/root/sjtu_project/install/sjtu_drone_description/bin'
[34.956s] INFO:colcon.colcon_core.shell:Creating package script '/root/sjtu_project/install/sjtu_drone_description/share/sjtu_drone_description/package.ps1'
[34.957s] INFO:colcon.colcon_core.shell:Creating package descriptor '/root/sjtu_project/install/sjtu_drone_description/share/sjtu_drone_description/package.dsv'
[34.958s] INFO:colcon.colcon_core.shell:Creating package script '/root/sjtu_project/install/sjtu_drone_description/share/sjtu_drone_description/package.sh'
[34.959s] INFO:colcon.colcon_core.shell:Creating package script '/root/sjtu_project/install/sjtu_drone_description/share/sjtu_drone_description/package.bash'
[34.959s] INFO:colcon.colcon_core.shell:Creating package script '/root/sjtu_project/install/sjtu_drone_description/share/sjtu_drone_description/package.zsh'
[34.960s] Level 1:colcon.colcon_core.environment:create_file_with_runtime_dependencies(/root/sjtu_project/install/sjtu_drone_description/share/colcon-core/packages/sjtu_drone_description)
[34.961s] Level 1:colcon.colcon_core.environment:create_environment_scripts_only(sjtu_drone_description)
[34.961s] Level 1:colcon.colcon_core.environment:checking '/root/sjtu_project/install/sjtu_drone_description' for CMake module files
[34.961s] Level 1:colcon.colcon_core.environment:checking '/root/sjtu_project/install/sjtu_drone_description' for CMake config files
[34.962s] Level 1:colcon.colcon_core.shell:create_environment_hook('sjtu_drone_description', 'cmake_prefix_path')
[34.962s] INFO:colcon.colcon_core.shell:Creating environment hook '/root/sjtu_project/install/sjtu_drone_description/share/sjtu_drone_description/hook/cmake_prefix_path.ps1'
[34.962s] INFO:colcon.colcon_core.shell:Creating environment descriptor '/root/sjtu_project/install/sjtu_drone_description/share/sjtu_drone_description/hook/cmake_prefix_path.dsv'
[34.963s] INFO:colcon.colcon_core.shell:Creating environment hook '/root/sjtu_project/install/sjtu_drone_description/share/sjtu_drone_description/hook/cmake_prefix_path.sh'
[34.963s] Level 1:colcon.colcon_core.environment:checking '/root/sjtu_project/install/sjtu_drone_description/lib'
[34.964s] Level 1:colcon.colcon_core.shell:create_environment_hook('sjtu_drone_description', 'ld_library_path_lib')
[34.964s] INFO:colcon.colcon_core.shell:Creating environment hook '/root/sjtu_project/install/sjtu_drone_description/share/sjtu_drone_description/hook/ld_library_path_lib.ps1'
[34.964s] INFO:colcon.colcon_core.shell:Creating environment descriptor '/root/sjtu_project/install/sjtu_drone_description/share/sjtu_drone_description/hook/ld_library_path_lib.dsv'
[34.964s] INFO:colcon.colcon_core.shell:Creating environment hook '/root/sjtu_project/install/sjtu_drone_description/share/sjtu_drone_description/hook/ld_library_path_lib.sh'
[34.965s] Level 1:colcon.colcon_core.environment:checking '/root/sjtu_project/install/sjtu_drone_description/bin'
[34.965s] Level 1:colcon.colcon_core.environment:checking '/root/sjtu_project/install/sjtu_drone_description/lib/pkgconfig/sjtu_drone_description.pc'
[34.965s] Level 1:colcon.colcon_core.environment:checking '/root/sjtu_project/install/sjtu_drone_description/lib/python3.10/site-packages'
[34.966s] Level 1:colcon.colcon_core.environment:checking '/root/sjtu_project/install/sjtu_drone_description/bin'
[34.967s] INFO:colcon.colcon_core.shell:Creating package script '/root/sjtu_project/install/sjtu_drone_description/share/sjtu_drone_description/package.ps1'
[34.968s] INFO:colcon.colcon_core.shell:Creating package descriptor '/root/sjtu_project/install/sjtu_drone_description/share/sjtu_drone_description/package.dsv'
[34.968s] INFO:colcon.colcon_core.shell:Creating package script '/root/sjtu_project/install/sjtu_drone_description/share/sjtu_drone_description/package.sh'
[34.969s] INFO:colcon.colcon_core.shell:Creating package script '/root/sjtu_project/install/sjtu_drone_description/share/sjtu_drone_description/package.bash'
[34.970s] INFO:colcon.colcon_core.shell:Creating package script '/root/sjtu_project/install/sjtu_drone_description/share/sjtu_drone_description/package.zsh'
[34.970s] Level 1:colcon.colcon_core.environment:create_file_with_runtime_dependencies(/root/sjtu_project/install/sjtu_drone_description/share/colcon-core/packages/sjtu_drone_description)
[34.971s] DEBUG:colcon.colcon_parallel_executor.executor.parallel:closing loop
[34.971s] DEBUG:colcon.colcon_parallel_executor.executor.parallel:loop closed
[34.971s] DEBUG:colcon.colcon_parallel_executor.executor.parallel:run_until_complete finished with '0'
[34.971s] DEBUG:colcon.colcon_core.event_reactor:joining thread
[34.982s] INFO:colcon.colcon_core.plugin_system:Skipping extension 'colcon_notification.desktop_notification.notify_send': Could not find 'notify-send'
[34.982s] INFO:colcon.colcon_core.plugin_system:Skipping extension 'colcon_notification.desktop_notification.terminal_notifier': Not used on non-Darwin systems
[34.982s] INFO:colcon.colcon_core.plugin_system:Skipping extension 'colcon_notification.desktop_notification.win32': Not used on non-Windows systems
[34.982s] INFO:colcon.colcon_notification.desktop_notification:Sending desktop notification using 'notify2'
[34.985s] DEBUG:colcon.colcon_notification.desktop_notification.notify2:Failed to initialize notify2: org.freedesktop.DBus.Error.Spawn.ExecFailed: /usr/bin/dbus-launch terminated abnormally without any error message
[34.986s] DEBUG:colcon.colcon_core.event_reactor:joined thread
[34.986s] INFO:colcon.colcon_core.shell:Creating prefix script '/root/sjtu_project/install/local_setup.ps1'
[34.988s] INFO:colcon.colcon_core.shell:Creating prefix util module '/root/sjtu_project/install/_local_setup_util_ps1.py'
[34.990s] INFO:colcon.colcon_core.shell:Creating prefix chain script '/root/sjtu_project/install/setup.ps1'
[34.992s] INFO:colcon.colcon_core.shell:Creating prefix script '/root/sjtu_project/install/local_setup.sh'
[34.993s] INFO:colcon.colcon_core.shell:Creating prefix util module '/root/sjtu_project/install/_local_setup_util_sh.py'
[34.994s] INFO:colcon.colcon_core.shell:Creating prefix chain script '/root/sjtu_project/install/setup.sh'
[34.995s] INFO:colcon.colcon_core.shell:Creating prefix script '/root/sjtu_project/install/local_setup.bash'
[34.996s] INFO:colcon.colcon_core.shell:Creating prefix chain script '/root/sjtu_project/install/setup.bash'
[34.997s] INFO:colcon.colcon_core.shell:Creating prefix script '/root/sjtu_project/install/local_setup.zsh'
[34.998s] INFO:colcon.colcon_core.shell:Creating prefix chain script '/root/sjtu_project/install/setup.zsh'
