running egg_info
creating ../../build/sjtu_drone_bringup/sjtu_drone_bringup.egg-info
writing ../../build/sjtu_drone_bringup/sjtu_drone_bringup.egg-info/PKG-INFO
writing dependency_links to ../../build/sjtu_drone_bringup/sjtu_drone_bringup.egg-info/dependency_links.txt
writing entry points to ../../build/sjtu_drone_bringup/sjtu_drone_bringup.egg-info/entry_points.txt
writing requirements to ../../build/sjtu_drone_bringup/sjtu_drone_bringup.egg-info/requires.txt
writing top-level names to ../../build/sjtu_drone_bringup/sjtu_drone_bringup.egg-info/top_level.txt
writing manifest file '../../build/sjtu_drone_bringup/sjtu_drone_bringup.egg-info/SOURCES.txt'
reading manifest file '../../build/sjtu_drone_bringup/sjtu_drone_bringup.egg-info/SOURCES.txt'
writing manifest file '../../build/sjtu_drone_bringup/sjtu_drone_bringup.egg-info/SOURCES.txt'
running build
running build_py
creating /root/april_gazebo/build/sjtu_drone_bringup/build
creating /root/april_gazebo/build/sjtu_drone_bringup/build/lib
creating /root/april_gazebo/build/sjtu_drone_bringup/build/lib/sjtu_drone_bringup
copying sjtu_drone_bringup/__init__.py -> /root/april_gazebo/build/sjtu_drone_bringup/build/lib/sjtu_drone_bringup
copying sjtu_drone_bringup/spawn_drone.py -> /root/april_gazebo/build/sjtu_drone_bringup/build/lib/sjtu_drone_bringup
running install
running install_lib
creating /root/april_gazebo/install/sjtu_drone_bringup/lib/python3.10/site-packages/sjtu_drone_bringup
copying /root/april_gazebo/build/sjtu_drone_bringup/build/lib/sjtu_drone_bringup/__init__.py -> /root/april_gazebo/install/sjtu_drone_bringup/lib/python3.10/site-packages/sjtu_drone_bringup
copying /root/april_gazebo/build/sjtu_drone_bringup/build/lib/sjtu_drone_bringup/spawn_drone.py -> /root/april_gazebo/install/sjtu_drone_bringup/lib/python3.10/site-packages/sjtu_drone_bringup
byte-compiling /root/april_gazebo/install/sjtu_drone_bringup/lib/python3.10/site-packages/sjtu_drone_bringup/__init__.py to __init__.cpython-310.pyc
byte-compiling /root/april_gazebo/install/sjtu_drone_bringup/lib/python3.10/site-packages/sjtu_drone_bringup/spawn_drone.py to spawn_drone.cpython-310.pyc
running install_data
creating /root/april_gazebo/install/sjtu_drone_bringup/share/ament_index
creating /root/april_gazebo/install/sjtu_drone_bringup/share/ament_index/resource_index
creating /root/april_gazebo/install/sjtu_drone_bringup/share/ament_index/resource_index/packages
copying resource/sjtu_drone_bringup -> /root/april_gazebo/install/sjtu_drone_bringup/share/ament_index/resource_index/packages
copying package.xml -> /root/april_gazebo/install/sjtu_drone_bringup/share/sjtu_drone_bringup
creating /root/april_gazebo/install/sjtu_drone_bringup/share/sjtu_drone_bringup/launch
copying launch/sjtu_drone_bringup.launch.py -> /root/april_gazebo/install/sjtu_drone_bringup/share/sjtu_drone_bringup/launch
copying launch/sjtu_drone_gazebo.launch.py -> /root/april_gazebo/install/sjtu_drone_bringup/share/sjtu_drone_bringup/launch
creating /root/april_gazebo/install/sjtu_drone_bringup/share/sjtu_drone_bringup/rviz
copying rviz/rviz.rviz -> /root/april_gazebo/install/sjtu_drone_bringup/share/sjtu_drone_bringup/rviz
creating /root/april_gazebo/install/sjtu_drone_bringup/share/sjtu_drone_bringup/config
copying config/drone.yaml -> /root/april_gazebo/install/sjtu_drone_bringup/share/sjtu_drone_bringup/config
running install_egg_info
Copying ../../build/sjtu_drone_bringup/sjtu_drone_bringup.egg-info to /root/april_gazebo/install/sjtu_drone_bringup/lib/python3.10/site-packages/sjtu_drone_bringup-0.0.0-py3.10.egg-info
running install_scripts
Installing spawn_drone script to /root/april_gazebo/install/sjtu_drone_bringup/lib/sjtu_drone_bringup
writing list of installed files to '/root/april_gazebo/build/sjtu_drone_bringup/install.log'
