[0.000000] (-) TimerEvent: {}
[0.000172] (-) JobUnselected: {'identifier': 'aws_robomaker_hospital_world'}
[0.000230] (sjtu_drone_bringup) JobQueued: {'identifier': 'sjtu_drone_bringup', 'dependencies': OrderedDict()}
[0.000327] (sjtu_drone_control) JobQueued: {'identifier': 'sjtu_drone_control', 'dependencies': OrderedDict()}
[0.000380] (sjtu_drone_description) JobQueued: {'identifier': 'sjtu_drone_description', 'dependencies': OrderedDict()}
[0.000412] (sjtu_drone_bringup) JobStarted: {'identifier': 'sjtu_drone_bringup'}
[0.013865] (sjtu_drone_control) JobStarted: {'identifier': 'sjtu_drone_control'}
[0.018624] (sjtu_drone_description) JobStarted: {'identifier': 'sjtu_drone_description'}
[0.099403] (-) TimerEvent: {}
[0.199612] (-) TimerEvent: {}
[0.299827] (-) TimerEvent: {}
[0.400096] (-) TimerEvent: {}
[0.420968] (sjtu_drone_description) JobProgress: {'identifier': 'sjtu_drone_description', 'progress': 'cmake'}
[0.421588] (sjtu_drone_description) Command: {'cmd': ['/usr/bin/cmake', '/root/sjtu_project/sjtu_drone/sjtu_drone_description', '-DBUILD_TESTING=OFF', '-DRMW_IMPLEMENTATION=rmw_fastrtps_cpp', '-DCMAKE_INSTALL_PREFIX=/root/sjtu_project/install/sjtu_drone_description'], 'cwd': '/root/sjtu_project/build/sjtu_drone_description', 'env': OrderedDict([('HOSTNAME', 'LP-Boston-12214'), ('SHLVL', '1'), ('LD_LIBRARY_PATH', '/root/sjtu_project/install/sjtu_drone_description/lib:/usr/lib/x86_64-linux-gnu/gazebo-11/plugins:/opt/ros/humble/opt/rviz_ogre_vendor/lib:/opt/ros/humble/lib/x86_64-linux-gnu:/opt/ros/humble/lib'), ('HOME', '/root'), ('SKIP_MAP', 'true'), ('OLDPWD', '/ros2_ws'), ('GAZEBO_MASTER_URI', 'http://localhost:11345'), ('ROS_PYTHON_VERSION', '3'), ('COLCON_PREFIX_PATH', '/root/sjtu_project/install'), ('ROS_DISTRO', 'humble'), ('_', '/usr/bin/colcon'), ('ROS_VERSION', '2'), ('TERM', 'xterm'), ('GAZEBO_MODEL_PATH', '/usr/share/gazebo-11/models:/root/sjtu_project/aws-robomaker-hospital-world/models:/root/sjtu_project/sjtu_drone/sjtu_drone_description:/root/sjtu_project/sjtu_drone/models'), ('ROS_LOCALHOST_ONLY', '0'), ('QT_X11_NO_MITSHM', '1'), ('PATH', '/opt/ros/humble/bin:/usr/local/sbin:/usr/local/bin:/usr/sbin:/usr/bin:/sbin:/bin'), ('GAZEBO_VERBOSE', '1'), ('DISPLAY', ':1'), ('LANG', 'C.UTF-8'), ('RMW_IMPLEMENTATION', 'rmw_fastrtps_cpp'), ('XAUTHORITY', '/home/shirb/.Xauthority'), ('AMENT_PREFIX_PATH', '/root/sjtu_project/install/sjtu_drone_description:/root/sjtu_project/install/sjtu_drone_control:/root/sjtu_project/install/sjtu_drone_bringup:/opt/ros/humble'), ('ALSA_CARD', '0'), ('GAZEBO_RESOURCE_PATH', '/usr/share/gazebo-11:/root/sjtu_project/aws-robomaker-hospital-world/worlds:/root/sjtu_project/aws-robomaker-hospital-world'), ('GAZEBO_MODEL_DATABASE_URI', ''), ('GAZEBO_AUDIO_DEVICE', 'null'), ('PWD', '/root/sjtu_project/build/sjtu_drone_description'), ('LC_ALL', 'C.UTF-8'), ('GAZEBO_PLUGIN_PATH', '/usr/lib/x86_64-linux-gnu/gazebo-11/plugins:'), ('PYTHONPATH', '/root/sjtu_project/install/sjtu_drone_control/lib/python3.10/site-packages:/root/sjtu_project/install/sjtu_drone_bringup/lib/python3.10/site-packages:/opt/ros/humble/lib/python3.10/site-packages:/opt/ros/humble/local/lib/python3.10/dist-packages'), ('NVIDIA_VISIBLE_DEVICES', 'all'), ('COLCON', '1'), ('CMAKE_PREFIX_PATH', '/root/sjtu_project/install/sjtu_drone_description:/root/sjtu_project/install/sjtu_drone_control:/root/sjtu_project/install/sjtu_drone_bringup:/opt/ros/humble')]), 'shell': False}
[0.500218] (-) TimerEvent: {}
[0.548705] (sjtu_drone_description) StdoutLine: {'line': b'-- The C compiler identification is GNU 11.4.0\n'}
[0.600320] (-) TimerEvent: {}
[0.662565] (sjtu_drone_description) StdoutLine: {'line': b'-- The CXX compiler identification is GNU 11.4.0\n'}
[0.670206] (sjtu_drone_description) StdoutLine: {'line': b'-- Detecting C compiler ABI info\n'}
[0.700432] (-) TimerEvent: {}
[0.785465] (sjtu_drone_bringup) Command: {'cmd': ['/usr/bin/python3', '-W', 'ignore:setup.py install is deprecated', '-W', 'ignore:easy_install command is deprecated', 'setup.py', 'egg_info', '--egg-base', '../../build/sjtu_drone_bringup', 'build', '--build-base', '/root/sjtu_project/build/sjtu_drone_bringup/build', 'install', '--record', '/root/sjtu_project/build/sjtu_drone_bringup/install.log', '--single-version-externally-managed', 'install_data'], 'cwd': '/root/sjtu_project/sjtu_drone/sjtu_drone_bringup', 'env': {'HOSTNAME': 'LP-Boston-12214', 'SHLVL': '1', 'LD_LIBRARY_PATH': '/root/sjtu_project/install/sjtu_drone_description/lib:/usr/lib/x86_64-linux-gnu/gazebo-11/plugins:/opt/ros/humble/opt/rviz_ogre_vendor/lib:/opt/ros/humble/lib/x86_64-linux-gnu:/opt/ros/humble/lib', 'HOME': '/root', 'SKIP_MAP': 'true', 'OLDPWD': '/ros2_ws', 'GAZEBO_MASTER_URI': 'http://localhost:11345', 'ROS_PYTHON_VERSION': '3', 'COLCON_PREFIX_PATH': '/root/sjtu_project/install', 'ROS_DISTRO': 'humble', '_': '/usr/bin/colcon', 'ROS_VERSION': '2', 'TERM': 'xterm', 'GAZEBO_MODEL_PATH': '/usr/share/gazebo-11/models:/root/sjtu_project/aws-robomaker-hospital-world/models:/root/sjtu_project/sjtu_drone/sjtu_drone_description:/root/sjtu_project/sjtu_drone/models', 'ROS_LOCALHOST_ONLY': '0', 'QT_X11_NO_MITSHM': '1', 'PATH': '/opt/ros/humble/bin:/usr/local/sbin:/usr/local/bin:/usr/sbin:/usr/bin:/sbin:/bin', 'GAZEBO_VERBOSE': '1', 'DISPLAY': ':1', 'LANG': 'C.UTF-8', 'RMW_IMPLEMENTATION': 'rmw_fastrtps_cpp', 'XAUTHORITY': '/home/shirb/.Xauthority', 'AMENT_PREFIX_PATH': '/root/sjtu_project/install/sjtu_drone_description:/root/sjtu_project/install/sjtu_drone_control:/root/sjtu_project/install/sjtu_drone_bringup:/opt/ros/humble', 'ALSA_CARD': '0', 'GAZEBO_RESOURCE_PATH': '/usr/share/gazebo-11:/root/sjtu_project/aws-robomaker-hospital-world/worlds:/root/sjtu_project/aws-robomaker-hospital-world', 'GAZEBO_MODEL_DATABASE_URI': '', 'GAZEBO_AUDIO_DEVICE': 'null', 'PWD': '/root/sjtu_project/build/sjtu_drone_bringup', 'LC_ALL': 'C.UTF-8', 'GAZEBO_PLUGIN_PATH': '/usr/lib/x86_64-linux-gnu/gazebo-11/plugins:', 'PYTHONPATH': '/root/sjtu_project/build/sjtu_drone_bringup/prefix_override:/usr/lib/python3/dist-packages/colcon_core/task/python/colcon_distutils_commands:/root/sjtu_project/install/sjtu_drone_bringup/lib/python3.10/site-packages:/root/sjtu_project/install/sjtu_drone_control/lib/python3.10/site-packages:/root/sjtu_project/install/sjtu_drone_bringup/lib/python3.10/site-packages:/opt/ros/humble/lib/python3.10/site-packages:/opt/ros/humble/local/lib/python3.10/dist-packages', 'NVIDIA_VISIBLE_DEVICES': 'all', 'COLCON': '1', 'CMAKE_PREFIX_PATH': '/root/sjtu_project/install/sjtu_drone_description'}, 'shell': False}
[0.788224] (sjtu_drone_description) StdoutLine: {'line': b'-- Detecting C compiler ABI info - done\n'}
[0.789249] (sjtu_drone_control) Command: {'cmd': ['/usr/bin/python3', '-W', 'ignore:setup.py install is deprecated', '-W', 'ignore:easy_install command is deprecated', 'setup.py', 'egg_info', '--egg-base', '../../build/sjtu_drone_control', 'build', '--build-base', '/root/sjtu_project/build/sjtu_drone_control/build', 'install', '--record', '/root/sjtu_project/build/sjtu_drone_control/install.log', '--single-version-externally-managed', 'install_data'], 'cwd': '/root/sjtu_project/sjtu_drone/sjtu_drone_control', 'env': {'HOSTNAME': 'LP-Boston-12214', 'SHLVL': '1', 'LD_LIBRARY_PATH': '/root/sjtu_project/install/sjtu_drone_description/lib:/usr/lib/x86_64-linux-gnu/gazebo-11/plugins:/opt/ros/humble/opt/rviz_ogre_vendor/lib:/opt/ros/humble/lib/x86_64-linux-gnu:/opt/ros/humble/lib', 'HOME': '/root', 'SKIP_MAP': 'true', 'OLDPWD': '/ros2_ws', 'GAZEBO_MASTER_URI': 'http://localhost:11345', 'ROS_PYTHON_VERSION': '3', 'COLCON_PREFIX_PATH': '/root/sjtu_project/install', 'ROS_DISTRO': 'humble', '_': '/usr/bin/colcon', 'ROS_VERSION': '2', 'TERM': 'xterm', 'GAZEBO_MODEL_PATH': '/usr/share/gazebo-11/models:/root/sjtu_project/aws-robomaker-hospital-world/models:/root/sjtu_project/sjtu_drone/sjtu_drone_description:/root/sjtu_project/sjtu_drone/models', 'ROS_LOCALHOST_ONLY': '0', 'QT_X11_NO_MITSHM': '1', 'PATH': '/opt/ros/humble/bin:/usr/local/sbin:/usr/local/bin:/usr/sbin:/usr/bin:/sbin:/bin', 'GAZEBO_VERBOSE': '1', 'DISPLAY': ':1', 'LANG': 'C.UTF-8', 'RMW_IMPLEMENTATION': 'rmw_fastrtps_cpp', 'XAUTHORITY': '/home/shirb/.Xauthority', 'AMENT_PREFIX_PATH': '/root/sjtu_project/install/sjtu_drone_description:/root/sjtu_project/install/sjtu_drone_control:/root/sjtu_project/install/sjtu_drone_bringup:/opt/ros/humble', 'ALSA_CARD': '0', 'GAZEBO_RESOURCE_PATH': '/usr/share/gazebo-11:/root/sjtu_project/aws-robomaker-hospital-world/worlds:/root/sjtu_project/aws-robomaker-hospital-world', 'GAZEBO_MODEL_DATABASE_URI': '', 'GAZEBO_AUDIO_DEVICE': 'null', 'PWD': '/root/sjtu_project/build/sjtu_drone_control', 'LC_ALL': 'C.UTF-8', 'GAZEBO_PLUGIN_PATH': '/usr/lib/x86_64-linux-gnu/gazebo-11/plugins:', 'PYTHONPATH': '/root/sjtu_project/build/sjtu_drone_control/prefix_override:/usr/lib/python3/dist-packages/colcon_core/task/python/colcon_distutils_commands:/root/sjtu_project/install/sjtu_drone_control/lib/python3.10/site-packages:/root/sjtu_project/install/sjtu_drone_control/lib/python3.10/site-packages:/root/sjtu_project/install/sjtu_drone_bringup/lib/python3.10/site-packages:/opt/ros/humble/lib/python3.10/site-packages:/opt/ros/humble/local/lib/python3.10/dist-packages', 'NVIDIA_VISIBLE_DEVICES': 'all', 'COLCON': '1', 'CMAKE_PREFIX_PATH': '/root/sjtu_project/install/sjtu_drone_description'}, 'shell': False}
[0.795343] (sjtu_drone_description) StdoutLine: {'line': b'-- Check for working C compiler: /usr/bin/cc - skipped\n'}
[0.795721] (sjtu_drone_description) StdoutLine: {'line': b'-- Detecting C compile features\n'}
[0.796160] (sjtu_drone_description) StdoutLine: {'line': b'-- Detecting C compile features - done\n'}
[0.799207] (sjtu_drone_description) StdoutLine: {'line': b'-- Detecting CXX compiler ABI info\n'}
[0.800528] (-) TimerEvent: {}
[0.887395] (sjtu_drone_description) StdoutLine: {'line': b'-- Detecting CXX compiler ABI info - done\n'}
[0.898772] (sjtu_drone_description) StdoutLine: {'line': b'-- Check for working CXX compiler: /usr/bin/c++ - skipped\n'}
[0.899036] (sjtu_drone_description) StdoutLine: {'line': b'-- Detecting CXX compile features\n'}
[0.899778] (sjtu_drone_description) StdoutLine: {'line': b'-- Detecting CXX compile features - done\n'}
[0.900579] (-) TimerEvent: {}
[0.908697] (sjtu_drone_description) StdoutLine: {'line': b'-- Found PkgConfig: /usr/bin/pkg-config (found version "0.29.2") \n'}
[0.909493] (sjtu_drone_description) StdoutLine: {'line': b"-- Checking for module 'OGRE'\n"}
[0.923378] (sjtu_drone_description) StdoutLine: {'line': b'--   Found OGRE, version 1.9.0\n'}
[0.956867] (sjtu_drone_description) StdoutLine: {'line': b"-- Checking for module 'OGRE-Terrain'\n"}
[0.970079] (sjtu_drone_description) StdoutLine: {'line': b'--   Found OGRE-Terrain, version 1.9.0\n'}
[0.988333] (sjtu_drone_bringup) StdoutLine: {'line': b'running egg_info\n'}
[0.989123] (sjtu_drone_bringup) StdoutLine: {'line': b'creating ../../build/sjtu_drone_bringup/sjtu_drone_bringup.egg-info\n'}
[0.989322] (sjtu_drone_bringup) StdoutLine: {'line': b'writing ../../build/sjtu_drone_bringup/sjtu_drone_bringup.egg-info/PKG-INFO\n'}
[0.989563] (sjtu_drone_bringup) StdoutLine: {'line': b'writing dependency_links to ../../build/sjtu_drone_bringup/sjtu_drone_bringup.egg-info/dependency_links.txt\n'}
[0.989753] (sjtu_drone_bringup) StdoutLine: {'line': b'writing entry points to ../../build/sjtu_drone_bringup/sjtu_drone_bringup.egg-info/entry_points.txt\n'}
[0.989962] (sjtu_drone_bringup) StdoutLine: {'line': b'writing requirements to ../../build/sjtu_drone_bringup/sjtu_drone_bringup.egg-info/requires.txt\n'}
[0.990051] (sjtu_drone_bringup) StdoutLine: {'line': b'writing top-level names to ../../build/sjtu_drone_bringup/sjtu_drone_bringup.egg-info/top_level.txt\n'}
[0.990202] (sjtu_drone_bringup) StdoutLine: {'line': b"writing manifest file '../../build/sjtu_drone_bringup/sjtu_drone_bringup.egg-info/SOURCES.txt'\n"}
[0.992154] (sjtu_drone_bringup) StdoutLine: {'line': b"reading manifest file '../../build/sjtu_drone_bringup/sjtu_drone_bringup.egg-info/SOURCES.txt'\n"}
[0.993022] (sjtu_drone_bringup) StdoutLine: {'line': b"writing manifest file '../../build/sjtu_drone_bringup/sjtu_drone_bringup.egg-info/SOURCES.txt'\n"}
[0.993234] (sjtu_drone_bringup) StdoutLine: {'line': b'running build\n'}
[0.993463] (sjtu_drone_bringup) StdoutLine: {'line': b'running build_py\n'}
[0.993632] (sjtu_drone_bringup) StdoutLine: {'line': b'creating /root/sjtu_project/build/sjtu_drone_bringup/build\n'}
[0.993784] (sjtu_drone_bringup) StdoutLine: {'line': b'creating /root/sjtu_project/build/sjtu_drone_bringup/build/lib\n'}
[0.993912] (sjtu_drone_bringup) StdoutLine: {'line': b'creating /root/sjtu_project/build/sjtu_drone_bringup/build/lib/sjtu_drone_bringup\n'}
[0.994037] (sjtu_drone_bringup) StdoutLine: {'line': b'copying sjtu_drone_bringup/__init__.py -> /root/sjtu_project/build/sjtu_drone_bringup/build/lib/sjtu_drone_bringup\n'}
[0.994184] (sjtu_drone_bringup) StdoutLine: {'line': b'copying sjtu_drone_bringup/spawn_drone.py -> /root/sjtu_project/build/sjtu_drone_bringup/build/lib/sjtu_drone_bringup\n'}
[0.994307] (sjtu_drone_bringup) StdoutLine: {'line': b'running install\n'}
[0.994577] (sjtu_drone_bringup) StdoutLine: {'line': b'running install_lib\n'}
[0.995244] (sjtu_drone_control) StdoutLine: {'line': b'running egg_info\n'}
[0.995520] (sjtu_drone_bringup) StdoutLine: {'line': b'creating /root/sjtu_project/install/sjtu_drone_bringup/lib/python3.10/site-packages/sjtu_drone_bringup\n'}
[0.995730] (sjtu_drone_bringup) StdoutLine: {'line': b'copying /root/sjtu_project/build/sjtu_drone_bringup/build/lib/sjtu_drone_bringup/__init__.py -> /root/sjtu_project/install/sjtu_drone_bringup/lib/python3.10/site-packages/sjtu_drone_bringup\n'}
[0.995883] (sjtu_drone_bringup) StdoutLine: {'line': b'copying /root/sjtu_project/build/sjtu_drone_bringup/build/lib/sjtu_drone_bringup/spawn_drone.py -> /root/sjtu_project/install/sjtu_drone_bringup/lib/python3.10/site-packages/sjtu_drone_bringup\n'}
[0.996021] (sjtu_drone_control) StdoutLine: {'line': b'creating ../../build/sjtu_drone_control/sjtu_drone_control.egg-info\n'}
[0.996238] (sjtu_drone_control) StdoutLine: {'line': b'writing ../../build/sjtu_drone_control/sjtu_drone_control.egg-info/PKG-INFO\n'}
[0.996434] (sjtu_drone_control) StdoutLine: {'line': b'writing dependency_links to ../../build/sjtu_drone_control/sjtu_drone_control.egg-info/dependency_links.txt\n'}
[0.996813] (sjtu_drone_bringup) StdoutLine: {'line': b'byte-compiling /root/sjtu_project/install/sjtu_drone_bringup/lib/python3.10/site-packages/sjtu_drone_bringup/__init__.py to __init__.cpython-310.pyc\n'}
[0.996921] (sjtu_drone_control) StdoutLine: {'line': b'writing entry points to ../../build/sjtu_drone_control/sjtu_drone_control.egg-info/entry_points.txt\n'}
[0.996993] (sjtu_drone_control) StdoutLine: {'line': b'writing requirements to ../../build/sjtu_drone_control/sjtu_drone_control.egg-info/requires.txt\n'}
[0.997061] (sjtu_drone_control) StdoutLine: {'line': b'writing top-level names to ../../build/sjtu_drone_control/sjtu_drone_control.egg-info/top_level.txt\n'}
[0.997126] (sjtu_drone_bringup) StdoutLine: {'line': b'byte-compiling /root/sjtu_project/install/sjtu_drone_bringup/lib/python3.10/site-packages/sjtu_drone_bringup/spawn_drone.py to spawn_drone.cpython-310.pyc\n'}
[0.997193] (sjtu_drone_control) StdoutLine: {'line': b"writing manifest file '../../build/sjtu_drone_control/sjtu_drone_control.egg-info/SOURCES.txt'\n"}
[0.997351] (sjtu_drone_bringup) StdoutLine: {'line': b'running install_data\n'}
[0.997497] (sjtu_drone_bringup) StdoutLine: {'line': b'creating /root/sjtu_project/install/sjtu_drone_bringup/share/ament_index\n'}
[0.997711] (sjtu_drone_bringup) StdoutLine: {'line': b'creating /root/sjtu_project/install/sjtu_drone_bringup/share/ament_index/resource_index\n'}
[0.997831] (sjtu_drone_bringup) StdoutLine: {'line': b'creating /root/sjtu_project/install/sjtu_drone_bringup/share/ament_index/resource_index/packages\n'}
[0.997969] (sjtu_drone_bringup) StdoutLine: {'line': b'copying resource/sjtu_drone_bringup -> /root/sjtu_project/install/sjtu_drone_bringup/share/ament_index/resource_index/packages\n'}
[0.998103] (sjtu_drone_bringup) StdoutLine: {'line': b'copying package.xml -> /root/sjtu_project/install/sjtu_drone_bringup/share/sjtu_drone_bringup\n'}
[0.998234] (sjtu_drone_bringup) StdoutLine: {'line': b'creating /root/sjtu_project/install/sjtu_drone_bringup/share/sjtu_drone_bringup/launch\n'}
[0.998381] (sjtu_drone_bringup) StdoutLine: {'line': b'copying launch/sjtu_drone_bringup.launch.py -> /root/sjtu_project/install/sjtu_drone_bringup/share/sjtu_drone_bringup/launch\n'}
[0.998529] (sjtu_drone_control) StdoutLine: {'line': b"reading manifest file '../../build/sjtu_drone_control/sjtu_drone_control.egg-info/SOURCES.txt'\n"}
[0.998608] (sjtu_drone_bringup) StdoutLine: {'line': b'copying launch/sjtu_drone_gazebo.launch.py -> /root/sjtu_project/install/sjtu_drone_bringup/share/sjtu_drone_bringup/launch\n'}
[0.999013] (sjtu_drone_bringup) StdoutLine: {'line': b'creating /root/sjtu_project/install/sjtu_drone_bringup/share/sjtu_drone_bringup/rviz\n'}
[0.999170] (sjtu_drone_bringup) StdoutLine: {'line': b'copying rviz/rviz.rviz -> /root/sjtu_project/install/sjtu_drone_bringup/share/sjtu_drone_bringup/rviz\n'}
[0.999344] (sjtu_drone_control) StdoutLine: {'line': b"writing manifest file '../../build/sjtu_drone_control/sjtu_drone_control.egg-info/SOURCES.txt'\n"}
[0.999489] (sjtu_drone_control) StdoutLine: {'line': b'running build\n'}
[0.999639] (sjtu_drone_control) StdoutLine: {'line': b'running build_py\n'}
[0.999792] (sjtu_drone_bringup) StdoutLine: {'line': b'creating /root/sjtu_project/install/sjtu_drone_bringup/share/sjtu_drone_bringup/config\n'}
[1.000001] (sjtu_drone_bringup) StdoutLine: {'line': b'copying config/drone.yaml -> /root/sjtu_project/install/sjtu_drone_bringup/share/sjtu_drone_bringup/config\n'}
[1.000112] (sjtu_drone_control) StdoutLine: {'line': b'creating /root/sjtu_project/build/sjtu_drone_control/build\n'}
[1.000249] (sjtu_drone_control) StdoutLine: {'line': b'creating /root/sjtu_project/build/sjtu_drone_control/build/lib\n'}
[1.000387] (sjtu_drone_control) StdoutLine: {'line': b'creating /root/sjtu_project/build/sjtu_drone_control/build/lib/sjtu_drone_control\n'}
[1.000511] (sjtu_drone_control) StdoutLine: {'line': b'copying sjtu_drone_control/open_loop_control.py -> /root/sjtu_project/build/sjtu_drone_control/build/lib/sjtu_drone_control\n'}
[1.000621] (-) TimerEvent: {}
[1.000783] (sjtu_drone_bringup) StdoutLine: {'line': b'running install_egg_info\n'}
[1.000919] (sjtu_drone_control) StdoutLine: {'line': b'copying sjtu_drone_control/__init__.py -> /root/sjtu_project/build/sjtu_drone_control/build/lib/sjtu_drone_control\n'}
[1.001035] (sjtu_drone_control) StdoutLine: {'line': b'copying sjtu_drone_control/drone_position_control.py -> /root/sjtu_project/build/sjtu_drone_control/build/lib/sjtu_drone_control\n'}
[1.001152] (sjtu_drone_control) StdoutLine: {'line': b'copying sjtu_drone_control/teleop.py -> /root/sjtu_project/build/sjtu_drone_control/build/lib/sjtu_drone_control\n'}
[1.001345] (sjtu_drone_control) StdoutLine: {'line': b'copying sjtu_drone_control/teleop_joystick.py -> /root/sjtu_project/build/sjtu_drone_control/build/lib/sjtu_drone_control\n'}
[1.001645] (sjtu_drone_control) StdoutLine: {'line': b'running install\n'}
[1.001985] (sjtu_drone_control) StdoutLine: {'line': b'running install_lib\n'}
[1.002652] (sjtu_drone_control) StdoutLine: {'line': b'creating /root/sjtu_project/install/sjtu_drone_control/lib/python3.10/site-packages/sjtu_drone_control\n'}
[1.002818] (sjtu_drone_control) StdoutLine: {'line': b'copying /root/sjtu_project/build/sjtu_drone_control/build/lib/sjtu_drone_control/open_loop_control.py -> /root/sjtu_project/install/sjtu_drone_control/lib/python3.10/site-packages/sjtu_drone_control\n'}
[1.002976] (sjtu_drone_control) StdoutLine: {'line': b'copying /root/sjtu_project/build/sjtu_drone_control/build/lib/sjtu_drone_control/__init__.py -> /root/sjtu_project/install/sjtu_drone_control/lib/python3.10/site-packages/sjtu_drone_control\n'}
[1.003128] (sjtu_drone_control) StdoutLine: {'line': b'copying /root/sjtu_project/build/sjtu_drone_control/build/lib/sjtu_drone_control/drone_position_control.py -> /root/sjtu_project/install/sjtu_drone_control/lib/python3.10/site-packages/sjtu_drone_control\n'}
[1.003280] (sjtu_drone_control) StdoutLine: {'line': b'copying /root/sjtu_project/build/sjtu_drone_control/build/lib/sjtu_drone_control/teleop.py -> /root/sjtu_project/install/sjtu_drone_control/lib/python3.10/site-packages/sjtu_drone_control\n'}
[1.003432] (sjtu_drone_control) StdoutLine: {'line': b'copying /root/sjtu_project/build/sjtu_drone_control/build/lib/sjtu_drone_control/teleop_joystick.py -> /root/sjtu_project/install/sjtu_drone_control/lib/python3.10/site-packages/sjtu_drone_control\n'}
[1.003578] (sjtu_drone_bringup) StdoutLine: {'line': b'Copying ../../build/sjtu_drone_bringup/sjtu_drone_bringup.egg-info to /root/sjtu_project/install/sjtu_drone_bringup/lib/python3.10/site-packages/sjtu_drone_bringup-0.0.0-py3.10.egg-info\n'}
[1.005849] (sjtu_drone_control) StdoutLine: {'line': b'byte-compiling /root/sjtu_project/install/sjtu_drone_control/lib/python3.10/site-packages/sjtu_drone_control/open_loop_control.py to open_loop_control.cpython-310.pyc\n'}
[1.006440] (sjtu_drone_bringup) StdoutLine: {'line': b'running install_scripts\n'}
[1.007758] (sjtu_drone_description) StdoutLine: {'line': b'-- Found ament_cmake: 1.3.12 (/opt/ros/humble/share/ament_cmake/cmake)\n'}
[1.008698] (sjtu_drone_control) StdoutLine: {'line': b'byte-compiling /root/sjtu_project/install/sjtu_drone_control/lib/python3.10/site-packages/sjtu_drone_control/__init__.py to __init__.cpython-310.pyc\n'}
[1.008914] (sjtu_drone_control) StdoutLine: {'line': b'byte-compiling /root/sjtu_project/install/sjtu_drone_control/lib/python3.10/site-packages/sjtu_drone_control/drone_position_control.py to drone_position_control.cpython-310.pyc\n'}
[1.009264] (sjtu_drone_control) StdoutLine: {'line': b'byte-compiling /root/sjtu_project/install/sjtu_drone_control/lib/python3.10/site-packages/sjtu_drone_control/teleop.py to teleop.cpython-310.pyc\n'}
[1.010058] (sjtu_drone_control) StdoutLine: {'line': b'byte-compiling /root/sjtu_project/install/sjtu_drone_control/lib/python3.10/site-packages/sjtu_drone_control/teleop_joystick.py to teleop_joystick.cpython-310.pyc\n'}
[1.010606] (sjtu_drone_control) StdoutLine: {'line': b'running install_data\n'}
[1.010770] (sjtu_drone_control) StdoutLine: {'line': b'creating /root/sjtu_project/install/sjtu_drone_control/share/ament_index\n'}
[1.010988] (sjtu_drone_control) StdoutLine: {'line': b'creating /root/sjtu_project/install/sjtu_drone_control/share/ament_index/resource_index\n'}
[1.011145] (sjtu_drone_control) StdoutLine: {'line': b'creating /root/sjtu_project/install/sjtu_drone_control/share/ament_index/resource_index/packages\n'}
[1.011295] (sjtu_drone_control) StdoutLine: {'line': b'copying resource/sjtu_drone_control -> /root/sjtu_project/install/sjtu_drone_control/share/ament_index/resource_index/packages\n'}
[1.011417] (sjtu_drone_control) StdoutLine: {'line': b'copying package.xml -> /root/sjtu_project/install/sjtu_drone_control/share/sjtu_drone_control\n'}
[1.011562] (sjtu_drone_control) StdoutLine: {'line': b'running install_egg_info\n'}
[1.012951] (sjtu_drone_control) StdoutLine: {'line': b'Copying ../../build/sjtu_drone_control/sjtu_drone_control.egg-info to /root/sjtu_project/install/sjtu_drone_control/lib/python3.10/site-packages/sjtu_drone_control-0.0.0-py3.10.egg-info\n'}
[1.014033] (sjtu_drone_control) StdoutLine: {'line': b'running install_scripts\n'}
[1.033985] (sjtu_drone_control) StdoutLine: {'line': b'Installing drone_position_control script to /root/sjtu_project/install/sjtu_drone_control/lib/sjtu_drone_control\n'}
[1.034359] (sjtu_drone_control) StdoutLine: {'line': b'Installing open_loop_control script to /root/sjtu_project/install/sjtu_drone_control/lib/sjtu_drone_control\n'}
[1.034554] (sjtu_drone_control) StdoutLine: {'line': b'Installing teleop script to /root/sjtu_project/install/sjtu_drone_control/lib/sjtu_drone_control\n'}
[1.034687] (sjtu_drone_control) StdoutLine: {'line': b'Installing teleop_joystick script to /root/sjtu_project/install/sjtu_drone_control/lib/sjtu_drone_control\n'}
[1.034858] (sjtu_drone_control) StdoutLine: {'line': b"writing list of installed files to '/root/sjtu_project/build/sjtu_drone_control/install.log'\n"}
[1.038518] (sjtu_drone_bringup) StdoutLine: {'line': b'Installing spawn_drone script to /root/sjtu_project/install/sjtu_drone_bringup/lib/sjtu_drone_bringup\n'}
[1.038977] (sjtu_drone_bringup) StdoutLine: {'line': b"writing list of installed files to '/root/sjtu_project/build/sjtu_drone_bringup/install.log'\n"}
[1.058724] (sjtu_drone_control) CommandEnded: {'returncode': 0}
[1.072720] (sjtu_drone_control) JobEnded: {'identifier': 'sjtu_drone_control', 'rc': 0}
[1.074345] (sjtu_drone_bringup) CommandEnded: {'returncode': 0}
[1.080812] (sjtu_drone_bringup) JobEnded: {'identifier': 'sjtu_drone_bringup', 'rc': 0}
[1.100721] (-) TimerEvent: {}
[1.155104] (sjtu_drone_description) StdoutLine: {'line': b'-- Found Python3: /usr/bin/python3 (found version "3.10.12") found components: Interpreter \n'}
[1.200818] (-) TimerEvent: {}
[1.245782] (sjtu_drone_description) StdoutLine: {'line': b'-- Found ament_cmake_ros: 0.10.0 (/opt/ros/humble/share/ament_cmake_ros/cmake)\n'}
[1.257852] (sjtu_drone_description) StdoutLine: {'line': b'-- Found rclcpp: 16.0.15 (/opt/ros/humble/share/rclcpp/cmake)\n'}
[1.294762] (sjtu_drone_description) StdoutLine: {'line': b'-- Found rosidl_generator_c: 3.1.7 (/opt/ros/humble/share/rosidl_generator_c/cmake)\n'}
[1.299747] (sjtu_drone_description) StdoutLine: {'line': b'-- Found rosidl_adapter: 3.1.7 (/opt/ros/humble/share/rosidl_adapter/cmake)\n'}
[1.300910] (-) TimerEvent: {}
[1.308571] (sjtu_drone_description) StdoutLine: {'line': b'-- Found rosidl_generator_cpp: 3.1.7 (/opt/ros/humble/share/rosidl_generator_cpp/cmake)\n'}
[1.320986] (sjtu_drone_description) StdoutLine: {'line': b'-- Using all available rosidl_typesupport_c: rosidl_typesupport_fastrtps_c;rosidl_typesupport_introspection_c\n'}
[1.337675] (sjtu_drone_description) StdoutLine: {'line': b'-- Using all available rosidl_typesupport_cpp: rosidl_typesupport_fastrtps_cpp;rosidl_typesupport_introspection_cpp\n'}
[1.382972] (sjtu_drone_description) StdoutLine: {'line': b'-- Found rmw_implementation_cmake: 6.1.2 (/opt/ros/humble/share/rmw_implementation_cmake/cmake)\n'}
[1.385680] (sjtu_drone_description) StdoutLine: {'line': b'-- Found rmw_fastrtps_cpp: 6.2.8 (/opt/ros/humble/share/rmw_fastrtps_cpp/cmake)\n'}
[1.401037] (-) TimerEvent: {}
[1.477925] (sjtu_drone_description) StdoutLine: {'line': b'-- Found OpenSSL: /usr/lib/x86_64-linux-gnu/libcrypto.so (found version "3.0.2")  \n'}
[1.501169] (-) TimerEvent: {}
[1.502738] (sjtu_drone_description) StdoutLine: {'line': b'-- Found FastRTPS: /opt/ros/humble/include  \n'}
[1.546747] (sjtu_drone_description) StdoutLine: {'line': b"-- Using RMW implementation 'rmw_fastrtps_cpp' as default\n"}
[1.554789] (sjtu_drone_description) StdoutLine: {'line': b'-- Looking for pthread.h\n'}
[1.601295] (-) TimerEvent: {}
[1.623728] (sjtu_drone_description) StdoutLine: {'line': b'-- Looking for pthread.h - found\n'}
[1.624010] (sjtu_drone_description) StdoutLine: {'line': b'-- Performing Test CMAKE_HAVE_LIBC_PTHREAD\n'}
[1.697492] (sjtu_drone_description) StdoutLine: {'line': b'-- Performing Test CMAKE_HAVE_LIBC_PTHREAD - Success\n'}
[1.698631] (sjtu_drone_description) StdoutLine: {'line': b'-- Found Threads: TRUE  \n'}
[1.701367] (-) TimerEvent: {}
[1.753928] (sjtu_drone_description) StdoutLine: {'line': b'-- Found gazebo_ros: 3.9.0 (/opt/ros/humble/share/gazebo_ros/cmake)\n'}
[1.767772] (sjtu_drone_description) StdoutLine: {'line': b"-- Checking for module 'bullet>=2.82'\n"}
[1.781144] (sjtu_drone_description) StdoutLine: {'line': b'--   Found bullet, version 3.05\n'}
[1.801475] (-) TimerEvent: {}
[1.895453] (sjtu_drone_description) StdoutLine: {'line': b'-- Found fcl: /usr/include (found suitable version "0.7.0", minimum required is "0.5.0") \n'}
[1.901554] (-) TimerEvent: {}
[1.946962] (sjtu_drone_description) StdoutLine: {'line': b'-- Found assimp: /usr/include (found version "5.2.0") \n'}
[1.972747] (sjtu_drone_description) StdoutLine: {'line': b'-- Found DART: /usr/include (Required is at least version "6.6") found components: dart \n'}
[2.001652] (-) TimerEvent: {}
[2.003197] (sjtu_drone_description) StdoutLine: {'line': b'-- Found Boost: /usr/lib/x86_64-linux-gnu/cmake/Boost-1.74.0/BoostConfig.cmake (found suitable version "1.74.0", minimum required is "1.40.0") found components: thread system filesystem program_options regex iostreams date_time \n'}
[2.030942] (sjtu_drone_description) StdoutLine: {'line': b'-- Found Protobuf: /usr/lib/x86_64-linux-gnu/libprotobuf.so (found version "3.12.4") \n'}
[2.036946] (sjtu_drone_description) StdoutLine: {'line': b'-- Looking for ignition-math6 -- found version 6.15.1\n'}
[2.046724] (sjtu_drone_description) StdoutLine: {'line': b'-- Searching for dependencies of ignition-math6\n'}
[2.048966] (sjtu_drone_description) StdoutLine: {'line': b'-- Looking for OGRE...\n'}
[2.049309] (sjtu_drone_description) StdoutLine: {'line': b'-- OGRE_PREFIX_WATCH changed.\n'}
[2.054123] (sjtu_drone_description) StdoutLine: {'line': b"-- Checking for module 'OGRE'\n"}
[2.065402] (sjtu_drone_description) StdoutLine: {'line': b'--   Found OGRE, version 1.9.0\n'}
[2.095601] (sjtu_drone_description) StdoutLine: {'line': b'-- Found Ogre Ghadamon (1.9.0)\n'}
[2.101744] (-) TimerEvent: {}
[2.109256] (sjtu_drone_description) StdoutLine: {'line': b'-- Looking for OGRE_Paging...\n'}
[2.112119] (sjtu_drone_description) StdoutLine: {'line': b'-- Found OGRE_Paging: optimized;/usr/lib/x86_64-linux-gnu/libOgrePaging.so;debug;/usr/lib/x86_64-linux-gnu/libOgrePaging.so\n'}
[2.112225] (sjtu_drone_description) StdoutLine: {'line': b'-- Looking for OGRE_Terrain...\n'}
[2.114890] (sjtu_drone_description) StdoutLine: {'line': b'-- Found OGRE_Terrain: optimized;/usr/lib/x86_64-linux-gnu/libOgreTerrain.so;debug;/usr/lib/x86_64-linux-gnu/libOgreTerrain.so\n'}
[2.114998] (sjtu_drone_description) StdoutLine: {'line': b'-- Looking for OGRE_Property...\n'}
[2.117576] (sjtu_drone_description) StdoutLine: {'line': b'-- Found OGRE_Property: optimized;/usr/lib/x86_64-linux-gnu/libOgreProperty.so;debug;/usr/lib/x86_64-linux-gnu/libOgreProperty.so\n'}
[2.117748] (sjtu_drone_description) StdoutLine: {'line': b'-- Looking for OGRE_RTShaderSystem...\n'}
[2.120336] (sjtu_drone_description) StdoutLine: {'line': b'-- Found OGRE_RTShaderSystem: optimized;/usr/lib/x86_64-linux-gnu/libOgreRTShaderSystem.so;debug;/usr/lib/x86_64-linux-gnu/libOgreRTShaderSystem.so\n'}
[2.120442] (sjtu_drone_description) StdoutLine: {'line': b'-- Looking for OGRE_Volume...\n'}
[2.123431] (sjtu_drone_description) StdoutLine: {'line': b'-- Found OGRE_Volume: optimized;/usr/lib/x86_64-linux-gnu/libOgreVolume.so;debug;/usr/lib/x86_64-linux-gnu/libOgreVolume.so\n'}
[2.123579] (sjtu_drone_description) StdoutLine: {'line': b'-- Looking for OGRE_Overlay...\n'}
[2.126415] (sjtu_drone_description) StdoutLine: {'line': b'-- Found OGRE_Overlay: optimized;/usr/lib/x86_64-linux-gnu/libOgreOverlay.so;debug;/usr/lib/x86_64-linux-gnu/libOgreOverlay.so\n'}
[2.200308] (sjtu_drone_description) StdoutLine: {'line': b'-- Looking for ignition-math6 -- found version 6.15.1\n'}
[2.201848] (-) TimerEvent: {}
[2.203401] (sjtu_drone_description) StdoutLine: {'line': b'-- Looking for ignition-transport8 -- found version 8.2.1\n'}
[2.203908] (sjtu_drone_description) StdoutLine: {'line': b'-- Searching for dependencies of ignition-transport8\n'}
[2.222270] (sjtu_drone_description) StdoutLine: {'line': b'-- Found Protobuf: /usr/lib/x86_64-linux-gnu/libprotobuf.so (found suitable version "3.12.4", minimum required is "3") \n'}
[2.234259] (sjtu_drone_description) StdoutLine: {'line': b'-- Config-file not installed for ZeroMQ -- checking for pkg-config\n'}
[2.239250] (sjtu_drone_description) StdoutLine: {'line': b"-- Checking for module 'libzmq >= 4'\n"}
[2.254118] (sjtu_drone_description) StdoutLine: {'line': b'--   Found libzmq , version 4.3.4\n'}
[2.288191] (sjtu_drone_description) StdoutLine: {'line': b'-- Found ZeroMQ: TRUE (Required is at least version "4") \n'}
[2.293934] (sjtu_drone_description) StdoutLine: {'line': b"-- Checking for module 'uuid'\n"}
[2.301951] (-) TimerEvent: {}
[2.305883] (sjtu_drone_description) StdoutLine: {'line': b'--   Found uuid, version 2.37.2\n'}
[2.336573] (sjtu_drone_description) StdoutLine: {'line': b'-- Found UUID: TRUE  \n'}
[2.339610] (sjtu_drone_description) StdoutLine: {'line': b'-- Looking for ignition-msgs5 -- found version 5.8.1\n'}
[2.340293] (sjtu_drone_description) StdoutLine: {'line': b'-- Searching for dependencies of ignition-msgs5\n'}
[2.358813] (sjtu_drone_description) StdoutLine: {'line': b'-- Looking for ignition-math6 -- found version 6.15.1\n'}
[2.364110] (sjtu_drone_description) StdoutLine: {'line': b"-- Checking for module 'tinyxml2'\n"}
[2.376423] (sjtu_drone_description) StdoutLine: {'line': b'--   Found tinyxml2, version 9.0.0\n'}
[2.402054] (-) TimerEvent: {}
[2.409753] (sjtu_drone_description) StdoutLine: {'line': b'-- Looking for ignition-msgs5 -- found version 5.8.1\n'}
[2.412274] (sjtu_drone_description) StdoutLine: {'line': b'-- Looking for ignition-common3 -- found version 3.14.0\n'}
[2.412783] (sjtu_drone_description) StdoutLine: {'line': b'-- Searching for dependencies of ignition-common3\n'}
[2.413301] (sjtu_drone_description) StdoutLine: {'line': b'-- Looking for dlfcn.h - found\n'}
[2.413754] (sjtu_drone_description) StdoutLine: {'line': b'-- Looking for libdl - found\n'}
[2.415072] (sjtu_drone_description) StdoutLine: {'line': b'-- Found DL: TRUE  \n'}
[2.426293] (sjtu_drone_description) StdoutLine: {'line': b'-- Found tinyobjloader: /usr/lib/x86_64-linux-gnu/cmake/tinyobjloader/tinyobjloader-config.cmake (found version "2.0.0") \n'}
[2.427275] (sjtu_drone_description) StdoutLine: {'line': b'-- Searching for <ignition-common3> component [graphics]\n'}
[2.429651] (sjtu_drone_description) StdoutLine: {'line': b'-- Looking for ignition-common3-graphics -- found version 3.14.0\n'}
[2.430135] (sjtu_drone_description) StdoutLine: {'line': b'-- Searching for dependencies of ignition-common3-graphics\n'}
[2.430632] (sjtu_drone_description) StdoutLine: {'line': b'-- Looking for ignition-math6 -- found version 6.15.1\n'}
[2.434358] (sjtu_drone_description) StdoutLine: {'line': b'-- Looking for ignition-fuel_tools4 -- found version 4.4.0\n'}
[2.434838] (sjtu_drone_description) StdoutLine: {'line': b'-- Searching for dependencies of ignition-fuel_tools4\n'}
[2.502176] (-) TimerEvent: {}
[2.506511] (sjtu_drone_description) StdoutLine: {'line': b'-- Found CURL: /usr/lib/x86_64-linux-gnu/libcurl.so (found version "7.81.0")  \n'}
[2.516373] (sjtu_drone_description) StdoutLine: {'line': b"-- Checking for module 'jsoncpp'\n"}
[2.528591] (sjtu_drone_description) StdoutLine: {'line': b'--   Found jsoncpp, version 1.9.5\n'}
[2.559249] (sjtu_drone_description) StdoutLine: {'line': b'-- Found JSONCPP: TRUE  \n'}
[2.565392] (sjtu_drone_description) StdoutLine: {'line': b"-- Checking for module 'libzip'\n"}
[2.577752] (sjtu_drone_description) StdoutLine: {'line': b'--   Found libzip, version 1.7.3\n'}
[2.602283] (-) TimerEvent: {}
[2.608386] (sjtu_drone_description) StdoutLine: {'line': b'-- Found ZIP: TRUE  \n'}
[2.608925] (sjtu_drone_description) StdoutLine: {'line': b'-- Looking for ignition-common3 -- found version 3.14.0\n'}
[2.609380] (sjtu_drone_description) StdoutLine: {'line': b'-- Looking for ignition-math6 -- found version 6.15.1\n'}
[2.610026] (sjtu_drone_description) StdoutLine: {'line': b'-- Looking for ignition-msgs5 -- found version 5.8.1\n'}
[2.615206] (sjtu_drone_description) StdoutLine: {'line': b'-- Gazebo version: 11.10\n'}
[2.615614] (sjtu_drone_description) StdoutLine: {'line': b"-- Checking for module 'tbb'\n"}
[2.628640] (sjtu_drone_description) StdoutLine: {'line': b'--   Found tbb, version 2021.5.0\n'}
[2.661763] (sjtu_drone_description) StdoutLine: {'line': b'-- Found gazebo_plugins: 3.9.0 (/opt/ros/humble/share/gazebo_plugins/cmake)\n'}
[2.702400] (-) TimerEvent: {}
[2.732687] (sjtu_drone_description) StdoutLine: {'line': b'-- Found sensor_msgs: 4.9.0 (/opt/ros/humble/share/sensor_msgs/cmake)\n'}
[2.751323] (sjtu_drone_description) StdoutLine: {'line': b'-- Found nav_msgs: 4.9.0 (/opt/ros/humble/share/nav_msgs/cmake)\n'}
[2.773697] (sjtu_drone_description) StdoutLine: {'line': b'-- Found tf2: 0.25.16 (/opt/ros/humble/share/tf2/cmake)\n'}
[2.786470] (sjtu_drone_description) StdoutLine: {'line': b'-- Found tf2_ros: 0.25.16 (/opt/ros/humble/share/tf2_ros/cmake)\n'}
[2.802525] (-) TimerEvent: {}
[2.887923] (sjtu_drone_description) StdoutLine: {'line': b'-- Found tf2_geometry_msgs: 0.25.16 (/opt/ros/humble/share/tf2_geometry_msgs/cmake)\n'}
[2.897819] (sjtu_drone_description) StdoutLine: {'line': b'-- Found eigen3_cmake_module: 0.1.1 (/opt/ros/humble/share/eigen3_cmake_module/cmake)\n'}
[2.899437] (sjtu_drone_description) StdoutLine: {'line': b'-- Found Eigen3: TRUE (found version "3.4.0") \n'}
[2.899659] (sjtu_drone_description) StdoutLine: {'line': b'-- Ensuring Eigen3 include directory is part of orocos-kdl CMake target\n'}
[2.902587] (-) TimerEvent: {}
[2.974228] (sjtu_drone_description) StdoutLine: {'line': b'-- Configuring done\n'}
[3.002703] (-) TimerEvent: {}
[3.082650] (sjtu_drone_description) StdoutLine: {'line': b'-- Generating done\n'}
[3.089168] (sjtu_drone_description) StdoutLine: {'line': b'-- Build files have been written to: /root/sjtu_project/build/sjtu_drone_description\n'}
[3.102137] (sjtu_drone_description) CommandEnded: {'returncode': 0}
[3.104092] (-) TimerEvent: {}
[3.104218] (sjtu_drone_description) JobProgress: {'identifier': 'sjtu_drone_description', 'progress': 'build'}
[3.104292] (sjtu_drone_description) Command: {'cmd': ['/usr/bin/cmake', '--build', '/root/sjtu_project/build/sjtu_drone_description', '--', '-j12', '-l12'], 'cwd': '/root/sjtu_project/build/sjtu_drone_description', 'env': OrderedDict([('HOSTNAME', 'LP-Boston-12214'), ('SHLVL', '1'), ('LD_LIBRARY_PATH', '/root/sjtu_project/install/sjtu_drone_description/lib:/usr/lib/x86_64-linux-gnu/gazebo-11/plugins:/opt/ros/humble/opt/rviz_ogre_vendor/lib:/opt/ros/humble/lib/x86_64-linux-gnu:/opt/ros/humble/lib'), ('HOME', '/root'), ('SKIP_MAP', 'true'), ('OLDPWD', '/ros2_ws'), ('GAZEBO_MASTER_URI', 'http://localhost:11345'), ('ROS_PYTHON_VERSION', '3'), ('COLCON_PREFIX_PATH', '/root/sjtu_project/install'), ('ROS_DISTRO', 'humble'), ('_', '/usr/bin/colcon'), ('ROS_VERSION', '2'), ('TERM', 'xterm'), ('GAZEBO_MODEL_PATH', '/usr/share/gazebo-11/models:/root/sjtu_project/aws-robomaker-hospital-world/models:/root/sjtu_project/sjtu_drone/sjtu_drone_description:/root/sjtu_project/sjtu_drone/models'), ('ROS_LOCALHOST_ONLY', '0'), ('QT_X11_NO_MITSHM', '1'), ('PATH', '/opt/ros/humble/bin:/usr/local/sbin:/usr/local/bin:/usr/sbin:/usr/bin:/sbin:/bin'), ('GAZEBO_VERBOSE', '1'), ('DISPLAY', ':1'), ('LANG', 'C.UTF-8'), ('RMW_IMPLEMENTATION', 'rmw_fastrtps_cpp'), ('XAUTHORITY', '/home/shirb/.Xauthority'), ('AMENT_PREFIX_PATH', '/root/sjtu_project/install/sjtu_drone_description:/root/sjtu_project/install/sjtu_drone_control:/root/sjtu_project/install/sjtu_drone_bringup:/opt/ros/humble'), ('ALSA_CARD', '0'), ('GAZEBO_RESOURCE_PATH', '/usr/share/gazebo-11:/root/sjtu_project/aws-robomaker-hospital-world/worlds:/root/sjtu_project/aws-robomaker-hospital-world'), ('GAZEBO_MODEL_DATABASE_URI', ''), ('GAZEBO_AUDIO_DEVICE', 'null'), ('PWD', '/root/sjtu_project/build/sjtu_drone_description'), ('LC_ALL', 'C.UTF-8'), ('GAZEBO_PLUGIN_PATH', '/usr/lib/x86_64-linux-gnu/gazebo-11/plugins:'), ('PYTHONPATH', '/root/sjtu_project/install/sjtu_drone_control/lib/python3.10/site-packages:/root/sjtu_project/install/sjtu_drone_bringup/lib/python3.10/site-packages:/opt/ros/humble/lib/python3.10/site-packages:/opt/ros/humble/local/lib/python3.10/dist-packages'), ('NVIDIA_VISIBLE_DEVICES', 'all'), ('COLCON', '1'), ('CMAKE_PREFIX_PATH', '/root/sjtu_project/install/sjtu_drone_description:/root/sjtu_project/install/sjtu_drone_control:/root/sjtu_project/install/sjtu_drone_bringup:/opt/ros/humble')]), 'shell': False}
[3.158924] (sjtu_drone_description) StdoutLine: {'line': b'[ 75%] \x1b[32mBuilding CXX object CMakeFiles/plugin_drone.dir/src/pid_controller.cpp.o\x1b[0m\n'}
[3.159217] (sjtu_drone_description) StdoutLine: {'line': b'[ 75%] \x1b[32mBuilding CXX object CMakeFiles/plugin_drone.dir/src/plugin_drone.cpp.o\x1b[0m\n'}
[3.159358] (sjtu_drone_description) StdoutLine: {'line': b'[ 75%] \x1b[32mBuilding CXX object CMakeFiles/plugin_drone.dir/src/plugin_drone_private.cpp.o\x1b[0m\n'}
[3.204203] (-) TimerEvent: {}
[3.304514] (-) TimerEvent: {}
[3.404844] (-) TimerEvent: {}
[3.505141] (-) TimerEvent: {}
[3.605490] (-) TimerEvent: {}
[3.705731] (-) TimerEvent: {}
[3.806052] (-) TimerEvent: {}
[3.906319] (-) TimerEvent: {}
[4.006683] (-) TimerEvent: {}
[4.106958] (-) TimerEvent: {}
[4.207234] (-) TimerEvent: {}
[4.307478] (-) TimerEvent: {}
[4.407717] (-) TimerEvent: {}
[4.507999] (-) TimerEvent: {}
[4.608287] (-) TimerEvent: {}
[4.708549] (-) TimerEvent: {}
[4.808839] (-) TimerEvent: {}
[4.909160] (-) TimerEvent: {}
[5.009491] (-) TimerEvent: {}
[5.109786] (-) TimerEvent: {}
[5.210142] (-) TimerEvent: {}
[5.310410] (-) TimerEvent: {}
[5.410741] (-) TimerEvent: {}
[5.510983] (-) TimerEvent: {}
[5.611290] (-) TimerEvent: {}
[5.711544] (-) TimerEvent: {}
[5.811906] (-) TimerEvent: {}
[5.912170] (-) TimerEvent: {}
[6.012482] (-) TimerEvent: {}
[6.112762] (-) TimerEvent: {}
[6.213051] (-) TimerEvent: {}
[6.313363] (-) TimerEvent: {}
[6.413690] (-) TimerEvent: {}
[6.514008] (-) TimerEvent: {}
[6.614343] (-) TimerEvent: {}
[6.714669] (-) TimerEvent: {}
[6.814956] (-) TimerEvent: {}
[6.915253] (-) TimerEvent: {}
[7.015579] (-) TimerEvent: {}
[7.115860] (-) TimerEvent: {}
[7.216136] (-) TimerEvent: {}
[7.316414] (-) TimerEvent: {}
[7.416666] (-) TimerEvent: {}
[7.516949] (-) TimerEvent: {}
[7.617226] (-) TimerEvent: {}
[7.717497] (-) TimerEvent: {}
[7.817821] (-) TimerEvent: {}
[7.918136] (-) TimerEvent: {}
[8.018429] (-) TimerEvent: {}
[8.118740] (-) TimerEvent: {}
[8.219035] (-) TimerEvent: {}
[8.319336] (-) TimerEvent: {}
[8.419642] (-) TimerEvent: {}
[8.519937] (-) TimerEvent: {}
[8.620297] (-) TimerEvent: {}
[8.720659] (-) TimerEvent: {}
[8.820963] (-) TimerEvent: {}
[8.921327] (-) TimerEvent: {}
[9.021675] (-) TimerEvent: {}
[9.121971] (-) TimerEvent: {}
[9.222252] (-) TimerEvent: {}
[9.322549] (-) TimerEvent: {}
[9.422853] (-) TimerEvent: {}
[9.523143] (-) TimerEvent: {}
[9.623441] (-) TimerEvent: {}
[9.723751] (-) TimerEvent: {}
[9.824057] (-) TimerEvent: {}
[9.924355] (-) TimerEvent: {}
[10.024651] (-) TimerEvent: {}
[10.124950] (-) TimerEvent: {}
[10.225248] (-) TimerEvent: {}
[10.325551] (-) TimerEvent: {}
[10.425839] (-) TimerEvent: {}
[10.526126] (-) TimerEvent: {}
[10.626417] (-) TimerEvent: {}
[10.726726] (-) TimerEvent: {}
[10.827028] (-) TimerEvent: {}
[10.927321] (-) TimerEvent: {}
[11.027641] (-) TimerEvent: {}
[11.127949] (-) TimerEvent: {}
[11.228250] (-) TimerEvent: {}
[11.328566] (-) TimerEvent: {}
[11.428889] (-) TimerEvent: {}
[11.529208] (-) TimerEvent: {}
[11.629512] (-) TimerEvent: {}
[11.729830] (-) TimerEvent: {}
[11.830129] (-) TimerEvent: {}
[11.930436] (-) TimerEvent: {}
[12.030737] (-) TimerEvent: {}
[12.131013] (-) TimerEvent: {}
[12.231291] (-) TimerEvent: {}
[12.331585] (-) TimerEvent: {}
[12.431865] (-) TimerEvent: {}
[12.532149] (-) TimerEvent: {}
[12.632445] (-) TimerEvent: {}
[12.732784] (-) TimerEvent: {}
[12.833080] (-) TimerEvent: {}
[12.933434] (-) TimerEvent: {}
[13.033771] (-) TimerEvent: {}
[13.134076] (-) TimerEvent: {}
[13.234345] (-) TimerEvent: {}
[13.334622] (-) TimerEvent: {}
[13.434895] (-) TimerEvent: {}
[13.535144] (-) TimerEvent: {}
[13.635450] (-) TimerEvent: {}
[13.735697] (-) TimerEvent: {}
[13.835967] (-) TimerEvent: {}
[13.936238] (-) TimerEvent: {}
[14.036585] (-) TimerEvent: {}
[14.136908] (-) TimerEvent: {}
[14.237176] (-) TimerEvent: {}
[14.337448] (-) TimerEvent: {}
[14.437725] (-) TimerEvent: {}
[14.537996] (-) TimerEvent: {}
[14.638273] (-) TimerEvent: {}
[14.738555] (-) TimerEvent: {}
[14.838834] (-) TimerEvent: {}
[14.939109] (-) TimerEvent: {}
[15.039385] (-) TimerEvent: {}
[15.139663] (-) TimerEvent: {}
[15.239930] (-) TimerEvent: {}
[15.340196] (-) TimerEvent: {}
[15.440469] (-) TimerEvent: {}
[15.540742] (-) TimerEvent: {}
[15.640989] (-) TimerEvent: {}
[15.741304] (-) TimerEvent: {}
[15.841621] (-) TimerEvent: {}
[15.941903] (-) TimerEvent: {}
[16.042170] (-) TimerEvent: {}
[16.142510] (-) TimerEvent: {}
[16.242790] (-) TimerEvent: {}
[16.343062] (-) TimerEvent: {}
[16.443332] (-) TimerEvent: {}
[16.543648] (-) TimerEvent: {}
[16.643933] (-) TimerEvent: {}
[16.744183] (-) TimerEvent: {}
[16.844511] (-) TimerEvent: {}
[16.944796] (-) TimerEvent: {}
[17.045056] (-) TimerEvent: {}
[17.145318] (-) TimerEvent: {}
[17.245564] (-) TimerEvent: {}
[17.345822] (-) TimerEvent: {}
[17.446088] (-) TimerEvent: {}
[17.546355] (-) TimerEvent: {}
[17.646599] (-) TimerEvent: {}
[17.746858] (-) TimerEvent: {}
[17.847271] (-) TimerEvent: {}
[17.947555] (-) TimerEvent: {}
[18.047814] (-) TimerEvent: {}
[18.148044] (-) TimerEvent: {}
[18.248300] (-) TimerEvent: {}
[18.348612] (-) TimerEvent: {}
[18.448931] (-) TimerEvent: {}
[18.549281] (-) TimerEvent: {}
[18.649585] (-) TimerEvent: {}
[18.749873] (-) TimerEvent: {}
[18.850229] (-) TimerEvent: {}
[18.950560] (-) TimerEvent: {}
[19.050891] (-) TimerEvent: {}
[19.151149] (-) TimerEvent: {}
[19.251497] (-) TimerEvent: {}
[19.351848] (-) TimerEvent: {}
[19.452211] (-) TimerEvent: {}
[19.552535] (-) TimerEvent: {}
[19.652872] (-) TimerEvent: {}
[19.753180] (-) TimerEvent: {}
[19.853452] (-) TimerEvent: {}
[19.953732] (-) TimerEvent: {}
[20.054022] (-) TimerEvent: {}
[20.154364] (-) TimerEvent: {}
[20.254713] (-) TimerEvent: {}
[20.355055] (-) TimerEvent: {}
[20.455390] (-) TimerEvent: {}
[20.555767] (-) TimerEvent: {}
[20.656111] (-) TimerEvent: {}
[20.756487] (-) TimerEvent: {}
[20.856813] (-) TimerEvent: {}
[20.957143] (-) TimerEvent: {}
[21.057474] (-) TimerEvent: {}
[21.157708] (-) TimerEvent: {}
[21.258028] (-) TimerEvent: {}
[21.358353] (-) TimerEvent: {}
[21.458715] (-) TimerEvent: {}
[21.559002] (-) TimerEvent: {}
[21.659351] (-) TimerEvent: {}
[21.759661] (-) TimerEvent: {}
[21.859917] (-) TimerEvent: {}
[21.960208] (-) TimerEvent: {}
[22.060545] (-) TimerEvent: {}
[22.160809] (-) TimerEvent: {}
[22.261103] (-) TimerEvent: {}
[22.361415] (-) TimerEvent: {}
[22.461690] (-) TimerEvent: {}
[22.562004] (-) TimerEvent: {}
[22.662312] (-) TimerEvent: {}
[22.762585] (-) TimerEvent: {}
[22.862877] (-) TimerEvent: {}
[22.963190] (-) TimerEvent: {}
[23.063516] (-) TimerEvent: {}
[23.163845] (-) TimerEvent: {}
[23.264097] (-) TimerEvent: {}
[23.364427] (-) TimerEvent: {}
[23.464762] (-) TimerEvent: {}
[23.565094] (-) TimerEvent: {}
[23.665401] (-) TimerEvent: {}
[23.765789] (-) TimerEvent: {}
[23.866107] (-) TimerEvent: {}
[23.966357] (-) TimerEvent: {}
[24.066641] (-) TimerEvent: {}
[24.166993] (-) TimerEvent: {}
[24.267323] (-) TimerEvent: {}
[24.367640] (-) TimerEvent: {}
[24.467970] (-) TimerEvent: {}
[24.568306] (-) TimerEvent: {}
[24.668567] (-) TimerEvent: {}
[24.768896] (-) TimerEvent: {}
[24.869225] (-) TimerEvent: {}
[24.969524] (-) TimerEvent: {}
[25.069854] (-) TimerEvent: {}
[25.170194] (-) TimerEvent: {}
[25.270452] (-) TimerEvent: {}
[25.370833] (-) TimerEvent: {}
[25.471165] (-) TimerEvent: {}
[25.571494] (-) TimerEvent: {}
[25.671814] (-) TimerEvent: {}
[25.772152] (-) TimerEvent: {}
[25.872426] (-) TimerEvent: {}
[25.972705] (-) TimerEvent: {}
[26.072961] (-) TimerEvent: {}
[26.173260] (-) TimerEvent: {}
[26.273644] (-) TimerEvent: {}
[26.374015] (-) TimerEvent: {}
[26.474233] (-) TimerEvent: {}
[26.574570] (-) TimerEvent: {}
[26.674871] (-) TimerEvent: {}
[26.775159] (-) TimerEvent: {}
[26.875376] (-) TimerEvent: {}
[26.975629] (-) TimerEvent: {}
[27.075872] (-) TimerEvent: {}
[27.176213] (-) TimerEvent: {}
[27.276510] (-) TimerEvent: {}
[27.376825] (-) TimerEvent: {}
[27.477076] (-) TimerEvent: {}
[27.577386] (-) TimerEvent: {}
[27.677751] (-) TimerEvent: {}
[27.778093] (-) TimerEvent: {}
[27.878346] (-) TimerEvent: {}
[27.978571] (-) TimerEvent: {}
[28.078876] (-) TimerEvent: {}
[28.179187] (-) TimerEvent: {}
[28.279495] (-) TimerEvent: {}
[28.379815] (-) TimerEvent: {}
[28.480130] (-) TimerEvent: {}
[28.580483] (-) TimerEvent: {}
[28.680753] (-) TimerEvent: {}
[28.781022] (-) TimerEvent: {}
[28.881291] (-) TimerEvent: {}
[28.981561] (-) TimerEvent: {}
[29.081821] (-) TimerEvent: {}
[29.182088] (-) TimerEvent: {}
[29.282354] (-) TimerEvent: {}
[29.382603] (-) TimerEvent: {}
[29.482879] (-) TimerEvent: {}
[29.583192] (-) TimerEvent: {}
[29.683555] (-) TimerEvent: {}
[29.783917] (-) TimerEvent: {}
[29.884202] (-) TimerEvent: {}
[29.956974] (sjtu_drone_description) StdoutLine: {'line': b'[100%] \x1b[32m\x1b[1mLinking CXX shared library /root/sjtu_project/sjtu_drone/sjtu_drone_description/plugins/libplugin_drone.so\x1b[0m\n'}
[29.984330] (-) TimerEvent: {}
[30.084597] (-) TimerEvent: {}
[30.184866] (-) TimerEvent: {}
[30.285189] (-) TimerEvent: {}
[30.385490] (-) TimerEvent: {}
[30.485789] (-) TimerEvent: {}
[30.586086] (-) TimerEvent: {}
[30.686379] (-) TimerEvent: {}
[30.786649] (-) TimerEvent: {}
[30.886935] (-) TimerEvent: {}
[30.987276] (-) TimerEvent: {}
[31.087629] (-) TimerEvent: {}
[31.187934] (-) TimerEvent: {}
[31.288199] (-) TimerEvent: {}
[31.388477] (-) TimerEvent: {}
[31.488749] (-) TimerEvent: {}
[31.589018] (-) TimerEvent: {}
[31.689252] (-) TimerEvent: {}
[31.782274] (sjtu_drone_description) StdoutLine: {'line': b'[100%] Built target plugin_drone\n'}
[31.789365] (-) TimerEvent: {}
[31.793833] (sjtu_drone_description) CommandEnded: {'returncode': 0}
[31.794464] (sjtu_drone_description) JobProgress: {'identifier': 'sjtu_drone_description', 'progress': 'install'}
[31.803791] (sjtu_drone_description) Command: {'cmd': ['/usr/bin/cmake', '--install', '/root/sjtu_project/build/sjtu_drone_description'], 'cwd': '/root/sjtu_project/build/sjtu_drone_description', 'env': OrderedDict([('HOSTNAME', 'LP-Boston-12214'), ('SHLVL', '1'), ('LD_LIBRARY_PATH', '/root/sjtu_project/install/sjtu_drone_description/lib:/usr/lib/x86_64-linux-gnu/gazebo-11/plugins:/opt/ros/humble/opt/rviz_ogre_vendor/lib:/opt/ros/humble/lib/x86_64-linux-gnu:/opt/ros/humble/lib'), ('HOME', '/root'), ('SKIP_MAP', 'true'), ('OLDPWD', '/ros2_ws'), ('GAZEBO_MASTER_URI', 'http://localhost:11345'), ('ROS_PYTHON_VERSION', '3'), ('COLCON_PREFIX_PATH', '/root/sjtu_project/install'), ('ROS_DISTRO', 'humble'), ('_', '/usr/bin/colcon'), ('ROS_VERSION', '2'), ('TERM', 'xterm'), ('GAZEBO_MODEL_PATH', '/usr/share/gazebo-11/models:/root/sjtu_project/aws-robomaker-hospital-world/models:/root/sjtu_project/sjtu_drone/sjtu_drone_description:/root/sjtu_project/sjtu_drone/models'), ('ROS_LOCALHOST_ONLY', '0'), ('QT_X11_NO_MITSHM', '1'), ('PATH', '/opt/ros/humble/bin:/usr/local/sbin:/usr/local/bin:/usr/sbin:/usr/bin:/sbin:/bin'), ('GAZEBO_VERBOSE', '1'), ('DISPLAY', ':1'), ('LANG', 'C.UTF-8'), ('RMW_IMPLEMENTATION', 'rmw_fastrtps_cpp'), ('XAUTHORITY', '/home/shirb/.Xauthority'), ('AMENT_PREFIX_PATH', '/root/sjtu_project/install/sjtu_drone_description:/root/sjtu_project/install/sjtu_drone_control:/root/sjtu_project/install/sjtu_drone_bringup:/opt/ros/humble'), ('ALSA_CARD', '0'), ('GAZEBO_RESOURCE_PATH', '/usr/share/gazebo-11:/root/sjtu_project/aws-robomaker-hospital-world/worlds:/root/sjtu_project/aws-robomaker-hospital-world'), ('GAZEBO_MODEL_DATABASE_URI', ''), ('GAZEBO_AUDIO_DEVICE', 'null'), ('PWD', '/root/sjtu_project/build/sjtu_drone_description'), ('LC_ALL', 'C.UTF-8'), ('GAZEBO_PLUGIN_PATH', '/usr/lib/x86_64-linux-gnu/gazebo-11/plugins:'), ('PYTHONPATH', '/root/sjtu_project/install/sjtu_drone_control/lib/python3.10/site-packages:/root/sjtu_project/install/sjtu_drone_bringup/lib/python3.10/site-packages:/opt/ros/humble/lib/python3.10/site-packages:/opt/ros/humble/local/lib/python3.10/dist-packages'), ('NVIDIA_VISIBLE_DEVICES', 'all'), ('COLCON', '1'), ('CMAKE_PREFIX_PATH', '/root/sjtu_project/install/sjtu_drone_description:/root/sjtu_project/install/sjtu_drone_control:/root/sjtu_project/install/sjtu_drone_bringup:/opt/ros/humble')]), 'shell': False}
[31.810869] (sjtu_drone_description) StdoutLine: {'line': b'-- Install configuration: ""\n'}
[31.811140] (sjtu_drone_description) StdoutLine: {'line': b'-- Installing: /root/sjtu_project/install/sjtu_drone_description/include\n'}
[31.811301] (sjtu_drone_description) StdoutLine: {'line': b'-- Installing: /root/sjtu_project/install/sjtu_drone_description/include/sjtu_drone_description\n'}
[31.811447] (sjtu_drone_description) StdoutLine: {'line': b'-- Installing: /root/sjtu_project/install/sjtu_drone_description/include/sjtu_drone_description/plugin_drone.h\n'}
[31.811610] (sjtu_drone_description) StdoutLine: {'line': b'-- Installing: /root/sjtu_project/install/sjtu_drone_description/include/sjtu_drone_description/pid_controller.h\n'}
[31.811760] (sjtu_drone_description) StdoutLine: {'line': b'-- Installing: /root/sjtu_project/install/sjtu_drone_description/include/sjtu_drone_description/plugin_drone_private.h\n'}
[31.811896] (sjtu_drone_description) StdoutLine: {'line': b'-- Installing: /root/sjtu_project/install/sjtu_drone_description/lib/libplugin_drone.so\n'}
[31.838752] (sjtu_drone_description) StdoutLine: {'line': b'-- Set runtime path of "/root/sjtu_project/install/sjtu_drone_description/lib/libplugin_drone.so" to ""\n'}
[31.839005] (sjtu_drone_description) StdoutLine: {'line': b'-- Installing: /root/sjtu_project/install/sjtu_drone_description/share/sjtu_drone_description/environment/library_path.sh\n'}
[31.839168] (sjtu_drone_description) StdoutLine: {'line': b'-- Installing: /root/sjtu_project/install/sjtu_drone_description/share/sjtu_drone_description/environment/library_path.dsv\n'}
[31.839307] (sjtu_drone_description) StdoutLine: {'line': b'-- Installing: /root/sjtu_project/install/sjtu_drone_description/share/sjtu_drone_description/models\n'}
[31.839401] (sjtu_drone_description) StdoutLine: {'line': b'-- Installing: /root/sjtu_project/install/sjtu_drone_description/share/sjtu_drone_description/models/sjtu_drone\n'}
[31.839515] (sjtu_drone_description) StdoutLine: {'line': b'-- Installing: /root/sjtu_project/install/sjtu_drone_description/share/sjtu_drone_description/models/sjtu_drone/sjtu_drone.sdf\n'}
[31.839854] (sjtu_drone_description) StdoutLine: {'line': b'-- Installing: /root/sjtu_project/install/sjtu_drone_description/share/sjtu_drone_description/models/sjtu_drone/model.config\n'}
[31.840067] (sjtu_drone_description) StdoutLine: {'line': b'-- Installing: /root/sjtu_project/install/sjtu_drone_description/share/sjtu_drone_description/models/sjtu_drone/quadrotor_4.stl\n'}
[31.840256] (sjtu_drone_description) StdoutLine: {'line': b'-- Installing: /root/sjtu_project/install/sjtu_drone_description/share/sjtu_drone_description/models/sjtu_drone/quadrotor_4.dae\n'}
[31.840559] (sjtu_drone_description) StdoutLine: {'line': b'-- Installing: /root/sjtu_project/install/sjtu_drone_description/share/sjtu_drone_description/models/database.config\n'}
[31.840753] (sjtu_drone_description) StdoutLine: {'line': b'-- Installing: /root/sjtu_project/install/sjtu_drone_description/share/sjtu_drone_description/urdf\n'}
[31.840933] (sjtu_drone_description) StdoutLine: {'line': b'-- Installing: /root/sjtu_project/install/sjtu_drone_description/share/sjtu_drone_description/urdf/sjtu_drone.urdf.xacro\n'}
[31.841312] (sjtu_drone_description) StdoutLine: {'line': b'-- Installing: /root/sjtu_project/install/sjtu_drone_description/share/sjtu_drone_description/urdf/sjtu_drone.urdf\n'}
[31.841528] (sjtu_drone_description) StdoutLine: {'line': b'-- Installing: /root/sjtu_project/install/sjtu_drone_description/share/sjtu_drone_description/worlds\n'}
[31.841663] (sjtu_drone_description) StdoutLine: {'line': b'-- Installing: /root/sjtu_project/install/sjtu_drone_description/share/sjtu_drone_description/worlds/playground.world\n'}
[31.841908] (sjtu_drone_description) StdoutLine: {'line': b'-- Installing: /root/sjtu_project/install/sjtu_drone_description/share/ament_index/resource_index/package_run_dependencies/sjtu_drone_description\n'}
[31.842146] (sjtu_drone_description) StdoutLine: {'line': b'-- Installing: /root/sjtu_project/install/sjtu_drone_description/share/ament_index/resource_index/parent_prefix_path/sjtu_drone_description\n'}
[31.842351] (sjtu_drone_description) StdoutLine: {'line': b'-- Installing: /root/sjtu_project/install/sjtu_drone_description/share/sjtu_drone_description/environment/ament_prefix_path.sh\n'}
[31.842480] (sjtu_drone_description) StdoutLine: {'line': b'-- Installing: /root/sjtu_project/install/sjtu_drone_description/share/sjtu_drone_description/environment/ament_prefix_path.dsv\n'}
[31.842688] (sjtu_drone_description) StdoutLine: {'line': b'-- Installing: /root/sjtu_project/install/sjtu_drone_description/share/sjtu_drone_description/environment/path.sh\n'}
[31.842861] (sjtu_drone_description) StdoutLine: {'line': b'-- Installing: /root/sjtu_project/install/sjtu_drone_description/share/sjtu_drone_description/environment/path.dsv\n'}
[31.843031] (sjtu_drone_description) StdoutLine: {'line': b'-- Installing: /root/sjtu_project/install/sjtu_drone_description/share/sjtu_drone_description/local_setup.bash\n'}
[31.843154] (sjtu_drone_description) StdoutLine: {'line': b'-- Installing: /root/sjtu_project/install/sjtu_drone_description/share/sjtu_drone_description/local_setup.sh\n'}
[31.843315] (sjtu_drone_description) StdoutLine: {'line': b'-- Installing: /root/sjtu_project/install/sjtu_drone_description/share/sjtu_drone_description/local_setup.zsh\n'}
[31.843448] (sjtu_drone_description) StdoutLine: {'line': b'-- Installing: /root/sjtu_project/install/sjtu_drone_description/share/sjtu_drone_description/local_setup.dsv\n'}
[31.843573] (sjtu_drone_description) StdoutLine: {'line': b'-- Installing: /root/sjtu_project/install/sjtu_drone_description/share/sjtu_drone_description/package.dsv\n'}
[31.843768] (sjtu_drone_description) StdoutLine: {'line': b'-- Installing: /root/sjtu_project/install/sjtu_drone_description/share/ament_index/resource_index/packages/sjtu_drone_description\n'}
[31.843974] (sjtu_drone_description) StdoutLine: {'line': b'-- Installing: /root/sjtu_project/install/sjtu_drone_description/share/sjtu_drone_description/cmake/export_sjtu_drone_descriptionExport.cmake\n'}
[31.844167] (sjtu_drone_description) StdoutLine: {'line': b'-- Installing: /root/sjtu_project/install/sjtu_drone_description/share/sjtu_drone_description/cmake/export_sjtu_drone_descriptionExport-noconfig.cmake\n'}
[31.844363] (sjtu_drone_description) StdoutLine: {'line': b'-- Installing: /root/sjtu_project/install/sjtu_drone_description/share/sjtu_drone_description/cmake/ament_cmake_export_include_directories-extras.cmake\n'}
[31.844576] (sjtu_drone_description) StdoutLine: {'line': b'-- Installing: /root/sjtu_project/install/sjtu_drone_description/share/sjtu_drone_description/cmake/ament_cmake_export_libraries-extras.cmake\n'}
[31.844767] (sjtu_drone_description) StdoutLine: {'line': b'-- Installing: /root/sjtu_project/install/sjtu_drone_description/share/sjtu_drone_description/cmake/ament_cmake_export_targets-extras.cmake\n'}
[31.844913] (sjtu_drone_description) StdoutLine: {'line': b'-- Installing: /root/sjtu_project/install/sjtu_drone_description/share/sjtu_drone_description/cmake/sjtu_drone_descriptionConfig.cmake\n'}
[31.845049] (sjtu_drone_description) StdoutLine: {'line': b'-- Installing: /root/sjtu_project/install/sjtu_drone_description/share/sjtu_drone_description/cmake/sjtu_drone_descriptionConfig-version.cmake\n'}
[31.845345] (sjtu_drone_description) StdoutLine: {'line': b'-- Installing: /root/sjtu_project/install/sjtu_drone_description/share/sjtu_drone_description/package.xml\n'}
[31.847508] (sjtu_drone_description) CommandEnded: {'returncode': 0}
[31.867262] (sjtu_drone_description) JobEnded: {'identifier': 'sjtu_drone_description', 'rc': 0}
[31.868228] (-) EventReactorShutdown: {}
