[0.130s] DEBUG:colcon:Command line arguments: ['/usr/bin/colcon', 'build', '--packages-select', 'sjtu_drone_bringup', 'sjtu_drone_description', 'sjtu_drone_control', '--cmake-args', '-DBUILD_TESTING=OFF', '-DRMW_IMPLEMENTATION=rmw_fastrtps_cpp']
[0.130s] DEBUG:colcon:Parsed command line arguments: Namespace(log_base=None, log_level=None, verb_name='build', build_base='build', install_base='install', merge_install=False, symlink_install=False, test_result_base=None, continue_on_error=False, executor='parallel', parallel_workers=12, event_handlers=None, ignore_user_meta=False, metas=['./colcon.meta'], base_paths=['.'], packages_ignore=None, packages_ignore_regex=None, paths=None, packages_up_to=None, packages_up_to_regex=None, packages_above=None, packages_above_and_dependencies=None, packages_above_depth=None, packages_select_by_dep=None, packages_skip_by_dep=None, packages_skip_up_to=None, packages_select_build_failed=False, packages_skip_build_finished=False, packages_select_test_failures=False, packages_skip_test_passed=False, packages_select=['sjtu_drone_bringup', 'sjtu_drone_description', 'sjtu_drone_control'], packages_skip=None, packages_select_regex=None, packages_skip_regex=None, packages_start=None, packages_end=None, cmake_args=['-DBUILD_TESTING=OFF', '-DRMW_IMPLEMENTATION=rmw_fastrtps_cpp'], cmake_target=None, cmake_target_skip_unavailable=False, cmake_clean_cache=False, cmake_clean_first=False, cmake_force_configure=False, ament_cmake_args=None, catkin_cmake_args=None, catkin_skip_building_tests=False, verb_parser=<colcon_defaults.argument_parser.defaults.DefaultArgumentsDecorator object at 0x765b336287f0>, verb_extension=<colcon_core.verb.build.BuildVerb object at 0x765b3373dba0>, main=<bound method BuildVerb.main of <colcon_core.verb.build.BuildVerb object at 0x765b3373dba0>>)
[0.262s] Level 1:colcon.colcon_core.package_discovery:discover_packages(colcon_meta) check parameters
[0.262s] Level 1:colcon.colcon_core.package_discovery:discover_packages(recursive) check parameters
[0.262s] Level 1:colcon.colcon_core.package_discovery:discover_packages(ignore) check parameters
[0.262s] Level 1:colcon.colcon_core.package_discovery:discover_packages(path) check parameters
[0.262s] Level 1:colcon.colcon_core.package_discovery:discover_packages(colcon_meta) discover
[0.262s] Level 1:colcon.colcon_core.package_discovery:discover_packages(recursive) discover
[0.262s] INFO:colcon.colcon_core.package_discovery:Crawling recursively for packages in '/root/sjtu_project'
[0.262s] Level 1:colcon.colcon_core.package_identification:_identify(.) by extensions ['ignore', 'ignore_ament_install']
[0.262s] Level 1:colcon.colcon_core.package_identification:_identify(.) by extension 'ignore'
[0.263s] Level 1:colcon.colcon_core.package_identification:_identify(.) by extension 'ignore_ament_install'
[0.263s] Level 1:colcon.colcon_core.package_identification:_identify(.) by extensions ['colcon_pkg']
[0.263s] Level 1:colcon.colcon_core.package_identification:_identify(.) by extension 'colcon_pkg'
[0.263s] Level 1:colcon.colcon_core.package_identification:_identify(.) by extensions ['colcon_meta']
[0.263s] Level 1:colcon.colcon_core.package_identification:_identify(.) by extension 'colcon_meta'
[0.263s] Level 1:colcon.colcon_core.package_identification:_identify(.) by extensions ['ros']
[0.263s] Level 1:colcon.colcon_core.package_identification:_identify(.) by extension 'ros'
[0.272s] Level 1:colcon.colcon_core.package_identification:_identify(.) by extensions ['cmake', 'python']
[0.272s] Level 1:colcon.colcon_core.package_identification:_identify(.) by extension 'cmake'
[0.272s] Level 1:colcon.colcon_core.package_identification:_identify(.) by extension 'python'
[0.272s] Level 1:colcon.colcon_core.package_identification:_identify(.) by extensions ['python_setup_py']
[0.272s] Level 1:colcon.colcon_core.package_identification:_identify(.) by extension 'python_setup_py'
[0.273s] Level 1:colcon.colcon_core.package_identification:_identify(apriltag) by extensions ['ignore', 'ignore_ament_install']
[0.273s] Level 1:colcon.colcon_core.package_identification:_identify(apriltag) by extension 'ignore'
[0.273s] Level 1:colcon.colcon_core.package_identification:_identify(apriltag) by extension 'ignore_ament_install'
[0.273s] Level 1:colcon.colcon_core.package_identification:_identify(apriltag) by extensions ['colcon_pkg']
[0.273s] Level 1:colcon.colcon_core.package_identification:_identify(apriltag) by extension 'colcon_pkg'
[0.273s] Level 1:colcon.colcon_core.package_identification:_identify(apriltag) by extensions ['colcon_meta']
[0.273s] Level 1:colcon.colcon_core.package_identification:_identify(apriltag) by extension 'colcon_meta'
[0.273s] Level 1:colcon.colcon_core.package_identification:_identify(apriltag) by extensions ['ros']
[0.273s] Level 1:colcon.colcon_core.package_identification:_identify(apriltag) by extension 'ros'
[0.273s] Level 1:colcon.colcon_core.package_identification:_identify(apriltag) by extensions ['cmake', 'python']
[0.273s] Level 1:colcon.colcon_core.package_identification:_identify(apriltag) by extension 'cmake'
[0.273s] Level 1:colcon.colcon_core.package_identification:_identify(apriltag) by extension 'python'
[0.273s] Level 1:colcon.colcon_core.package_identification:_identify(apriltag) by extensions ['python_setup_py']
[0.273s] Level 1:colcon.colcon_core.package_identification:_identify(apriltag) by extension 'python_setup_py'
[0.273s] Level 1:colcon.colcon_core.package_identification:_identify(apriltag/Apriltag36_11_00014) by extensions ['ignore', 'ignore_ament_install']
[0.273s] Level 1:colcon.colcon_core.package_identification:_identify(apriltag/Apriltag36_11_00014) by extension 'ignore'
[0.273s] Level 1:colcon.colcon_core.package_identification:_identify(apriltag/Apriltag36_11_00014) by extension 'ignore_ament_install'
[0.273s] Level 1:colcon.colcon_core.package_identification:_identify(apriltag/Apriltag36_11_00014) by extensions ['colcon_pkg']
[0.273s] Level 1:colcon.colcon_core.package_identification:_identify(apriltag/Apriltag36_11_00014) by extension 'colcon_pkg'
[0.274s] Level 1:colcon.colcon_core.package_identification:_identify(apriltag/Apriltag36_11_00014) by extensions ['colcon_meta']
[0.274s] Level 1:colcon.colcon_core.package_identification:_identify(apriltag/Apriltag36_11_00014) by extension 'colcon_meta'
[0.274s] Level 1:colcon.colcon_core.package_identification:_identify(apriltag/Apriltag36_11_00014) by extensions ['ros']
[0.274s] Level 1:colcon.colcon_core.package_identification:_identify(apriltag/Apriltag36_11_00014) by extension 'ros'
[0.274s] Level 1:colcon.colcon_core.package_identification:_identify(apriltag/Apriltag36_11_00014) by extensions ['cmake', 'python']
[0.274s] Level 1:colcon.colcon_core.package_identification:_identify(apriltag/Apriltag36_11_00014) by extension 'cmake'
[0.274s] Level 1:colcon.colcon_core.package_identification:_identify(apriltag/Apriltag36_11_00014) by extension 'python'
[0.274s] Level 1:colcon.colcon_core.package_identification:_identify(apriltag/Apriltag36_11_00014) by extensions ['python_setup_py']
[0.274s] Level 1:colcon.colcon_core.package_identification:_identify(apriltag/Apriltag36_11_00014) by extension 'python_setup_py'
[0.274s] Level 1:colcon.colcon_core.package_identification:_identify(apriltag/Apriltag36_11_00014/materials) by extensions ['ignore', 'ignore_ament_install']
[0.274s] Level 1:colcon.colcon_core.package_identification:_identify(apriltag/Apriltag36_11_00014/materials) by extension 'ignore'
[0.274s] Level 1:colcon.colcon_core.package_identification:_identify(apriltag/Apriltag36_11_00014/materials) by extension 'ignore_ament_install'
[0.274s] Level 1:colcon.colcon_core.package_identification:_identify(apriltag/Apriltag36_11_00014/materials) by extensions ['colcon_pkg']
[0.274s] Level 1:colcon.colcon_core.package_identification:_identify(apriltag/Apriltag36_11_00014/materials) by extension 'colcon_pkg'
[0.274s] Level 1:colcon.colcon_core.package_identification:_identify(apriltag/Apriltag36_11_00014/materials) by extensions ['colcon_meta']
[0.274s] Level 1:colcon.colcon_core.package_identification:_identify(apriltag/Apriltag36_11_00014/materials) by extension 'colcon_meta'
[0.274s] Level 1:colcon.colcon_core.package_identification:_identify(apriltag/Apriltag36_11_00014/materials) by extensions ['ros']
[0.274s] Level 1:colcon.colcon_core.package_identification:_identify(apriltag/Apriltag36_11_00014/materials) by extension 'ros'
[0.274s] Level 1:colcon.colcon_core.package_identification:_identify(apriltag/Apriltag36_11_00014/materials) by extensions ['cmake', 'python']
[0.275s] Level 1:colcon.colcon_core.package_identification:_identify(apriltag/Apriltag36_11_00014/materials) by extension 'cmake'
[0.275s] Level 1:colcon.colcon_core.package_identification:_identify(apriltag/Apriltag36_11_00014/materials) by extension 'python'
[0.275s] Level 1:colcon.colcon_core.package_identification:_identify(apriltag/Apriltag36_11_00014/materials) by extensions ['python_setup_py']
[0.275s] Level 1:colcon.colcon_core.package_identification:_identify(apriltag/Apriltag36_11_00014/materials) by extension 'python_setup_py'
[0.275s] Level 1:colcon.colcon_core.package_identification:_identify(apriltag/Apriltag36_11_00014/materials/scripts) by extensions ['ignore', 'ignore_ament_install']
[0.275s] Level 1:colcon.colcon_core.package_identification:_identify(apriltag/Apriltag36_11_00014/materials/scripts) by extension 'ignore'
[0.275s] Level 1:colcon.colcon_core.package_identification:_identify(apriltag/Apriltag36_11_00014/materials/scripts) by extension 'ignore_ament_install'
[0.275s] Level 1:colcon.colcon_core.package_identification:_identify(apriltag/Apriltag36_11_00014/materials/scripts) by extensions ['colcon_pkg']
[0.275s] Level 1:colcon.colcon_core.package_identification:_identify(apriltag/Apriltag36_11_00014/materials/scripts) by extension 'colcon_pkg'
[0.275s] Level 1:colcon.colcon_core.package_identification:_identify(apriltag/Apriltag36_11_00014/materials/scripts) by extensions ['colcon_meta']
[0.275s] Level 1:colcon.colcon_core.package_identification:_identify(apriltag/Apriltag36_11_00014/materials/scripts) by extension 'colcon_meta'
[0.275s] Level 1:colcon.colcon_core.package_identification:_identify(apriltag/Apriltag36_11_00014/materials/scripts) by extensions ['ros']
[0.275s] Level 1:colcon.colcon_core.package_identification:_identify(apriltag/Apriltag36_11_00014/materials/scripts) by extension 'ros'
[0.275s] Level 1:colcon.colcon_core.package_identification:_identify(apriltag/Apriltag36_11_00014/materials/scripts) by extensions ['cmake', 'python']
[0.275s] Level 1:colcon.colcon_core.package_identification:_identify(apriltag/Apriltag36_11_00014/materials/scripts) by extension 'cmake'
[0.275s] Level 1:colcon.colcon_core.package_identification:_identify(apriltag/Apriltag36_11_00014/materials/scripts) by extension 'python'
[0.275s] Level 1:colcon.colcon_core.package_identification:_identify(apriltag/Apriltag36_11_00014/materials/scripts) by extensions ['python_setup_py']
[0.275s] Level 1:colcon.colcon_core.package_identification:_identify(apriltag/Apriltag36_11_00014/materials/scripts) by extension 'python_setup_py'
[0.275s] Level 1:colcon.colcon_core.package_identification:_identify(apriltag/Apriltag36_11_00014/materials/textures) by extensions ['ignore', 'ignore_ament_install']
[0.276s] Level 1:colcon.colcon_core.package_identification:_identify(apriltag/Apriltag36_11_00014/materials/textures) by extension 'ignore'
[0.276s] Level 1:colcon.colcon_core.package_identification:_identify(apriltag/Apriltag36_11_00014/materials/textures) by extension 'ignore_ament_install'
[0.276s] Level 1:colcon.colcon_core.package_identification:_identify(apriltag/Apriltag36_11_00014/materials/textures) by extensions ['colcon_pkg']
[0.276s] Level 1:colcon.colcon_core.package_identification:_identify(apriltag/Apriltag36_11_00014/materials/textures) by extension 'colcon_pkg'
[0.276s] Level 1:colcon.colcon_core.package_identification:_identify(apriltag/Apriltag36_11_00014/materials/textures) by extensions ['colcon_meta']
[0.276s] Level 1:colcon.colcon_core.package_identification:_identify(apriltag/Apriltag36_11_00014/materials/textures) by extension 'colcon_meta'
[0.276s] Level 1:colcon.colcon_core.package_identification:_identify(apriltag/Apriltag36_11_00014/materials/textures) by extensions ['ros']
[0.276s] Level 1:colcon.colcon_core.package_identification:_identify(apriltag/Apriltag36_11_00014/materials/textures) by extension 'ros'
[0.276s] Level 1:colcon.colcon_core.package_identification:_identify(apriltag/Apriltag36_11_00014/materials/textures) by extensions ['cmake', 'python']
[0.276s] Level 1:colcon.colcon_core.package_identification:_identify(apriltag/Apriltag36_11_00014/materials/textures) by extension 'cmake'
[0.276s] Level 1:colcon.colcon_core.package_identification:_identify(apriltag/Apriltag36_11_00014/materials/textures) by extension 'python'
[0.276s] Level 1:colcon.colcon_core.package_identification:_identify(apriltag/Apriltag36_11_00014/materials/textures) by extensions ['python_setup_py']
[0.276s] Level 1:colcon.colcon_core.package_identification:_identify(apriltag/Apriltag36_11_00014/materials/textures) by extension 'python_setup_py'
[0.276s] Level 1:colcon.colcon_core.package_identification:_identify(apriltag/Apriltag36_11_00015) by extensions ['ignore', 'ignore_ament_install']
[0.276s] Level 1:colcon.colcon_core.package_identification:_identify(apriltag/Apriltag36_11_00015) by extension 'ignore'
[0.276s] Level 1:colcon.colcon_core.package_identification:_identify(apriltag/Apriltag36_11_00015) by extension 'ignore_ament_install'
[0.276s] Level 1:colcon.colcon_core.package_identification:_identify(apriltag/Apriltag36_11_00015) by extensions ['colcon_pkg']
[0.276s] Level 1:colcon.colcon_core.package_identification:_identify(apriltag/Apriltag36_11_00015) by extension 'colcon_pkg'
[0.276s] Level 1:colcon.colcon_core.package_identification:_identify(apriltag/Apriltag36_11_00015) by extensions ['colcon_meta']
[0.277s] Level 1:colcon.colcon_core.package_identification:_identify(apriltag/Apriltag36_11_00015) by extension 'colcon_meta'
[0.277s] Level 1:colcon.colcon_core.package_identification:_identify(apriltag/Apriltag36_11_00015) by extensions ['ros']
[0.277s] Level 1:colcon.colcon_core.package_identification:_identify(apriltag/Apriltag36_11_00015) by extension 'ros'
[0.277s] Level 1:colcon.colcon_core.package_identification:_identify(apriltag/Apriltag36_11_00015) by extensions ['cmake', 'python']
[0.277s] Level 1:colcon.colcon_core.package_identification:_identify(apriltag/Apriltag36_11_00015) by extension 'cmake'
[0.277s] Level 1:colcon.colcon_core.package_identification:_identify(apriltag/Apriltag36_11_00015) by extension 'python'
[0.277s] Level 1:colcon.colcon_core.package_identification:_identify(apriltag/Apriltag36_11_00015) by extensions ['python_setup_py']
[0.277s] Level 1:colcon.colcon_core.package_identification:_identify(apriltag/Apriltag36_11_00015) by extension 'python_setup_py'
[0.277s] Level 1:colcon.colcon_core.package_identification:_identify(apriltag/Apriltag36_11_00015/materials) by extensions ['ignore', 'ignore_ament_install']
[0.277s] Level 1:colcon.colcon_core.package_identification:_identify(apriltag/Apriltag36_11_00015/materials) by extension 'ignore'
[0.277s] Level 1:colcon.colcon_core.package_identification:_identify(apriltag/Apriltag36_11_00015/materials) by extension 'ignore_ament_install'
[0.277s] Level 1:colcon.colcon_core.package_identification:_identify(apriltag/Apriltag36_11_00015/materials) by extensions ['colcon_pkg']
[0.277s] Level 1:colcon.colcon_core.package_identification:_identify(apriltag/Apriltag36_11_00015/materials) by extension 'colcon_pkg'
[0.277s] Level 1:colcon.colcon_core.package_identification:_identify(apriltag/Apriltag36_11_00015/materials) by extensions ['colcon_meta']
[0.277s] Level 1:colcon.colcon_core.package_identification:_identify(apriltag/Apriltag36_11_00015/materials) by extension 'colcon_meta'
[0.277s] Level 1:colcon.colcon_core.package_identification:_identify(apriltag/Apriltag36_11_00015/materials) by extensions ['ros']
[0.277s] Level 1:colcon.colcon_core.package_identification:_identify(apriltag/Apriltag36_11_00015/materials) by extension 'ros'
[0.277s] Level 1:colcon.colcon_core.package_identification:_identify(apriltag/Apriltag36_11_00015/materials) by extensions ['cmake', 'python']
[0.277s] Level 1:colcon.colcon_core.package_identification:_identify(apriltag/Apriltag36_11_00015/materials) by extension 'cmake'
[0.278s] Level 1:colcon.colcon_core.package_identification:_identify(apriltag/Apriltag36_11_00015/materials) by extension 'python'
[0.278s] Level 1:colcon.colcon_core.package_identification:_identify(apriltag/Apriltag36_11_00015/materials) by extensions ['python_setup_py']
[0.278s] Level 1:colcon.colcon_core.package_identification:_identify(apriltag/Apriltag36_11_00015/materials) by extension 'python_setup_py'
[0.278s] Level 1:colcon.colcon_core.package_identification:_identify(apriltag/Apriltag36_11_00015/materials/scripts) by extensions ['ignore', 'ignore_ament_install']
[0.278s] Level 1:colcon.colcon_core.package_identification:_identify(apriltag/Apriltag36_11_00015/materials/scripts) by extension 'ignore'
[0.278s] Level 1:colcon.colcon_core.package_identification:_identify(apriltag/Apriltag36_11_00015/materials/scripts) by extension 'ignore_ament_install'
[0.278s] Level 1:colcon.colcon_core.package_identification:_identify(apriltag/Apriltag36_11_00015/materials/scripts) by extensions ['colcon_pkg']
[0.278s] Level 1:colcon.colcon_core.package_identification:_identify(apriltag/Apriltag36_11_00015/materials/scripts) by extension 'colcon_pkg'
[0.278s] Level 1:colcon.colcon_core.package_identification:_identify(apriltag/Apriltag36_11_00015/materials/scripts) by extensions ['colcon_meta']
[0.278s] Level 1:colcon.colcon_core.package_identification:_identify(apriltag/Apriltag36_11_00015/materials/scripts) by extension 'colcon_meta'
[0.278s] Level 1:colcon.colcon_core.package_identification:_identify(apriltag/Apriltag36_11_00015/materials/scripts) by extensions ['ros']
[0.278s] Level 1:colcon.colcon_core.package_identification:_identify(apriltag/Apriltag36_11_00015/materials/scripts) by extension 'ros'
[0.278s] Level 1:colcon.colcon_core.package_identification:_identify(apriltag/Apriltag36_11_00015/materials/scripts) by extensions ['cmake', 'python']
[0.278s] Level 1:colcon.colcon_core.package_identification:_identify(apriltag/Apriltag36_11_00015/materials/scripts) by extension 'cmake'
[0.278s] Level 1:colcon.colcon_core.package_identification:_identify(apriltag/Apriltag36_11_00015/materials/scripts) by extension 'python'
[0.278s] Level 1:colcon.colcon_core.package_identification:_identify(apriltag/Apriltag36_11_00015/materials/scripts) by extensions ['python_setup_py']
[0.278s] Level 1:colcon.colcon_core.package_identification:_identify(apriltag/Apriltag36_11_00015/materials/scripts) by extension 'python_setup_py'
[0.278s] Level 1:colcon.colcon_core.package_identification:_identify(apriltag/Apriltag36_11_00015/materials/textures) by extensions ['ignore', 'ignore_ament_install']
[0.279s] Level 1:colcon.colcon_core.package_identification:_identify(apriltag/Apriltag36_11_00015/materials/textures) by extension 'ignore'
[0.279s] Level 1:colcon.colcon_core.package_identification:_identify(apriltag/Apriltag36_11_00015/materials/textures) by extension 'ignore_ament_install'
[0.279s] Level 1:colcon.colcon_core.package_identification:_identify(apriltag/Apriltag36_11_00015/materials/textures) by extensions ['colcon_pkg']
[0.279s] Level 1:colcon.colcon_core.package_identification:_identify(apriltag/Apriltag36_11_00015/materials/textures) by extension 'colcon_pkg'
[0.279s] Level 1:colcon.colcon_core.package_identification:_identify(apriltag/Apriltag36_11_00015/materials/textures) by extensions ['colcon_meta']
[0.279s] Level 1:colcon.colcon_core.package_identification:_identify(apriltag/Apriltag36_11_00015/materials/textures) by extension 'colcon_meta'
[0.279s] Level 1:colcon.colcon_core.package_identification:_identify(apriltag/Apriltag36_11_00015/materials/textures) by extensions ['ros']
[0.279s] Level 1:colcon.colcon_core.package_identification:_identify(apriltag/Apriltag36_11_00015/materials/textures) by extension 'ros'
[0.279s] Level 1:colcon.colcon_core.package_identification:_identify(apriltag/Apriltag36_11_00015/materials/textures) by extensions ['cmake', 'python']
[0.279s] Level 1:colcon.colcon_core.package_identification:_identify(apriltag/Apriltag36_11_00015/materials/textures) by extension 'cmake'
[0.279s] Level 1:colcon.colcon_core.package_identification:_identify(apriltag/Apriltag36_11_00015/materials/textures) by extension 'python'
[0.279s] Level 1:colcon.colcon_core.package_identification:_identify(apriltag/Apriltag36_11_00015/materials/textures) by extensions ['python_setup_py']
[0.279s] Level 1:colcon.colcon_core.package_identification:_identify(apriltag/Apriltag36_11_00015/materials/textures) by extension 'python_setup_py'
[0.279s] Level 1:colcon.colcon_core.package_identification:_identify(apriltag/Apriltag36_11_00016) by extensions ['ignore', 'ignore_ament_install']
[0.279s] Level 1:colcon.colcon_core.package_identification:_identify(apriltag/Apriltag36_11_00016) by extension 'ignore'
[0.279s] Level 1:colcon.colcon_core.package_identification:_identify(apriltag/Apriltag36_11_00016) by extension 'ignore_ament_install'
[0.280s] Level 1:colcon.colcon_core.package_identification:_identify(apriltag/Apriltag36_11_00016) by extensions ['colcon_pkg']
[0.280s] Level 1:colcon.colcon_core.package_identification:_identify(apriltag/Apriltag36_11_00016) by extension 'colcon_pkg'
[0.280s] Level 1:colcon.colcon_core.package_identification:_identify(apriltag/Apriltag36_11_00016) by extensions ['colcon_meta']
[0.280s] Level 1:colcon.colcon_core.package_identification:_identify(apriltag/Apriltag36_11_00016) by extension 'colcon_meta'
[0.280s] Level 1:colcon.colcon_core.package_identification:_identify(apriltag/Apriltag36_11_00016) by extensions ['ros']
[0.280s] Level 1:colcon.colcon_core.package_identification:_identify(apriltag/Apriltag36_11_00016) by extension 'ros'
[0.280s] Level 1:colcon.colcon_core.package_identification:_identify(apriltag/Apriltag36_11_00016) by extensions ['cmake', 'python']
[0.280s] Level 1:colcon.colcon_core.package_identification:_identify(apriltag/Apriltag36_11_00016) by extension 'cmake'
[0.280s] Level 1:colcon.colcon_core.package_identification:_identify(apriltag/Apriltag36_11_00016) by extension 'python'
[0.280s] Level 1:colcon.colcon_core.package_identification:_identify(apriltag/Apriltag36_11_00016) by extensions ['python_setup_py']
[0.280s] Level 1:colcon.colcon_core.package_identification:_identify(apriltag/Apriltag36_11_00016) by extension 'python_setup_py'
[0.280s] Level 1:colcon.colcon_core.package_identification:_identify(apriltag/Apriltag36_11_00016/materials) by extensions ['ignore', 'ignore_ament_install']
[0.280s] Level 1:colcon.colcon_core.package_identification:_identify(apriltag/Apriltag36_11_00016/materials) by extension 'ignore'
[0.280s] Level 1:colcon.colcon_core.package_identification:_identify(apriltag/Apriltag36_11_00016/materials) by extension 'ignore_ament_install'
[0.280s] Level 1:colcon.colcon_core.package_identification:_identify(apriltag/Apriltag36_11_00016/materials) by extensions ['colcon_pkg']
[0.280s] Level 1:colcon.colcon_core.package_identification:_identify(apriltag/Apriltag36_11_00016/materials) by extension 'colcon_pkg'
[0.280s] Level 1:colcon.colcon_core.package_identification:_identify(apriltag/Apriltag36_11_00016/materials) by extensions ['colcon_meta']
[0.280s] Level 1:colcon.colcon_core.package_identification:_identify(apriltag/Apriltag36_11_00016/materials) by extension 'colcon_meta'
[0.280s] Level 1:colcon.colcon_core.package_identification:_identify(apriltag/Apriltag36_11_00016/materials) by extensions ['ros']
[0.281s] Level 1:colcon.colcon_core.package_identification:_identify(apriltag/Apriltag36_11_00016/materials) by extension 'ros'
[0.281s] Level 1:colcon.colcon_core.package_identification:_identify(apriltag/Apriltag36_11_00016/materials) by extensions ['cmake', 'python']
[0.281s] Level 1:colcon.colcon_core.package_identification:_identify(apriltag/Apriltag36_11_00016/materials) by extension 'cmake'
[0.281s] Level 1:colcon.colcon_core.package_identification:_identify(apriltag/Apriltag36_11_00016/materials) by extension 'python'
[0.281s] Level 1:colcon.colcon_core.package_identification:_identify(apriltag/Apriltag36_11_00016/materials) by extensions ['python_setup_py']
[0.281s] Level 1:colcon.colcon_core.package_identification:_identify(apriltag/Apriltag36_11_00016/materials) by extension 'python_setup_py'
[0.281s] Level 1:colcon.colcon_core.package_identification:_identify(apriltag/Apriltag36_11_00016/materials/scripts) by extensions ['ignore', 'ignore_ament_install']
[0.281s] Level 1:colcon.colcon_core.package_identification:_identify(apriltag/Apriltag36_11_00016/materials/scripts) by extension 'ignore'
[0.281s] Level 1:colcon.colcon_core.package_identification:_identify(apriltag/Apriltag36_11_00016/materials/scripts) by extension 'ignore_ament_install'
[0.281s] Level 1:colcon.colcon_core.package_identification:_identify(apriltag/Apriltag36_11_00016/materials/scripts) by extensions ['colcon_pkg']
[0.281s] Level 1:colcon.colcon_core.package_identification:_identify(apriltag/Apriltag36_11_00016/materials/scripts) by extension 'colcon_pkg'
[0.281s] Level 1:colcon.colcon_core.package_identification:_identify(apriltag/Apriltag36_11_00016/materials/scripts) by extensions ['colcon_meta']
[0.281s] Level 1:colcon.colcon_core.package_identification:_identify(apriltag/Apriltag36_11_00016/materials/scripts) by extension 'colcon_meta'
[0.281s] Level 1:colcon.colcon_core.package_identification:_identify(apriltag/Apriltag36_11_00016/materials/scripts) by extensions ['ros']
[0.281s] Level 1:colcon.colcon_core.package_identification:_identify(apriltag/Apriltag36_11_00016/materials/scripts) by extension 'ros'
[0.282s] Level 1:colcon.colcon_core.package_identification:_identify(apriltag/Apriltag36_11_00016/materials/scripts) by extensions ['cmake', 'python']
[0.282s] Level 1:colcon.colcon_core.package_identification:_identify(apriltag/Apriltag36_11_00016/materials/scripts) by extension 'cmake'
[0.282s] Level 1:colcon.colcon_core.package_identification:_identify(apriltag/Apriltag36_11_00016/materials/scripts) by extension 'python'
[0.282s] Level 1:colcon.colcon_core.package_identification:_identify(apriltag/Apriltag36_11_00016/materials/scripts) by extensions ['python_setup_py']
[0.282s] Level 1:colcon.colcon_core.package_identification:_identify(apriltag/Apriltag36_11_00016/materials/scripts) by extension 'python_setup_py'
[0.282s] Level 1:colcon.colcon_core.package_identification:_identify(apriltag/Apriltag36_11_00016/materials/textures) by extensions ['ignore', 'ignore_ament_install']
[0.282s] Level 1:colcon.colcon_core.package_identification:_identify(apriltag/Apriltag36_11_00016/materials/textures) by extension 'ignore'
[0.282s] Level 1:colcon.colcon_core.package_identification:_identify(apriltag/Apriltag36_11_00016/materials/textures) by extension 'ignore_ament_install'
[0.282s] Level 1:colcon.colcon_core.package_identification:_identify(apriltag/Apriltag36_11_00016/materials/textures) by extensions ['colcon_pkg']
[0.282s] Level 1:colcon.colcon_core.package_identification:_identify(apriltag/Apriltag36_11_00016/materials/textures) by extension 'colcon_pkg'
[0.282s] Level 1:colcon.colcon_core.package_identification:_identify(apriltag/Apriltag36_11_00016/materials/textures) by extensions ['colcon_meta']
[0.282s] Level 1:colcon.colcon_core.package_identification:_identify(apriltag/Apriltag36_11_00016/materials/textures) by extension 'colcon_meta'
[0.282s] Level 1:colcon.colcon_core.package_identification:_identify(apriltag/Apriltag36_11_00016/materials/textures) by extensions ['ros']
[0.282s] Level 1:colcon.colcon_core.package_identification:_identify(apriltag/Apriltag36_11_00016/materials/textures) by extension 'ros'
[0.282s] Level 1:colcon.colcon_core.package_identification:_identify(apriltag/Apriltag36_11_00016/materials/textures) by extensions ['cmake', 'python']
[0.282s] Level 1:colcon.colcon_core.package_identification:_identify(apriltag/Apriltag36_11_00016/materials/textures) by extension 'cmake'
[0.282s] Level 1:colcon.colcon_core.package_identification:_identify(apriltag/Apriltag36_11_00016/materials/textures) by extension 'python'
[0.282s] Level 1:colcon.colcon_core.package_identification:_identify(apriltag/Apriltag36_11_00016/materials/textures) by extensions ['python_setup_py']
[0.282s] Level 1:colcon.colcon_core.package_identification:_identify(apriltag/Apriltag36_11_00016/materials/textures) by extension 'python_setup_py'
[0.283s] Level 1:colcon.colcon_core.package_identification:_identify(apriltag/images) by extensions ['ignore', 'ignore_ament_install']
[0.283s] Level 1:colcon.colcon_core.package_identification:_identify(apriltag/images) by extension 'ignore'
[0.283s] Level 1:colcon.colcon_core.package_identification:_identify(apriltag/images) by extension 'ignore_ament_install'
[0.283s] Level 1:colcon.colcon_core.package_identification:_identify(apriltag/images) by extensions ['colcon_pkg']
[0.283s] Level 1:colcon.colcon_core.package_identification:_identify(apriltag/images) by extension 'colcon_pkg'
[0.283s] Level 1:colcon.colcon_core.package_identification:_identify(apriltag/images) by extensions ['colcon_meta']
[0.283s] Level 1:colcon.colcon_core.package_identification:_identify(apriltag/images) by extension 'colcon_meta'
[0.283s] Level 1:colcon.colcon_core.package_identification:_identify(apriltag/images) by extensions ['ros']
[0.283s] Level 1:colcon.colcon_core.package_identification:_identify(apriltag/images) by extension 'ros'
[0.283s] Level 1:colcon.colcon_core.package_identification:_identify(apriltag/images) by extensions ['cmake', 'python']
[0.283s] Level 1:colcon.colcon_core.package_identification:_identify(apriltag/images) by extension 'cmake'
[0.283s] Level 1:colcon.colcon_core.package_identification:_identify(apriltag/images) by extension 'python'
[0.283s] Level 1:colcon.colcon_core.package_identification:_identify(apriltag/images) by extensions ['python_setup_py']
[0.283s] Level 1:colcon.colcon_core.package_identification:_identify(apriltag/images) by extension 'python_setup_py'
[0.283s] Level 1:colcon.colcon_core.package_identification:_identify(aws-robomaker-hospital-world) by extensions ['ignore', 'ignore_ament_install']
[0.284s] Level 1:colcon.colcon_core.package_identification:_identify(aws-robomaker-hospital-world) by extension 'ignore'
[0.284s] Level 1:colcon.colcon_core.package_identification:_identify(aws-robomaker-hospital-world) by extension 'ignore_ament_install'
[0.284s] Level 1:colcon.colcon_core.package_identification:_identify(aws-robomaker-hospital-world) by extensions ['colcon_pkg']
[0.284s] Level 1:colcon.colcon_core.package_identification:_identify(aws-robomaker-hospital-world) by extension 'colcon_pkg'
[0.284s] Level 1:colcon.colcon_core.package_identification:_identify(aws-robomaker-hospital-world) by extensions ['colcon_meta']
[0.284s] Level 1:colcon.colcon_core.package_identification:_identify(aws-robomaker-hospital-world) by extension 'colcon_meta'
[0.284s] Level 1:colcon.colcon_core.package_identification:_identify(aws-robomaker-hospital-world) by extensions ['ros']
[0.284s] Level 1:colcon.colcon_core.package_identification:_identify(aws-robomaker-hospital-world) by extension 'ros'
[0.286s] DEBUG:colcon.colcon_core.package_identification:Package 'aws-robomaker-hospital-world' with type 'ros.catkin' and name 'aws_robomaker_hospital_world'
[0.287s] Level 1:colcon.colcon_core.package_identification:_identify(build) by extensions ['ignore', 'ignore_ament_install']
[0.287s] Level 1:colcon.colcon_core.package_identification:_identify(build) by extension 'ignore'
[0.287s] Level 1:colcon.colcon_core.package_identification:_identify(build) ignored
[0.287s] Level 1:colcon.colcon_core.package_identification:_identify(install) by extensions ['ignore', 'ignore_ament_install']
[0.287s] Level 1:colcon.colcon_core.package_identification:_identify(install) by extension 'ignore'
[0.287s] Level 1:colcon.colcon_core.package_identification:_identify(install) ignored
[0.287s] Level 1:colcon.colcon_core.package_identification:_identify(log) by extensions ['ignore', 'ignore_ament_install']
[0.287s] Level 1:colcon.colcon_core.package_identification:_identify(log) by extension 'ignore'
[0.287s] Level 1:colcon.colcon_core.package_identification:_identify(log) ignored
[0.287s] Level 1:colcon.colcon_core.package_identification:_identify(sjtu_drone) by extensions ['ignore', 'ignore_ament_install']
[0.287s] Level 1:colcon.colcon_core.package_identification:_identify(sjtu_drone) by extension 'ignore'
[0.288s] Level 1:colcon.colcon_core.package_identification:_identify(sjtu_drone) by extension 'ignore_ament_install'
[0.288s] Level 1:colcon.colcon_core.package_identification:_identify(sjtu_drone) by extensions ['colcon_pkg']
[0.288s] Level 1:colcon.colcon_core.package_identification:_identify(sjtu_drone) by extension 'colcon_pkg'
[0.288s] Level 1:colcon.colcon_core.package_identification:_identify(sjtu_drone) by extensions ['colcon_meta']
[0.288s] Level 1:colcon.colcon_core.package_identification:_identify(sjtu_drone) by extension 'colcon_meta'
[0.288s] Level 1:colcon.colcon_core.package_identification:_identify(sjtu_drone) by extensions ['ros']
[0.288s] Level 1:colcon.colcon_core.package_identification:_identify(sjtu_drone) by extension 'ros'
[0.288s] Level 1:colcon.colcon_core.package_identification:_identify(sjtu_drone) by extensions ['cmake', 'python']
[0.288s] Level 1:colcon.colcon_core.package_identification:_identify(sjtu_drone) by extension 'cmake'
[0.288s] Level 1:colcon.colcon_core.package_identification:_identify(sjtu_drone) by extension 'python'
[0.288s] Level 1:colcon.colcon_core.package_identification:_identify(sjtu_drone) by extensions ['python_setup_py']
[0.288s] Level 1:colcon.colcon_core.package_identification:_identify(sjtu_drone) by extension 'python_setup_py'
[0.288s] Level 1:colcon.colcon_core.package_identification:_identify(sjtu_drone/imgs) by extensions ['ignore', 'ignore_ament_install']
[0.288s] Level 1:colcon.colcon_core.package_identification:_identify(sjtu_drone/imgs) by extension 'ignore'
[0.288s] Level 1:colcon.colcon_core.package_identification:_identify(sjtu_drone/imgs) by extension 'ignore_ament_install'
[0.288s] Level 1:colcon.colcon_core.package_identification:_identify(sjtu_drone/imgs) by extensions ['colcon_pkg']
[0.288s] Level 1:colcon.colcon_core.package_identification:_identify(sjtu_drone/imgs) by extension 'colcon_pkg'
[0.288s] Level 1:colcon.colcon_core.package_identification:_identify(sjtu_drone/imgs) by extensions ['colcon_meta']
[0.288s] Level 1:colcon.colcon_core.package_identification:_identify(sjtu_drone/imgs) by extension 'colcon_meta'
[0.289s] Level 1:colcon.colcon_core.package_identification:_identify(sjtu_drone/imgs) by extensions ['ros']
[0.289s] Level 1:colcon.colcon_core.package_identification:_identify(sjtu_drone/imgs) by extension 'ros'
[0.289s] Level 1:colcon.colcon_core.package_identification:_identify(sjtu_drone/imgs) by extensions ['cmake', 'python']
[0.289s] Level 1:colcon.colcon_core.package_identification:_identify(sjtu_drone/imgs) by extension 'cmake'
[0.289s] Level 1:colcon.colcon_core.package_identification:_identify(sjtu_drone/imgs) by extension 'python'
[0.289s] Level 1:colcon.colcon_core.package_identification:_identify(sjtu_drone/imgs) by extensions ['python_setup_py']
[0.289s] Level 1:colcon.colcon_core.package_identification:_identify(sjtu_drone/imgs) by extension 'python_setup_py'
[0.289s] Level 1:colcon.colcon_core.package_identification:_identify(sjtu_drone/maps) by extensions ['ignore', 'ignore_ament_install']
[0.289s] Level 1:colcon.colcon_core.package_identification:_identify(sjtu_drone/maps) by extension 'ignore'
[0.289s] Level 1:colcon.colcon_core.package_identification:_identify(sjtu_drone/maps) by extension 'ignore_ament_install'
[0.289s] Level 1:colcon.colcon_core.package_identification:_identify(sjtu_drone/maps) by extensions ['colcon_pkg']
[0.289s] Level 1:colcon.colcon_core.package_identification:_identify(sjtu_drone/maps) by extension 'colcon_pkg'
[0.289s] Level 1:colcon.colcon_core.package_identification:_identify(sjtu_drone/maps) by extensions ['colcon_meta']
[0.289s] Level 1:colcon.colcon_core.package_identification:_identify(sjtu_drone/maps) by extension 'colcon_meta'
[0.289s] Level 1:colcon.colcon_core.package_identification:_identify(sjtu_drone/maps) by extensions ['ros']
[0.289s] Level 1:colcon.colcon_core.package_identification:_identify(sjtu_drone/maps) by extension 'ros'
[0.289s] Level 1:colcon.colcon_core.package_identification:_identify(sjtu_drone/maps) by extensions ['cmake', 'python']
[0.289s] Level 1:colcon.colcon_core.package_identification:_identify(sjtu_drone/maps) by extension 'cmake'
[0.289s] Level 1:colcon.colcon_core.package_identification:_identify(sjtu_drone/maps) by extension 'python'
[0.290s] Level 1:colcon.colcon_core.package_identification:_identify(sjtu_drone/maps) by extensions ['python_setup_py']
[0.290s] Level 1:colcon.colcon_core.package_identification:_identify(sjtu_drone/maps) by extension 'python_setup_py'
[0.290s] Level 1:colcon.colcon_core.package_identification:_identify(sjtu_drone/models) by extensions ['ignore', 'ignore_ament_install']
[0.290s] Level 1:colcon.colcon_core.package_identification:_identify(sjtu_drone/models) by extension 'ignore'
[0.290s] Level 1:colcon.colcon_core.package_identification:_identify(sjtu_drone/models) by extension 'ignore_ament_install'
[0.290s] Level 1:colcon.colcon_core.package_identification:_identify(sjtu_drone/models) by extensions ['colcon_pkg']
[0.290s] Level 1:colcon.colcon_core.package_identification:_identify(sjtu_drone/models) by extension 'colcon_pkg'
[0.290s] Level 1:colcon.colcon_core.package_identification:_identify(sjtu_drone/models) by extensions ['colcon_meta']
[0.290s] Level 1:colcon.colcon_core.package_identification:_identify(sjtu_drone/models) by extension 'colcon_meta'
[0.290s] Level 1:colcon.colcon_core.package_identification:_identify(sjtu_drone/models) by extensions ['ros']
[0.290s] Level 1:colcon.colcon_core.package_identification:_identify(sjtu_drone/models) by extension 'ros'
[0.290s] Level 1:colcon.colcon_core.package_identification:_identify(sjtu_drone/models) by extensions ['cmake', 'python']
[0.290s] Level 1:colcon.colcon_core.package_identification:_identify(sjtu_drone/models) by extension 'cmake'
[0.290s] Level 1:colcon.colcon_core.package_identification:_identify(sjtu_drone/models) by extension 'python'
[0.290s] Level 1:colcon.colcon_core.package_identification:_identify(sjtu_drone/models) by extensions ['python_setup_py']
[0.290s] Level 1:colcon.colcon_core.package_identification:_identify(sjtu_drone/models) by extension 'python_setup_py'
[0.290s] Level 1:colcon.colcon_core.package_identification:_identify(sjtu_drone/models/april_tag_36h11_0) by extensions ['ignore', 'ignore_ament_install']
[0.291s] Level 1:colcon.colcon_core.package_identification:_identify(sjtu_drone/models/april_tag_36h11_0) by extension 'ignore'
[0.291s] Level 1:colcon.colcon_core.package_identification:_identify(sjtu_drone/models/april_tag_36h11_0) by extension 'ignore_ament_install'
[0.291s] Level 1:colcon.colcon_core.package_identification:_identify(sjtu_drone/models/april_tag_36h11_0) by extensions ['colcon_pkg']
[0.291s] Level 1:colcon.colcon_core.package_identification:_identify(sjtu_drone/models/april_tag_36h11_0) by extension 'colcon_pkg'
[0.291s] Level 1:colcon.colcon_core.package_identification:_identify(sjtu_drone/models/april_tag_36h11_0) by extensions ['colcon_meta']
[0.291s] Level 1:colcon.colcon_core.package_identification:_identify(sjtu_drone/models/april_tag_36h11_0) by extension 'colcon_meta'
[0.291s] Level 1:colcon.colcon_core.package_identification:_identify(sjtu_drone/models/april_tag_36h11_0) by extensions ['ros']
[0.291s] Level 1:colcon.colcon_core.package_identification:_identify(sjtu_drone/models/april_tag_36h11_0) by extension 'ros'
[0.291s] Level 1:colcon.colcon_core.package_identification:_identify(sjtu_drone/models/april_tag_36h11_0) by extensions ['cmake', 'python']
[0.291s] Level 1:colcon.colcon_core.package_identification:_identify(sjtu_drone/models/april_tag_36h11_0) by extension 'cmake'
[0.291s] Level 1:colcon.colcon_core.package_identification:_identify(sjtu_drone/models/april_tag_36h11_0) by extension 'python'
[0.291s] Level 1:colcon.colcon_core.package_identification:_identify(sjtu_drone/models/april_tag_36h11_0) by extensions ['python_setup_py']
[0.291s] Level 1:colcon.colcon_core.package_identification:_identify(sjtu_drone/models/april_tag_36h11_0) by extension 'python_setup_py'
[0.291s] Level 1:colcon.colcon_core.package_identification:_identify(sjtu_drone/models/april_tag_36h11_0/materials) by extensions ['ignore', 'ignore_ament_install']
[0.291s] Level 1:colcon.colcon_core.package_identification:_identify(sjtu_drone/models/april_tag_36h11_0/materials) by extension 'ignore'
[0.291s] Level 1:colcon.colcon_core.package_identification:_identify(sjtu_drone/models/april_tag_36h11_0/materials) by extension 'ignore_ament_install'
[0.291s] Level 1:colcon.colcon_core.package_identification:_identify(sjtu_drone/models/april_tag_36h11_0/materials) by extensions ['colcon_pkg']
[0.292s] Level 1:colcon.colcon_core.package_identification:_identify(sjtu_drone/models/april_tag_36h11_0/materials) by extension 'colcon_pkg'
[0.292s] Level 1:colcon.colcon_core.package_identification:_identify(sjtu_drone/models/april_tag_36h11_0/materials) by extensions ['colcon_meta']
[0.292s] Level 1:colcon.colcon_core.package_identification:_identify(sjtu_drone/models/april_tag_36h11_0/materials) by extension 'colcon_meta'
[0.292s] Level 1:colcon.colcon_core.package_identification:_identify(sjtu_drone/models/april_tag_36h11_0/materials) by extensions ['ros']
[0.292s] Level 1:colcon.colcon_core.package_identification:_identify(sjtu_drone/models/april_tag_36h11_0/materials) by extension 'ros'
[0.292s] Level 1:colcon.colcon_core.package_identification:_identify(sjtu_drone/models/april_tag_36h11_0/materials) by extensions ['cmake', 'python']
[0.292s] Level 1:colcon.colcon_core.package_identification:_identify(sjtu_drone/models/april_tag_36h11_0/materials) by extension 'cmake'
[0.292s] Level 1:colcon.colcon_core.package_identification:_identify(sjtu_drone/models/april_tag_36h11_0/materials) by extension 'python'
[0.292s] Level 1:colcon.colcon_core.package_identification:_identify(sjtu_drone/models/april_tag_36h11_0/materials) by extensions ['python_setup_py']
[0.292s] Level 1:colcon.colcon_core.package_identification:_identify(sjtu_drone/models/april_tag_36h11_0/materials) by extension 'python_setup_py'
[0.292s] Level 1:colcon.colcon_core.package_identification:_identify(sjtu_drone/models/april_tag_36h11_0/materials/scripts) by extensions ['ignore', 'ignore_ament_install']
[0.292s] Level 1:colcon.colcon_core.package_identification:_identify(sjtu_drone/models/april_tag_36h11_0/materials/scripts) by extension 'ignore'
[0.292s] Level 1:colcon.colcon_core.package_identification:_identify(sjtu_drone/models/april_tag_36h11_0/materials/scripts) by extension 'ignore_ament_install'
[0.292s] Level 1:colcon.colcon_core.package_identification:_identify(sjtu_drone/models/april_tag_36h11_0/materials/scripts) by extensions ['colcon_pkg']
[0.292s] Level 1:colcon.colcon_core.package_identification:_identify(sjtu_drone/models/april_tag_36h11_0/materials/scripts) by extension 'colcon_pkg'
[0.292s] Level 1:colcon.colcon_core.package_identification:_identify(sjtu_drone/models/april_tag_36h11_0/materials/scripts) by extensions ['colcon_meta']
[0.292s] Level 1:colcon.colcon_core.package_identification:_identify(sjtu_drone/models/april_tag_36h11_0/materials/scripts) by extension 'colcon_meta'
[0.292s] Level 1:colcon.colcon_core.package_identification:_identify(sjtu_drone/models/april_tag_36h11_0/materials/scripts) by extensions ['ros']
[0.293s] Level 1:colcon.colcon_core.package_identification:_identify(sjtu_drone/models/april_tag_36h11_0/materials/scripts) by extension 'ros'
[0.293s] Level 1:colcon.colcon_core.package_identification:_identify(sjtu_drone/models/april_tag_36h11_0/materials/scripts) by extensions ['cmake', 'python']
[0.293s] Level 1:colcon.colcon_core.package_identification:_identify(sjtu_drone/models/april_tag_36h11_0/materials/scripts) by extension 'cmake'
[0.293s] Level 1:colcon.colcon_core.package_identification:_identify(sjtu_drone/models/april_tag_36h11_0/materials/scripts) by extension 'python'
[0.293s] Level 1:colcon.colcon_core.package_identification:_identify(sjtu_drone/models/april_tag_36h11_0/materials/scripts) by extensions ['python_setup_py']
[0.293s] Level 1:colcon.colcon_core.package_identification:_identify(sjtu_drone/models/april_tag_36h11_0/materials/scripts) by extension 'python_setup_py'
[0.293s] Level 1:colcon.colcon_core.package_identification:_identify(sjtu_drone/models/april_tag_36h11_0/materials/scripts/april_tag_36h11_0) by extensions ['ignore', 'ignore_ament_install']
[0.293s] Level 1:colcon.colcon_core.package_identification:_identify(sjtu_drone/models/april_tag_36h11_0/materials/scripts/april_tag_36h11_0) by extension 'ignore'
[0.293s] Level 1:colcon.colcon_core.package_identification:_identify(sjtu_drone/models/april_tag_36h11_0/materials/scripts/april_tag_36h11_0) by extension 'ignore_ament_install'
[0.293s] Level 1:colcon.colcon_core.package_identification:_identify(sjtu_drone/models/april_tag_36h11_0/materials/scripts/april_tag_36h11_0) by extensions ['colcon_pkg']
[0.293s] Level 1:colcon.colcon_core.package_identification:_identify(sjtu_drone/models/april_tag_36h11_0/materials/scripts/april_tag_36h11_0) by extension 'colcon_pkg'
[0.293s] Level 1:colcon.colcon_core.package_identification:_identify(sjtu_drone/models/april_tag_36h11_0/materials/scripts/april_tag_36h11_0) by extensions ['colcon_meta']
[0.293s] Level 1:colcon.colcon_core.package_identification:_identify(sjtu_drone/models/april_tag_36h11_0/materials/scripts/april_tag_36h11_0) by extension 'colcon_meta'
[0.293s] Level 1:colcon.colcon_core.package_identification:_identify(sjtu_drone/models/april_tag_36h11_0/materials/scripts/april_tag_36h11_0) by extensions ['ros']
[0.293s] Level 1:colcon.colcon_core.package_identification:_identify(sjtu_drone/models/april_tag_36h11_0/materials/scripts/april_tag_36h11_0) by extension 'ros'
[0.294s] Level 1:colcon.colcon_core.package_identification:_identify(sjtu_drone/models/april_tag_36h11_0/materials/scripts/april_tag_36h11_0) by extensions ['cmake', 'python']
[0.294s] Level 1:colcon.colcon_core.package_identification:_identify(sjtu_drone/models/april_tag_36h11_0/materials/scripts/april_tag_36h11_0) by extension 'cmake'
[0.294s] Level 1:colcon.colcon_core.package_identification:_identify(sjtu_drone/models/april_tag_36h11_0/materials/scripts/april_tag_36h11_0) by extension 'python'
[0.294s] Level 1:colcon.colcon_core.package_identification:_identify(sjtu_drone/models/april_tag_36h11_0/materials/scripts/april_tag_36h11_0) by extensions ['python_setup_py']
[0.294s] Level 1:colcon.colcon_core.package_identification:_identify(sjtu_drone/models/april_tag_36h11_0/materials/scripts/april_tag_36h11_0) by extension 'python_setup_py'
[0.294s] Level 1:colcon.colcon_core.package_identification:_identify(sjtu_drone/models/april_tag_36h11_0/materials/textures) by extensions ['ignore', 'ignore_ament_install']
[0.294s] Level 1:colcon.colcon_core.package_identification:_identify(sjtu_drone/models/april_tag_36h11_0/materials/textures) by extension 'ignore'
[0.294s] Level 1:colcon.colcon_core.package_identification:_identify(sjtu_drone/models/april_tag_36h11_0/materials/textures) by extension 'ignore_ament_install'
[0.294s] Level 1:colcon.colcon_core.package_identification:_identify(sjtu_drone/models/april_tag_36h11_0/materials/textures) by extensions ['colcon_pkg']
[0.294s] Level 1:colcon.colcon_core.package_identification:_identify(sjtu_drone/models/april_tag_36h11_0/materials/textures) by extension 'colcon_pkg'
[0.294s] Level 1:colcon.colcon_core.package_identification:_identify(sjtu_drone/models/april_tag_36h11_0/materials/textures) by extensions ['colcon_meta']
[0.294s] Level 1:colcon.colcon_core.package_identification:_identify(sjtu_drone/models/april_tag_36h11_0/materials/textures) by extension 'colcon_meta'
[0.294s] Level 1:colcon.colcon_core.package_identification:_identify(sjtu_drone/models/april_tag_36h11_0/materials/textures) by extensions ['ros']
[0.294s] Level 1:colcon.colcon_core.package_identification:_identify(sjtu_drone/models/april_tag_36h11_0/materials/textures) by extension 'ros'
[0.294s] Level 1:colcon.colcon_core.package_identification:_identify(sjtu_drone/models/april_tag_36h11_0/materials/textures) by extensions ['cmake', 'python']
[0.294s] Level 1:colcon.colcon_core.package_identification:_identify(sjtu_drone/models/april_tag_36h11_0/materials/textures) by extension 'cmake'
[0.294s] Level 1:colcon.colcon_core.package_identification:_identify(sjtu_drone/models/april_tag_36h11_0/materials/textures) by extension 'python'
[0.294s] Level 1:colcon.colcon_core.package_identification:_identify(sjtu_drone/models/april_tag_36h11_0/materials/textures) by extensions ['python_setup_py']
[0.294s] Level 1:colcon.colcon_core.package_identification:_identify(sjtu_drone/models/april_tag_36h11_0/materials/textures) by extension 'python_setup_py'
[0.295s] Level 1:colcon.colcon_core.package_identification:_identify(sjtu_drone/sjtu_drone_bringup) by extensions ['ignore', 'ignore_ament_install']
[0.295s] Level 1:colcon.colcon_core.package_identification:_identify(sjtu_drone/sjtu_drone_bringup) by extension 'ignore'
[0.295s] Level 1:colcon.colcon_core.package_identification:_identify(sjtu_drone/sjtu_drone_bringup) by extension 'ignore_ament_install'
[0.295s] Level 1:colcon.colcon_core.package_identification:_identify(sjtu_drone/sjtu_drone_bringup) by extensions ['colcon_pkg']
[0.295s] Level 1:colcon.colcon_core.package_identification:_identify(sjtu_drone/sjtu_drone_bringup) by extension 'colcon_pkg'
[0.295s] Level 1:colcon.colcon_core.package_identification:_identify(sjtu_drone/sjtu_drone_bringup) by extensions ['colcon_meta']
[0.295s] Level 1:colcon.colcon_core.package_identification:_identify(sjtu_drone/sjtu_drone_bringup) by extension 'colcon_meta'
[0.295s] Level 1:colcon.colcon_core.package_identification:_identify(sjtu_drone/sjtu_drone_bringup) by extensions ['ros']
[0.295s] Level 1:colcon.colcon_core.package_identification:_identify(sjtu_drone/sjtu_drone_bringup) by extension 'ros'
[0.296s] DEBUG:colcon.colcon_core.package_identification:Package 'sjtu_drone/sjtu_drone_bringup' with type 'ros.ament_python' and name 'sjtu_drone_bringup'
[0.297s] Level 1:colcon.colcon_core.package_identification:_identify(sjtu_drone/sjtu_drone_control) by extensions ['ignore', 'ignore_ament_install']
[0.297s] Level 1:colcon.colcon_core.package_identification:_identify(sjtu_drone/sjtu_drone_control) by extension 'ignore'
[0.297s] Level 1:colcon.colcon_core.package_identification:_identify(sjtu_drone/sjtu_drone_control) by extension 'ignore_ament_install'
[0.297s] Level 1:colcon.colcon_core.package_identification:_identify(sjtu_drone/sjtu_drone_control) by extensions ['colcon_pkg']
[0.297s] Level 1:colcon.colcon_core.package_identification:_identify(sjtu_drone/sjtu_drone_control) by extension 'colcon_pkg'
[0.297s] Level 1:colcon.colcon_core.package_identification:_identify(sjtu_drone/sjtu_drone_control) by extensions ['colcon_meta']
[0.297s] Level 1:colcon.colcon_core.package_identification:_identify(sjtu_drone/sjtu_drone_control) by extension 'colcon_meta'
[0.297s] Level 1:colcon.colcon_core.package_identification:_identify(sjtu_drone/sjtu_drone_control) by extensions ['ros']
[0.297s] Level 1:colcon.colcon_core.package_identification:_identify(sjtu_drone/sjtu_drone_control) by extension 'ros'
[0.298s] DEBUG:colcon.colcon_core.package_identification:Package 'sjtu_drone/sjtu_drone_control' with type 'ros.ament_python' and name 'sjtu_drone_control'
[0.298s] Level 1:colcon.colcon_core.package_identification:_identify(sjtu_drone/sjtu_drone_description) by extensions ['ignore', 'ignore_ament_install']
[0.298s] Level 1:colcon.colcon_core.package_identification:_identify(sjtu_drone/sjtu_drone_description) by extension 'ignore'
[0.298s] Level 1:colcon.colcon_core.package_identification:_identify(sjtu_drone/sjtu_drone_description) by extension 'ignore_ament_install'
[0.298s] Level 1:colcon.colcon_core.package_identification:_identify(sjtu_drone/sjtu_drone_description) by extensions ['colcon_pkg']
[0.298s] Level 1:colcon.colcon_core.package_identification:_identify(sjtu_drone/sjtu_drone_description) by extension 'colcon_pkg'
[0.298s] Level 1:colcon.colcon_core.package_identification:_identify(sjtu_drone/sjtu_drone_description) by extensions ['colcon_meta']
[0.298s] Level 1:colcon.colcon_core.package_identification:_identify(sjtu_drone/sjtu_drone_description) by extension 'colcon_meta'
[0.299s] Level 1:colcon.colcon_core.package_identification:_identify(sjtu_drone/sjtu_drone_description) by extensions ['ros']
[0.299s] Level 1:colcon.colcon_core.package_identification:_identify(sjtu_drone/sjtu_drone_description) by extension 'ros'
[0.300s] DEBUG:colcon.colcon_core.package_identification:Package 'sjtu_drone/sjtu_drone_description' with type 'ros.ament_cmake' and name 'sjtu_drone_description'
[0.300s] Level 1:colcon.colcon_core.package_identification:_identify(sjtu_drone/src) by extensions ['ignore', 'ignore_ament_install']
[0.300s] Level 1:colcon.colcon_core.package_identification:_identify(sjtu_drone/src) by extension 'ignore'
[0.300s] Level 1:colcon.colcon_core.package_identification:_identify(sjtu_drone/src) by extension 'ignore_ament_install'
[0.300s] Level 1:colcon.colcon_core.package_identification:_identify(sjtu_drone/src) by extensions ['colcon_pkg']
[0.300s] Level 1:colcon.colcon_core.package_identification:_identify(sjtu_drone/src) by extension 'colcon_pkg'
[0.300s] Level 1:colcon.colcon_core.package_identification:_identify(sjtu_drone/src) by extensions ['colcon_meta']
[0.300s] Level 1:colcon.colcon_core.package_identification:_identify(sjtu_drone/src) by extension 'colcon_meta'
[0.300s] Level 1:colcon.colcon_core.package_identification:_identify(sjtu_drone/src) by extensions ['ros']
[0.300s] Level 1:colcon.colcon_core.package_identification:_identify(sjtu_drone/src) by extension 'ros'
[0.300s] Level 1:colcon.colcon_core.package_identification:_identify(sjtu_drone/src) by extensions ['cmake', 'python']
[0.300s] Level 1:colcon.colcon_core.package_identification:_identify(sjtu_drone/src) by extension 'cmake'
[0.301s] Level 1:colcon.colcon_core.package_identification:_identify(sjtu_drone/src) by extension 'python'
[0.301s] Level 1:colcon.colcon_core.package_identification:_identify(sjtu_drone/src) by extensions ['python_setup_py']
[0.301s] Level 1:colcon.colcon_core.package_identification:_identify(sjtu_drone/src) by extension 'python_setup_py'
[0.301s] Level 1:colcon.colcon_core.package_identification:_identify(sjtu_project) by extensions ['ignore', 'ignore_ament_install']
[0.301s] Level 1:colcon.colcon_core.package_identification:_identify(sjtu_project) by extension 'ignore'
[0.301s] Level 1:colcon.colcon_core.package_identification:_identify(sjtu_project) by extension 'ignore_ament_install'
[0.301s] Level 1:colcon.colcon_core.package_identification:_identify(sjtu_project) by extensions ['colcon_pkg']
[0.301s] Level 1:colcon.colcon_core.package_identification:_identify(sjtu_project) by extension 'colcon_pkg'
[0.301s] Level 1:colcon.colcon_core.package_identification:_identify(sjtu_project) by extensions ['colcon_meta']
[0.301s] Level 1:colcon.colcon_core.package_identification:_identify(sjtu_project) by extension 'colcon_meta'
[0.301s] Level 1:colcon.colcon_core.package_identification:_identify(sjtu_project) by extensions ['ros']
[0.301s] Level 1:colcon.colcon_core.package_identification:_identify(sjtu_project) by extension 'ros'
[0.301s] Level 1:colcon.colcon_core.package_identification:_identify(sjtu_project) by extensions ['cmake', 'python']
[0.301s] Level 1:colcon.colcon_core.package_identification:_identify(sjtu_project) by extension 'cmake'
[0.301s] Level 1:colcon.colcon_core.package_identification:_identify(sjtu_project) by extension 'python'
[0.301s] Level 1:colcon.colcon_core.package_identification:_identify(sjtu_project) by extensions ['python_setup_py']
[0.301s] Level 1:colcon.colcon_core.package_identification:_identify(sjtu_project) by extension 'python_setup_py'
[0.301s] Level 1:colcon.colcon_core.package_discovery:discover_packages(recursive) using defaults
[0.301s] Level 1:colcon.colcon_core.package_discovery:discover_packages(ignore) discover
[0.301s] Level 1:colcon.colcon_core.package_discovery:discover_packages(ignore) using defaults
[0.301s] Level 1:colcon.colcon_core.package_discovery:discover_packages(path) discover
[0.302s] Level 1:colcon.colcon_core.package_discovery:discover_packages(path) using defaults
[0.326s] INFO:colcon.colcon_core.package_selection:Skipping not selected package 'aws_robomaker_hospital_world' in 'aws-robomaker-hospital-world'
[0.326s] Level 5:colcon.colcon_core.verb:set package 'sjtu_drone_bringup' build argument 'cmake_args' from command line to '['-DBUILD_TESTING=OFF', '-DRMW_IMPLEMENTATION=rmw_fastrtps_cpp']'
[0.326s] Level 5:colcon.colcon_core.verb:set package 'sjtu_drone_bringup' build argument 'cmake_target' from command line to 'None'
[0.326s] Level 5:colcon.colcon_core.verb:set package 'sjtu_drone_bringup' build argument 'cmake_target_skip_unavailable' from command line to 'False'
[0.326s] Level 5:colcon.colcon_core.verb:set package 'sjtu_drone_bringup' build argument 'cmake_clean_cache' from command line to 'False'
[0.326s] Level 5:colcon.colcon_core.verb:set package 'sjtu_drone_bringup' build argument 'cmake_clean_first' from command line to 'False'
[0.326s] Level 5:colcon.colcon_core.verb:set package 'sjtu_drone_bringup' build argument 'cmake_force_configure' from command line to 'False'
[0.326s] Level 5:colcon.colcon_core.verb:set package 'sjtu_drone_bringup' build argument 'ament_cmake_args' from command line to 'None'
[0.326s] Level 5:colcon.colcon_core.verb:set package 'sjtu_drone_bringup' build argument 'catkin_cmake_args' from command line to 'None'
[0.326s] Level 5:colcon.colcon_core.verb:set package 'sjtu_drone_bringup' build argument 'catkin_skip_building_tests' from command line to 'False'
[0.326s] DEBUG:colcon.colcon_core.verb:Building package 'sjtu_drone_bringup' with the following arguments: {'ament_cmake_args': None, 'build_base': '/root/sjtu_project/build/sjtu_drone_bringup', 'catkin_cmake_args': None, 'catkin_skip_building_tests': False, 'cmake_args': ['-DBUILD_TESTING=OFF', '-DRMW_IMPLEMENTATION=rmw_fastrtps_cpp'], 'cmake_clean_cache': False, 'cmake_clean_first': False, 'cmake_force_configure': False, 'cmake_target': None, 'cmake_target_skip_unavailable': False, 'install_base': '/root/sjtu_project/install/sjtu_drone_bringup', 'merge_install': False, 'path': '/root/sjtu_project/sjtu_drone/sjtu_drone_bringup', 'symlink_install': False, 'test_result_base': None}
[0.327s] Level 5:colcon.colcon_core.verb:set package 'sjtu_drone_control' build argument 'cmake_args' from command line to '['-DBUILD_TESTING=OFF', '-DRMW_IMPLEMENTATION=rmw_fastrtps_cpp']'
[0.327s] Level 5:colcon.colcon_core.verb:set package 'sjtu_drone_control' build argument 'cmake_target' from command line to 'None'
[0.327s] Level 5:colcon.colcon_core.verb:set package 'sjtu_drone_control' build argument 'cmake_target_skip_unavailable' from command line to 'False'
[0.327s] Level 5:colcon.colcon_core.verb:set package 'sjtu_drone_control' build argument 'cmake_clean_cache' from command line to 'False'
[0.327s] Level 5:colcon.colcon_core.verb:set package 'sjtu_drone_control' build argument 'cmake_clean_first' from command line to 'False'
[0.327s] Level 5:colcon.colcon_core.verb:set package 'sjtu_drone_control' build argument 'cmake_force_configure' from command line to 'False'
[0.327s] Level 5:colcon.colcon_core.verb:set package 'sjtu_drone_control' build argument 'ament_cmake_args' from command line to 'None'
[0.327s] Level 5:colcon.colcon_core.verb:set package 'sjtu_drone_control' build argument 'catkin_cmake_args' from command line to 'None'
[0.327s] Level 5:colcon.colcon_core.verb:set package 'sjtu_drone_control' build argument 'catkin_skip_building_tests' from command line to 'False'
[0.327s] DEBUG:colcon.colcon_core.verb:Building package 'sjtu_drone_control' with the following arguments: {'ament_cmake_args': None, 'build_base': '/root/sjtu_project/build/sjtu_drone_control', 'catkin_cmake_args': None, 'catkin_skip_building_tests': False, 'cmake_args': ['-DBUILD_TESTING=OFF', '-DRMW_IMPLEMENTATION=rmw_fastrtps_cpp'], 'cmake_clean_cache': False, 'cmake_clean_first': False, 'cmake_force_configure': False, 'cmake_target': None, 'cmake_target_skip_unavailable': False, 'install_base': '/root/sjtu_project/install/sjtu_drone_control', 'merge_install': False, 'path': '/root/sjtu_project/sjtu_drone/sjtu_drone_control', 'symlink_install': False, 'test_result_base': None}
[0.327s] Level 5:colcon.colcon_core.verb:set package 'sjtu_drone_description' build argument 'cmake_args' from command line to '['-DBUILD_TESTING=OFF', '-DRMW_IMPLEMENTATION=rmw_fastrtps_cpp']'
[0.327s] Level 5:colcon.colcon_core.verb:set package 'sjtu_drone_description' build argument 'cmake_target' from command line to 'None'
[0.327s] Level 5:colcon.colcon_core.verb:set package 'sjtu_drone_description' build argument 'cmake_target_skip_unavailable' from command line to 'False'
[0.327s] Level 5:colcon.colcon_core.verb:set package 'sjtu_drone_description' build argument 'cmake_clean_cache' from command line to 'False'
[0.327s] Level 5:colcon.colcon_core.verb:set package 'sjtu_drone_description' build argument 'cmake_clean_first' from command line to 'False'
[0.327s] Level 5:colcon.colcon_core.verb:set package 'sjtu_drone_description' build argument 'cmake_force_configure' from command line to 'False'
[0.328s] Level 5:colcon.colcon_core.verb:set package 'sjtu_drone_description' build argument 'ament_cmake_args' from command line to 'None'
[0.328s] Level 5:colcon.colcon_core.verb:set package 'sjtu_drone_description' build argument 'catkin_cmake_args' from command line to 'None'
[0.328s] Level 5:colcon.colcon_core.verb:set package 'sjtu_drone_description' build argument 'catkin_skip_building_tests' from command line to 'False'
[0.328s] DEBUG:colcon.colcon_core.verb:Building package 'sjtu_drone_description' with the following arguments: {'ament_cmake_args': None, 'build_base': '/root/sjtu_project/build/sjtu_drone_description', 'catkin_cmake_args': None, 'catkin_skip_building_tests': False, 'cmake_args': ['-DBUILD_TESTING=OFF', '-DRMW_IMPLEMENTATION=rmw_fastrtps_cpp'], 'cmake_clean_cache': False, 'cmake_clean_first': False, 'cmake_force_configure': False, 'cmake_target': None, 'cmake_target_skip_unavailable': False, 'install_base': '/root/sjtu_project/install/sjtu_drone_description', 'merge_install': False, 'path': '/root/sjtu_project/sjtu_drone/sjtu_drone_description', 'symlink_install': False, 'test_result_base': None}
[0.328s] INFO:colcon.colcon_core.executor:Executing jobs using 'parallel' executor
[0.329s] DEBUG:colcon.colcon_parallel_executor.executor.parallel:run_until_complete
[0.329s] INFO:colcon.colcon_ros.task.ament_python.build:Building ROS package in '/root/sjtu_project/sjtu_drone/sjtu_drone_bringup' with build type 'ament_python'
[0.329s] Level 1:colcon.colcon_core.shell:create_environment_hook('sjtu_drone_bringup', 'ament_prefix_path')
[0.333s] INFO:colcon.colcon_core.plugin_system:Skipping extension 'colcon_core.shell.bat': Not used on non-Windows systems
[0.333s] INFO:colcon.colcon_core.shell:Creating environment hook '/root/sjtu_project/install/sjtu_drone_bringup/share/sjtu_drone_bringup/hook/ament_prefix_path.ps1'
[0.334s] INFO:colcon.colcon_core.shell:Creating environment descriptor '/root/sjtu_project/install/sjtu_drone_bringup/share/sjtu_drone_bringup/hook/ament_prefix_path.dsv'
[0.335s] INFO:colcon.colcon_core.shell:Creating environment hook '/root/sjtu_project/install/sjtu_drone_bringup/share/sjtu_drone_bringup/hook/ament_prefix_path.sh'
[0.336s] INFO:colcon.colcon_core.shell:Skip shell extension 'powershell' for command environment: Not usable outside of PowerShell
[0.336s] DEBUG:colcon.colcon_core.shell:Skip shell extension 'dsv' for command environment
[0.338s] WARNING:colcon.colcon_ros.prefix_path.ament:The path '/root/sjtu_project/install/sjtu_drone_description' in the environment variable AMENT_PREFIX_PATH doesn't exist
[0.338s] WARNING:colcon.colcon_ros.prefix_path.ament:The path '/root/sjtu_project/install/sjtu_drone_control' in the environment variable AMENT_PREFIX_PATH doesn't exist
[0.338s] WARNING:colcon.colcon_ros.prefix_path.catkin:The path '/root/sjtu_project/install/sjtu_drone_description' in the environment variable CMAKE_PREFIX_PATH doesn't exist
[0.342s] INFO:colcon.colcon_ros.task.ament_python.build:Building ROS package in '/root/sjtu_project/sjtu_drone/sjtu_drone_control' with build type 'ament_python'
[0.342s] Level 1:colcon.colcon_core.shell:create_environment_hook('sjtu_drone_control', 'ament_prefix_path')
[0.343s] INFO:colcon.colcon_core.shell:Creating environment hook '/root/sjtu_project/install/sjtu_drone_control/share/sjtu_drone_control/hook/ament_prefix_path.ps1'
[0.344s] INFO:colcon.colcon_core.shell:Creating environment descriptor '/root/sjtu_project/install/sjtu_drone_control/share/sjtu_drone_control/hook/ament_prefix_path.dsv'
[0.345s] INFO:colcon.colcon_core.shell:Creating environment hook '/root/sjtu_project/install/sjtu_drone_control/share/sjtu_drone_control/hook/ament_prefix_path.sh'
[0.345s] INFO:colcon.colcon_core.shell:Skip shell extension 'powershell' for command environment: Not usable outside of PowerShell
[0.345s] DEBUG:colcon.colcon_core.shell:Skip shell extension 'dsv' for command environment
[0.348s] INFO:colcon.colcon_ros.task.ament_cmake.build:Building ROS package in '/root/sjtu_project/sjtu_drone/sjtu_drone_description' with build type 'ament_cmake'
[0.348s] INFO:colcon.colcon_cmake.task.cmake.build:Building CMake package in '/root/sjtu_project/sjtu_drone/sjtu_drone_description'
[0.348s] INFO:colcon.colcon_core.shell:Skip shell extension 'powershell' for command environment: Not usable outside of PowerShell
[0.348s] DEBUG:colcon.colcon_core.shell:Skip shell extension 'dsv' for command environment
[0.543s] INFO:colcon.colcon_core.task.python.build:Building Python package in '/root/sjtu_project/sjtu_drone/sjtu_drone_bringup'
[0.544s] INFO:colcon.colcon_core.shell:Skip shell extension 'powershell' for command environment: Not usable outside of PowerShell
[0.544s] DEBUG:colcon.colcon_core.shell:Skip shell extension 'dsv' for command environment
[0.746s] INFO:colcon.colcon_core.task.python.build:Building Python package in '/root/sjtu_project/sjtu_drone/sjtu_drone_control'
[0.747s] INFO:colcon.colcon_core.shell:Skip shell extension 'powershell' for command environment: Not usable outside of PowerShell
[0.747s] DEBUG:colcon.colcon_core.shell:Skip shell extension 'dsv' for command environment
[0.753s] DEBUG:colcon.colcon_core.event_handler.log_command:Invoking command in '/root/sjtu_project/build/sjtu_drone_description': CMAKE_PREFIX_PATH=${CMAKE_PREFIX_PATH}:/root/sjtu_project/install/sjtu_drone_control:/root/sjtu_project/install/sjtu_drone_bringup:/opt/ros/humble /usr/bin/cmake /root/sjtu_project/sjtu_drone/sjtu_drone_description -DBUILD_TESTING=OFF -DRMW_IMPLEMENTATION=rmw_fastrtps_cpp -DCMAKE_INSTALL_PREFIX=/root/sjtu_project/install/sjtu_drone_description
[1.117s] DEBUG:colcon.colcon_core.event_handler.log_command:Invoking command in '/root/sjtu_project/sjtu_drone/sjtu_drone_bringup': PYTHONPATH=/root/sjtu_project/build/sjtu_drone_bringup/prefix_override:/usr/lib/python3/dist-packages/colcon_core/task/python/colcon_distutils_commands:/root/sjtu_project/install/sjtu_drone_bringup/lib/python3.10/site-packages:${PYTHONPATH} /usr/bin/python3 -W ignore:setup.py install is deprecated -W ignore:easy_install command is deprecated setup.py egg_info --egg-base ../../build/sjtu_drone_bringup build --build-base /root/sjtu_project/build/sjtu_drone_bringup/build install --record /root/sjtu_project/build/sjtu_drone_bringup/install.log --single-version-externally-managed install_data
[1.120s] DEBUG:colcon.colcon_core.event_handler.log_command:Invoking command in '/root/sjtu_project/sjtu_drone/sjtu_drone_control': PYTHONPATH=/root/sjtu_project/build/sjtu_drone_control/prefix_override:/usr/lib/python3/dist-packages/colcon_core/task/python/colcon_distutils_commands:/root/sjtu_project/install/sjtu_drone_control/lib/python3.10/site-packages:${PYTHONPATH} /usr/bin/python3 -W ignore:setup.py install is deprecated -W ignore:easy_install command is deprecated setup.py egg_info --egg-base ../../build/sjtu_drone_control build --build-base /root/sjtu_project/build/sjtu_drone_control/build install --record /root/sjtu_project/build/sjtu_drone_control/install.log --single-version-externally-managed install_data
[1.388s] DEBUG:colcon.colcon_core.event_handler.log_command:Invoked command in '/root/sjtu_project/sjtu_drone/sjtu_drone_control' returned '0': PYTHONPATH=/root/sjtu_project/build/sjtu_drone_control/prefix_override:/usr/lib/python3/dist-packages/colcon_core/task/python/colcon_distutils_commands:/root/sjtu_project/install/sjtu_drone_control/lib/python3.10/site-packages:${PYTHONPATH} /usr/bin/python3 -W ignore:setup.py install is deprecated -W ignore:easy_install command is deprecated setup.py egg_info --egg-base ../../build/sjtu_drone_control build --build-base /root/sjtu_project/build/sjtu_drone_control/build install --record /root/sjtu_project/build/sjtu_drone_control/install.log --single-version-externally-managed install_data
[1.394s] Level 1:colcon.colcon_core.environment:checking '/root/sjtu_project/install/sjtu_drone_control' for CMake module files
[1.394s] Level 1:colcon.colcon_core.environment:checking '/root/sjtu_project/install/sjtu_drone_control' for CMake config files
[1.395s] Level 1:colcon.colcon_core.environment:checking '/root/sjtu_project/install/sjtu_drone_control/lib'
[1.395s] Level 1:colcon.colcon_core.environment:checking '/root/sjtu_project/install/sjtu_drone_control/bin'
[1.395s] Level 1:colcon.colcon_core.environment:checking '/root/sjtu_project/install/sjtu_drone_control/lib/pkgconfig/sjtu_drone_control.pc'
[1.395s] Level 1:colcon.colcon_core.environment:checking '/root/sjtu_project/install/sjtu_drone_control/lib/python3.10/site-packages'
[1.395s] Level 1:colcon.colcon_core.shell:create_environment_hook('sjtu_drone_control', 'pythonpath')
[1.395s] INFO:colcon.colcon_core.shell:Creating environment hook '/root/sjtu_project/install/sjtu_drone_control/share/sjtu_drone_control/hook/pythonpath.ps1'
[1.396s] INFO:colcon.colcon_core.shell:Creating environment descriptor '/root/sjtu_project/install/sjtu_drone_control/share/sjtu_drone_control/hook/pythonpath.dsv'
[1.396s] INFO:colcon.colcon_core.shell:Creating environment hook '/root/sjtu_project/install/sjtu_drone_control/share/sjtu_drone_control/hook/pythonpath.sh'
[1.397s] Level 1:colcon.colcon_core.environment:checking '/root/sjtu_project/install/sjtu_drone_control/bin'
[1.397s] Level 1:colcon.colcon_core.environment:create_environment_scripts_only(sjtu_drone_control)
[1.397s] INFO:colcon.colcon_core.shell:Creating package script '/root/sjtu_project/install/sjtu_drone_control/share/sjtu_drone_control/package.ps1'
[1.398s] INFO:colcon.colcon_core.shell:Creating package descriptor '/root/sjtu_project/install/sjtu_drone_control/share/sjtu_drone_control/package.dsv'
[1.399s] INFO:colcon.colcon_core.shell:Creating package script '/root/sjtu_project/install/sjtu_drone_control/share/sjtu_drone_control/package.sh'
[1.400s] INFO:colcon.colcon_core.shell:Creating package script '/root/sjtu_project/install/sjtu_drone_control/share/sjtu_drone_control/package.bash'
[1.401s] INFO:colcon.colcon_core.shell:Creating package script '/root/sjtu_project/install/sjtu_drone_control/share/sjtu_drone_control/package.zsh'
[1.401s] Level 1:colcon.colcon_core.environment:create_file_with_runtime_dependencies(/root/sjtu_project/install/sjtu_drone_control/share/colcon-core/packages/sjtu_drone_control)
[1.403s] Level 1:colcon.colcon_core.environment:checking '/root/sjtu_project/install/sjtu_drone_bringup' for CMake module files
[1.404s] DEBUG:colcon.colcon_core.event_handler.log_command:Invoked command in '/root/sjtu_project/sjtu_drone/sjtu_drone_bringup' returned '0': PYTHONPATH=/root/sjtu_project/build/sjtu_drone_bringup/prefix_override:/usr/lib/python3/dist-packages/colcon_core/task/python/colcon_distutils_commands:/root/sjtu_project/install/sjtu_drone_bringup/lib/python3.10/site-packages:${PYTHONPATH} /usr/bin/python3 -W ignore:setup.py install is deprecated -W ignore:easy_install command is deprecated setup.py egg_info --egg-base ../../build/sjtu_drone_bringup build --build-base /root/sjtu_project/build/sjtu_drone_bringup/build install --record /root/sjtu_project/build/sjtu_drone_bringup/install.log --single-version-externally-managed install_data
[1.404s] Level 1:colcon.colcon_core.environment:checking '/root/sjtu_project/install/sjtu_drone_bringup' for CMake config files
[1.404s] Level 1:colcon.colcon_core.environment:checking '/root/sjtu_project/install/sjtu_drone_bringup/lib'
[1.404s] Level 1:colcon.colcon_core.environment:checking '/root/sjtu_project/install/sjtu_drone_bringup/bin'
[1.405s] Level 1:colcon.colcon_core.environment:checking '/root/sjtu_project/install/sjtu_drone_bringup/lib/pkgconfig/sjtu_drone_bringup.pc'
[1.405s] Level 1:colcon.colcon_core.environment:checking '/root/sjtu_project/install/sjtu_drone_bringup/lib/python3.10/site-packages'
[1.405s] Level 1:colcon.colcon_core.shell:create_environment_hook('sjtu_drone_bringup', 'pythonpath')
[1.405s] INFO:colcon.colcon_core.shell:Creating environment hook '/root/sjtu_project/install/sjtu_drone_bringup/share/sjtu_drone_bringup/hook/pythonpath.ps1'
[1.406s] INFO:colcon.colcon_core.shell:Creating environment descriptor '/root/sjtu_project/install/sjtu_drone_bringup/share/sjtu_drone_bringup/hook/pythonpath.dsv'
[1.406s] INFO:colcon.colcon_core.shell:Creating environment hook '/root/sjtu_project/install/sjtu_drone_bringup/share/sjtu_drone_bringup/hook/pythonpath.sh'
[1.407s] Level 1:colcon.colcon_core.environment:checking '/root/sjtu_project/install/sjtu_drone_bringup/bin'
[1.407s] Level 1:colcon.colcon_core.environment:create_environment_scripts_only(sjtu_drone_bringup)
[1.408s] INFO:colcon.colcon_core.shell:Creating package script '/root/sjtu_project/install/sjtu_drone_bringup/share/sjtu_drone_bringup/package.ps1'
[1.408s] INFO:colcon.colcon_core.shell:Creating package descriptor '/root/sjtu_project/install/sjtu_drone_bringup/share/sjtu_drone_bringup/package.dsv'
[1.408s] INFO:colcon.colcon_core.shell:Creating package script '/root/sjtu_project/install/sjtu_drone_bringup/share/sjtu_drone_bringup/package.sh'
[1.409s] INFO:colcon.colcon_core.shell:Creating package script '/root/sjtu_project/install/sjtu_drone_bringup/share/sjtu_drone_bringup/package.bash'
[1.409s] INFO:colcon.colcon_core.shell:Creating package script '/root/sjtu_project/install/sjtu_drone_bringup/share/sjtu_drone_bringup/package.zsh'
[1.409s] Level 1:colcon.colcon_core.environment:create_file_with_runtime_dependencies(/root/sjtu_project/install/sjtu_drone_bringup/share/colcon-core/packages/sjtu_drone_bringup)
[3.433s] DEBUG:colcon.colcon_core.event_handler.log_command:Invoked command in '/root/sjtu_project/build/sjtu_drone_description' returned '0': CMAKE_PREFIX_PATH=${CMAKE_PREFIX_PATH}:/root/sjtu_project/install/sjtu_drone_control:/root/sjtu_project/install/sjtu_drone_bringup:/opt/ros/humble /usr/bin/cmake /root/sjtu_project/sjtu_drone/sjtu_drone_description -DBUILD_TESTING=OFF -DRMW_IMPLEMENTATION=rmw_fastrtps_cpp -DCMAKE_INSTALL_PREFIX=/root/sjtu_project/install/sjtu_drone_description
[3.434s] DEBUG:colcon.colcon_core.event_handler.log_command:Invoking command in '/root/sjtu_project/build/sjtu_drone_description': CMAKE_PREFIX_PATH=${CMAKE_PREFIX_PATH}:/root/sjtu_project/install/sjtu_drone_control:/root/sjtu_project/install/sjtu_drone_bringup:/opt/ros/humble /usr/bin/cmake --build /root/sjtu_project/build/sjtu_drone_description -- -j12 -l12
[32.123s] DEBUG:colcon.colcon_core.event_handler.log_command:Invoked command in '/root/sjtu_project/build/sjtu_drone_description' returned '0': CMAKE_PREFIX_PATH=${CMAKE_PREFIX_PATH}:/root/sjtu_project/install/sjtu_drone_control:/root/sjtu_project/install/sjtu_drone_bringup:/opt/ros/humble /usr/bin/cmake --build /root/sjtu_project/build/sjtu_drone_description -- -j12 -l12
[32.133s] DEBUG:colcon.colcon_core.event_handler.log_command:Invoking command in '/root/sjtu_project/build/sjtu_drone_description': CMAKE_PREFIX_PATH=${CMAKE_PREFIX_PATH}:/root/sjtu_project/install/sjtu_drone_control:/root/sjtu_project/install/sjtu_drone_bringup:/opt/ros/humble /usr/bin/cmake --install /root/sjtu_project/build/sjtu_drone_description
[32.176s] Level 1:colcon.colcon_core.environment:create_environment_scripts_only(sjtu_drone_description)
[32.177s] Level 1:colcon.colcon_core.environment:checking '/root/sjtu_project/install/sjtu_drone_description' for CMake module files
[32.178s] DEBUG:colcon.colcon_core.event_handler.log_command:Invoked command in '/root/sjtu_project/build/sjtu_drone_description' returned '0': CMAKE_PREFIX_PATH=${CMAKE_PREFIX_PATH}:/root/sjtu_project/install/sjtu_drone_control:/root/sjtu_project/install/sjtu_drone_bringup:/opt/ros/humble /usr/bin/cmake --install /root/sjtu_project/build/sjtu_drone_description
[32.178s] Level 1:colcon.colcon_core.environment:checking '/root/sjtu_project/install/sjtu_drone_description' for CMake config files
[32.179s] Level 1:colcon.colcon_core.shell:create_environment_hook('sjtu_drone_description', 'cmake_prefix_path')
[32.179s] INFO:colcon.colcon_core.shell:Creating environment hook '/root/sjtu_project/install/sjtu_drone_description/share/sjtu_drone_description/hook/cmake_prefix_path.ps1'
[32.180s] INFO:colcon.colcon_core.shell:Creating environment descriptor '/root/sjtu_project/install/sjtu_drone_description/share/sjtu_drone_description/hook/cmake_prefix_path.dsv'
[32.181s] INFO:colcon.colcon_core.shell:Creating environment hook '/root/sjtu_project/install/sjtu_drone_description/share/sjtu_drone_description/hook/cmake_prefix_path.sh'
[32.181s] Level 1:colcon.colcon_core.environment:checking '/root/sjtu_project/install/sjtu_drone_description/lib'
[32.182s] Level 1:colcon.colcon_core.shell:create_environment_hook('sjtu_drone_description', 'ld_library_path_lib')
[32.182s] INFO:colcon.colcon_core.shell:Creating environment hook '/root/sjtu_project/install/sjtu_drone_description/share/sjtu_drone_description/hook/ld_library_path_lib.ps1'
[32.182s] INFO:colcon.colcon_core.shell:Creating environment descriptor '/root/sjtu_project/install/sjtu_drone_description/share/sjtu_drone_description/hook/ld_library_path_lib.dsv'
[32.183s] INFO:colcon.colcon_core.shell:Creating environment hook '/root/sjtu_project/install/sjtu_drone_description/share/sjtu_drone_description/hook/ld_library_path_lib.sh'
[32.184s] Level 1:colcon.colcon_core.environment:checking '/root/sjtu_project/install/sjtu_drone_description/bin'
[32.184s] Level 1:colcon.colcon_core.environment:checking '/root/sjtu_project/install/sjtu_drone_description/lib/pkgconfig/sjtu_drone_description.pc'
[32.184s] Level 1:colcon.colcon_core.environment:checking '/root/sjtu_project/install/sjtu_drone_description/lib/python3.10/site-packages'
[32.185s] Level 1:colcon.colcon_core.environment:checking '/root/sjtu_project/install/sjtu_drone_description/bin'
[32.185s] INFO:colcon.colcon_core.shell:Creating package script '/root/sjtu_project/install/sjtu_drone_description/share/sjtu_drone_description/package.ps1'
[32.186s] INFO:colcon.colcon_core.shell:Creating package descriptor '/root/sjtu_project/install/sjtu_drone_description/share/sjtu_drone_description/package.dsv'
[32.187s] INFO:colcon.colcon_core.shell:Creating package script '/root/sjtu_project/install/sjtu_drone_description/share/sjtu_drone_description/package.sh'
[32.187s] INFO:colcon.colcon_core.shell:Creating package script '/root/sjtu_project/install/sjtu_drone_description/share/sjtu_drone_description/package.bash'
[32.188s] INFO:colcon.colcon_core.shell:Creating package script '/root/sjtu_project/install/sjtu_drone_description/share/sjtu_drone_description/package.zsh'
[32.188s] Level 1:colcon.colcon_core.environment:create_file_with_runtime_dependencies(/root/sjtu_project/install/sjtu_drone_description/share/colcon-core/packages/sjtu_drone_description)
[32.189s] Level 1:colcon.colcon_core.environment:create_environment_scripts_only(sjtu_drone_description)
[32.189s] Level 1:colcon.colcon_core.environment:checking '/root/sjtu_project/install/sjtu_drone_description' for CMake module files
[32.190s] Level 1:colcon.colcon_core.environment:checking '/root/sjtu_project/install/sjtu_drone_description' for CMake config files
[32.190s] Level 1:colcon.colcon_core.shell:create_environment_hook('sjtu_drone_description', 'cmake_prefix_path')
[32.190s] INFO:colcon.colcon_core.shell:Creating environment hook '/root/sjtu_project/install/sjtu_drone_description/share/sjtu_drone_description/hook/cmake_prefix_path.ps1'
[32.191s] INFO:colcon.colcon_core.shell:Creating environment descriptor '/root/sjtu_project/install/sjtu_drone_description/share/sjtu_drone_description/hook/cmake_prefix_path.dsv'
[32.191s] INFO:colcon.colcon_core.shell:Creating environment hook '/root/sjtu_project/install/sjtu_drone_description/share/sjtu_drone_description/hook/cmake_prefix_path.sh'
[32.192s] Level 1:colcon.colcon_core.environment:checking '/root/sjtu_project/install/sjtu_drone_description/lib'
[32.192s] Level 1:colcon.colcon_core.shell:create_environment_hook('sjtu_drone_description', 'ld_library_path_lib')
[32.192s] INFO:colcon.colcon_core.shell:Creating environment hook '/root/sjtu_project/install/sjtu_drone_description/share/sjtu_drone_description/hook/ld_library_path_lib.ps1'
[32.192s] INFO:colcon.colcon_core.shell:Creating environment descriptor '/root/sjtu_project/install/sjtu_drone_description/share/sjtu_drone_description/hook/ld_library_path_lib.dsv'
[32.193s] INFO:colcon.colcon_core.shell:Creating environment hook '/root/sjtu_project/install/sjtu_drone_description/share/sjtu_drone_description/hook/ld_library_path_lib.sh'
[32.193s] Level 1:colcon.colcon_core.environment:checking '/root/sjtu_project/install/sjtu_drone_description/bin'
[32.193s] Level 1:colcon.colcon_core.environment:checking '/root/sjtu_project/install/sjtu_drone_description/lib/pkgconfig/sjtu_drone_description.pc'
[32.193s] Level 1:colcon.colcon_core.environment:checking '/root/sjtu_project/install/sjtu_drone_description/lib/python3.10/site-packages'
[32.194s] Level 1:colcon.colcon_core.environment:checking '/root/sjtu_project/install/sjtu_drone_description/bin'
[32.194s] INFO:colcon.colcon_core.shell:Creating package script '/root/sjtu_project/install/sjtu_drone_description/share/sjtu_drone_description/package.ps1'
[32.194s] INFO:colcon.colcon_core.shell:Creating package descriptor '/root/sjtu_project/install/sjtu_drone_description/share/sjtu_drone_description/package.dsv'
[32.195s] INFO:colcon.colcon_core.shell:Creating package script '/root/sjtu_project/install/sjtu_drone_description/share/sjtu_drone_description/package.sh'
[32.195s] INFO:colcon.colcon_core.shell:Creating package script '/root/sjtu_project/install/sjtu_drone_description/share/sjtu_drone_description/package.bash'
[32.196s] INFO:colcon.colcon_core.shell:Creating package script '/root/sjtu_project/install/sjtu_drone_description/share/sjtu_drone_description/package.zsh'
[32.196s] Level 1:colcon.colcon_core.environment:create_file_with_runtime_dependencies(/root/sjtu_project/install/sjtu_drone_description/share/colcon-core/packages/sjtu_drone_description)
[32.196s] DEBUG:colcon.colcon_parallel_executor.executor.parallel:closing loop
[32.197s] DEBUG:colcon.colcon_parallel_executor.executor.parallel:loop closed
[32.197s] DEBUG:colcon.colcon_parallel_executor.executor.parallel:run_until_complete finished with '0'
[32.197s] DEBUG:colcon.colcon_core.event_reactor:joining thread
[32.208s] INFO:colcon.colcon_core.plugin_system:Skipping extension 'colcon_notification.desktop_notification.notify_send': Could not find 'notify-send'
[32.208s] INFO:colcon.colcon_core.plugin_system:Skipping extension 'colcon_notification.desktop_notification.terminal_notifier': Not used on non-Darwin systems
[32.208s] INFO:colcon.colcon_core.plugin_system:Skipping extension 'colcon_notification.desktop_notification.win32': Not used on non-Windows systems
[32.208s] INFO:colcon.colcon_notification.desktop_notification:Sending desktop notification using 'notify2'
[32.211s] DEBUG:colcon.colcon_notification.desktop_notification.notify2:Failed to initialize notify2: org.freedesktop.DBus.Error.Spawn.ExecFailed: /usr/bin/dbus-launch terminated abnormally without any error message
[32.211s] DEBUG:colcon.colcon_core.event_reactor:joined thread
[32.212s] INFO:colcon.colcon_core.shell:Creating prefix script '/root/sjtu_project/install/local_setup.ps1'
[32.213s] INFO:colcon.colcon_core.shell:Creating prefix util module '/root/sjtu_project/install/_local_setup_util_ps1.py'
[32.215s] INFO:colcon.colcon_core.shell:Creating prefix chain script '/root/sjtu_project/install/setup.ps1'
[32.217s] INFO:colcon.colcon_core.shell:Creating prefix script '/root/sjtu_project/install/local_setup.sh'
[32.217s] INFO:colcon.colcon_core.shell:Creating prefix util module '/root/sjtu_project/install/_local_setup_util_sh.py'
[32.218s] INFO:colcon.colcon_core.shell:Creating prefix chain script '/root/sjtu_project/install/setup.sh'
[32.219s] INFO:colcon.colcon_core.shell:Creating prefix script '/root/sjtu_project/install/local_setup.bash'
[32.220s] INFO:colcon.colcon_core.shell:Creating prefix chain script '/root/sjtu_project/install/setup.bash'
[32.221s] INFO:colcon.colcon_core.shell:Creating prefix script '/root/sjtu_project/install/local_setup.zsh'
[32.221s] INFO:colcon.colcon_core.shell:Creating prefix chain script '/root/sjtu_project/install/setup.zsh'
