[0.000000] (-) TimerEvent: {}
[0.000203] (-) JobUnselected: {'identifier': 'aws_robomaker_hospital_world'}
[0.000233] (sjtu_drone_bringup) JobQueued: {'identifier': 'sjtu_drone_bringup', 'dependencies': OrderedDict()}
[0.000252] (sjtu_drone_control) JobQueued: {'identifier': 'sjtu_drone_control', 'dependencies': OrderedDict()}
[0.000268] (sjtu_drone_description) JobQueued: {'identifier': 'sjtu_drone_description', 'dependencies': OrderedDict()}
[0.000283] (sjtu_drone_bringup) JobStarted: {'identifier': 'sjtu_drone_bringup'}
[0.008295] (sjtu_drone_control) JobStarted: {'identifier': 'sjtu_drone_control'}
[0.013982] (sjtu_drone_description) JobStarted: {'identifier': 'sjtu_drone_description'}
[0.099443] (-) TimerEvent: {}
[0.199691] (-) TimerEvent: {}
[0.299924] (-) TimerEvent: {}
[0.400235] (-) TimerEvent: {}
[0.401193] (sjtu_drone_description) JobProgress: {'identifier': 'sjtu_drone_description', 'progress': 'cmake'}
[0.401588] (sjtu_drone_description) Command: {'cmd': ['/usr/bin/cmake', '/root/april_gazebo/sjtu_drone/sjtu_drone_description', '-DBUILD_TESTING=OFF', '-DRMW_IMPLEMENTATION=rmw_fastrtps_cpp', '-DCMAKE_INSTALL_PREFIX=/root/april_gazebo/install/sjtu_drone_description'], 'cwd': '/root/april_gazebo/build/sjtu_drone_description', 'env': OrderedDict([('HOSTNAME', 'LP-Boston-12214'), ('SHLVL', '1'), ('LD_LIBRARY_PATH', '/usr/lib/x86_64-linux-gnu/gazebo-11/plugins:/opt/ros/humble/opt/rviz_ogre_vendor/lib:/opt/ros/humble/lib/x86_64-linux-gnu:/opt/ros/humble/lib'), ('HOME', '/root'), ('SKIP_MAP', 'true'), ('OLDPWD', '/ros2_ws'), ('GAZEBO_MASTER_URI', 'http://localhost:11345'), ('ROS_PYTHON_VERSION', '3'), ('ROS_DISTRO', 'humble'), ('_', '/usr/bin/colcon'), ('ROS_VERSION', '2'), ('TERM', 'xterm'), ('GAZEBO_MODEL_PATH', '/usr/share/gazebo-11/models:/root/april_gazebo/aws-robomaker-hospital-world/models:/root/april_gazebo/sjtu_drone/sjtu_drone_description:/root/april_gazebo/sjtu_drone/models'), ('ROS_LOCALHOST_ONLY', '0'), ('QT_X11_NO_MITSHM', '1'), ('PATH', '/opt/ros/humble/bin:/usr/local/sbin:/usr/local/bin:/usr/sbin:/usr/bin:/sbin:/bin'), ('GAZEBO_VERBOSE', '1'), ('DISPLAY', ':1'), ('LANG', 'C.UTF-8'), ('RMW_IMPLEMENTATION', 'rmw_fastrtps_cpp'), ('XAUTHORITY', '/home/shirb/.Xauthority'), ('AMENT_PREFIX_PATH', '/opt/ros/humble'), ('ALSA_CARD', '0'), ('GAZEBO_RESOURCE_PATH', '/usr/share/gazebo-11:/root/april_gazebo/aws-robomaker-hospital-world/worlds:/root/april_gazebo/aws-robomaker-hospital-world'), ('GAZEBO_MODEL_DATABASE_URI', ''), ('GAZEBO_AUDIO_DEVICE', 'null'), ('PWD', '/root/april_gazebo/build/sjtu_drone_description'), ('LC_ALL', 'C.UTF-8'), ('GAZEBO_PLUGIN_PATH', '/usr/lib/x86_64-linux-gnu/gazebo-11/plugins:'), ('PYTHONPATH', '/opt/ros/humble/lib/python3.10/site-packages:/opt/ros/humble/local/lib/python3.10/dist-packages'), ('NVIDIA_VISIBLE_DEVICES', 'all'), ('COLCON', '1'), ('CMAKE_PREFIX_PATH', '/opt/ros/humble')]), 'shell': False}
[0.474893] (sjtu_drone_description) StdoutLine: {'line': b'-- The C compiler identification is GNU 11.4.0\n'}
[0.500334] (-) TimerEvent: {}
[0.531603] (sjtu_drone_description) StdoutLine: {'line': b'-- The CXX compiler identification is GNU 11.4.0\n'}
[0.541635] (sjtu_drone_description) StdoutLine: {'line': b'-- Detecting C compiler ABI info\n'}
[0.600426] (-) TimerEvent: {}
[0.605999] (sjtu_drone_description) StdoutLine: {'line': b'-- Detecting C compiler ABI info - done\n'}
[0.612754] (sjtu_drone_description) StdoutLine: {'line': b'-- Check for working C compiler: /usr/bin/cc - skipped\n'}
[0.613196] (sjtu_drone_description) StdoutLine: {'line': b'-- Detecting C compile features\n'}
[0.613718] (sjtu_drone_description) StdoutLine: {'line': b'-- Detecting C compile features - done\n'}
[0.617258] (sjtu_drone_description) StdoutLine: {'line': b'-- Detecting CXX compiler ABI info\n'}
[0.693616] (sjtu_drone_description) StdoutLine: {'line': b'-- Detecting CXX compiler ABI info - done\n'}
[0.695074] (sjtu_drone_bringup) Command: {'cmd': ['/usr/bin/python3', '-W', 'ignore:setup.py install is deprecated', '-W', 'ignore:easy_install command is deprecated', 'setup.py', 'egg_info', '--egg-base', '../../build/sjtu_drone_bringup', 'build', '--build-base', '/root/april_gazebo/build/sjtu_drone_bringup/build', 'install', '--record', '/root/april_gazebo/build/sjtu_drone_bringup/install.log', '--single-version-externally-managed', 'install_data'], 'cwd': '/root/april_gazebo/sjtu_drone/sjtu_drone_bringup', 'env': {'HOSTNAME': 'LP-Boston-12214', 'SHLVL': '1', 'LD_LIBRARY_PATH': '/usr/lib/x86_64-linux-gnu/gazebo-11/plugins:/opt/ros/humble/opt/rviz_ogre_vendor/lib:/opt/ros/humble/lib/x86_64-linux-gnu:/opt/ros/humble/lib', 'HOME': '/root', 'SKIP_MAP': 'true', 'OLDPWD': '/ros2_ws', 'GAZEBO_MASTER_URI': 'http://localhost:11345', 'ROS_PYTHON_VERSION': '3', 'ROS_DISTRO': 'humble', '_': '/usr/bin/colcon', 'ROS_VERSION': '2', 'TERM': 'xterm', 'GAZEBO_MODEL_PATH': '/usr/share/gazebo-11/models:/root/april_gazebo/aws-robomaker-hospital-world/models:/root/april_gazebo/sjtu_drone/sjtu_drone_description:/root/april_gazebo/sjtu_drone/models', 'ROS_LOCALHOST_ONLY': '0', 'QT_X11_NO_MITSHM': '1', 'PATH': '/opt/ros/humble/bin:/usr/local/sbin:/usr/local/bin:/usr/sbin:/usr/bin:/sbin:/bin', 'GAZEBO_VERBOSE': '1', 'DISPLAY': ':1', 'LANG': 'C.UTF-8', 'RMW_IMPLEMENTATION': 'rmw_fastrtps_cpp', 'XAUTHORITY': '/home/shirb/.Xauthority', 'AMENT_PREFIX_PATH': '/opt/ros/humble', 'ALSA_CARD': '0', 'GAZEBO_RESOURCE_PATH': '/usr/share/gazebo-11:/root/april_gazebo/aws-robomaker-hospital-world/worlds:/root/april_gazebo/aws-robomaker-hospital-world', 'GAZEBO_MODEL_DATABASE_URI': '', 'GAZEBO_AUDIO_DEVICE': 'null', 'PWD': '/root/april_gazebo/build/sjtu_drone_bringup', 'LC_ALL': 'C.UTF-8', 'GAZEBO_PLUGIN_PATH': '/usr/lib/x86_64-linux-gnu/gazebo-11/plugins:', 'PYTHONPATH': '/root/april_gazebo/build/sjtu_drone_bringup/prefix_override:/usr/lib/python3/dist-packages/colcon_core/task/python/colcon_distutils_commands:/root/april_gazebo/install/sjtu_drone_bringup/lib/python3.10/site-packages:/opt/ros/humble/lib/python3.10/site-packages:/opt/ros/humble/local/lib/python3.10/dist-packages', 'NVIDIA_VISIBLE_DEVICES': 'all', 'COLCON': '1'}, 'shell': False}
[0.697344] (sjtu_drone_control) Command: {'cmd': ['/usr/bin/python3', '-W', 'ignore:setup.py install is deprecated', '-W', 'ignore:easy_install command is deprecated', 'setup.py', 'egg_info', '--egg-base', '../../build/sjtu_drone_control', 'build', '--build-base', '/root/april_gazebo/build/sjtu_drone_control/build', 'install', '--record', '/root/april_gazebo/build/sjtu_drone_control/install.log', '--single-version-externally-managed', 'install_data'], 'cwd': '/root/april_gazebo/sjtu_drone/sjtu_drone_control', 'env': {'HOSTNAME': 'LP-Boston-12214', 'SHLVL': '1', 'LD_LIBRARY_PATH': '/usr/lib/x86_64-linux-gnu/gazebo-11/plugins:/opt/ros/humble/opt/rviz_ogre_vendor/lib:/opt/ros/humble/lib/x86_64-linux-gnu:/opt/ros/humble/lib', 'HOME': '/root', 'SKIP_MAP': 'true', 'OLDPWD': '/ros2_ws', 'GAZEBO_MASTER_URI': 'http://localhost:11345', 'ROS_PYTHON_VERSION': '3', 'ROS_DISTRO': 'humble', '_': '/usr/bin/colcon', 'ROS_VERSION': '2', 'TERM': 'xterm', 'GAZEBO_MODEL_PATH': '/usr/share/gazebo-11/models:/root/april_gazebo/aws-robomaker-hospital-world/models:/root/april_gazebo/sjtu_drone/sjtu_drone_description:/root/april_gazebo/sjtu_drone/models', 'ROS_LOCALHOST_ONLY': '0', 'QT_X11_NO_MITSHM': '1', 'PATH': '/opt/ros/humble/bin:/usr/local/sbin:/usr/local/bin:/usr/sbin:/usr/bin:/sbin:/bin', 'GAZEBO_VERBOSE': '1', 'DISPLAY': ':1', 'LANG': 'C.UTF-8', 'RMW_IMPLEMENTATION': 'rmw_fastrtps_cpp', 'XAUTHORITY': '/home/shirb/.Xauthority', 'AMENT_PREFIX_PATH': '/opt/ros/humble', 'ALSA_CARD': '0', 'GAZEBO_RESOURCE_PATH': '/usr/share/gazebo-11:/root/april_gazebo/aws-robomaker-hospital-world/worlds:/root/april_gazebo/aws-robomaker-hospital-world', 'GAZEBO_MODEL_DATABASE_URI': '', 'GAZEBO_AUDIO_DEVICE': 'null', 'PWD': '/root/april_gazebo/build/sjtu_drone_control', 'LC_ALL': 'C.UTF-8', 'GAZEBO_PLUGIN_PATH': '/usr/lib/x86_64-linux-gnu/gazebo-11/plugins:', 'PYTHONPATH': '/root/april_gazebo/build/sjtu_drone_control/prefix_override:/usr/lib/python3/dist-packages/colcon_core/task/python/colcon_distutils_commands:/root/april_gazebo/install/sjtu_drone_control/lib/python3.10/site-packages:/opt/ros/humble/lib/python3.10/site-packages:/opt/ros/humble/local/lib/python3.10/dist-packages', 'NVIDIA_VISIBLE_DEVICES': 'all', 'COLCON': '1'}, 'shell': False}
[0.700509] (sjtu_drone_description) StdoutLine: {'line': b'-- Check for working CXX compiler: /usr/bin/c++ - skipped\n'}
[0.700635] (-) TimerEvent: {}
[0.700768] (sjtu_drone_description) StdoutLine: {'line': b'-- Detecting CXX compile features\n'}
[0.701356] (sjtu_drone_description) StdoutLine: {'line': b'-- Detecting CXX compile features - done\n'}
[0.706954] (sjtu_drone_description) StdoutLine: {'line': b'-- Found PkgConfig: /usr/bin/pkg-config (found version "0.29.2") \n'}
[0.707498] (sjtu_drone_description) StdoutLine: {'line': b"-- Checking for module 'OGRE'\n"}
[0.718793] (sjtu_drone_description) StdoutLine: {'line': b'--   Found OGRE, version 1.9.0\n'}
[0.750515] (sjtu_drone_description) StdoutLine: {'line': b"-- Checking for module 'OGRE-Terrain'\n"}
[0.762555] (sjtu_drone_description) StdoutLine: {'line': b'--   Found OGRE-Terrain, version 1.9.0\n'}
[0.795168] (sjtu_drone_description) StdoutLine: {'line': b'-- Found ament_cmake: 1.3.12 (/opt/ros/humble/share/ament_cmake/cmake)\n'}
[0.800741] (-) TimerEvent: {}
[0.879552] (sjtu_drone_bringup) StdoutLine: {'line': b'running egg_info\n'}
[0.880207] (sjtu_drone_bringup) StdoutLine: {'line': b'creating ../../build/sjtu_drone_bringup/sjtu_drone_bringup.egg-info\n'}
[0.880412] (sjtu_drone_bringup) StdoutLine: {'line': b'writing ../../build/sjtu_drone_bringup/sjtu_drone_bringup.egg-info/PKG-INFO\n'}
[0.880585] (sjtu_drone_bringup) StdoutLine: {'line': b'writing dependency_links to ../../build/sjtu_drone_bringup/sjtu_drone_bringup.egg-info/dependency_links.txt\n'}
[0.880676] (sjtu_drone_bringup) StdoutLine: {'line': b'writing entry points to ../../build/sjtu_drone_bringup/sjtu_drone_bringup.egg-info/entry_points.txt\n'}
[0.880771] (sjtu_drone_bringup) StdoutLine: {'line': b'writing requirements to ../../build/sjtu_drone_bringup/sjtu_drone_bringup.egg-info/requires.txt\n'}
[0.880838] (sjtu_drone_bringup) StdoutLine: {'line': b'writing top-level names to ../../build/sjtu_drone_bringup/sjtu_drone_bringup.egg-info/top_level.txt\n'}
[0.880920] (sjtu_drone_bringup) StdoutLine: {'line': b"writing manifest file '../../build/sjtu_drone_bringup/sjtu_drone_bringup.egg-info/SOURCES.txt'\n"}
[0.881691] (sjtu_drone_control) StdoutLine: {'line': b'running egg_info\n'}
[0.882236] (sjtu_drone_bringup) StdoutLine: {'line': b"reading manifest file '../../build/sjtu_drone_bringup/sjtu_drone_bringup.egg-info/SOURCES.txt'\n"}
[0.882416] (sjtu_drone_control) StdoutLine: {'line': b'creating ../../build/sjtu_drone_control/sjtu_drone_control.egg-info\n'}
[0.882582] (sjtu_drone_control) StdoutLine: {'line': b'writing ../../build/sjtu_drone_control/sjtu_drone_control.egg-info/PKG-INFO\n'}
[0.882721] (sjtu_drone_control) StdoutLine: {'line': b'writing dependency_links to ../../build/sjtu_drone_control/sjtu_drone_control.egg-info/dependency_links.txt\n'}
[0.882862] (sjtu_drone_control) StdoutLine: {'line': b'writing entry points to ../../build/sjtu_drone_control/sjtu_drone_control.egg-info/entry_points.txt\n'}
[0.883016] (sjtu_drone_control) StdoutLine: {'line': b'writing requirements to ../../build/sjtu_drone_control/sjtu_drone_control.egg-info/requires.txt\n'}
[0.883139] (sjtu_drone_control) StdoutLine: {'line': b'writing top-level names to ../../build/sjtu_drone_control/sjtu_drone_control.egg-info/top_level.txt\n'}
[0.883241] (sjtu_drone_control) StdoutLine: {'line': b"writing manifest file '../../build/sjtu_drone_control/sjtu_drone_control.egg-info/SOURCES.txt'\n"}
[0.883392] (sjtu_drone_bringup) StdoutLine: {'line': b"writing manifest file '../../build/sjtu_drone_bringup/sjtu_drone_bringup.egg-info/SOURCES.txt'\n"}
[0.883545] (sjtu_drone_bringup) StdoutLine: {'line': b'running build\n'}
[0.883655] (sjtu_drone_bringup) StdoutLine: {'line': b'running build_py\n'}
[0.883812] (sjtu_drone_bringup) StdoutLine: {'line': b'creating /root/april_gazebo/build/sjtu_drone_bringup/build\n'}
[0.883966] (sjtu_drone_bringup) StdoutLine: {'line': b'creating /root/april_gazebo/build/sjtu_drone_bringup/build/lib\n'}
[0.884123] (sjtu_drone_bringup) StdoutLine: {'line': b'creating /root/april_gazebo/build/sjtu_drone_bringup/build/lib/sjtu_drone_bringup\n'}
[0.884235] (sjtu_drone_bringup) StdoutLine: {'line': b'copying sjtu_drone_bringup/__init__.py -> /root/april_gazebo/build/sjtu_drone_bringup/build/lib/sjtu_drone_bringup\n'}
[0.884344] (sjtu_drone_bringup) StdoutLine: {'line': b'copying sjtu_drone_bringup/spawn_drone.py -> /root/april_gazebo/build/sjtu_drone_bringup/build/lib/sjtu_drone_bringup\n'}
[0.884472] (sjtu_drone_bringup) StdoutLine: {'line': b'running install\n'}
[0.884606] (sjtu_drone_control) StdoutLine: {'line': b"reading manifest file '../../build/sjtu_drone_control/sjtu_drone_control.egg-info/SOURCES.txt'\n"}
[0.884755] (sjtu_drone_bringup) StdoutLine: {'line': b'running install_lib\n'}
[0.885062] (sjtu_drone_control) StdoutLine: {'line': b"writing manifest file '../../build/sjtu_drone_control/sjtu_drone_control.egg-info/SOURCES.txt'\n"}
[0.885230] (sjtu_drone_control) StdoutLine: {'line': b'running build\n'}
[0.885354] (sjtu_drone_control) StdoutLine: {'line': b'running build_py\n'}
[0.885518] (sjtu_drone_control) StdoutLine: {'line': b'creating /root/april_gazebo/build/sjtu_drone_control/build\n'}
[0.885702] (sjtu_drone_control) StdoutLine: {'line': b'creating /root/april_gazebo/build/sjtu_drone_control/build/lib\n'}
[0.885903] (sjtu_drone_control) StdoutLine: {'line': b'creating /root/april_gazebo/build/sjtu_drone_control/build/lib/sjtu_drone_control\n'}
[0.886035] (sjtu_drone_control) StdoutLine: {'line': b'copying sjtu_drone_control/open_loop_control.py -> /root/april_gazebo/build/sjtu_drone_control/build/lib/sjtu_drone_control\n'}
[0.886180] (sjtu_drone_control) StdoutLine: {'line': b'copying sjtu_drone_control/__init__.py -> /root/april_gazebo/build/sjtu_drone_control/build/lib/sjtu_drone_control\n'}
[0.886293] (sjtu_drone_bringup) StdoutLine: {'line': b'creating /root/april_gazebo/install/sjtu_drone_bringup/lib/python3.10/site-packages/sjtu_drone_bringup\n'}
[0.886401] (sjtu_drone_control) StdoutLine: {'line': b'copying sjtu_drone_control/drone_position_control.py -> /root/april_gazebo/build/sjtu_drone_control/build/lib/sjtu_drone_control\n'}
[0.886539] (sjtu_drone_bringup) StdoutLine: {'line': b'copying /root/april_gazebo/build/sjtu_drone_bringup/build/lib/sjtu_drone_bringup/__init__.py -> /root/april_gazebo/install/sjtu_drone_bringup/lib/python3.10/site-packages/sjtu_drone_bringup\n'}
[0.886661] (sjtu_drone_control) StdoutLine: {'line': b'copying sjtu_drone_control/teleop.py -> /root/april_gazebo/build/sjtu_drone_control/build/lib/sjtu_drone_control\n'}
[0.886792] (sjtu_drone_control) StdoutLine: {'line': b'copying sjtu_drone_control/teleop_joystick.py -> /root/april_gazebo/build/sjtu_drone_control/build/lib/sjtu_drone_control\n'}
[0.886945] (sjtu_drone_bringup) StdoutLine: {'line': b'copying /root/april_gazebo/build/sjtu_drone_bringup/build/lib/sjtu_drone_bringup/spawn_drone.py -> /root/april_gazebo/install/sjtu_drone_bringup/lib/python3.10/site-packages/sjtu_drone_bringup\n'}
[0.887068] (sjtu_drone_control) StdoutLine: {'line': b'running install\n'}
[0.887232] (sjtu_drone_control) StdoutLine: {'line': b'running install_lib\n'}
[0.887377] (sjtu_drone_bringup) StdoutLine: {'line': b'byte-compiling /root/april_gazebo/install/sjtu_drone_bringup/lib/python3.10/site-packages/sjtu_drone_bringup/__init__.py to __init__.cpython-310.pyc\n'}
[0.887525] (sjtu_drone_bringup) StdoutLine: {'line': b'byte-compiling /root/april_gazebo/install/sjtu_drone_bringup/lib/python3.10/site-packages/sjtu_drone_bringup/spawn_drone.py to spawn_drone.cpython-310.pyc\n'}
[0.887661] (sjtu_drone_control) StdoutLine: {'line': b'creating /root/april_gazebo/install/sjtu_drone_control/lib/python3.10/site-packages/sjtu_drone_control\n'}
[0.887791] (sjtu_drone_control) StdoutLine: {'line': b'copying /root/april_gazebo/build/sjtu_drone_control/build/lib/sjtu_drone_control/open_loop_control.py -> /root/april_gazebo/install/sjtu_drone_control/lib/python3.10/site-packages/sjtu_drone_control\n'}
[0.887989] (sjtu_drone_control) StdoutLine: {'line': b'copying /root/april_gazebo/build/sjtu_drone_control/build/lib/sjtu_drone_control/__init__.py -> /root/april_gazebo/install/sjtu_drone_control/lib/python3.10/site-packages/sjtu_drone_control\n'}
[0.888144] (sjtu_drone_control) StdoutLine: {'line': b'copying /root/april_gazebo/build/sjtu_drone_control/build/lib/sjtu_drone_control/drone_position_control.py -> /root/april_gazebo/install/sjtu_drone_control/lib/python3.10/site-packages/sjtu_drone_control\n'}
[0.888289] (sjtu_drone_control) StdoutLine: {'line': b'copying /root/april_gazebo/build/sjtu_drone_control/build/lib/sjtu_drone_control/teleop.py -> /root/april_gazebo/install/sjtu_drone_control/lib/python3.10/site-packages/sjtu_drone_control\n'}
[0.888434] (sjtu_drone_control) StdoutLine: {'line': b'copying /root/april_gazebo/build/sjtu_drone_control/build/lib/sjtu_drone_control/teleop_joystick.py -> /root/april_gazebo/install/sjtu_drone_control/lib/python3.10/site-packages/sjtu_drone_control\n'}
[0.888587] (sjtu_drone_bringup) StdoutLine: {'line': b'running install_data\n'}
[0.888753] (sjtu_drone_control) StdoutLine: {'line': b'byte-compiling /root/april_gazebo/install/sjtu_drone_control/lib/python3.10/site-packages/sjtu_drone_control/open_loop_control.py to open_loop_control.cpython-310.pyc\n'}
[0.888885] (sjtu_drone_bringup) StdoutLine: {'line': b'creating /root/april_gazebo/install/sjtu_drone_bringup/share/ament_index\n'}
[0.889039] (sjtu_drone_bringup) StdoutLine: {'line': b'creating /root/april_gazebo/install/sjtu_drone_bringup/share/ament_index/resource_index\n'}
[0.889164] (sjtu_drone_bringup) StdoutLine: {'line': b'creating /root/april_gazebo/install/sjtu_drone_bringup/share/ament_index/resource_index/packages\n'}
[0.889265] (sjtu_drone_bringup) StdoutLine: {'line': b'copying resource/sjtu_drone_bringup -> /root/april_gazebo/install/sjtu_drone_bringup/share/ament_index/resource_index/packages\n'}
[0.889376] (sjtu_drone_bringup) StdoutLine: {'line': b'copying package.xml -> /root/april_gazebo/install/sjtu_drone_bringup/share/sjtu_drone_bringup\n'}
[0.889478] (sjtu_drone_bringup) StdoutLine: {'line': b'creating /root/april_gazebo/install/sjtu_drone_bringup/share/sjtu_drone_bringup/launch\n'}
[0.889587] (sjtu_drone_bringup) StdoutLine: {'line': b'copying launch/sjtu_drone_bringup.launch.py -> /root/april_gazebo/install/sjtu_drone_bringup/share/sjtu_drone_bringup/launch\n'}
[0.889687] (sjtu_drone_bringup) StdoutLine: {'line': b'copying launch/sjtu_drone_gazebo.launch.py -> /root/april_gazebo/install/sjtu_drone_bringup/share/sjtu_drone_bringup/launch\n'}
[0.889796] (sjtu_drone_bringup) StdoutLine: {'line': b'creating /root/april_gazebo/install/sjtu_drone_bringup/share/sjtu_drone_bringup/rviz\n'}
[0.889898] (sjtu_drone_bringup) StdoutLine: {'line': b'copying rviz/rviz.rviz -> /root/april_gazebo/install/sjtu_drone_bringup/share/sjtu_drone_bringup/rviz\n'}
[0.890023] (sjtu_drone_bringup) StdoutLine: {'line': b'creating /root/april_gazebo/install/sjtu_drone_bringup/share/sjtu_drone_bringup/config\n'}
[0.890140] (sjtu_drone_bringup) StdoutLine: {'line': b'copying config/drone.yaml -> /root/april_gazebo/install/sjtu_drone_bringup/share/sjtu_drone_bringup/config\n'}
[0.890234] (sjtu_drone_bringup) StdoutLine: {'line': b'running install_egg_info\n'}
[0.890402] (sjtu_drone_control) StdoutLine: {'line': b'byte-compiling /root/april_gazebo/install/sjtu_drone_control/lib/python3.10/site-packages/sjtu_drone_control/__init__.py to __init__.cpython-310.pyc\n'}
[0.890571] (sjtu_drone_control) StdoutLine: {'line': b'byte-compiling /root/april_gazebo/install/sjtu_drone_control/lib/python3.10/site-packages/sjtu_drone_control/drone_position_control.py to drone_position_control.cpython-310.pyc\n'}
[0.890924] (sjtu_drone_control) StdoutLine: {'line': b'byte-compiling /root/april_gazebo/install/sjtu_drone_control/lib/python3.10/site-packages/sjtu_drone_control/teleop.py to teleop.cpython-310.pyc\n'}
[0.891657] (sjtu_drone_control) StdoutLine: {'line': b'byte-compiling /root/april_gazebo/install/sjtu_drone_control/lib/python3.10/site-packages/sjtu_drone_control/teleop_joystick.py to teleop_joystick.cpython-310.pyc\n'}
[0.892068] (sjtu_drone_control) StdoutLine: {'line': b'running install_data\n'}
[0.892248] (sjtu_drone_control) StdoutLine: {'line': b'creating /root/april_gazebo/install/sjtu_drone_control/share/ament_index\n'}
[0.892360] (sjtu_drone_control) StdoutLine: {'line': b'creating /root/april_gazebo/install/sjtu_drone_control/share/ament_index/resource_index\n'}
[0.892535] (sjtu_drone_control) StdoutLine: {'line': b'creating /root/april_gazebo/install/sjtu_drone_control/share/ament_index/resource_index/packages\n'}
[0.892694] (sjtu_drone_control) StdoutLine: {'line': b'copying resource/sjtu_drone_control -> /root/april_gazebo/install/sjtu_drone_control/share/ament_index/resource_index/packages\n'}
[0.892815] (sjtu_drone_control) StdoutLine: {'line': b'copying package.xml -> /root/april_gazebo/install/sjtu_drone_control/share/sjtu_drone_control\n'}
[0.892948] (sjtu_drone_control) StdoutLine: {'line': b'running install_egg_info\n'}
[0.893083] (sjtu_drone_bringup) StdoutLine: {'line': b'Copying ../../build/sjtu_drone_bringup/sjtu_drone_bringup.egg-info to /root/april_gazebo/install/sjtu_drone_bringup/lib/python3.10/site-packages/sjtu_drone_bringup-0.0.0-py3.10.egg-info\n'}
[0.893677] (sjtu_drone_bringup) StdoutLine: {'line': b'running install_scripts\n'}
[0.894020] (sjtu_drone_control) StdoutLine: {'line': b'Copying ../../build/sjtu_drone_control/sjtu_drone_control.egg-info to /root/april_gazebo/install/sjtu_drone_control/lib/python3.10/site-packages/sjtu_drone_control-0.0.0-py3.10.egg-info\n'}
[0.894855] (sjtu_drone_control) StdoutLine: {'line': b'running install_scripts\n'}
[0.900831] (-) TimerEvent: {}
[0.912929] (sjtu_drone_bringup) StdoutLine: {'line': b'Installing spawn_drone script to /root/april_gazebo/install/sjtu_drone_bringup/lib/sjtu_drone_bringup\n'}
[0.913212] (sjtu_drone_control) StdoutLine: {'line': b'Installing drone_position_control script to /root/april_gazebo/install/sjtu_drone_control/lib/sjtu_drone_control\n'}
[0.913449] (sjtu_drone_bringup) StdoutLine: {'line': b"writing list of installed files to '/root/april_gazebo/build/sjtu_drone_bringup/install.log'\n"}
[0.913599] (sjtu_drone_control) StdoutLine: {'line': b'Installing open_loop_control script to /root/april_gazebo/install/sjtu_drone_control/lib/sjtu_drone_control\n'}
[0.913760] (sjtu_drone_control) StdoutLine: {'line': b'Installing teleop script to /root/april_gazebo/install/sjtu_drone_control/lib/sjtu_drone_control\n'}
[0.913857] (sjtu_drone_control) StdoutLine: {'line': b'Installing teleop_joystick script to /root/april_gazebo/install/sjtu_drone_control/lib/sjtu_drone_control\n'}
[0.913947] (sjtu_drone_control) StdoutLine: {'line': b"writing list of installed files to '/root/april_gazebo/build/sjtu_drone_control/install.log'\n"}
[0.937101] (sjtu_drone_control) CommandEnded: {'returncode': 0}
[0.939843] (sjtu_drone_description) StdoutLine: {'line': b'-- Found Python3: /usr/bin/python3 (found version "3.10.12") found components: Interpreter \n'}
[0.947920] (sjtu_drone_control) JobEnded: {'identifier': 'sjtu_drone_control', 'rc': 0}
[0.948495] (sjtu_drone_bringup) CommandEnded: {'returncode': 0}
[0.953394] (sjtu_drone_bringup) JobEnded: {'identifier': 'sjtu_drone_bringup', 'rc': 0}
[1.000915] (-) TimerEvent: {}
[1.029708] (sjtu_drone_description) StdoutLine: {'line': b'-- Found ament_cmake_ros: 0.10.0 (/opt/ros/humble/share/ament_cmake_ros/cmake)\n'}
[1.040371] (sjtu_drone_description) StdoutLine: {'line': b'-- Found rclcpp: 16.0.15 (/opt/ros/humble/share/rclcpp/cmake)\n'}
[1.077866] (sjtu_drone_description) StdoutLine: {'line': b'-- Found rosidl_generator_c: 3.1.7 (/opt/ros/humble/share/rosidl_generator_c/cmake)\n'}
[1.082080] (sjtu_drone_description) StdoutLine: {'line': b'-- Found rosidl_adapter: 3.1.7 (/opt/ros/humble/share/rosidl_adapter/cmake)\n'}
[1.089384] (sjtu_drone_description) StdoutLine: {'line': b'-- Found rosidl_generator_cpp: 3.1.7 (/opt/ros/humble/share/rosidl_generator_cpp/cmake)\n'}
[1.100991] (-) TimerEvent: {}
[1.101293] (sjtu_drone_description) StdoutLine: {'line': b'-- Using all available rosidl_typesupport_c: rosidl_typesupport_fastrtps_c;rosidl_typesupport_introspection_c\n'}
[1.116904] (sjtu_drone_description) StdoutLine: {'line': b'-- Using all available rosidl_typesupport_cpp: rosidl_typesupport_fastrtps_cpp;rosidl_typesupport_introspection_cpp\n'}
[1.161436] (sjtu_drone_description) StdoutLine: {'line': b'-- Found rmw_implementation_cmake: 6.1.2 (/opt/ros/humble/share/rmw_implementation_cmake/cmake)\n'}
[1.164638] (sjtu_drone_description) StdoutLine: {'line': b'-- Found rmw_fastrtps_cpp: 6.2.8 (/opt/ros/humble/share/rmw_fastrtps_cpp/cmake)\n'}
[1.201068] (-) TimerEvent: {}
[1.246624] (sjtu_drone_description) StdoutLine: {'line': b'-- Found OpenSSL: /usr/lib/x86_64-linux-gnu/libcrypto.so (found version "3.0.2")  \n'}
[1.270474] (sjtu_drone_description) StdoutLine: {'line': b'-- Found FastRTPS: /opt/ros/humble/include  \n'}
[1.301146] (-) TimerEvent: {}
[1.307711] (sjtu_drone_description) StdoutLine: {'line': b"-- Using RMW implementation 'rmw_fastrtps_cpp' as default\n"}
[1.316813] (sjtu_drone_description) StdoutLine: {'line': b'-- Looking for pthread.h\n'}
[1.389075] (sjtu_drone_description) StdoutLine: {'line': b'-- Looking for pthread.h - found\n'}
[1.389369] (sjtu_drone_description) StdoutLine: {'line': b'-- Performing Test CMAKE_HAVE_LIBC_PTHREAD\n'}
[1.401231] (-) TimerEvent: {}
[1.487112] (sjtu_drone_description) StdoutLine: {'line': b'-- Performing Test CMAKE_HAVE_LIBC_PTHREAD - Success\n'}
[1.489143] (sjtu_drone_description) StdoutLine: {'line': b'-- Found Threads: TRUE  \n'}
[1.501325] (-) TimerEvent: {}
[1.548022] (sjtu_drone_description) StdoutLine: {'line': b'-- Found gazebo_ros: 3.9.0 (/opt/ros/humble/share/gazebo_ros/cmake)\n'}
[1.559385] (sjtu_drone_description) StdoutLine: {'line': b"-- Checking for module 'bullet>=2.82'\n"}
[1.570275] (sjtu_drone_description) StdoutLine: {'line': b'--   Found bullet, version 3.05\n'}
[1.601428] (-) TimerEvent: {}
[1.663051] (sjtu_drone_description) StdoutLine: {'line': b'-- Found fcl: /usr/include (found suitable version "0.7.0", minimum required is "0.5.0") \n'}
[1.701563] (-) TimerEvent: {}
[1.705542] (sjtu_drone_description) StdoutLine: {'line': b'-- Found assimp: /usr/include (found version "5.2.0") \n'}
[1.725469] (sjtu_drone_description) StdoutLine: {'line': b'-- Found DART: /usr/include (Required is at least version "6.6") found components: dart \n'}
[1.749744] (sjtu_drone_description) StdoutLine: {'line': b'-- Found Boost: /usr/lib/x86_64-linux-gnu/cmake/Boost-1.74.0/BoostConfig.cmake (found suitable version "1.74.0", minimum required is "1.40.0") found components: thread system filesystem program_options regex iostreams date_time \n'}
[1.774550] (sjtu_drone_description) StdoutLine: {'line': b'-- Found Protobuf: /usr/lib/x86_64-linux-gnu/libprotobuf.so (found version "3.12.4") \n'}
[1.778851] (sjtu_drone_description) StdoutLine: {'line': b'-- Looking for ignition-math6 -- found version 6.15.1\n'}
[1.786319] (sjtu_drone_description) StdoutLine: {'line': b'-- Searching for dependencies of ignition-math6\n'}
[1.787853] (sjtu_drone_description) StdoutLine: {'line': b'-- Looking for OGRE...\n'}
[1.788237] (sjtu_drone_description) StdoutLine: {'line': b'-- OGRE_PREFIX_WATCH changed.\n'}
[1.792765] (sjtu_drone_description) StdoutLine: {'line': b"-- Checking for module 'OGRE'\n"}
[1.801635] (-) TimerEvent: {}
[1.803675] (sjtu_drone_description) StdoutLine: {'line': b'--   Found OGRE, version 1.9.0\n'}
[1.833648] (sjtu_drone_description) StdoutLine: {'line': b'-- Found Ogre Ghadamon (1.9.0)\n'}
[1.847129] (sjtu_drone_description) StdoutLine: {'line': b'-- Looking for OGRE_Paging...\n'}
[1.849820] (sjtu_drone_description) StdoutLine: {'line': b'-- Found OGRE_Paging: optimized;/usr/lib/x86_64-linux-gnu/libOgrePaging.so;debug;/usr/lib/x86_64-linux-gnu/libOgrePaging.so\n'}
[1.849955] (sjtu_drone_description) StdoutLine: {'line': b'-- Looking for OGRE_Terrain...\n'}
[1.852351] (sjtu_drone_description) StdoutLine: {'line': b'-- Found OGRE_Terrain: optimized;/usr/lib/x86_64-linux-gnu/libOgreTerrain.so;debug;/usr/lib/x86_64-linux-gnu/libOgreTerrain.so\n'}
[1.852490] (sjtu_drone_description) StdoutLine: {'line': b'-- Looking for OGRE_Property...\n'}
[1.854895] (sjtu_drone_description) StdoutLine: {'line': b'-- Found OGRE_Property: optimized;/usr/lib/x86_64-linux-gnu/libOgreProperty.so;debug;/usr/lib/x86_64-linux-gnu/libOgreProperty.so\n'}
[1.855029] (sjtu_drone_description) StdoutLine: {'line': b'-- Looking for OGRE_RTShaderSystem...\n'}
[1.857299] (sjtu_drone_description) StdoutLine: {'line': b'-- Found OGRE_RTShaderSystem: optimized;/usr/lib/x86_64-linux-gnu/libOgreRTShaderSystem.so;debug;/usr/lib/x86_64-linux-gnu/libOgreRTShaderSystem.so\n'}
[1.857425] (sjtu_drone_description) StdoutLine: {'line': b'-- Looking for OGRE_Volume...\n'}
[1.859777] (sjtu_drone_description) StdoutLine: {'line': b'-- Found OGRE_Volume: optimized;/usr/lib/x86_64-linux-gnu/libOgreVolume.so;debug;/usr/lib/x86_64-linux-gnu/libOgreVolume.so\n'}
[1.859902] (sjtu_drone_description) StdoutLine: {'line': b'-- Looking for OGRE_Overlay...\n'}
[1.862195] (sjtu_drone_description) StdoutLine: {'line': b'-- Found OGRE_Overlay: optimized;/usr/lib/x86_64-linux-gnu/libOgreOverlay.so;debug;/usr/lib/x86_64-linux-gnu/libOgreOverlay.so\n'}
[1.901707] (-) TimerEvent: {}
[1.921941] (sjtu_drone_description) StdoutLine: {'line': b'-- Looking for ignition-math6 -- found version 6.15.1\n'}
[1.923772] (sjtu_drone_description) StdoutLine: {'line': b'-- Looking for ignition-transport8 -- found version 8.2.1\n'}
[1.924276] (sjtu_drone_description) StdoutLine: {'line': b'-- Searching for dependencies of ignition-transport8\n'}
[1.941058] (sjtu_drone_description) StdoutLine: {'line': b'-- Found Protobuf: /usr/lib/x86_64-linux-gnu/libprotobuf.so (found suitable version "3.12.4", minimum required is "3") \n'}
[1.967048] (sjtu_drone_description) StdoutLine: {'line': b'-- Config-file not installed for ZeroMQ -- checking for pkg-config\n'}
[1.972727] (sjtu_drone_description) StdoutLine: {'line': b"-- Checking for module 'libzmq >= 4'\n"}
[1.986432] (sjtu_drone_description) StdoutLine: {'line': b'--   Found libzmq , version 4.3.4\n'}
[2.001793] (-) TimerEvent: {}
[2.019040] (sjtu_drone_description) StdoutLine: {'line': b'-- Found ZeroMQ: TRUE (Required is at least version "4") \n'}
[2.024107] (sjtu_drone_description) StdoutLine: {'line': b"-- Checking for module 'uuid'\n"}
[2.035284] (sjtu_drone_description) StdoutLine: {'line': b'--   Found uuid, version 2.37.2\n'}
[2.064321] (sjtu_drone_description) StdoutLine: {'line': b'-- Found UUID: TRUE  \n'}
[2.066689] (sjtu_drone_description) StdoutLine: {'line': b'-- Looking for ignition-msgs5 -- found version 5.8.1\n'}
[2.067215] (sjtu_drone_description) StdoutLine: {'line': b'-- Searching for dependencies of ignition-msgs5\n'}
[2.084845] (sjtu_drone_description) StdoutLine: {'line': b'-- Looking for ignition-math6 -- found version 6.15.1\n'}
[2.089411] (sjtu_drone_description) StdoutLine: {'line': b"-- Checking for module 'tinyxml2'\n"}
[2.100471] (sjtu_drone_description) StdoutLine: {'line': b'--   Found tinyxml2, version 9.0.0\n'}
[2.101895] (-) TimerEvent: {}
[2.130841] (sjtu_drone_description) StdoutLine: {'line': b'-- Looking for ignition-msgs5 -- found version 5.8.1\n'}
[2.132778] (sjtu_drone_description) StdoutLine: {'line': b'-- Looking for ignition-common3 -- found version 3.14.0\n'}
[2.133315] (sjtu_drone_description) StdoutLine: {'line': b'-- Searching for dependencies of ignition-common3\n'}
[2.133732] (sjtu_drone_description) StdoutLine: {'line': b'-- Looking for dlfcn.h - found\n'}
[2.134122] (sjtu_drone_description) StdoutLine: {'line': b'-- Looking for libdl - found\n'}
[2.135419] (sjtu_drone_description) StdoutLine: {'line': b'-- Found DL: TRUE  \n'}
[2.145410] (sjtu_drone_description) StdoutLine: {'line': b'-- Found tinyobjloader: /usr/lib/x86_64-linux-gnu/cmake/tinyobjloader/tinyobjloader-config.cmake (found version "2.0.0") \n'}
[2.146164] (sjtu_drone_description) StdoutLine: {'line': b'-- Searching for <ignition-common3> component [graphics]\n'}
[2.148108] (sjtu_drone_description) StdoutLine: {'line': b'-- Looking for ignition-common3-graphics -- found version 3.14.0\n'}
[2.148677] (sjtu_drone_description) StdoutLine: {'line': b'-- Searching for dependencies of ignition-common3-graphics\n'}
[2.149114] (sjtu_drone_description) StdoutLine: {'line': b'-- Looking for ignition-math6 -- found version 6.15.1\n'}
[2.151661] (sjtu_drone_description) StdoutLine: {'line': b'-- Looking for ignition-fuel_tools4 -- found version 4.4.0\n'}
[2.152108] (sjtu_drone_description) StdoutLine: {'line': b'-- Searching for dependencies of ignition-fuel_tools4\n'}
[2.202007] (-) TimerEvent: {}
[2.219665] (sjtu_drone_description) StdoutLine: {'line': b'-- Found CURL: /usr/lib/x86_64-linux-gnu/libcurl.so (found version "7.81.0")  \n'}
[2.227664] (sjtu_drone_description) StdoutLine: {'line': b"-- Checking for module 'jsoncpp'\n"}
[2.239902] (sjtu_drone_description) StdoutLine: {'line': b'--   Found jsoncpp, version 1.9.5\n'}
[2.269947] (sjtu_drone_description) StdoutLine: {'line': b'-- Found JSONCPP: TRUE  \n'}
[2.275193] (sjtu_drone_description) StdoutLine: {'line': b"-- Checking for module 'libzip'\n"}
[2.286793] (sjtu_drone_description) StdoutLine: {'line': b'--   Found libzip, version 1.7.3\n'}
[2.302080] (-) TimerEvent: {}
[2.316614] (sjtu_drone_description) StdoutLine: {'line': b'-- Found ZIP: TRUE  \n'}
[2.317089] (sjtu_drone_description) StdoutLine: {'line': b'-- Looking for ignition-common3 -- found version 3.14.0\n'}
[2.317550] (sjtu_drone_description) StdoutLine: {'line': b'-- Looking for ignition-math6 -- found version 6.15.1\n'}
[2.317998] (sjtu_drone_description) StdoutLine: {'line': b'-- Looking for ignition-msgs5 -- found version 5.8.1\n'}
[2.321227] (sjtu_drone_description) StdoutLine: {'line': b'-- Gazebo version: 11.10\n'}
[2.321583] (sjtu_drone_description) StdoutLine: {'line': b"-- Checking for module 'tbb'\n"}
[2.333497] (sjtu_drone_description) StdoutLine: {'line': b'--   Found tbb, version 2021.5.0\n'}
[2.364265] (sjtu_drone_description) StdoutLine: {'line': b'-- Found gazebo_plugins: 3.9.0 (/opt/ros/humble/share/gazebo_plugins/cmake)\n'}
[2.402159] (-) TimerEvent: {}
[2.425691] (sjtu_drone_description) StdoutLine: {'line': b'-- Found sensor_msgs: 4.9.0 (/opt/ros/humble/share/sensor_msgs/cmake)\n'}
[2.443289] (sjtu_drone_description) StdoutLine: {'line': b'-- Found nav_msgs: 4.9.0 (/opt/ros/humble/share/nav_msgs/cmake)\n'}
[2.463512] (sjtu_drone_description) StdoutLine: {'line': b'-- Found tf2: 0.25.16 (/opt/ros/humble/share/tf2/cmake)\n'}
[2.474176] (sjtu_drone_description) StdoutLine: {'line': b'-- Found tf2_ros: 0.25.16 (/opt/ros/humble/share/tf2_ros/cmake)\n'}
[2.502232] (-) TimerEvent: {}
[2.569282] (sjtu_drone_description) StdoutLine: {'line': b'-- Found tf2_geometry_msgs: 0.25.16 (/opt/ros/humble/share/tf2_geometry_msgs/cmake)\n'}
[2.576333] (sjtu_drone_description) StdoutLine: {'line': b'-- Found eigen3_cmake_module: 0.1.1 (/opt/ros/humble/share/eigen3_cmake_module/cmake)\n'}
[2.577657] (sjtu_drone_description) StdoutLine: {'line': b'-- Found Eigen3: TRUE (found version "3.4.0") \n'}
[2.577800] (sjtu_drone_description) StdoutLine: {'line': b'-- Ensuring Eigen3 include directory is part of orocos-kdl CMake target\n'}
[2.602345] (-) TimerEvent: {}
[2.647311] (sjtu_drone_description) StdoutLine: {'line': b'-- Configuring done\n'}
[2.702433] (-) TimerEvent: {}
[2.738543] (sjtu_drone_description) StdoutLine: {'line': b'-- Generating done\n'}
[2.744902] (sjtu_drone_description) StdoutLine: {'line': b'-- Build files have been written to: /root/april_gazebo/build/sjtu_drone_description\n'}
[2.755164] (sjtu_drone_description) CommandEnded: {'returncode': 0}
[2.757369] (sjtu_drone_description) JobProgress: {'identifier': 'sjtu_drone_description', 'progress': 'build'}
[2.757498] (sjtu_drone_description) Command: {'cmd': ['/usr/bin/cmake', '--build', '/root/april_gazebo/build/sjtu_drone_description', '--', '-j12', '-l12'], 'cwd': '/root/april_gazebo/build/sjtu_drone_description', 'env': OrderedDict([('HOSTNAME', 'LP-Boston-12214'), ('SHLVL', '1'), ('LD_LIBRARY_PATH', '/usr/lib/x86_64-linux-gnu/gazebo-11/plugins:/opt/ros/humble/opt/rviz_ogre_vendor/lib:/opt/ros/humble/lib/x86_64-linux-gnu:/opt/ros/humble/lib'), ('HOME', '/root'), ('SKIP_MAP', 'true'), ('OLDPWD', '/ros2_ws'), ('GAZEBO_MASTER_URI', 'http://localhost:11345'), ('ROS_PYTHON_VERSION', '3'), ('ROS_DISTRO', 'humble'), ('_', '/usr/bin/colcon'), ('ROS_VERSION', '2'), ('TERM', 'xterm'), ('GAZEBO_MODEL_PATH', '/usr/share/gazebo-11/models:/root/april_gazebo/aws-robomaker-hospital-world/models:/root/april_gazebo/sjtu_drone/sjtu_drone_description:/root/april_gazebo/sjtu_drone/models'), ('ROS_LOCALHOST_ONLY', '0'), ('QT_X11_NO_MITSHM', '1'), ('PATH', '/opt/ros/humble/bin:/usr/local/sbin:/usr/local/bin:/usr/sbin:/usr/bin:/sbin:/bin'), ('GAZEBO_VERBOSE', '1'), ('DISPLAY', ':1'), ('LANG', 'C.UTF-8'), ('RMW_IMPLEMENTATION', 'rmw_fastrtps_cpp'), ('XAUTHORITY', '/home/shirb/.Xauthority'), ('AMENT_PREFIX_PATH', '/opt/ros/humble'), ('ALSA_CARD', '0'), ('GAZEBO_RESOURCE_PATH', '/usr/share/gazebo-11:/root/april_gazebo/aws-robomaker-hospital-world/worlds:/root/april_gazebo/aws-robomaker-hospital-world'), ('GAZEBO_MODEL_DATABASE_URI', ''), ('GAZEBO_AUDIO_DEVICE', 'null'), ('PWD', '/root/april_gazebo/build/sjtu_drone_description'), ('LC_ALL', 'C.UTF-8'), ('GAZEBO_PLUGIN_PATH', '/usr/lib/x86_64-linux-gnu/gazebo-11/plugins:'), ('PYTHONPATH', '/opt/ros/humble/lib/python3.10/site-packages:/opt/ros/humble/local/lib/python3.10/dist-packages'), ('NVIDIA_VISIBLE_DEVICES', 'all'), ('COLCON', '1'), ('CMAKE_PREFIX_PATH', '/opt/ros/humble')]), 'shell': False}
[2.802581] (-) TimerEvent: {}
[2.808824] (sjtu_drone_description) StdoutLine: {'line': b'[ 50%] \x1b[32mBuilding CXX object CMakeFiles/plugin_drone.dir/src/plugin_drone.cpp.o\x1b[0m\n'}
[2.809085] (sjtu_drone_description) StdoutLine: {'line': b'[ 50%] \x1b[32mBuilding CXX object CMakeFiles/plugin_drone.dir/src/plugin_drone_private.cpp.o\x1b[0m\n'}
[2.809320] (sjtu_drone_description) StdoutLine: {'line': b'[ 75%] \x1b[32mBuilding CXX object CMakeFiles/plugin_drone.dir/src/pid_controller.cpp.o\x1b[0m\n'}
[2.902683] (-) TimerEvent: {}
[3.002970] (-) TimerEvent: {}
[3.103273] (-) TimerEvent: {}
[3.203545] (-) TimerEvent: {}
[3.303812] (-) TimerEvent: {}
[3.404116] (-) TimerEvent: {}
[3.504365] (-) TimerEvent: {}
[3.604639] (-) TimerEvent: {}
[3.704916] (-) TimerEvent: {}
[3.805226] (-) TimerEvent: {}
[3.905522] (-) TimerEvent: {}
[4.005792] (-) TimerEvent: {}
[4.106076] (-) TimerEvent: {}
[4.206331] (-) TimerEvent: {}
[4.306604] (-) TimerEvent: {}
[4.406874] (-) TimerEvent: {}
[4.507120] (-) TimerEvent: {}
[4.607393] (-) TimerEvent: {}
[4.707657] (-) TimerEvent: {}
[4.807926] (-) TimerEvent: {}
[4.908174] (-) TimerEvent: {}
[5.008455] (-) TimerEvent: {}
[5.108742] (-) TimerEvent: {}
[5.209013] (-) TimerEvent: {}
[5.309237] (-) TimerEvent: {}
[5.409521] (-) TimerEvent: {}
[5.509796] (-) TimerEvent: {}
[5.610054] (-) TimerEvent: {}
[5.710316] (-) TimerEvent: {}
[5.810559] (-) TimerEvent: {}
[5.910858] (-) TimerEvent: {}
[6.011148] (-) TimerEvent: {}
[6.111429] (-) TimerEvent: {}
[6.211724] (-) TimerEvent: {}
[6.312024] (-) TimerEvent: {}
[6.412319] (-) TimerEvent: {}
[6.512613] (-) TimerEvent: {}
[6.614197] (-) TimerEvent: {}
[6.714465] (-) TimerEvent: {}
[6.814709] (-) TimerEvent: {}
[6.915016] (-) TimerEvent: {}
[7.015339] (-) TimerEvent: {}
[7.115616] (-) TimerEvent: {}
[7.215881] (-) TimerEvent: {}
[7.316160] (-) TimerEvent: {}
[7.416425] (-) TimerEvent: {}
[7.516696] (-) TimerEvent: {}
[7.616969] (-) TimerEvent: {}
[7.717247] (-) TimerEvent: {}
[7.817522] (-) TimerEvent: {}
[7.917787] (-) TimerEvent: {}
[8.018084] (-) TimerEvent: {}
[8.118373] (-) TimerEvent: {}
[8.218617] (-) TimerEvent: {}
[8.318936] (-) TimerEvent: {}
[8.419192] (-) TimerEvent: {}
[8.519477] (-) TimerEvent: {}
[8.619753] (-) TimerEvent: {}
[8.720028] (-) TimerEvent: {}
[8.820303] (-) TimerEvent: {}
[8.920619] (-) TimerEvent: {}
[9.020930] (-) TimerEvent: {}
[9.121214] (-) TimerEvent: {}
[9.221491] (-) TimerEvent: {}
[9.321769] (-) TimerEvent: {}
[9.422039] (-) TimerEvent: {}
[9.522306] (-) TimerEvent: {}
[9.622578] (-) TimerEvent: {}
[9.722853] (-) TimerEvent: {}
[9.823133] (-) TimerEvent: {}
[9.923420] (-) TimerEvent: {}
[10.023691] (-) TimerEvent: {}
[10.123961] (-) TimerEvent: {}
[10.224247] (-) TimerEvent: {}
[10.324535] (-) TimerEvent: {}
[10.424813] (-) TimerEvent: {}
[10.525081] (-) TimerEvent: {}
[10.625361] (-) TimerEvent: {}
[10.725626] (-) TimerEvent: {}
[10.825853] (-) TimerEvent: {}
[10.926073] (-) TimerEvent: {}
[11.026366] (-) TimerEvent: {}
[11.126653] (-) TimerEvent: {}
[11.226895] (-) TimerEvent: {}
[11.327185] (-) TimerEvent: {}
[11.427449] (-) TimerEvent: {}
[11.527715] (-) TimerEvent: {}
[11.627998] (-) TimerEvent: {}
[11.728265] (-) TimerEvent: {}
[11.828490] (-) TimerEvent: {}
[11.928762] (-) TimerEvent: {}
[12.029040] (-) TimerEvent: {}
[12.129297] (-) TimerEvent: {}
[12.229578] (-) TimerEvent: {}
[12.329854] (-) TimerEvent: {}
[12.430132] (-) TimerEvent: {}
[12.530370] (-) TimerEvent: {}
[12.630648] (-) TimerEvent: {}
[12.730946] (-) TimerEvent: {}
[12.831219] (-) TimerEvent: {}
[12.931529] (-) TimerEvent: {}
[13.031798] (-) TimerEvent: {}
[13.132065] (-) TimerEvent: {}
[13.232323] (-) TimerEvent: {}
[13.332613] (-) TimerEvent: {}
[13.432878] (-) TimerEvent: {}
[13.533153] (-) TimerEvent: {}
[13.633429] (-) TimerEvent: {}
[13.733693] (-) TimerEvent: {}
[13.833955] (-) TimerEvent: {}
[13.934193] (-) TimerEvent: {}
[14.034470] (-) TimerEvent: {}
[14.134737] (-) TimerEvent: {}
[14.235013] (-) TimerEvent: {}
[14.335284] (-) TimerEvent: {}
[14.435561] (-) TimerEvent: {}
[14.535847] (-) TimerEvent: {}
[14.636087] (-) TimerEvent: {}
[14.736341] (-) TimerEvent: {}
[14.836620] (-) TimerEvent: {}
[14.936882] (-) TimerEvent: {}
[15.037164] (-) TimerEvent: {}
[15.137404] (-) TimerEvent: {}
[15.237676] (-) TimerEvent: {}
[15.337939] (-) TimerEvent: {}
[15.438175] (-) TimerEvent: {}
[15.538435] (-) TimerEvent: {}
[15.638698] (-) TimerEvent: {}
[15.738965] (-) TimerEvent: {}
[15.839238] (-) TimerEvent: {}
[15.939514] (-) TimerEvent: {}
[16.039785] (-) TimerEvent: {}
[16.140047] (-) TimerEvent: {}
[16.240311] (-) TimerEvent: {}
[16.340577] (-) TimerEvent: {}
[16.440846] (-) TimerEvent: {}
[16.541112] (-) TimerEvent: {}
[16.641359] (-) TimerEvent: {}
[16.741630] (-) TimerEvent: {}
[16.841888] (-) TimerEvent: {}
[16.942156] (-) TimerEvent: {}
[17.042386] (-) TimerEvent: {}
[17.142634] (-) TimerEvent: {}
[17.242887] (-) TimerEvent: {}
[17.343117] (-) TimerEvent: {}
[17.443382] (-) TimerEvent: {}
[17.543655] (-) TimerEvent: {}
[17.643925] (-) TimerEvent: {}
[17.744193] (-) TimerEvent: {}
[17.844453] (-) TimerEvent: {}
[17.944701] (-) TimerEvent: {}
[18.044958] (-) TimerEvent: {}
[18.145196] (-) TimerEvent: {}
[18.245464] (-) TimerEvent: {}
[18.345769] (-) TimerEvent: {}
[18.446035] (-) TimerEvent: {}
[18.546298] (-) TimerEvent: {}
[18.646555] (-) TimerEvent: {}
[18.746824] (-) TimerEvent: {}
[18.847113] (-) TimerEvent: {}
[18.947400] (-) TimerEvent: {}
[19.047664] (-) TimerEvent: {}
[19.147925] (-) TimerEvent: {}
[19.248201] (-) TimerEvent: {}
[19.348476] (-) TimerEvent: {}
[19.448746] (-) TimerEvent: {}
[19.549015] (-) TimerEvent: {}
[19.649322] (-) TimerEvent: {}
[19.749605] (-) TimerEvent: {}
[19.849860] (-) TimerEvent: {}
[19.950070] (-) TimerEvent: {}
[20.050353] (-) TimerEvent: {}
[20.150609] (-) TimerEvent: {}
[20.250864] (-) TimerEvent: {}
[20.351076] (-) TimerEvent: {}
[20.451351] (-) TimerEvent: {}
[20.551664] (-) TimerEvent: {}
[20.651936] (-) TimerEvent: {}
[20.752284] (-) TimerEvent: {}
[20.852541] (-) TimerEvent: {}
[20.952804] (-) TimerEvent: {}
[21.053069] (-) TimerEvent: {}
[21.153333] (-) TimerEvent: {}
[21.253616] (-) TimerEvent: {}
[21.353876] (-) TimerEvent: {}
[21.454147] (-) TimerEvent: {}
[21.554408] (-) TimerEvent: {}
[21.654671] (-) TimerEvent: {}
[21.755001] (-) TimerEvent: {}
[21.855321] (-) TimerEvent: {}
[21.955645] (-) TimerEvent: {}
[22.055903] (-) TimerEvent: {}
[22.156134] (-) TimerEvent: {}
[22.256385] (-) TimerEvent: {}
[22.356634] (-) TimerEvent: {}
[22.456886] (-) TimerEvent: {}
[22.557146] (-) TimerEvent: {}
[22.657372] (-) TimerEvent: {}
[22.757621] (-) TimerEvent: {}
[22.857871] (-) TimerEvent: {}
[22.958128] (-) TimerEvent: {}
[23.058361] (-) TimerEvent: {}
[23.158619] (-) TimerEvent: {}
[23.258881] (-) TimerEvent: {}
[23.359141] (-) TimerEvent: {}
[23.459471] (-) TimerEvent: {}
[23.559748] (-) TimerEvent: {}
[23.660014] (-) TimerEvent: {}
[23.760264] (-) TimerEvent: {}
[23.860519] (-) TimerEvent: {}
[23.960771] (-) TimerEvent: {}
[24.061024] (-) TimerEvent: {}
[24.161278] (-) TimerEvent: {}
[24.261542] (-) TimerEvent: {}
[24.361800] (-) TimerEvent: {}
[24.462050] (-) TimerEvent: {}
[24.562304] (-) TimerEvent: {}
[24.662558] (-) TimerEvent: {}
[24.762806] (-) TimerEvent: {}
[24.863062] (-) TimerEvent: {}
[24.963304] (-) TimerEvent: {}
[25.063552] (-) TimerEvent: {}
[25.163794] (-) TimerEvent: {}
[25.264038] (-) TimerEvent: {}
[25.364267] (-) TimerEvent: {}
[25.464535] (-) TimerEvent: {}
[25.564782] (-) TimerEvent: {}
[25.665024] (-) TimerEvent: {}
[25.765305] (-) TimerEvent: {}
[25.865549] (-) TimerEvent: {}
[25.965797] (-) TimerEvent: {}
[26.066043] (-) TimerEvent: {}
[26.166328] (-) TimerEvent: {}
[26.266571] (-) TimerEvent: {}
[26.366813] (-) TimerEvent: {}
[26.467079] (-) TimerEvent: {}
[26.567372] (-) TimerEvent: {}
[26.667615] (-) TimerEvent: {}
[26.767895] (-) TimerEvent: {}
[26.868194] (-) TimerEvent: {}
[26.968460] (-) TimerEvent: {}
[27.068706] (-) TimerEvent: {}
[27.168954] (-) TimerEvent: {}
[27.269252] (-) TimerEvent: {}
[27.369495] (-) TimerEvent: {}
[27.469759] (-) TimerEvent: {}
[27.570010] (-) TimerEvent: {}
[27.670258] (-) TimerEvent: {}
[27.770548] (-) TimerEvent: {}
[27.870792] (-) TimerEvent: {}
[27.971036] (-) TimerEvent: {}
[28.071319] (-) TimerEvent: {}
[28.171597] (-) TimerEvent: {}
[28.271842] (-) TimerEvent: {}
[28.372099] (-) TimerEvent: {}
[28.472381] (-) TimerEvent: {}
[28.572671] (-) TimerEvent: {}
[28.672897] (-) TimerEvent: {}
[28.773178] (-) TimerEvent: {}
[28.873451] (-) TimerEvent: {}
[28.973727] (-) TimerEvent: {}
[29.073954] (-) TimerEvent: {}
[29.174190] (-) TimerEvent: {}
[29.274449] (-) TimerEvent: {}
[29.374706] (-) TimerEvent: {}
[29.475017] (-) TimerEvent: {}
[29.575362] (-) TimerEvent: {}
[29.675630] (-) TimerEvent: {}
[29.775899] (-) TimerEvent: {}
[29.876166] (-) TimerEvent: {}
[29.976521] (-) TimerEvent: {}
[29.995821] (sjtu_drone_description) StdoutLine: {'line': b'[100%] \x1b[32m\x1b[1mLinking CXX shared library /root/april_gazebo/sjtu_drone/sjtu_drone_description/plugins/libplugin_drone.so\x1b[0m\n'}
[30.076634] (-) TimerEvent: {}
[30.176903] (-) TimerEvent: {}
[30.277188] (-) TimerEvent: {}
[30.377439] (-) TimerEvent: {}
[30.477762] (-) TimerEvent: {}
[30.578181] (-) TimerEvent: {}
[30.678459] (-) TimerEvent: {}
[30.778716] (-) TimerEvent: {}
[30.879022] (-) TimerEvent: {}
[30.979350] (-) TimerEvent: {}
[31.079634] (-) TimerEvent: {}
[31.179927] (-) TimerEvent: {}
[31.280231] (-) TimerEvent: {}
[31.380500] (-) TimerEvent: {}
[31.480742] (-) TimerEvent: {}
[31.580995] (-) TimerEvent: {}
[31.681252] (-) TimerEvent: {}
[31.781531] (-) TimerEvent: {}
[31.881811] (-) TimerEvent: {}
[31.906322] (sjtu_drone_description) StdoutLine: {'line': b'[100%] Built target plugin_drone\n'}
[31.917949] (sjtu_drone_description) CommandEnded: {'returncode': 0}
[31.918243] (sjtu_drone_description) JobProgress: {'identifier': 'sjtu_drone_description', 'progress': 'install'}
[31.926734] (sjtu_drone_description) Command: {'cmd': ['/usr/bin/cmake', '--install', '/root/april_gazebo/build/sjtu_drone_description'], 'cwd': '/root/april_gazebo/build/sjtu_drone_description', 'env': OrderedDict([('HOSTNAME', 'LP-Boston-12214'), ('SHLVL', '1'), ('LD_LIBRARY_PATH', '/usr/lib/x86_64-linux-gnu/gazebo-11/plugins:/opt/ros/humble/opt/rviz_ogre_vendor/lib:/opt/ros/humble/lib/x86_64-linux-gnu:/opt/ros/humble/lib'), ('HOME', '/root'), ('SKIP_MAP', 'true'), ('OLDPWD', '/ros2_ws'), ('GAZEBO_MASTER_URI', 'http://localhost:11345'), ('ROS_PYTHON_VERSION', '3'), ('ROS_DISTRO', 'humble'), ('_', '/usr/bin/colcon'), ('ROS_VERSION', '2'), ('TERM', 'xterm'), ('GAZEBO_MODEL_PATH', '/usr/share/gazebo-11/models:/root/april_gazebo/aws-robomaker-hospital-world/models:/root/april_gazebo/sjtu_drone/sjtu_drone_description:/root/april_gazebo/sjtu_drone/models'), ('ROS_LOCALHOST_ONLY', '0'), ('QT_X11_NO_MITSHM', '1'), ('PATH', '/opt/ros/humble/bin:/usr/local/sbin:/usr/local/bin:/usr/sbin:/usr/bin:/sbin:/bin'), ('GAZEBO_VERBOSE', '1'), ('DISPLAY', ':1'), ('LANG', 'C.UTF-8'), ('RMW_IMPLEMENTATION', 'rmw_fastrtps_cpp'), ('XAUTHORITY', '/home/shirb/.Xauthority'), ('AMENT_PREFIX_PATH', '/opt/ros/humble'), ('ALSA_CARD', '0'), ('GAZEBO_RESOURCE_PATH', '/usr/share/gazebo-11:/root/april_gazebo/aws-robomaker-hospital-world/worlds:/root/april_gazebo/aws-robomaker-hospital-world'), ('GAZEBO_MODEL_DATABASE_URI', ''), ('GAZEBO_AUDIO_DEVICE', 'null'), ('PWD', '/root/april_gazebo/build/sjtu_drone_description'), ('LC_ALL', 'C.UTF-8'), ('GAZEBO_PLUGIN_PATH', '/usr/lib/x86_64-linux-gnu/gazebo-11/plugins:'), ('PYTHONPATH', '/opt/ros/humble/lib/python3.10/site-packages:/opt/ros/humble/local/lib/python3.10/dist-packages'), ('NVIDIA_VISIBLE_DEVICES', 'all'), ('COLCON', '1'), ('CMAKE_PREFIX_PATH', '/opt/ros/humble')]), 'shell': False}
[31.933670] (sjtu_drone_description) StdoutLine: {'line': b'-- Install configuration: ""\n'}
[31.933867] (sjtu_drone_description) StdoutLine: {'line': b'-- Installing: /root/april_gazebo/install/sjtu_drone_description/include\n'}
[31.933954] (sjtu_drone_description) StdoutLine: {'line': b'-- Installing: /root/april_gazebo/install/sjtu_drone_description/include/sjtu_drone_description\n'}
[31.934110] (sjtu_drone_description) StdoutLine: {'line': b'-- Installing: /root/april_gazebo/install/sjtu_drone_description/include/sjtu_drone_description/plugin_drone.h\n'}
[31.934180] (sjtu_drone_description) StdoutLine: {'line': b'-- Installing: /root/april_gazebo/install/sjtu_drone_description/include/sjtu_drone_description/pid_controller.h\n'}
[31.934270] (sjtu_drone_description) StdoutLine: {'line': b'-- Installing: /root/april_gazebo/install/sjtu_drone_description/include/sjtu_drone_description/plugin_drone_private.h\n'}
[31.934446] (sjtu_drone_description) StdoutLine: {'line': b'-- Installing: /root/april_gazebo/install/sjtu_drone_description/lib/libplugin_drone.so\n'}
[31.949177] (sjtu_drone_description) StdoutLine: {'line': b'-- Set runtime path of "/root/april_gazebo/install/sjtu_drone_description/lib/libplugin_drone.so" to ""\n'}
[31.949407] (sjtu_drone_description) StdoutLine: {'line': b'-- Installing: /root/april_gazebo/install/sjtu_drone_description/share/sjtu_drone_description/environment/library_path.sh\n'}
[31.949593] (sjtu_drone_description) StdoutLine: {'line': b'-- Installing: /root/april_gazebo/install/sjtu_drone_description/share/sjtu_drone_description/environment/library_path.dsv\n'}
[31.949822] (sjtu_drone_description) StdoutLine: {'line': b'-- Installing: /root/april_gazebo/install/sjtu_drone_description/share/sjtu_drone_description/models\n'}
[31.949923] (sjtu_drone_description) StdoutLine: {'line': b'-- Installing: /root/april_gazebo/install/sjtu_drone_description/share/sjtu_drone_description/models/sjtu_drone\n'}
[31.950061] (sjtu_drone_description) StdoutLine: {'line': b'-- Installing: /root/april_gazebo/install/sjtu_drone_description/share/sjtu_drone_description/models/sjtu_drone/sjtu_drone.sdf\n'}
[31.950151] (sjtu_drone_description) StdoutLine: {'line': b'-- Installing: /root/april_gazebo/install/sjtu_drone_description/share/sjtu_drone_description/models/sjtu_drone/model.config\n'}
[31.950324] (sjtu_drone_description) StdoutLine: {'line': b'-- Installing: /root/april_gazebo/install/sjtu_drone_description/share/sjtu_drone_description/models/sjtu_drone/quadrotor_4.stl\n'}
[31.950539] (sjtu_drone_description) StdoutLine: {'line': b'-- Installing: /root/april_gazebo/install/sjtu_drone_description/share/sjtu_drone_description/models/sjtu_drone/quadrotor_4.dae\n'}
[31.950677] (sjtu_drone_description) StdoutLine: {'line': b'-- Installing: /root/april_gazebo/install/sjtu_drone_description/share/sjtu_drone_description/models/database.config\n'}
[31.950863] (sjtu_drone_description) StdoutLine: {'line': b'-- Installing: /root/april_gazebo/install/sjtu_drone_description/share/sjtu_drone_description/urdf\n'}
[31.950980] (sjtu_drone_description) StdoutLine: {'line': b'-- Installing: /root/april_gazebo/install/sjtu_drone_description/share/sjtu_drone_description/urdf/sjtu_drone.urdf.xacro\n'}
[31.951162] (sjtu_drone_description) StdoutLine: {'line': b'-- Installing: /root/april_gazebo/install/sjtu_drone_description/share/sjtu_drone_description/urdf/sjtu_drone.urdf\n'}
[31.951323] (sjtu_drone_description) StdoutLine: {'line': b'-- Installing: /root/april_gazebo/install/sjtu_drone_description/share/sjtu_drone_description/worlds\n'}
[31.951484] (sjtu_drone_description) StdoutLine: {'line': b'-- Installing: /root/april_gazebo/install/sjtu_drone_description/share/sjtu_drone_description/worlds/playground.world\n'}
[31.951644] (sjtu_drone_description) StdoutLine: {'line': b'-- Installing: /root/april_gazebo/install/sjtu_drone_description/share/ament_index/resource_index/package_run_dependencies/sjtu_drone_description\n'}
[31.951887] (sjtu_drone_description) StdoutLine: {'line': b'-- Installing: /root/april_gazebo/install/sjtu_drone_description/share/ament_index/resource_index/parent_prefix_path/sjtu_drone_description\n'}
[31.952152] (sjtu_drone_description) StdoutLine: {'line': b'-- Installing: /root/april_gazebo/install/sjtu_drone_description/share/sjtu_drone_description/environment/ament_prefix_path.sh\n'}
[31.952308] (sjtu_drone_description) StdoutLine: {'line': b'-- Installing: /root/april_gazebo/install/sjtu_drone_description/share/sjtu_drone_description/environment/ament_prefix_path.dsv\n'}
[31.952451] (sjtu_drone_description) StdoutLine: {'line': b'-- Installing: /root/april_gazebo/install/sjtu_drone_description/share/sjtu_drone_description/environment/path.sh\n'}
[31.952543] (sjtu_drone_description) StdoutLine: {'line': b'-- Installing: /root/april_gazebo/install/sjtu_drone_description/share/sjtu_drone_description/environment/path.dsv\n'}
[31.952666] (sjtu_drone_description) StdoutLine: {'line': b'-- Installing: /root/april_gazebo/install/sjtu_drone_description/share/sjtu_drone_description/local_setup.bash\n'}
[31.952802] (sjtu_drone_description) StdoutLine: {'line': b'-- Installing: /root/april_gazebo/install/sjtu_drone_description/share/sjtu_drone_description/local_setup.sh\n'}
[31.952898] (sjtu_drone_description) StdoutLine: {'line': b'-- Installing: /root/april_gazebo/install/sjtu_drone_description/share/sjtu_drone_description/local_setup.zsh\n'}
[31.953018] (sjtu_drone_description) StdoutLine: {'line': b'-- Installing: /root/april_gazebo/install/sjtu_drone_description/share/sjtu_drone_description/local_setup.dsv\n'}
[31.953179] (sjtu_drone_description) StdoutLine: {'line': b'-- Installing: /root/april_gazebo/install/sjtu_drone_description/share/sjtu_drone_description/package.dsv\n'}
[31.953377] (sjtu_drone_description) StdoutLine: {'line': b'-- Installing: /root/april_gazebo/install/sjtu_drone_description/share/ament_index/resource_index/packages/sjtu_drone_description\n'}
[31.953617] (sjtu_drone_description) StdoutLine: {'line': b'-- Installing: /root/april_gazebo/install/sjtu_drone_description/share/sjtu_drone_description/cmake/export_sjtu_drone_descriptionExport.cmake\n'}
[31.953847] (sjtu_drone_description) StdoutLine: {'line': b'-- Installing: /root/april_gazebo/install/sjtu_drone_description/share/sjtu_drone_description/cmake/export_sjtu_drone_descriptionExport-noconfig.cmake\n'}
[31.953957] (sjtu_drone_description) StdoutLine: {'line': b'-- Installing: /root/april_gazebo/install/sjtu_drone_description/share/sjtu_drone_description/cmake/ament_cmake_export_include_directories-extras.cmake\n'}
[31.954192] (sjtu_drone_description) StdoutLine: {'line': b'-- Installing: /root/april_gazebo/install/sjtu_drone_description/share/sjtu_drone_description/cmake/ament_cmake_export_libraries-extras.cmake\n'}
[31.954324] (sjtu_drone_description) StdoutLine: {'line': b'-- Installing: /root/april_gazebo/install/sjtu_drone_description/share/sjtu_drone_description/cmake/ament_cmake_export_targets-extras.cmake\n'}
[31.954462] (sjtu_drone_description) StdoutLine: {'line': b'-- Installing: /root/april_gazebo/install/sjtu_drone_description/share/sjtu_drone_description/cmake/sjtu_drone_descriptionConfig.cmake\n'}
[31.954576] (sjtu_drone_description) StdoutLine: {'line': b'-- Installing: /root/april_gazebo/install/sjtu_drone_description/share/sjtu_drone_description/cmake/sjtu_drone_descriptionConfig-version.cmake\n'}
[31.954726] (sjtu_drone_description) StdoutLine: {'line': b'-- Installing: /root/april_gazebo/install/sjtu_drone_description/share/sjtu_drone_description/package.xml\n'}
[31.956887] (sjtu_drone_description) CommandEnded: {'returncode': 0}
[31.969947] (sjtu_drone_description) JobEnded: {'identifier': 'sjtu_drone_description', 'rc': 0}
[31.970917] (-) EventReactorShutdown: {}
