[0.101s] DEBUG:colcon:Command line arguments: ['/usr/bin/colcon', 'build', '--packages-select', 'sjtu_drone_bringup', 'sjtu_drone_description', 'sjtu_drone_control', '--cmake-args', '-DBUILD_TESTING=OFF', '-DRMW_IMPLEMENTATION=rmw_fastrtps_cpp']
[0.101s] DEBUG:colcon:Parsed command line arguments: Namespace(log_base=None, log_level=None, verb_name='build', build_base='build', install_base='install', merge_install=False, symlink_install=False, test_result_base=None, continue_on_error=False, executor='parallel', parallel_workers=12, event_handlers=None, ignore_user_meta=False, metas=['./colcon.meta'], base_paths=['.'], packages_ignore=None, packages_ignore_regex=None, paths=None, packages_up_to=None, packages_up_to_regex=None, packages_above=None, packages_above_and_dependencies=None, packages_above_depth=None, packages_select_by_dep=None, packages_skip_by_dep=None, packages_skip_up_to=None, packages_select_build_failed=False, packages_skip_build_finished=False, packages_select_test_failures=False, packages_skip_test_passed=False, packages_select=['sjtu_drone_bringup', 'sjtu_drone_description', 'sjtu_drone_control'], packages_skip=None, packages_select_regex=None, packages_skip_regex=None, packages_start=None, packages_end=None, cmake_args=['-DBUILD_TESTING=OFF', '-DRMW_IMPLEMENTATION=rmw_fastrtps_cpp'], cmake_target=None, cmake_target_skip_unavailable=False, cmake_clean_cache=False, cmake_clean_first=False, cmake_force_configure=False, ament_cmake_args=None, catkin_cmake_args=None, catkin_skip_building_tests=False, verb_parser=<colcon_defaults.argument_parser.defaults.DefaultArgumentsDecorator object at 0x77c8b16f01c0>, verb_extension=<colcon_core.verb.build.BuildVerb object at 0x77c8b18c3880>, main=<bound method BuildVerb.main of <colcon_core.verb.build.BuildVerb object at 0x77c8b18c3880>>)
[0.254s] Level 1:colcon.colcon_core.package_discovery:discover_packages(colcon_meta) check parameters
[0.254s] Level 1:colcon.colcon_core.package_discovery:discover_packages(recursive) check parameters
[0.254s] Level 1:colcon.colcon_core.package_discovery:discover_packages(ignore) check parameters
[0.254s] Level 1:colcon.colcon_core.package_discovery:discover_packages(path) check parameters
[0.254s] Level 1:colcon.colcon_core.package_discovery:discover_packages(colcon_meta) discover
[0.254s] Level 1:colcon.colcon_core.package_discovery:discover_packages(recursive) discover
[0.254s] INFO:colcon.colcon_core.package_discovery:Crawling recursively for packages in '/root/april_gazebo'
[0.254s] Level 1:colcon.colcon_core.package_identification:_identify(.) by extensions ['ignore', 'ignore_ament_install']
[0.254s] Level 1:colcon.colcon_core.package_identification:_identify(.) by extension 'ignore'
[0.254s] Level 1:colcon.colcon_core.package_identification:_identify(.) by extension 'ignore_ament_install'
[0.255s] Level 1:colcon.colcon_core.package_identification:_identify(.) by extensions ['colcon_pkg']
[0.255s] Level 1:colcon.colcon_core.package_identification:_identify(.) by extension 'colcon_pkg'
[0.255s] Level 1:colcon.colcon_core.package_identification:_identify(.) by extensions ['colcon_meta']
[0.255s] Level 1:colcon.colcon_core.package_identification:_identify(.) by extension 'colcon_meta'
[0.255s] Level 1:colcon.colcon_core.package_identification:_identify(.) by extensions ['ros']
[0.255s] Level 1:colcon.colcon_core.package_identification:_identify(.) by extension 'ros'
[0.267s] Level 1:colcon.colcon_core.package_identification:_identify(.) by extensions ['cmake', 'python']
[0.267s] Level 1:colcon.colcon_core.package_identification:_identify(.) by extension 'cmake'
[0.267s] Level 1:colcon.colcon_core.package_identification:_identify(.) by extension 'python'
[0.267s] Level 1:colcon.colcon_core.package_identification:_identify(.) by extensions ['python_setup_py']
[0.267s] Level 1:colcon.colcon_core.package_identification:_identify(.) by extension 'python_setup_py'
[0.267s] Level 1:colcon.colcon_core.package_identification:_identify(aws-robomaker-hospital-world) by extensions ['ignore', 'ignore_ament_install']
[0.267s] Level 1:colcon.colcon_core.package_identification:_identify(aws-robomaker-hospital-world) by extension 'ignore'
[0.267s] Level 1:colcon.colcon_core.package_identification:_identify(aws-robomaker-hospital-world) by extension 'ignore_ament_install'
[0.267s] Level 1:colcon.colcon_core.package_identification:_identify(aws-robomaker-hospital-world) by extensions ['colcon_pkg']
[0.267s] Level 1:colcon.colcon_core.package_identification:_identify(aws-robomaker-hospital-world) by extension 'colcon_pkg'
[0.267s] Level 1:colcon.colcon_core.package_identification:_identify(aws-robomaker-hospital-world) by extensions ['colcon_meta']
[0.267s] Level 1:colcon.colcon_core.package_identification:_identify(aws-robomaker-hospital-world) by extension 'colcon_meta'
[0.267s] Level 1:colcon.colcon_core.package_identification:_identify(aws-robomaker-hospital-world) by extensions ['ros']
[0.267s] Level 1:colcon.colcon_core.package_identification:_identify(aws-robomaker-hospital-world) by extension 'ros'
[0.269s] DEBUG:colcon.colcon_core.package_identification:Package 'aws-robomaker-hospital-world' with type 'ros.catkin' and name 'aws_robomaker_hospital_world'
[0.270s] Level 1:colcon.colcon_core.package_identification:_identify(build) by extensions ['ignore', 'ignore_ament_install']
[0.270s] Level 1:colcon.colcon_core.package_identification:_identify(build) by extension 'ignore'
[0.270s] Level 1:colcon.colcon_core.package_identification:_identify(build) ignored
[0.270s] Level 1:colcon.colcon_core.package_identification:_identify(install) by extensions ['ignore', 'ignore_ament_install']
[0.270s] Level 1:colcon.colcon_core.package_identification:_identify(install) by extension 'ignore'
[0.270s] Level 1:colcon.colcon_core.package_identification:_identify(install) ignored
[0.270s] Level 1:colcon.colcon_core.package_identification:_identify(log) by extensions ['ignore', 'ignore_ament_install']
[0.270s] Level 1:colcon.colcon_core.package_identification:_identify(log) by extension 'ignore'
[0.270s] Level 1:colcon.colcon_core.package_identification:_identify(log) ignored
[0.270s] Level 1:colcon.colcon_core.package_identification:_identify(sjtu_drone) by extensions ['ignore', 'ignore_ament_install']
[0.270s] Level 1:colcon.colcon_core.package_identification:_identify(sjtu_drone) by extension 'ignore'
[0.270s] Level 1:colcon.colcon_core.package_identification:_identify(sjtu_drone) by extension 'ignore_ament_install'
[0.270s] Level 1:colcon.colcon_core.package_identification:_identify(sjtu_drone) by extensions ['colcon_pkg']
[0.270s] Level 1:colcon.colcon_core.package_identification:_identify(sjtu_drone) by extension 'colcon_pkg'
[0.270s] Level 1:colcon.colcon_core.package_identification:_identify(sjtu_drone) by extensions ['colcon_meta']
[0.270s] Level 1:colcon.colcon_core.package_identification:_identify(sjtu_drone) by extension 'colcon_meta'
[0.270s] Level 1:colcon.colcon_core.package_identification:_identify(sjtu_drone) by extensions ['ros']
[0.270s] Level 1:colcon.colcon_core.package_identification:_identify(sjtu_drone) by extension 'ros'
[0.271s] Level 1:colcon.colcon_core.package_identification:_identify(sjtu_drone) by extensions ['cmake', 'python']
[0.271s] Level 1:colcon.colcon_core.package_identification:_identify(sjtu_drone) by extension 'cmake'
[0.271s] Level 1:colcon.colcon_core.package_identification:_identify(sjtu_drone) by extension 'python'
[0.271s] Level 1:colcon.colcon_core.package_identification:_identify(sjtu_drone) by extensions ['python_setup_py']
[0.271s] Level 1:colcon.colcon_core.package_identification:_identify(sjtu_drone) by extension 'python_setup_py'
[0.271s] Level 1:colcon.colcon_core.package_identification:_identify(sjtu_drone/imgs) by extensions ['ignore', 'ignore_ament_install']
[0.271s] Level 1:colcon.colcon_core.package_identification:_identify(sjtu_drone/imgs) by extension 'ignore'
[0.271s] Level 1:colcon.colcon_core.package_identification:_identify(sjtu_drone/imgs) by extension 'ignore_ament_install'
[0.271s] Level 1:colcon.colcon_core.package_identification:_identify(sjtu_drone/imgs) by extensions ['colcon_pkg']
[0.271s] Level 1:colcon.colcon_core.package_identification:_identify(sjtu_drone/imgs) by extension 'colcon_pkg'
[0.271s] Level 1:colcon.colcon_core.package_identification:_identify(sjtu_drone/imgs) by extensions ['colcon_meta']
[0.271s] Level 1:colcon.colcon_core.package_identification:_identify(sjtu_drone/imgs) by extension 'colcon_meta'
[0.271s] Level 1:colcon.colcon_core.package_identification:_identify(sjtu_drone/imgs) by extensions ['ros']
[0.271s] Level 1:colcon.colcon_core.package_identification:_identify(sjtu_drone/imgs) by extension 'ros'
[0.271s] Level 1:colcon.colcon_core.package_identification:_identify(sjtu_drone/imgs) by extensions ['cmake', 'python']
[0.271s] Level 1:colcon.colcon_core.package_identification:_identify(sjtu_drone/imgs) by extension 'cmake'
[0.271s] Level 1:colcon.colcon_core.package_identification:_identify(sjtu_drone/imgs) by extension 'python'
[0.271s] Level 1:colcon.colcon_core.package_identification:_identify(sjtu_drone/imgs) by extensions ['python_setup_py']
[0.271s] Level 1:colcon.colcon_core.package_identification:_identify(sjtu_drone/imgs) by extension 'python_setup_py'
[0.271s] Level 1:colcon.colcon_core.package_identification:_identify(sjtu_drone/maps) by extensions ['ignore', 'ignore_ament_install']
[0.271s] Level 1:colcon.colcon_core.package_identification:_identify(sjtu_drone/maps) by extension 'ignore'
[0.271s] Level 1:colcon.colcon_core.package_identification:_identify(sjtu_drone/maps) by extension 'ignore_ament_install'
[0.271s] Level 1:colcon.colcon_core.package_identification:_identify(sjtu_drone/maps) by extensions ['colcon_pkg']
[0.272s] Level 1:colcon.colcon_core.package_identification:_identify(sjtu_drone/maps) by extension 'colcon_pkg'
[0.272s] Level 1:colcon.colcon_core.package_identification:_identify(sjtu_drone/maps) by extensions ['colcon_meta']
[0.272s] Level 1:colcon.colcon_core.package_identification:_identify(sjtu_drone/maps) by extension 'colcon_meta'
[0.272s] Level 1:colcon.colcon_core.package_identification:_identify(sjtu_drone/maps) by extensions ['ros']
[0.272s] Level 1:colcon.colcon_core.package_identification:_identify(sjtu_drone/maps) by extension 'ros'
[0.272s] Level 1:colcon.colcon_core.package_identification:_identify(sjtu_drone/maps) by extensions ['cmake', 'python']
[0.272s] Level 1:colcon.colcon_core.package_identification:_identify(sjtu_drone/maps) by extension 'cmake'
[0.272s] Level 1:colcon.colcon_core.package_identification:_identify(sjtu_drone/maps) by extension 'python'
[0.272s] Level 1:colcon.colcon_core.package_identification:_identify(sjtu_drone/maps) by extensions ['python_setup_py']
[0.272s] Level 1:colcon.colcon_core.package_identification:_identify(sjtu_drone/maps) by extension 'python_setup_py'
[0.272s] Level 1:colcon.colcon_core.package_identification:_identify(sjtu_drone/sjtu_drone_bringup) by extensions ['ignore', 'ignore_ament_install']
[0.272s] Level 1:colcon.colcon_core.package_identification:_identify(sjtu_drone/sjtu_drone_bringup) by extension 'ignore'
[0.272s] Level 1:colcon.colcon_core.package_identification:_identify(sjtu_drone/sjtu_drone_bringup) by extension 'ignore_ament_install'
[0.272s] Level 1:colcon.colcon_core.package_identification:_identify(sjtu_drone/sjtu_drone_bringup) by extensions ['colcon_pkg']
[0.272s] Level 1:colcon.colcon_core.package_identification:_identify(sjtu_drone/sjtu_drone_bringup) by extension 'colcon_pkg'
[0.272s] Level 1:colcon.colcon_core.package_identification:_identify(sjtu_drone/sjtu_drone_bringup) by extensions ['colcon_meta']
[0.272s] Level 1:colcon.colcon_core.package_identification:_identify(sjtu_drone/sjtu_drone_bringup) by extension 'colcon_meta'
[0.272s] Level 1:colcon.colcon_core.package_identification:_identify(sjtu_drone/sjtu_drone_bringup) by extensions ['ros']
[0.272s] Level 1:colcon.colcon_core.package_identification:_identify(sjtu_drone/sjtu_drone_bringup) by extension 'ros'
[0.273s] DEBUG:colcon.colcon_core.package_identification:Package 'sjtu_drone/sjtu_drone_bringup' with type 'ros.ament_python' and name 'sjtu_drone_bringup'
[0.273s] Level 1:colcon.colcon_core.package_identification:_identify(sjtu_drone/sjtu_drone_control) by extensions ['ignore', 'ignore_ament_install']
[0.273s] Level 1:colcon.colcon_core.package_identification:_identify(sjtu_drone/sjtu_drone_control) by extension 'ignore'
[0.273s] Level 1:colcon.colcon_core.package_identification:_identify(sjtu_drone/sjtu_drone_control) by extension 'ignore_ament_install'
[0.273s] Level 1:colcon.colcon_core.package_identification:_identify(sjtu_drone/sjtu_drone_control) by extensions ['colcon_pkg']
[0.273s] Level 1:colcon.colcon_core.package_identification:_identify(sjtu_drone/sjtu_drone_control) by extension 'colcon_pkg'
[0.274s] Level 1:colcon.colcon_core.package_identification:_identify(sjtu_drone/sjtu_drone_control) by extensions ['colcon_meta']
[0.274s] Level 1:colcon.colcon_core.package_identification:_identify(sjtu_drone/sjtu_drone_control) by extension 'colcon_meta'
[0.274s] Level 1:colcon.colcon_core.package_identification:_identify(sjtu_drone/sjtu_drone_control) by extensions ['ros']
[0.274s] Level 1:colcon.colcon_core.package_identification:_identify(sjtu_drone/sjtu_drone_control) by extension 'ros'
[0.274s] DEBUG:colcon.colcon_core.package_identification:Package 'sjtu_drone/sjtu_drone_control' with type 'ros.ament_python' and name 'sjtu_drone_control'
[0.274s] Level 1:colcon.colcon_core.package_identification:_identify(sjtu_drone/sjtu_drone_description) by extensions ['ignore', 'ignore_ament_install']
[0.274s] Level 1:colcon.colcon_core.package_identification:_identify(sjtu_drone/sjtu_drone_description) by extension 'ignore'
[0.275s] Level 1:colcon.colcon_core.package_identification:_identify(sjtu_drone/sjtu_drone_description) by extension 'ignore_ament_install'
[0.275s] Level 1:colcon.colcon_core.package_identification:_identify(sjtu_drone/sjtu_drone_description) by extensions ['colcon_pkg']
[0.275s] Level 1:colcon.colcon_core.package_identification:_identify(sjtu_drone/sjtu_drone_description) by extension 'colcon_pkg'
[0.275s] Level 1:colcon.colcon_core.package_identification:_identify(sjtu_drone/sjtu_drone_description) by extensions ['colcon_meta']
[0.275s] Level 1:colcon.colcon_core.package_identification:_identify(sjtu_drone/sjtu_drone_description) by extension 'colcon_meta'
[0.275s] Level 1:colcon.colcon_core.package_identification:_identify(sjtu_drone/sjtu_drone_description) by extensions ['ros']
[0.275s] Level 1:colcon.colcon_core.package_identification:_identify(sjtu_drone/sjtu_drone_description) by extension 'ros'
[0.276s] DEBUG:colcon.colcon_core.package_identification:Package 'sjtu_drone/sjtu_drone_description' with type 'ros.ament_cmake' and name 'sjtu_drone_description'
[0.276s] Level 1:colcon.colcon_core.package_identification:_identify(sjtu_drone/src) by extensions ['ignore', 'ignore_ament_install']
[0.276s] Level 1:colcon.colcon_core.package_identification:_identify(sjtu_drone/src) by extension 'ignore'
[0.276s] Level 1:colcon.colcon_core.package_identification:_identify(sjtu_drone/src) by extension 'ignore_ament_install'
[0.276s] Level 1:colcon.colcon_core.package_identification:_identify(sjtu_drone/src) by extensions ['colcon_pkg']
[0.276s] Level 1:colcon.colcon_core.package_identification:_identify(sjtu_drone/src) by extension 'colcon_pkg'
[0.276s] Level 1:colcon.colcon_core.package_identification:_identify(sjtu_drone/src) by extensions ['colcon_meta']
[0.276s] Level 1:colcon.colcon_core.package_identification:_identify(sjtu_drone/src) by extension 'colcon_meta'
[0.276s] Level 1:colcon.colcon_core.package_identification:_identify(sjtu_drone/src) by extensions ['ros']
[0.276s] Level 1:colcon.colcon_core.package_identification:_identify(sjtu_drone/src) by extension 'ros'
[0.276s] Level 1:colcon.colcon_core.package_identification:_identify(sjtu_drone/src) by extensions ['cmake', 'python']
[0.276s] Level 1:colcon.colcon_core.package_identification:_identify(sjtu_drone/src) by extension 'cmake'
[0.276s] Level 1:colcon.colcon_core.package_identification:_identify(sjtu_drone/src) by extension 'python'
[0.276s] Level 1:colcon.colcon_core.package_identification:_identify(sjtu_drone/src) by extensions ['python_setup_py']
[0.276s] Level 1:colcon.colcon_core.package_identification:_identify(sjtu_drone/src) by extension 'python_setup_py'
[0.276s] Level 1:colcon.colcon_core.package_discovery:discover_packages(recursive) using defaults
[0.276s] Level 1:colcon.colcon_core.package_discovery:discover_packages(ignore) discover
[0.276s] Level 1:colcon.colcon_core.package_discovery:discover_packages(ignore) using defaults
[0.276s] Level 1:colcon.colcon_core.package_discovery:discover_packages(path) discover
[0.276s] Level 1:colcon.colcon_core.package_discovery:discover_packages(path) using defaults
[0.295s] INFO:colcon.colcon_core.package_selection:Skipping not selected package 'aws_robomaker_hospital_world' in 'aws-robomaker-hospital-world'
[0.295s] Level 5:colcon.colcon_core.verb:set package 'sjtu_drone_bringup' build argument 'cmake_args' from command line to '['-DBUILD_TESTING=OFF', '-DRMW_IMPLEMENTATION=rmw_fastrtps_cpp']'
[0.295s] Level 5:colcon.colcon_core.verb:set package 'sjtu_drone_bringup' build argument 'cmake_target' from command line to 'None'
[0.295s] Level 5:colcon.colcon_core.verb:set package 'sjtu_drone_bringup' build argument 'cmake_target_skip_unavailable' from command line to 'False'
[0.295s] Level 5:colcon.colcon_core.verb:set package 'sjtu_drone_bringup' build argument 'cmake_clean_cache' from command line to 'False'
[0.295s] Level 5:colcon.colcon_core.verb:set package 'sjtu_drone_bringup' build argument 'cmake_clean_first' from command line to 'False'
[0.295s] Level 5:colcon.colcon_core.verb:set package 'sjtu_drone_bringup' build argument 'cmake_force_configure' from command line to 'False'
[0.295s] Level 5:colcon.colcon_core.verb:set package 'sjtu_drone_bringup' build argument 'ament_cmake_args' from command line to 'None'
[0.296s] Level 5:colcon.colcon_core.verb:set package 'sjtu_drone_bringup' build argument 'catkin_cmake_args' from command line to 'None'
[0.296s] Level 5:colcon.colcon_core.verb:set package 'sjtu_drone_bringup' build argument 'catkin_skip_building_tests' from command line to 'False'
[0.296s] DEBUG:colcon.colcon_core.verb:Building package 'sjtu_drone_bringup' with the following arguments: {'ament_cmake_args': None, 'build_base': '/root/april_gazebo/build/sjtu_drone_bringup', 'catkin_cmake_args': None, 'catkin_skip_building_tests': False, 'cmake_args': ['-DBUILD_TESTING=OFF', '-DRMW_IMPLEMENTATION=rmw_fastrtps_cpp'], 'cmake_clean_cache': False, 'cmake_clean_first': False, 'cmake_force_configure': False, 'cmake_target': None, 'cmake_target_skip_unavailable': False, 'install_base': '/root/april_gazebo/install/sjtu_drone_bringup', 'merge_install': False, 'path': '/root/april_gazebo/sjtu_drone/sjtu_drone_bringup', 'symlink_install': False, 'test_result_base': None}
[0.296s] Level 5:colcon.colcon_core.verb:set package 'sjtu_drone_control' build argument 'cmake_args' from command line to '['-DBUILD_TESTING=OFF', '-DRMW_IMPLEMENTATION=rmw_fastrtps_cpp']'
[0.296s] Level 5:colcon.colcon_core.verb:set package 'sjtu_drone_control' build argument 'cmake_target' from command line to 'None'
[0.296s] Level 5:colcon.colcon_core.verb:set package 'sjtu_drone_control' build argument 'cmake_target_skip_unavailable' from command line to 'False'
[0.296s] Level 5:colcon.colcon_core.verb:set package 'sjtu_drone_control' build argument 'cmake_clean_cache' from command line to 'False'
[0.296s] Level 5:colcon.colcon_core.verb:set package 'sjtu_drone_control' build argument 'cmake_clean_first' from command line to 'False'
[0.296s] Level 5:colcon.colcon_core.verb:set package 'sjtu_drone_control' build argument 'cmake_force_configure' from command line to 'False'
[0.296s] Level 5:colcon.colcon_core.verb:set package 'sjtu_drone_control' build argument 'ament_cmake_args' from command line to 'None'
[0.296s] Level 5:colcon.colcon_core.verb:set package 'sjtu_drone_control' build argument 'catkin_cmake_args' from command line to 'None'
[0.296s] Level 5:colcon.colcon_core.verb:set package 'sjtu_drone_control' build argument 'catkin_skip_building_tests' from command line to 'False'
[0.296s] DEBUG:colcon.colcon_core.verb:Building package 'sjtu_drone_control' with the following arguments: {'ament_cmake_args': None, 'build_base': '/root/april_gazebo/build/sjtu_drone_control', 'catkin_cmake_args': None, 'catkin_skip_building_tests': False, 'cmake_args': ['-DBUILD_TESTING=OFF', '-DRMW_IMPLEMENTATION=rmw_fastrtps_cpp'], 'cmake_clean_cache': False, 'cmake_clean_first': False, 'cmake_force_configure': False, 'cmake_target': None, 'cmake_target_skip_unavailable': False, 'install_base': '/root/april_gazebo/install/sjtu_drone_control', 'merge_install': False, 'path': '/root/april_gazebo/sjtu_drone/sjtu_drone_control', 'symlink_install': False, 'test_result_base': None}
[0.296s] Level 5:colcon.colcon_core.verb:set package 'sjtu_drone_description' build argument 'cmake_args' from command line to '['-DBUILD_TESTING=OFF', '-DRMW_IMPLEMENTATION=rmw_fastrtps_cpp']'
[0.296s] Level 5:colcon.colcon_core.verb:set package 'sjtu_drone_description' build argument 'cmake_target' from command line to 'None'
[0.296s] Level 5:colcon.colcon_core.verb:set package 'sjtu_drone_description' build argument 'cmake_target_skip_unavailable' from command line to 'False'
[0.296s] Level 5:colcon.colcon_core.verb:set package 'sjtu_drone_description' build argument 'cmake_clean_cache' from command line to 'False'
[0.296s] Level 5:colcon.colcon_core.verb:set package 'sjtu_drone_description' build argument 'cmake_clean_first' from command line to 'False'
[0.296s] Level 5:colcon.colcon_core.verb:set package 'sjtu_drone_description' build argument 'cmake_force_configure' from command line to 'False'
[0.297s] Level 5:colcon.colcon_core.verb:set package 'sjtu_drone_description' build argument 'ament_cmake_args' from command line to 'None'
[0.297s] Level 5:colcon.colcon_core.verb:set package 'sjtu_drone_description' build argument 'catkin_cmake_args' from command line to 'None'
[0.297s] Level 5:colcon.colcon_core.verb:set package 'sjtu_drone_description' build argument 'catkin_skip_building_tests' from command line to 'False'
[0.297s] DEBUG:colcon.colcon_core.verb:Building package 'sjtu_drone_description' with the following arguments: {'ament_cmake_args': None, 'build_base': '/root/april_gazebo/build/sjtu_drone_description', 'catkin_cmake_args': None, 'catkin_skip_building_tests': False, 'cmake_args': ['-DBUILD_TESTING=OFF', '-DRMW_IMPLEMENTATION=rmw_fastrtps_cpp'], 'cmake_clean_cache': False, 'cmake_clean_first': False, 'cmake_force_configure': False, 'cmake_target': None, 'cmake_target_skip_unavailable': False, 'install_base': '/root/april_gazebo/install/sjtu_drone_description', 'merge_install': False, 'path': '/root/april_gazebo/sjtu_drone/sjtu_drone_description', 'symlink_install': False, 'test_result_base': None}
[0.297s] INFO:colcon.colcon_core.executor:Executing jobs using 'parallel' executor
[0.297s] DEBUG:colcon.colcon_parallel_executor.executor.parallel:run_until_complete
[0.298s] INFO:colcon.colcon_ros.task.ament_python.build:Building ROS package in '/root/april_gazebo/sjtu_drone/sjtu_drone_bringup' with build type 'ament_python'
[0.298s] Level 1:colcon.colcon_core.shell:create_environment_hook('sjtu_drone_bringup', 'ament_prefix_path')
[0.301s] INFO:colcon.colcon_core.plugin_system:Skipping extension 'colcon_core.shell.bat': Not used on non-Windows systems
[0.301s] INFO:colcon.colcon_core.shell:Creating environment hook '/root/april_gazebo/install/sjtu_drone_bringup/share/sjtu_drone_bringup/hook/ament_prefix_path.ps1'
[0.301s] INFO:colcon.colcon_core.shell:Creating environment descriptor '/root/april_gazebo/install/sjtu_drone_bringup/share/sjtu_drone_bringup/hook/ament_prefix_path.dsv'
[0.302s] INFO:colcon.colcon_core.shell:Creating environment hook '/root/april_gazebo/install/sjtu_drone_bringup/share/sjtu_drone_bringup/hook/ament_prefix_path.sh'
[0.302s] INFO:colcon.colcon_core.shell:Skip shell extension 'powershell' for command environment: Not usable outside of PowerShell
[0.302s] DEBUG:colcon.colcon_core.shell:Skip shell extension 'dsv' for command environment
[0.306s] INFO:colcon.colcon_ros.task.ament_python.build:Building ROS package in '/root/april_gazebo/sjtu_drone/sjtu_drone_control' with build type 'ament_python'
[0.306s] Level 1:colcon.colcon_core.shell:create_environment_hook('sjtu_drone_control', 'ament_prefix_path')
[0.307s] INFO:colcon.colcon_core.shell:Creating environment hook '/root/april_gazebo/install/sjtu_drone_control/share/sjtu_drone_control/hook/ament_prefix_path.ps1'
[0.307s] INFO:colcon.colcon_core.shell:Creating environment descriptor '/root/april_gazebo/install/sjtu_drone_control/share/sjtu_drone_control/hook/ament_prefix_path.dsv'
[0.308s] INFO:colcon.colcon_core.shell:Creating environment hook '/root/april_gazebo/install/sjtu_drone_control/share/sjtu_drone_control/hook/ament_prefix_path.sh'
[0.309s] INFO:colcon.colcon_core.shell:Skip shell extension 'powershell' for command environment: Not usable outside of PowerShell
[0.309s] DEBUG:colcon.colcon_core.shell:Skip shell extension 'dsv' for command environment
[0.312s] INFO:colcon.colcon_ros.task.ament_cmake.build:Building ROS package in '/root/april_gazebo/sjtu_drone/sjtu_drone_description' with build type 'ament_cmake'
[0.312s] INFO:colcon.colcon_cmake.task.cmake.build:Building CMake package in '/root/april_gazebo/sjtu_drone/sjtu_drone_description'
[0.312s] INFO:colcon.colcon_core.shell:Skip shell extension 'powershell' for command environment: Not usable outside of PowerShell
[0.312s] DEBUG:colcon.colcon_core.shell:Skip shell extension 'dsv' for command environment
[0.515s] INFO:colcon.colcon_core.task.python.build:Building Python package in '/root/april_gazebo/sjtu_drone/sjtu_drone_bringup'
[0.515s] INFO:colcon.colcon_core.shell:Skip shell extension 'powershell' for command environment: Not usable outside of PowerShell
[0.515s] DEBUG:colcon.colcon_core.shell:Skip shell extension 'dsv' for command environment
[0.695s] INFO:colcon.colcon_core.task.python.build:Building Python package in '/root/april_gazebo/sjtu_drone/sjtu_drone_control'
[0.696s] INFO:colcon.colcon_core.shell:Skip shell extension 'powershell' for command environment: Not usable outside of PowerShell
[0.696s] DEBUG:colcon.colcon_core.shell:Skip shell extension 'dsv' for command environment
[0.700s] DEBUG:colcon.colcon_core.event_handler.log_command:Invoking command in '/root/april_gazebo/build/sjtu_drone_description': CMAKE_PREFIX_PATH=/opt/ros/humble /usr/bin/cmake /root/april_gazebo/sjtu_drone/sjtu_drone_description -DBUILD_TESTING=OFF -DRMW_IMPLEMENTATION=rmw_fastrtps_cpp -DCMAKE_INSTALL_PREFIX=/root/april_gazebo/install/sjtu_drone_description
[0.995s] DEBUG:colcon.colcon_core.event_handler.log_command:Invoking command in '/root/april_gazebo/sjtu_drone/sjtu_drone_bringup': PYTHONPATH=/root/april_gazebo/build/sjtu_drone_bringup/prefix_override:/usr/lib/python3/dist-packages/colcon_core/task/python/colcon_distutils_commands:/root/april_gazebo/install/sjtu_drone_bringup/lib/python3.10/site-packages:${PYTHONPATH} /usr/bin/python3 -W ignore:setup.py install is deprecated -W ignore:easy_install command is deprecated setup.py egg_info --egg-base ../../build/sjtu_drone_bringup build --build-base /root/april_gazebo/build/sjtu_drone_bringup/build install --record /root/april_gazebo/build/sjtu_drone_bringup/install.log --single-version-externally-managed install_data
[0.996s] DEBUG:colcon.colcon_core.event_handler.log_command:Invoking command in '/root/april_gazebo/sjtu_drone/sjtu_drone_control': PYTHONPATH=/root/april_gazebo/build/sjtu_drone_control/prefix_override:/usr/lib/python3/dist-packages/colcon_core/task/python/colcon_distutils_commands:/root/april_gazebo/install/sjtu_drone_control/lib/python3.10/site-packages:${PYTHONPATH} /usr/bin/python3 -W ignore:setup.py install is deprecated -W ignore:easy_install command is deprecated setup.py egg_info --egg-base ../../build/sjtu_drone_control build --build-base /root/april_gazebo/build/sjtu_drone_control/build install --record /root/april_gazebo/build/sjtu_drone_control/install.log --single-version-externally-managed install_data
[1.235s] DEBUG:colcon.colcon_core.event_handler.log_command:Invoked command in '/root/april_gazebo/sjtu_drone/sjtu_drone_control' returned '0': PYTHONPATH=/root/april_gazebo/build/sjtu_drone_control/prefix_override:/usr/lib/python3/dist-packages/colcon_core/task/python/colcon_distutils_commands:/root/april_gazebo/install/sjtu_drone_control/lib/python3.10/site-packages:${PYTHONPATH} /usr/bin/python3 -W ignore:setup.py install is deprecated -W ignore:easy_install command is deprecated setup.py egg_info --egg-base ../../build/sjtu_drone_control build --build-base /root/april_gazebo/build/sjtu_drone_control/build install --record /root/april_gazebo/build/sjtu_drone_control/install.log --single-version-externally-managed install_data
[1.239s] Level 1:colcon.colcon_core.environment:checking '/root/april_gazebo/install/sjtu_drone_control' for CMake module files
[1.239s] Level 1:colcon.colcon_core.environment:checking '/root/april_gazebo/install/sjtu_drone_control' for CMake config files
[1.240s] Level 1:colcon.colcon_core.environment:checking '/root/april_gazebo/install/sjtu_drone_control/lib'
[1.240s] Level 1:colcon.colcon_core.environment:checking '/root/april_gazebo/install/sjtu_drone_control/bin'
[1.240s] Level 1:colcon.colcon_core.environment:checking '/root/april_gazebo/install/sjtu_drone_control/lib/pkgconfig/sjtu_drone_control.pc'
[1.240s] Level 1:colcon.colcon_core.environment:checking '/root/april_gazebo/install/sjtu_drone_control/lib/python3.10/site-packages'
[1.240s] Level 1:colcon.colcon_core.shell:create_environment_hook('sjtu_drone_control', 'pythonpath')
[1.240s] INFO:colcon.colcon_core.shell:Creating environment hook '/root/april_gazebo/install/sjtu_drone_control/share/sjtu_drone_control/hook/pythonpath.ps1'
[1.241s] INFO:colcon.colcon_core.shell:Creating environment descriptor '/root/april_gazebo/install/sjtu_drone_control/share/sjtu_drone_control/hook/pythonpath.dsv'
[1.241s] INFO:colcon.colcon_core.shell:Creating environment hook '/root/april_gazebo/install/sjtu_drone_control/share/sjtu_drone_control/hook/pythonpath.sh'
[1.242s] Level 1:colcon.colcon_core.environment:checking '/root/april_gazebo/install/sjtu_drone_control/bin'
[1.242s] Level 1:colcon.colcon_core.environment:create_environment_scripts_only(sjtu_drone_control)
[1.242s] INFO:colcon.colcon_core.shell:Creating package script '/root/april_gazebo/install/sjtu_drone_control/share/sjtu_drone_control/package.ps1'
[1.243s] INFO:colcon.colcon_core.shell:Creating package descriptor '/root/april_gazebo/install/sjtu_drone_control/share/sjtu_drone_control/package.dsv'
[1.243s] INFO:colcon.colcon_core.shell:Creating package script '/root/april_gazebo/install/sjtu_drone_control/share/sjtu_drone_control/package.sh'
[1.244s] INFO:colcon.colcon_core.shell:Creating package script '/root/april_gazebo/install/sjtu_drone_control/share/sjtu_drone_control/package.bash'
[1.244s] INFO:colcon.colcon_core.shell:Creating package script '/root/april_gazebo/install/sjtu_drone_control/share/sjtu_drone_control/package.zsh'
[1.245s] Level 1:colcon.colcon_core.environment:create_file_with_runtime_dependencies(/root/april_gazebo/install/sjtu_drone_control/share/colcon-core/packages/sjtu_drone_control)
[1.246s] Level 1:colcon.colcon_core.environment:checking '/root/april_gazebo/install/sjtu_drone_bringup' for CMake module files
[1.246s] DEBUG:colcon.colcon_core.event_handler.log_command:Invoked command in '/root/april_gazebo/sjtu_drone/sjtu_drone_bringup' returned '0': PYTHONPATH=/root/april_gazebo/build/sjtu_drone_bringup/prefix_override:/usr/lib/python3/dist-packages/colcon_core/task/python/colcon_distutils_commands:/root/april_gazebo/install/sjtu_drone_bringup/lib/python3.10/site-packages:${PYTHONPATH} /usr/bin/python3 -W ignore:setup.py install is deprecated -W ignore:easy_install command is deprecated setup.py egg_info --egg-base ../../build/sjtu_drone_bringup build --build-base /root/april_gazebo/build/sjtu_drone_bringup/build install --record /root/april_gazebo/build/sjtu_drone_bringup/install.log --single-version-externally-managed install_data
[1.247s] Level 1:colcon.colcon_core.environment:checking '/root/april_gazebo/install/sjtu_drone_bringup' for CMake config files
[1.247s] Level 1:colcon.colcon_core.environment:checking '/root/april_gazebo/install/sjtu_drone_bringup/lib'
[1.247s] Level 1:colcon.colcon_core.environment:checking '/root/april_gazebo/install/sjtu_drone_bringup/bin'
[1.247s] Level 1:colcon.colcon_core.environment:checking '/root/april_gazebo/install/sjtu_drone_bringup/lib/pkgconfig/sjtu_drone_bringup.pc'
[1.248s] Level 1:colcon.colcon_core.environment:checking '/root/april_gazebo/install/sjtu_drone_bringup/lib/python3.10/site-packages'
[1.248s] Level 1:colcon.colcon_core.shell:create_environment_hook('sjtu_drone_bringup', 'pythonpath')
[1.248s] INFO:colcon.colcon_core.shell:Creating environment hook '/root/april_gazebo/install/sjtu_drone_bringup/share/sjtu_drone_bringup/hook/pythonpath.ps1'
[1.248s] INFO:colcon.colcon_core.shell:Creating environment descriptor '/root/april_gazebo/install/sjtu_drone_bringup/share/sjtu_drone_bringup/hook/pythonpath.dsv'
[1.248s] INFO:colcon.colcon_core.shell:Creating environment hook '/root/april_gazebo/install/sjtu_drone_bringup/share/sjtu_drone_bringup/hook/pythonpath.sh'
[1.249s] Level 1:colcon.colcon_core.environment:checking '/root/april_gazebo/install/sjtu_drone_bringup/bin'
[1.249s] Level 1:colcon.colcon_core.environment:create_environment_scripts_only(sjtu_drone_bringup)
[1.249s] INFO:colcon.colcon_core.shell:Creating package script '/root/april_gazebo/install/sjtu_drone_bringup/share/sjtu_drone_bringup/package.ps1'
[1.250s] INFO:colcon.colcon_core.shell:Creating package descriptor '/root/april_gazebo/install/sjtu_drone_bringup/share/sjtu_drone_bringup/package.dsv'
[1.250s] INFO:colcon.colcon_core.shell:Creating package script '/root/april_gazebo/install/sjtu_drone_bringup/share/sjtu_drone_bringup/package.sh'
[1.250s] INFO:colcon.colcon_core.shell:Creating package script '/root/april_gazebo/install/sjtu_drone_bringup/share/sjtu_drone_bringup/package.bash'
[1.251s] INFO:colcon.colcon_core.shell:Creating package script '/root/april_gazebo/install/sjtu_drone_bringup/share/sjtu_drone_bringup/package.zsh'
[1.251s] Level 1:colcon.colcon_core.environment:create_file_with_runtime_dependencies(/root/april_gazebo/install/sjtu_drone_bringup/share/colcon-core/packages/sjtu_drone_bringup)
[3.055s] DEBUG:colcon.colcon_core.event_handler.log_command:Invoked command in '/root/april_gazebo/build/sjtu_drone_description' returned '0': CMAKE_PREFIX_PATH=/opt/ros/humble /usr/bin/cmake /root/april_gazebo/sjtu_drone/sjtu_drone_description -DBUILD_TESTING=OFF -DRMW_IMPLEMENTATION=rmw_fastrtps_cpp -DCMAKE_INSTALL_PREFIX=/root/april_gazebo/install/sjtu_drone_description
[3.055s] DEBUG:colcon.colcon_core.event_handler.log_command:Invoking command in '/root/april_gazebo/build/sjtu_drone_description': CMAKE_PREFIX_PATH=/opt/ros/humble /usr/bin/cmake --build /root/april_gazebo/build/sjtu_drone_description -- -j12 -l12
[32.216s] DEBUG:colcon.colcon_core.event_handler.log_command:Invoked command in '/root/april_gazebo/build/sjtu_drone_description' returned '0': CMAKE_PREFIX_PATH=/opt/ros/humble /usr/bin/cmake --build /root/april_gazebo/build/sjtu_drone_description -- -j12 -l12
[32.225s] DEBUG:colcon.colcon_core.event_handler.log_command:Invoking command in '/root/april_gazebo/build/sjtu_drone_description': CMAKE_PREFIX_PATH=/opt/ros/humble /usr/bin/cmake --install /root/april_gazebo/build/sjtu_drone_description
[32.254s] Level 1:colcon.colcon_core.environment:create_environment_scripts_only(sjtu_drone_description)
[32.255s] Level 1:colcon.colcon_core.environment:checking '/root/april_gazebo/install/sjtu_drone_description' for CMake module files
[32.255s] DEBUG:colcon.colcon_core.event_handler.log_command:Invoked command in '/root/april_gazebo/build/sjtu_drone_description' returned '0': CMAKE_PREFIX_PATH=/opt/ros/humble /usr/bin/cmake --install /root/april_gazebo/build/sjtu_drone_description
[32.255s] Level 1:colcon.colcon_core.environment:checking '/root/april_gazebo/install/sjtu_drone_description' for CMake config files
[32.255s] Level 1:colcon.colcon_core.shell:create_environment_hook('sjtu_drone_description', 'cmake_prefix_path')
[32.256s] INFO:colcon.colcon_core.shell:Creating environment hook '/root/april_gazebo/install/sjtu_drone_description/share/sjtu_drone_description/hook/cmake_prefix_path.ps1'
[32.256s] INFO:colcon.colcon_core.shell:Creating environment descriptor '/root/april_gazebo/install/sjtu_drone_description/share/sjtu_drone_description/hook/cmake_prefix_path.dsv'
[32.256s] INFO:colcon.colcon_core.shell:Creating environment hook '/root/april_gazebo/install/sjtu_drone_description/share/sjtu_drone_description/hook/cmake_prefix_path.sh'
[32.257s] Level 1:colcon.colcon_core.environment:checking '/root/april_gazebo/install/sjtu_drone_description/lib'
[32.257s] Level 1:colcon.colcon_core.shell:create_environment_hook('sjtu_drone_description', 'ld_library_path_lib')
[32.257s] INFO:colcon.colcon_core.shell:Creating environment hook '/root/april_gazebo/install/sjtu_drone_description/share/sjtu_drone_description/hook/ld_library_path_lib.ps1'
[32.257s] INFO:colcon.colcon_core.shell:Creating environment descriptor '/root/april_gazebo/install/sjtu_drone_description/share/sjtu_drone_description/hook/ld_library_path_lib.dsv'
[32.257s] INFO:colcon.colcon_core.shell:Creating environment hook '/root/april_gazebo/install/sjtu_drone_description/share/sjtu_drone_description/hook/ld_library_path_lib.sh'
[32.258s] Level 1:colcon.colcon_core.environment:checking '/root/april_gazebo/install/sjtu_drone_description/bin'
[32.258s] Level 1:colcon.colcon_core.environment:checking '/root/april_gazebo/install/sjtu_drone_description/lib/pkgconfig/sjtu_drone_description.pc'
[32.258s] Level 1:colcon.colcon_core.environment:checking '/root/april_gazebo/install/sjtu_drone_description/lib/python3.10/site-packages'
[32.258s] Level 1:colcon.colcon_core.environment:checking '/root/april_gazebo/install/sjtu_drone_description/bin'
[32.259s] INFO:colcon.colcon_core.shell:Creating package script '/root/april_gazebo/install/sjtu_drone_description/share/sjtu_drone_description/package.ps1'
[32.259s] INFO:colcon.colcon_core.shell:Creating package descriptor '/root/april_gazebo/install/sjtu_drone_description/share/sjtu_drone_description/package.dsv'
[32.260s] INFO:colcon.colcon_core.shell:Creating package script '/root/april_gazebo/install/sjtu_drone_description/share/sjtu_drone_description/package.sh'
[32.261s] INFO:colcon.colcon_core.shell:Creating package script '/root/april_gazebo/install/sjtu_drone_description/share/sjtu_drone_description/package.bash'
[32.261s] INFO:colcon.colcon_core.shell:Creating package script '/root/april_gazebo/install/sjtu_drone_description/share/sjtu_drone_description/package.zsh'
[32.261s] Level 1:colcon.colcon_core.environment:create_file_with_runtime_dependencies(/root/april_gazebo/install/sjtu_drone_description/share/colcon-core/packages/sjtu_drone_description)
[32.262s] Level 1:colcon.colcon_core.environment:create_environment_scripts_only(sjtu_drone_description)
[32.262s] Level 1:colcon.colcon_core.environment:checking '/root/april_gazebo/install/sjtu_drone_description' for CMake module files
[32.262s] Level 1:colcon.colcon_core.environment:checking '/root/april_gazebo/install/sjtu_drone_description' for CMake config files
[32.263s] Level 1:colcon.colcon_core.shell:create_environment_hook('sjtu_drone_description', 'cmake_prefix_path')
[32.263s] INFO:colcon.colcon_core.shell:Creating environment hook '/root/april_gazebo/install/sjtu_drone_description/share/sjtu_drone_description/hook/cmake_prefix_path.ps1'
[32.263s] INFO:colcon.colcon_core.shell:Creating environment descriptor '/root/april_gazebo/install/sjtu_drone_description/share/sjtu_drone_description/hook/cmake_prefix_path.dsv'
[32.263s] INFO:colcon.colcon_core.shell:Creating environment hook '/root/april_gazebo/install/sjtu_drone_description/share/sjtu_drone_description/hook/cmake_prefix_path.sh'
[32.264s] Level 1:colcon.colcon_core.environment:checking '/root/april_gazebo/install/sjtu_drone_description/lib'
[32.264s] Level 1:colcon.colcon_core.shell:create_environment_hook('sjtu_drone_description', 'ld_library_path_lib')
[32.264s] INFO:colcon.colcon_core.shell:Creating environment hook '/root/april_gazebo/install/sjtu_drone_description/share/sjtu_drone_description/hook/ld_library_path_lib.ps1'
[32.264s] INFO:colcon.colcon_core.shell:Creating environment descriptor '/root/april_gazebo/install/sjtu_drone_description/share/sjtu_drone_description/hook/ld_library_path_lib.dsv'
[32.265s] INFO:colcon.colcon_core.shell:Creating environment hook '/root/april_gazebo/install/sjtu_drone_description/share/sjtu_drone_description/hook/ld_library_path_lib.sh'
[32.265s] Level 1:colcon.colcon_core.environment:checking '/root/april_gazebo/install/sjtu_drone_description/bin'
[32.265s] Level 1:colcon.colcon_core.environment:checking '/root/april_gazebo/install/sjtu_drone_description/lib/pkgconfig/sjtu_drone_description.pc'
[32.265s] Level 1:colcon.colcon_core.environment:checking '/root/april_gazebo/install/sjtu_drone_description/lib/python3.10/site-packages'
[32.265s] Level 1:colcon.colcon_core.environment:checking '/root/april_gazebo/install/sjtu_drone_description/bin'
[32.266s] INFO:colcon.colcon_core.shell:Creating package script '/root/april_gazebo/install/sjtu_drone_description/share/sjtu_drone_description/package.ps1'
[32.266s] INFO:colcon.colcon_core.shell:Creating package descriptor '/root/april_gazebo/install/sjtu_drone_description/share/sjtu_drone_description/package.dsv'
[32.267s] INFO:colcon.colcon_core.shell:Creating package script '/root/april_gazebo/install/sjtu_drone_description/share/sjtu_drone_description/package.sh'
[32.267s] INFO:colcon.colcon_core.shell:Creating package script '/root/april_gazebo/install/sjtu_drone_description/share/sjtu_drone_description/package.bash'
[32.267s] INFO:colcon.colcon_core.shell:Creating package script '/root/april_gazebo/install/sjtu_drone_description/share/sjtu_drone_description/package.zsh'
[32.268s] Level 1:colcon.colcon_core.environment:create_file_with_runtime_dependencies(/root/april_gazebo/install/sjtu_drone_description/share/colcon-core/packages/sjtu_drone_description)
[32.268s] DEBUG:colcon.colcon_parallel_executor.executor.parallel:closing loop
[32.268s] DEBUG:colcon.colcon_parallel_executor.executor.parallel:loop closed
[32.268s] DEBUG:colcon.colcon_parallel_executor.executor.parallel:run_until_complete finished with '0'
[32.268s] DEBUG:colcon.colcon_core.event_reactor:joining thread
[32.286s] INFO:colcon.colcon_core.plugin_system:Skipping extension 'colcon_notification.desktop_notification.notify_send': Could not find 'notify-send'
[32.286s] INFO:colcon.colcon_core.plugin_system:Skipping extension 'colcon_notification.desktop_notification.terminal_notifier': Not used on non-Darwin systems
[32.286s] INFO:colcon.colcon_core.plugin_system:Skipping extension 'colcon_notification.desktop_notification.win32': Not used on non-Windows systems
[32.286s] INFO:colcon.colcon_notification.desktop_notification:Sending desktop notification using 'notify2'
[32.295s] DEBUG:colcon.colcon_notification.desktop_notification.notify2:Failed to initialize notify2: org.freedesktop.DBus.Error.Spawn.ExecFailed: /usr/bin/dbus-launch terminated abnormally without any error message
[32.296s] DEBUG:colcon.colcon_core.event_reactor:joined thread
[32.298s] INFO:colcon.colcon_core.shell:Creating prefix script '/root/april_gazebo/install/local_setup.ps1'
[32.300s] INFO:colcon.colcon_core.shell:Creating prefix util module '/root/april_gazebo/install/_local_setup_util_ps1.py'
[32.301s] INFO:colcon.colcon_core.shell:Creating prefix chain script '/root/april_gazebo/install/setup.ps1'
[32.303s] INFO:colcon.colcon_core.shell:Creating prefix script '/root/april_gazebo/install/local_setup.sh'
[32.303s] INFO:colcon.colcon_core.shell:Creating prefix util module '/root/april_gazebo/install/_local_setup_util_sh.py'
[32.304s] INFO:colcon.colcon_core.shell:Creating prefix chain script '/root/april_gazebo/install/setup.sh'
[32.305s] INFO:colcon.colcon_core.shell:Creating prefix script '/root/april_gazebo/install/local_setup.bash'
[32.306s] INFO:colcon.colcon_core.shell:Creating prefix chain script '/root/april_gazebo/install/setup.bash'
[32.306s] INFO:colcon.colcon_core.shell:Creating prefix script '/root/april_gazebo/install/local_setup.zsh'
[32.307s] INFO:colcon.colcon_core.shell:Creating prefix chain script '/root/april_gazebo/install/setup.zsh'
